2025-11-30 09:00:47,147 - __main__ - INFO - Starting experiment: 2025-11-30_09-00_catboost_scenario1
2025-11-30 09:00:47,209 - __main__ - INFO - Config snapshot saved to /Users/armanfeili/code/New Projects/novartis_datathon_2025/artifacts/2025-11-30_09-00_catboost_scenario1/configs (hash: cde2160f)
2025-11-30 09:00:47,209 - __main__ - INFO - Config hash: cde2160f
2025-11-30 09:00:47,237 - src.utils - INFO - [Load features (cached)] starting...
2025-11-30 09:00:47,237 - src.utils - INFO - [Load cached features for train S1 train] starting...
2025-11-30 09:00:47,237 - src.features - INFO - Loading cached features from /Users/armanfeili/code/New Projects/novartis_datathon_2025/data/processed/features_train_s1_train.parquet
2025-11-30 09:00:47,343 - src.features - INFO - Loaded X: (46872, 87), y: 46872
2025-11-30 09:00:47,343 - src.utils - INFO - [Load cached features for train S1 train] done in 0.106s
2025-11-30 09:00:47,377 - src.utils - INFO - [Load cached train panel] starting...
2025-11-30 09:00:47,377 - src.data - INFO - Loading cached panel from /Users/armanfeili/code/New Projects/novartis_datathon_2025/data/interim/panel_train.parquet
2025-11-30 09:00:47,401 - src.data - INFO - Loaded 93,744 rows, 19 columns
2025-11-30 09:00:47,401 - src.utils - INFO - [Load cached train panel] done in 0.024s
2025-11-30 09:00:47,402 - src.utils - INFO - [Load features (cached)] done in 0.165s
2025-11-30 09:00:47,402 - src.utils - INFO - [Create validation split] starting...
2025-11-30 09:00:47,419 - src.validation - WARNING - Grouping 1 rare stratification classes (< 195 series each, 130 series total) into 'OTHER'
2025-11-30 09:00:47,422 - src.validation - INFO - 'OTHER' class now contains 130 series
2025-11-30 09:00:47,555 - src.validation - INFO - Train series: 1562, Val series: 391
2025-11-30 09:00:47,555 - src.validation - INFO - Train rows: 37,488, Val rows: 9,384
2025-11-30 09:00:47,557 - src.validation - INFO - Train bucket distribution:
bucket
2    0.933419
1    0.066581
2025-11-30 09:00:47,558 - src.validation - INFO - Val bucket distribution:
bucket
2    0.933504
1    0.066496
2025-11-30 09:00:47,570 - src.utils - INFO - [Create validation split] done in 0.168s
2025-11-30 09:00:47,607 - __main__ - INFO - Features: 86 columns
2025-11-30 09:00:47,607 - __main__ - INFO - Meta: 9 columns: ['country', 'brand_name', 'months_postgx', 'bucket', 'avg_vol_12m', 'y_norm', 'volume', 'mean_erosion', 'month']
2025-11-30 09:00:47,617 - __main__ - INFO - Features: 86 columns
2025-11-30 09:00:47,617 - __main__ - INFO - Meta: 9 columns: ['country', 'brand_name', 'months_postgx', 'bucket', 'avg_vol_12m', 'y_norm', 'volume', 'mean_erosion', 'month']
2025-11-30 09:00:48,756 - __main__ - INFO - Sample weights - min: 0.58, max: 3.46, mean: 1.00
2025-11-30 09:00:48,778 - src.utils - INFO - [Train catboost for scenario 1] starting...
2025-11-30 09:01:11,843 - src.models.cat_model - INFO - CatBoost trained for 772 iterations
2025-11-30 09:01:11,844 - src.utils - INFO - [Train catboost for scenario 1] done in 23.065s
2025-11-30 09:01:13,730 - __main__ - INFO - Validation metrics: Official=0.7692, RMSE=0.2488, MAE=0.1795
2025-11-30 09:01:13,731 - __main__ - INFO - Training time: 23.09 seconds
2025-11-30 09:01:13,739 - src.models.cat_model - INFO - Model saved to /Users/armanfeili/code/New Projects/novartis_datathon_2025/artifacts/2025-11-30_09-00_catboost_scenario1/model_1.bin.cbm with metadata
2025-11-30 09:01:13,739 - __main__ - INFO - Model saved to /Users/armanfeili/code/New Projects/novartis_datathon_2025/artifacts/2025-11-30_09-00_catboost_scenario1/model_1.bin
2025-11-30 09:01:13,751 - __main__ - INFO - Experiment 2025-11-30_09-00_catboost_scenario1 completed. Artifacts saved to /Users/armanfeili/code/New Projects/novartis_datathon_2025/artifacts/2025-11-30_09-00_catboost_scenario1
