2025-11-29 05:06:22,569 - __main__ - INFO - Starting experiment: 2025-11-29_05-06_historical_curve_scenario1
2025-11-29 05:06:22,601 - __main__ - INFO - Config snapshot saved to /Users/armanfeili/code/New Projects/novartis_datathon_2025/artifacts/2025-11-29_05-06_historical_curve_scenario1/configs (hash: 89d405c5)
2025-11-29 05:06:22,601 - __main__ - INFO - Config hash: 89d405c5
2025-11-29 05:06:22,616 - src.utils - INFO - [Load features (cached)] starting...
2025-11-29 05:06:22,617 - src.utils - INFO - [Load cached features for train S1 train] starting...
2025-11-29 05:06:22,617 - src.features - INFO - Loading cached features from /Users/armanfeili/code/New Projects/novartis_datathon_2025/data/processed/features_train_s1_train.parquet
2025-11-29 05:06:22,694 - src.features - INFO - Loaded X: (46872, 87), y: 46872
2025-11-29 05:06:22,694 - src.utils - INFO - [Load cached features for train S1 train] done in 0.078s
2025-11-29 05:06:22,713 - src.utils - INFO - [Load cached train panel] starting...
2025-11-29 05:06:22,713 - src.data - INFO - Loading cached panel from /Users/armanfeili/code/New Projects/novartis_datathon_2025/data/interim/panel_train.parquet
2025-11-29 05:06:22,726 - src.data - INFO - Loaded 93,744 rows, 19 columns
2025-11-29 05:06:22,726 - src.utils - INFO - [Load cached train panel] done in 0.013s
2025-11-29 05:06:22,726 - src.utils - INFO - [Load features (cached)] done in 0.110s
2025-11-29 05:06:22,726 - src.utils - INFO - [Create validation split] starting...
2025-11-29 05:06:22,740 - src.validation - WARNING - Grouping 1 rare stratification classes (< 195 series) into 'OTHER'
2025-11-29 05:06:22,830 - src.validation - INFO - Train series: 1562, Val series: 391
2025-11-29 05:06:22,830 - src.validation - INFO - Train rows: 37,488, Val rows: 9,384
2025-11-29 05:06:22,831 - src.validation - INFO - Train bucket distribution:
bucket
2    0.933419
1    0.066581
2025-11-29 05:06:22,832 - src.validation - INFO - Val bucket distribution:
bucket
2    0.933504
1    0.066496
2025-11-29 05:06:22,832 - src.utils - INFO - [Create validation split] done in 0.106s
2025-11-29 05:06:22,862 - __main__ - INFO - Features: 86 columns
2025-11-29 05:06:22,862 - __main__ - INFO - Meta: 9 columns
2025-11-29 05:06:22,867 - __main__ - INFO - Features: 86 columns
2025-11-29 05:06:22,867 - __main__ - INFO - Meta: 9 columns
2025-11-29 05:06:23,012 - __main__ - INFO - Sample weights - min: 0.58, max: 3.46, mean: 1.00
2025-11-29 05:06:23,012 - src.utils - INFO - [Train historical_curve for scenario 1] starting...
2025-11-29 05:06:23,012 - src.models.linear - WARNING - No country/brand_name columns - treating each row as a series
2025-11-29 05:06:23,120 - src.models.linear - INFO - HistoricalCurveBaseline: fitted with 0 historical curves, n_neighbors=5
2025-11-29 05:06:23,120 - src.utils - INFO - [Train historical_curve for scenario 1] done in 0.108s
2025-11-29 05:06:23,120 - src.models.linear - WARNING - No country/brand_name columns - treating each row as a series
2025-11-29 05:06:34,853 - __main__ - INFO - Validation metrics: Official=0.9165, RMSE=0.2981, MAE=0.2375
2025-11-29 05:06:34,853 - __main__ - INFO - Training time: 0.11 seconds
2025-11-29 05:06:35,161 - __main__ - INFO - Model saved to /Users/armanfeili/code/New Projects/novartis_datathon_2025/artifacts/2025-11-29_05-06_historical_curve_scenario1/model_1.bin
2025-11-29 05:06:35,185 - __main__ - INFO - Experiment 2025-11-29_05-06_historical_curve_scenario1 completed. Artifacts saved to /Users/armanfeili/code/New Projects/novartis_datathon_2025/artifacts/2025-11-29_05-06_historical_curve_scenario1
