2025-11-29 05:39:10,639 - __main__ - INFO - Starting experiment: 2025-11-29_05-39_lightgbm_scenario1
2025-11-29 05:39:10,682 - __main__ - INFO - Config snapshot saved to /Users/armanfeili/code/New Projects/novartis_datathon_2025/artifacts/2025-11-29_05-39_lightgbm_scenario1/configs (hash: 04e3f26c)
2025-11-29 05:39:10,682 - __main__ - INFO - Config hash: 04e3f26c
2025-11-29 05:39:10,700 - src.utils - INFO - [Load features (cached)] starting...
2025-11-29 05:39:10,701 - src.utils - INFO - [Load cached features for train S1 train] starting...
2025-11-29 05:39:10,701 - src.features - INFO - Loading cached features from /Users/armanfeili/code/New Projects/novartis_datathon_2025/data/processed/features_train_s1_train.parquet
2025-11-29 05:39:10,817 - src.features - INFO - Loaded X: (46872, 87), y: 46872
2025-11-29 05:39:10,817 - src.utils - INFO - [Load cached features for train S1 train] done in 0.117s
2025-11-29 05:39:10,836 - src.utils - INFO - [Load cached train panel] starting...
2025-11-29 05:39:10,836 - src.data - INFO - Loading cached panel from /Users/armanfeili/code/New Projects/novartis_datathon_2025/data/interim/panel_train.parquet
2025-11-29 05:39:10,861 - src.data - INFO - Loaded 93,744 rows, 19 columns
2025-11-29 05:39:10,861 - src.utils - INFO - [Load cached train panel] done in 0.025s
2025-11-29 05:39:10,861 - src.utils - INFO - [Load features (cached)] done in 0.161s
2025-11-29 05:39:10,861 - src.utils - INFO - [Create validation split] starting...
2025-11-29 05:39:10,877 - src.validation - WARNING - Grouping 1 rare stratification classes (< 195 series) into 'OTHER'
2025-11-29 05:39:10,976 - src.validation - INFO - Train series: 1562, Val series: 391
2025-11-29 05:39:10,976 - src.validation - INFO - Train rows: 37,488, Val rows: 9,384
2025-11-29 05:39:10,977 - src.validation - INFO - Train bucket distribution:
bucket
2    0.933419
1    0.066581
2025-11-29 05:39:10,978 - src.validation - INFO - Val bucket distribution:
bucket
2    0.933504
1    0.066496
2025-11-29 05:39:10,978 - src.utils - INFO - [Create validation split] done in 0.117s
2025-11-29 05:39:11,011 - __main__ - INFO - Features: 86 columns
2025-11-29 05:39:11,011 - __main__ - INFO - Meta: 9 columns
2025-11-29 05:39:11,018 - __main__ - INFO - Features: 86 columns
2025-11-29 05:39:11,018 - __main__ - INFO - Meta: 9 columns
2025-11-29 05:39:12,185 - __main__ - INFO - Sample weights - min: 0.58, max: 3.46, mean: 1.00
2025-11-29 05:39:12,185 - src.utils - INFO - [Train lightgbm for scenario 1] starting...
2025-11-29 05:39:15,641 - src.models.lgbm_model - INFO - LightGBM trained for 167 iterations
2025-11-29 05:39:15,657 - src.utils - INFO - [Train lightgbm for scenario 1] done in 3.472s
2025-11-29 05:39:16,763 - __main__ - INFO - Validation metrics: Official=0.7526, RMSE=0.2489, MAE=0.1776
2025-11-29 05:39:16,763 - __main__ - INFO - Training time: 3.47 seconds
2025-11-29 05:39:16,782 - src.models.lgbm_model - INFO - Model saved to /Users/armanfeili/code/New Projects/novartis_datathon_2025/artifacts/2025-11-29_05-39_lightgbm_scenario1/model_1.bin
2025-11-29 05:39:16,783 - __main__ - INFO - Model saved to /Users/armanfeili/code/New Projects/novartis_datathon_2025/artifacts/2025-11-29_05-39_lightgbm_scenario1/model_1.bin
2025-11-29 05:39:16,788 - __main__ - INFO - Experiment 2025-11-29_05-39_lightgbm_scenario1 completed. Artifacts saved to /Users/armanfeili/code/New Projects/novartis_datathon_2025/artifacts/2025-11-29_05-39_lightgbm_scenario1
