2025-11-29 16:42:33,905 - __main__ - INFO - Starting experiment: 2025-11-29_16-42_historical_curve_scenario1
2025-11-29 16:42:33,946 - __main__ - INFO - Config snapshot saved to /Users/armanfeili/code/New Projects/novartis_datathon_2025/artifacts/2025-11-29_16-42_historical_curve_scenario1/configs (hash: 90160453)
2025-11-29 16:42:33,946 - __main__ - INFO - Config hash: 90160453
2025-11-29 16:42:33,965 - src.utils - INFO - [Load features (cached)] starting...
2025-11-29 16:42:33,965 - src.utils - INFO - [Load cached features for train S1 train] starting...
2025-11-29 16:42:33,965 - src.features - INFO - Loading cached features from /Users/armanfeili/code/New Projects/novartis_datathon_2025/data/processed/features_train_s1_train.parquet
2025-11-29 16:42:34,054 - src.features - INFO - Loaded X: (46872, 87), y: 46872
2025-11-29 16:42:34,054 - src.utils - INFO - [Load cached features for train S1 train] done in 0.089s
2025-11-29 16:42:34,077 - src.utils - INFO - [Load cached train panel] starting...
2025-11-29 16:42:34,077 - src.data - INFO - Loading cached panel from /Users/armanfeili/code/New Projects/novartis_datathon_2025/data/interim/panel_train.parquet
2025-11-29 16:42:34,095 - src.data - INFO - Loaded 93,744 rows, 19 columns
2025-11-29 16:42:34,095 - src.utils - INFO - [Load cached train panel] done in 0.018s
2025-11-29 16:42:34,095 - src.utils - INFO - [Load features (cached)] done in 0.130s
2025-11-29 16:42:34,095 - src.utils - INFO - [Create validation split] starting...
2025-11-29 16:42:34,113 - src.validation - WARNING - Grouping 1 rare stratification classes (< 195 series) into 'OTHER'
2025-11-29 16:42:34,213 - src.validation - INFO - Train series: 1562, Val series: 391
2025-11-29 16:42:34,213 - src.validation - INFO - Train rows: 37,488, Val rows: 9,384
2025-11-29 16:42:34,215 - src.validation - INFO - Train bucket distribution:
bucket
2    0.933419
1    0.066581
2025-11-29 16:42:34,215 - src.validation - INFO - Val bucket distribution:
bucket
2    0.933504
1    0.066496
2025-11-29 16:42:34,215 - src.utils - INFO - [Create validation split] done in 0.120s
2025-11-29 16:42:34,251 - __main__ - INFO - Features: 86 columns
2025-11-29 16:42:34,251 - __main__ - INFO - Meta: 9 columns
2025-11-29 16:42:34,260 - __main__ - INFO - Features: 86 columns
2025-11-29 16:42:34,260 - __main__ - INFO - Meta: 9 columns
2025-11-29 16:42:34,423 - __main__ - INFO - Sample weights - min: 0.58, max: 3.46, mean: 1.00
2025-11-29 16:42:34,423 - src.utils - INFO - [Train historical_curve for scenario 1] starting...
2025-11-29 16:42:34,423 - src.models.linear - WARNING - No country/brand_name columns - treating each row as a series
2025-11-29 16:42:34,562 - src.models.linear - INFO - HistoricalCurveBaseline: fitted with 0 historical curves, n_neighbors=5
2025-11-29 16:42:34,562 - src.utils - INFO - [Train historical_curve for scenario 1] done in 0.139s
2025-11-29 16:42:34,562 - src.models.linear - WARNING - No country/brand_name columns - treating each row as a series
2025-11-29 16:42:46,595 - __main__ - INFO - Validation metrics: Official=0.9165, RMSE=0.2981, MAE=0.2375
2025-11-29 16:42:46,595 - __main__ - INFO - Training time: 0.14 seconds
2025-11-29 16:42:46,888 - __main__ - INFO - Model saved to /Users/armanfeili/code/New Projects/novartis_datathon_2025/artifacts/2025-11-29_16-42_historical_curve_scenario1/model_1.bin
2025-11-29 16:42:46,926 - __main__ - INFO - Experiment 2025-11-29_16-42_historical_curve_scenario1 completed. Artifacts saved to /Users/armanfeili/code/New Projects/novartis_datathon_2025/artifacts/2025-11-29_16-42_historical_curve_scenario1
