2025-11-29 04:57:31,943 - __main__ - INFO - Starting experiment: 2025-11-29_04-57_nn_scenario1
2025-11-29 04:57:31,992 - __main__ - INFO - Config snapshot saved to /Users/armanfeili/code/New Projects/novartis_datathon_2025/artifacts/2025-11-29_04-57_nn_scenario1/configs (hash: a6d3af99)
2025-11-29 04:57:31,992 - __main__ - INFO - Config hash: a6d3af99
2025-11-29 04:57:32,011 - src.utils - INFO - [Load features (cached)] starting...
2025-11-29 04:57:32,011 - src.utils - INFO - [Load cached features for train S1 train] starting...
2025-11-29 04:57:32,012 - src.features - INFO - Loading cached features from /Users/armanfeili/code/New Projects/novartis_datathon_2025/data/processed/features_train_s1_train.parquet
2025-11-29 04:57:32,086 - src.features - INFO - Loaded X: (46872, 87), y: 46872
2025-11-29 04:57:32,087 - src.utils - INFO - [Load cached features for train S1 train] done in 0.075s
2025-11-29 04:57:32,106 - src.utils - INFO - [Load cached train panel] starting...
2025-11-29 04:57:32,106 - src.data - INFO - Loading cached panel from /Users/armanfeili/code/New Projects/novartis_datathon_2025/data/interim/panel_train.parquet
2025-11-29 04:57:32,117 - src.data - INFO - Loaded 93,744 rows, 19 columns
2025-11-29 04:57:32,117 - src.utils - INFO - [Load cached train panel] done in 0.012s
2025-11-29 04:57:32,118 - src.utils - INFO - [Load features (cached)] done in 0.106s
2025-11-29 04:57:32,118 - src.utils - INFO - [Create validation split] starting...
2025-11-29 04:57:32,130 - src.validation - WARNING - Grouping 1 rare stratification classes (< 195 series) into 'OTHER'
2025-11-29 04:57:32,217 - src.validation - INFO - Train series: 1562, Val series: 391
2025-11-29 04:57:32,217 - src.validation - INFO - Train rows: 37,488, Val rows: 9,384
2025-11-29 04:57:32,219 - src.validation - INFO - Train bucket distribution:
bucket
2    0.933419
1    0.066581
2025-11-29 04:57:32,219 - src.validation - INFO - Val bucket distribution:
bucket
2    0.933504
1    0.066496
2025-11-29 04:57:32,220 - src.utils - INFO - [Create validation split] done in 0.102s
2025-11-29 04:57:32,248 - __main__ - INFO - Features: 86 columns
2025-11-29 04:57:32,248 - __main__ - INFO - Meta: 9 columns
2025-11-29 04:57:32,253 - __main__ - INFO - Features: 86 columns
2025-11-29 04:57:32,254 - __main__ - INFO - Meta: 9 columns
2025-11-29 04:57:32,415 - __main__ - INFO - Sample weights - min: 0.58, max: 3.46, mean: 1.00
2025-11-29 04:57:32,415 - src.utils - INFO - [Train nn for scenario 1] starting...
2025-11-29 04:57:32,722 - src.utils - INFO - [Train nn for scenario 1] done in 0.307s
