2025-11-29 04:55:24,641 - __main__ - INFO - Starting experiment: 2025-11-29_04-55_catboost_scenario1
2025-11-29 04:55:24,682 - __main__ - INFO - Config snapshot saved to /Users/armanfeili/code/New Projects/novartis_datathon_2025/artifacts/2025-11-29_04-55_catboost_scenario1/configs (hash: d65a3eca)
2025-11-29 04:55:24,682 - __main__ - INFO - Config hash: d65a3eca
2025-11-29 04:55:24,700 - src.utils - INFO - [Load features (cached)] starting...
2025-11-29 04:55:24,700 - src.utils - INFO - [Load cached features for train S1 train] starting...
2025-11-29 04:55:24,700 - src.features - INFO - Loading cached features from /Users/armanfeili/code/New Projects/novartis_datathon_2025/data/processed/features_train_s1_train.parquet
2025-11-29 04:55:24,776 - src.features - INFO - Loaded X: (46872, 87), y: 46872
2025-11-29 04:55:24,776 - src.utils - INFO - [Load cached features for train S1 train] done in 0.076s
2025-11-29 04:55:24,797 - src.utils - INFO - [Load cached train panel] starting...
2025-11-29 04:55:24,797 - src.data - INFO - Loading cached panel from /Users/armanfeili/code/New Projects/novartis_datathon_2025/data/interim/panel_train.parquet
2025-11-29 04:55:24,809 - src.data - INFO - Loaded 93,744 rows, 19 columns
2025-11-29 04:55:24,809 - src.utils - INFO - [Load cached train panel] done in 0.012s
2025-11-29 04:55:24,809 - src.utils - INFO - [Load features (cached)] done in 0.109s
2025-11-29 04:55:24,809 - src.utils - INFO - [Create validation split] starting...
2025-11-29 04:55:24,824 - src.validation - WARNING - Grouping 1 rare stratification classes (< 195 series) into 'OTHER'
2025-11-29 04:55:24,912 - src.validation - INFO - Train series: 1562, Val series: 391
2025-11-29 04:55:24,912 - src.validation - INFO - Train rows: 37,488, Val rows: 9,384
2025-11-29 04:55:24,914 - src.validation - INFO - Train bucket distribution:
bucket
2    0.933419
1    0.066581
2025-11-29 04:55:24,914 - src.validation - INFO - Val bucket distribution:
bucket
2    0.933504
1    0.066496
2025-11-29 04:55:24,915 - src.utils - INFO - [Create validation split] done in 0.105s
2025-11-29 04:55:24,947 - __main__ - INFO - Features: 86 columns
2025-11-29 04:55:24,947 - __main__ - INFO - Meta: 9 columns
2025-11-29 04:55:24,952 - __main__ - INFO - Features: 86 columns
2025-11-29 04:55:24,952 - __main__ - INFO - Meta: 9 columns
2025-11-29 04:55:25,717 - __main__ - INFO - Sample weights - min: 0.58, max: 3.46, mean: 1.00
2025-11-29 04:55:25,717 - src.utils - INFO - [Train catboost for scenario 1] starting...
2025-11-29 04:55:55,187 - src.models.cat_model - INFO - CatBoost trained for 427 iterations
2025-11-29 04:55:55,187 - src.utils - INFO - [Train catboost for scenario 1] done in 29.469s
2025-11-29 04:55:56,224 - __main__ - INFO - Validation metrics: Official=0.7509, RMSE=0.2476, MAE=0.1773
2025-11-29 04:55:56,224 - __main__ - INFO - Training time: 29.47 seconds
2025-11-29 04:55:56,234 - src.models.cat_model - INFO - Model saved to /Users/armanfeili/code/New Projects/novartis_datathon_2025/artifacts/2025-11-29_04-55_catboost_scenario1/model_1.bin
2025-11-29 04:55:56,234 - __main__ - INFO - Model saved to /Users/armanfeili/code/New Projects/novartis_datathon_2025/artifacts/2025-11-29_04-55_catboost_scenario1/model_1.bin
2025-11-29 04:55:56,248 - __main__ - INFO - Experiment 2025-11-29_04-55_catboost_scenario1 completed. Artifacts saved to /Users/armanfeili/code/New Projects/novartis_datathon_2025/artifacts/2025-11-29_04-55_catboost_scenario1
