2025-11-30 10:00:57,981 - __main__ - INFO - Starting experiment: catboost_hero_s1
2025-11-30 10:00:58,065 - __main__ - INFO - Config snapshot saved to /Users/armanfeili/code/New Projects/novartis_datathon_2025/artifacts/catboost_hero_s1/configs (hash: 7e5af79c)
2025-11-30 10:00:58,066 - __main__ - INFO - Config hash: 7e5af79c
2025-11-30 10:00:58,101 - src.utils - INFO - [Load features (cached)] starting...
2025-11-30 10:00:58,101 - src.utils - INFO - [Load cached features for train S1 train] starting...
2025-11-30 10:00:58,101 - src.features - INFO - Loading cached features from /Users/armanfeili/code/New Projects/novartis_datathon_2025/data/processed/features_train_s1_train.parquet
2025-11-30 10:00:58,443 - src.features - INFO - Loaded X: (46872, 87), y: 46872
2025-11-30 10:00:58,443 - src.utils - INFO - [Load cached features for train S1 train] done in 0.342s
2025-11-30 10:00:58,479 - src.utils - INFO - [Load cached train panel] starting...
2025-11-30 10:00:58,479 - src.data - INFO - Loading cached panel from /Users/armanfeili/code/New Projects/novartis_datathon_2025/data/interim/panel_train.parquet
2025-11-30 10:00:58,496 - src.data - INFO - Loaded 93,744 rows, 19 columns
2025-11-30 10:00:58,496 - src.utils - INFO - [Load cached train panel] done in 0.017s
2025-11-30 10:00:58,496 - src.utils - INFO - [Load features (cached)] done in 0.396s
2025-11-30 10:00:58,496 - src.utils - INFO - [Create validation split] starting...
2025-11-30 10:00:58,525 - src.validation - WARNING - Grouping 1 rare stratification classes (< 195 series each, 130 series total) into 'OTHER'
2025-11-30 10:00:58,530 - src.validation - INFO - 'OTHER' class now contains 130 series
2025-11-30 10:00:58,648 - src.validation - INFO - Train series: 1562, Val series: 391
2025-11-30 10:00:58,648 - src.validation - INFO - Train rows: 37,488, Val rows: 9,384
2025-11-30 10:00:58,650 - src.validation - INFO - Train bucket distribution:
bucket
2    0.933419
1    0.066581
2025-11-30 10:00:58,651 - src.validation - INFO - Val bucket distribution:
bucket
2    0.933504
1    0.066496
2025-11-30 10:00:58,671 - src.utils - INFO - [Create validation split] done in 0.174s
2025-11-30 10:00:58,710 - __main__ - INFO - Features: 86 columns
2025-11-30 10:00:58,710 - __main__ - INFO - Meta: 9 columns: ['country', 'brand_name', 'months_postgx', 'bucket', 'avg_vol_12m', 'y_norm', 'volume', 'mean_erosion', 'month']
2025-11-30 10:00:58,722 - __main__ - INFO - Features: 86 columns
2025-11-30 10:00:58,722 - __main__ - INFO - Meta: 9 columns: ['country', 'brand_name', 'months_postgx', 'bucket', 'avg_vol_12m', 'y_norm', 'volume', 'mean_erosion', 'month']
2025-11-30 10:01:00,626 - __main__ - INFO - Sample weights - min: 0.58, max: 3.46, mean: 1.00
2025-11-30 10:01:00,663 - src.utils - INFO - [Train catboost for scenario 1] starting...
2025-11-30 10:01:31,180 - src.models.cat_model - INFO - CatBoost trained for 772 iterations
2025-11-30 10:01:31,180 - src.utils - INFO - [Train catboost for scenario 1] done in 30.517s
2025-11-30 10:01:32,234 - __main__ - INFO - Validation metrics: Official=0.7692, RMSE=0.2488, MAE=0.1795
2025-11-30 10:01:32,234 - __main__ - INFO - Training time: 30.55 seconds
2025-11-30 10:01:32,239 - src.models.cat_model - INFO - Model saved to /Users/armanfeili/code/New Projects/novartis_datathon_2025/artifacts/catboost_hero_s1/model_1.bin.cbm with metadata
2025-11-30 10:01:32,239 - __main__ - INFO - Model saved to /Users/armanfeili/code/New Projects/novartis_datathon_2025/artifacts/catboost_hero_s1/model_1.bin
