2025-11-29 04:54:58,855 - __main__ - INFO - Starting experiment: 2025-11-29_04-54_catboost_scenario2
2025-11-29 04:54:58,895 - __main__ - INFO - Config snapshot saved to /Users/armanfeili/code/New Projects/novartis_datathon_2025/artifacts/2025-11-29_04-54_catboost_scenario2/configs (hash: 01d19a7c)
2025-11-29 04:54:58,895 - __main__ - INFO - Config hash: 01d19a7c
2025-11-29 04:54:58,910 - src.utils - INFO - [Load features (cached)] starting...
2025-11-29 04:54:58,911 - src.utils - INFO - [Load cached features for train S2 train] starting...
2025-11-29 04:54:58,911 - src.features - INFO - Loading cached features from /Users/armanfeili/code/New Projects/novartis_datathon_2025/data/processed/features_train_s2_train.parquet
2025-11-29 04:54:58,985 - src.features - INFO - Loaded X: (35154, 99), y: 35154
2025-11-29 04:54:58,985 - src.utils - INFO - [Load cached features for train S2 train] done in 0.074s
2025-11-29 04:54:58,999 - src.utils - INFO - [Load cached train panel] starting...
2025-11-29 04:54:58,999 - src.data - INFO - Loading cached panel from /Users/armanfeili/code/New Projects/novartis_datathon_2025/data/interim/panel_train.parquet
2025-11-29 04:54:59,008 - src.data - INFO - Loaded 93,744 rows, 19 columns
2025-11-29 04:54:59,008 - src.utils - INFO - [Load cached train panel] done in 0.010s
2025-11-29 04:54:59,008 - src.utils - INFO - [Load features (cached)] done in 0.098s
2025-11-29 04:54:59,008 - src.utils - INFO - [Create validation split] starting...
2025-11-29 04:54:59,018 - src.validation - WARNING - Grouping 1 rare stratification classes (< 195 series) into 'OTHER'
2025-11-29 04:54:59,087 - src.validation - INFO - Train series: 1562, Val series: 391
2025-11-29 04:54:59,087 - src.validation - INFO - Train rows: 28,116, Val rows: 7,038
2025-11-29 04:54:59,089 - src.validation - INFO - Train bucket distribution:
bucket
2    0.933419
1    0.066581
2025-11-29 04:54:59,089 - src.validation - INFO - Val bucket distribution:
bucket
2    0.933504
1    0.066496
2025-11-29 04:54:59,089 - src.utils - INFO - [Create validation split] done in 0.081s
2025-11-29 04:54:59,113 - __main__ - INFO - Features: 101 columns
2025-11-29 04:54:59,113 - __main__ - INFO - Meta: 9 columns
2025-11-29 04:54:59,117 - __main__ - INFO - Features: 101 columns
2025-11-29 04:54:59,117 - __main__ - INFO - Meta: 9 columns
2025-11-29 04:54:59,706 - __main__ - INFO - Sample weights - min: 0.63, max: 3.13, mean: 1.00
2025-11-29 04:54:59,707 - src.utils - INFO - [Train catboost for scenario 2] starting...
2025-11-29 04:55:13,348 - src.models.cat_model - INFO - CatBoost trained for 967 iterations
2025-11-29 04:55:13,348 - src.utils - INFO - [Train catboost for scenario 2] done in 13.641s
2025-11-29 04:55:13,990 - __main__ - INFO - Validation metrics: Official=0.2748, RMSE=0.2058, MAE=0.1276
2025-11-29 04:55:13,990 - __main__ - INFO - Training time: 13.64 seconds
2025-11-29 04:55:13,992 - src.models.cat_model - INFO - Model saved to /Users/armanfeili/code/New Projects/novartis_datathon_2025/artifacts/2025-11-29_04-54_catboost_scenario2/model_2.bin
2025-11-29 04:55:13,992 - __main__ - INFO - Model saved to /Users/armanfeili/code/New Projects/novartis_datathon_2025/artifacts/2025-11-29_04-54_catboost_scenario2/model_2.bin
2025-11-29 04:55:13,998 - __main__ - INFO - Experiment 2025-11-29_04-54_catboost_scenario2 completed. Artifacts saved to /Users/armanfeili/code/New Projects/novartis_datathon_2025/artifacts/2025-11-29_04-54_catboost_scenario2
