2025-11-29 05:06:45,487 - __main__ - INFO - Starting experiment: 2025-11-29_05-06_historical_curve_scenario2
2025-11-29 05:06:45,527 - __main__ - INFO - Config snapshot saved to /Users/armanfeili/code/New Projects/novartis_datathon_2025/artifacts/2025-11-29_05-06_historical_curve_scenario2/configs (hash: 89d405c5)
2025-11-29 05:06:45,527 - __main__ - INFO - Config hash: 89d405c5
2025-11-29 05:06:45,546 - src.utils - INFO - [Load features (cached)] starting...
2025-11-29 05:06:45,547 - src.utils - INFO - [Load cached features for train S2 train] starting...
2025-11-29 05:06:45,547 - src.features - INFO - Loading cached features from /Users/armanfeili/code/New Projects/novartis_datathon_2025/data/processed/features_train_s2_train.parquet
2025-11-29 05:06:45,621 - src.features - INFO - Loaded X: (35154, 99), y: 35154
2025-11-29 05:06:45,621 - src.utils - INFO - [Load cached features for train S2 train] done in 0.075s
2025-11-29 05:06:45,636 - src.utils - INFO - [Load cached train panel] starting...
2025-11-29 05:06:45,636 - src.data - INFO - Loading cached panel from /Users/armanfeili/code/New Projects/novartis_datathon_2025/data/interim/panel_train.parquet
2025-11-29 05:06:45,647 - src.data - INFO - Loaded 93,744 rows, 19 columns
2025-11-29 05:06:45,647 - src.utils - INFO - [Load cached train panel] done in 0.011s
2025-11-29 05:06:45,647 - src.utils - INFO - [Load features (cached)] done in 0.101s
2025-11-29 05:06:45,647 - src.utils - INFO - [Create validation split] starting...
2025-11-29 05:06:45,658 - src.validation - WARNING - Grouping 1 rare stratification classes (< 195 series) into 'OTHER'
2025-11-29 05:06:45,734 - src.validation - INFO - Train series: 1562, Val series: 391
2025-11-29 05:06:45,735 - src.validation - INFO - Train rows: 28,116, Val rows: 7,038
2025-11-29 05:06:45,736 - src.validation - INFO - Train bucket distribution:
bucket
2    0.933419
1    0.066581
2025-11-29 05:06:45,737 - src.validation - INFO - Val bucket distribution:
bucket
2    0.933504
1    0.066496
2025-11-29 05:06:45,737 - src.utils - INFO - [Create validation split] done in 0.090s
2025-11-29 05:06:45,765 - __main__ - INFO - Features: 101 columns
2025-11-29 05:06:45,765 - __main__ - INFO - Meta: 9 columns
2025-11-29 05:06:45,770 - __main__ - INFO - Features: 101 columns
2025-11-29 05:06:45,770 - __main__ - INFO - Meta: 9 columns
2025-11-29 05:06:45,903 - __main__ - INFO - Sample weights - min: 0.63, max: 3.13, mean: 1.00
2025-11-29 05:06:45,903 - src.utils - INFO - [Train historical_curve for scenario 2] starting...
2025-11-29 05:06:45,904 - src.models.linear - WARNING - No country/brand_name columns - treating each row as a series
2025-11-29 05:06:46,018 - src.models.linear - INFO - HistoricalCurveBaseline: fitted with 0 historical curves, n_neighbors=5
2025-11-29 05:06:46,018 - src.utils - INFO - [Train historical_curve for scenario 2] done in 0.114s
2025-11-29 05:06:46,018 - src.models.linear - WARNING - No country/brand_name columns - treating each row as a series
2025-11-29 05:06:52,384 - __main__ - INFO - Validation metrics: Official=1.0840, RMSE=0.2997, MAE=0.2371
2025-11-29 05:06:52,384 - __main__ - INFO - Training time: 0.11 seconds
2025-11-29 05:06:52,600 - __main__ - INFO - Model saved to /Users/armanfeili/code/New Projects/novartis_datathon_2025/artifacts/2025-11-29_05-06_historical_curve_scenario2/model_2.bin
2025-11-29 05:06:52,609 - __main__ - INFO - Experiment 2025-11-29_05-06_historical_curve_scenario2 completed. Artifacts saved to /Users/armanfeili/code/New Projects/novartis_datathon_2025/artifacts/2025-11-29_05-06_historical_curve_scenario2
