2025-11-29 05:39:57,634 - __main__ - INFO - Starting experiment: 2025-11-29_05-39_xgboost_scenario1
2025-11-29 05:39:57,678 - __main__ - INFO - Config snapshot saved to /Users/armanfeili/code/New Projects/novartis_datathon_2025/artifacts/2025-11-29_05-39_xgboost_scenario1/configs (hash: 79d8857f)
2025-11-29 05:39:57,678 - __main__ - INFO - Config hash: 79d8857f
2025-11-29 05:39:57,699 - src.utils - INFO - [Load features (cached)] starting...
2025-11-29 05:39:57,700 - src.utils - INFO - [Load cached features for train S1 train] starting...
2025-11-29 05:39:57,700 - src.features - INFO - Loading cached features from /Users/armanfeili/code/New Projects/novartis_datathon_2025/data/processed/features_train_s1_train.parquet
2025-11-29 05:39:57,832 - src.features - INFO - Loaded X: (46872, 87), y: 46872
2025-11-29 05:39:57,832 - src.utils - INFO - [Load cached features for train S1 train] done in 0.133s
2025-11-29 05:39:57,854 - src.utils - INFO - [Load cached train panel] starting...
2025-11-29 05:39:57,854 - src.data - INFO - Loading cached panel from /Users/armanfeili/code/New Projects/novartis_datathon_2025/data/interim/panel_train.parquet
2025-11-29 05:39:57,885 - src.data - INFO - Loaded 93,744 rows, 19 columns
2025-11-29 05:39:57,886 - src.utils - INFO - [Load cached train panel] done in 0.032s
2025-11-29 05:39:57,886 - src.utils - INFO - [Load features (cached)] done in 0.186s
2025-11-29 05:39:57,886 - src.utils - INFO - [Create validation split] starting...
2025-11-29 05:39:57,903 - src.validation - WARNING - Grouping 1 rare stratification classes (< 195 series) into 'OTHER'
2025-11-29 05:39:58,006 - src.validation - INFO - Train series: 1562, Val series: 391
2025-11-29 05:39:58,007 - src.validation - INFO - Train rows: 37,488, Val rows: 9,384
2025-11-29 05:39:58,008 - src.validation - INFO - Train bucket distribution:
bucket
2    0.933419
1    0.066581
2025-11-29 05:39:58,009 - src.validation - INFO - Val bucket distribution:
bucket
2    0.933504
1    0.066496
2025-11-29 05:39:58,009 - src.utils - INFO - [Create validation split] done in 0.123s
2025-11-29 05:39:58,039 - __main__ - INFO - Features: 86 columns
2025-11-29 05:39:58,039 - __main__ - INFO - Meta: 9 columns
2025-11-29 05:39:58,045 - __main__ - INFO - Features: 86 columns
2025-11-29 05:39:58,045 - __main__ - INFO - Meta: 9 columns
2025-11-29 05:39:58,348 - __main__ - INFO - Sample weights - min: 0.58, max: 3.46, mean: 1.00
2025-11-29 05:39:58,348 - src.utils - INFO - [Train xgboost for scenario 1] starting...
2025-11-29 05:40:03,861 - src.utils - INFO - [Train xgboost for scenario 1] done in 5.512s
2025-11-29 05:40:04,938 - __main__ - INFO - Validation metrics: Official=0.7754, RMSE=0.2480, MAE=0.1768
2025-11-29 05:40:04,939 - __main__ - INFO - Training time: 5.51 seconds
2025-11-29 05:40:04,952 - __main__ - INFO - Model saved to /Users/armanfeili/code/New Projects/novartis_datathon_2025/artifacts/2025-11-29_05-39_xgboost_scenario1/model_1.bin
2025-11-29 05:40:04,958 - __main__ - INFO - Experiment 2025-11-29_05-39_xgboost_scenario1 completed. Artifacts saved to /Users/armanfeili/code/New Projects/novartis_datathon_2025/artifacts/2025-11-29_05-39_xgboost_scenario1
