2025-11-29 05:01:50,738 - __main__ - INFO - Starting experiment: 2025-11-29_05-01_nn_scenario2
2025-11-29 05:01:50,775 - __main__ - INFO - Config snapshot saved to /Users/armanfeili/code/New Projects/novartis_datathon_2025/artifacts/2025-11-29_05-01_nn_scenario2/configs (hash: 2c55b9f0)
2025-11-29 05:01:50,775 - __main__ - INFO - Config hash: 2c55b9f0
2025-11-29 05:01:50,791 - src.utils - INFO - [Load features (cached)] starting...
2025-11-29 05:01:50,792 - src.utils - INFO - [Load cached features for train S2 train] starting...
2025-11-29 05:01:50,792 - src.features - INFO - Loading cached features from /Users/armanfeili/code/New Projects/novartis_datathon_2025/data/processed/features_train_s2_train.parquet
2025-11-29 05:01:50,867 - src.features - INFO - Loaded X: (35154, 99), y: 35154
2025-11-29 05:01:50,867 - src.utils - INFO - [Load cached features for train S2 train] done in 0.076s
2025-11-29 05:01:50,883 - src.utils - INFO - [Load cached train panel] starting...
2025-11-29 05:01:50,883 - src.data - INFO - Loading cached panel from /Users/armanfeili/code/New Projects/novartis_datathon_2025/data/interim/panel_train.parquet
2025-11-29 05:01:50,896 - src.data - INFO - Loaded 93,744 rows, 19 columns
2025-11-29 05:01:50,896 - src.utils - INFO - [Load cached train panel] done in 0.013s
2025-11-29 05:01:50,896 - src.utils - INFO - [Load features (cached)] done in 0.105s
2025-11-29 05:01:50,896 - src.utils - INFO - [Create validation split] starting...
2025-11-29 05:01:50,910 - src.validation - WARNING - Grouping 1 rare stratification classes (< 195 series) into 'OTHER'
2025-11-29 05:01:50,980 - src.validation - INFO - Train series: 1562, Val series: 391
2025-11-29 05:01:50,981 - src.validation - INFO - Train rows: 28,116, Val rows: 7,038
2025-11-29 05:01:50,982 - src.validation - INFO - Train bucket distribution:
bucket
2    0.933419
1    0.066581
2025-11-29 05:01:50,982 - src.validation - INFO - Val bucket distribution:
bucket
2    0.933504
1    0.066496
2025-11-29 05:01:50,983 - src.utils - INFO - [Create validation split] done in 0.086s
2025-11-29 05:01:51,008 - __main__ - INFO - Features: 101 columns
2025-11-29 05:01:51,008 - __main__ - INFO - Meta: 9 columns
2025-11-29 05:01:51,013 - __main__ - INFO - Features: 101 columns
2025-11-29 05:01:51,013 - __main__ - INFO - Meta: 9 columns
2025-11-29 05:01:51,170 - __main__ - INFO - Sample weights - min: 0.63, max: 3.13, mean: 1.00
2025-11-29 05:01:51,171 - src.utils - INFO - [Train nn for scenario 2] starting...
2025-11-29 05:02:01,290 - src.models.nn - INFO - Epoch 0: Train Loss 0.2167, Val Loss 0.0826
2025-11-29 05:02:51,581 - src.models.nn - INFO - Epoch 10: Train Loss 0.0652, Val Loss 0.0762
2025-11-29 05:03:41,502 - src.models.nn - INFO - Epoch 20: Train Loss 0.0609, Val Loss 0.0817
2025-11-29 05:04:33,806 - src.models.nn - INFO - Epoch 30: Train Loss 0.0605, Val Loss 0.0719
2025-11-29 05:05:24,414 - src.models.nn - INFO - Epoch 40: Train Loss 0.0572, Val Loss 0.0711
2025-11-29 05:05:54,983 - src.models.nn - INFO - Early stopping at epoch 46
2025-11-29 05:05:54,988 - src.utils - INFO - [Train nn for scenario 2] done in 243.818s
2025-11-29 05:05:55,938 - __main__ - INFO - Validation metrics: Official=0.5815, RMSE=0.2884, MAE=0.2015
2025-11-29 05:05:55,938 - __main__ - INFO - Training time: 243.82 seconds
2025-11-29 05:05:55,951 - __main__ - INFO - Model saved to /Users/armanfeili/code/New Projects/novartis_datathon_2025/artifacts/2025-11-29_05-01_nn_scenario2/model_2.bin
2025-11-29 05:05:55,958 - __main__ - INFO - Experiment 2025-11-29_05-01_nn_scenario2 completed. Artifacts saved to /Users/armanfeili/code/New Projects/novartis_datathon_2025/artifacts/2025-11-29_05-01_nn_scenario2
