2025-11-30 10:00:40,684 - __main__ - INFO - Starting experiment: catboost_bonus_s1
2025-11-30 10:00:40,752 - __main__ - INFO - Config snapshot saved to /Users/armanfeili/code/New Projects/novartis_datathon_2025/artifacts/catboost_bonus_s1/configs (hash: 7e5af79c)
2025-11-30 10:00:40,752 - __main__ - INFO - Config hash: 7e5af79c
2025-11-30 10:00:40,781 - src.utils - INFO - [Load features (cached)] starting...
2025-11-30 10:00:40,781 - src.utils - INFO - [Load cached features for train S1 train] starting...
2025-11-30 10:00:40,782 - src.features - INFO - Loading cached features from /Users/armanfeili/code/New Projects/novartis_datathon_2025/data/processed/features_train_s1_train.parquet
2025-11-30 10:00:40,875 - src.features - INFO - Loaded X: (46872, 87), y: 46872
2025-11-30 10:00:40,875 - src.utils - INFO - [Load cached features for train S1 train] done in 0.094s
2025-11-30 10:00:40,898 - src.utils - INFO - [Load cached train panel] starting...
2025-11-30 10:00:40,898 - src.data - INFO - Loading cached panel from /Users/armanfeili/code/New Projects/novartis_datathon_2025/data/interim/panel_train.parquet
2025-11-30 10:00:40,913 - src.data - INFO - Loaded 93,744 rows, 19 columns
2025-11-30 10:00:40,913 - src.utils - INFO - [Load cached train panel] done in 0.015s
2025-11-30 10:00:40,913 - src.utils - INFO - [Load features (cached)] done in 0.133s
2025-11-30 10:00:40,913 - src.utils - INFO - [Create validation split] starting...
2025-11-30 10:00:40,928 - src.validation - WARNING - Grouping 1 rare stratification classes (< 195 series each, 130 series total) into 'OTHER'
2025-11-30 10:00:40,931 - src.validation - INFO - 'OTHER' class now contains 130 series
2025-11-30 10:00:41,024 - src.validation - INFO - Train series: 1562, Val series: 391
2025-11-30 10:00:41,024 - src.validation - INFO - Train rows: 37,488, Val rows: 9,384
2025-11-30 10:00:41,026 - src.validation - INFO - Train bucket distribution:
bucket
2    0.933419
1    0.066581
2025-11-30 10:00:41,027 - src.validation - INFO - Val bucket distribution:
bucket
2    0.933504
1    0.066496
2025-11-30 10:00:41,039 - src.utils - INFO - [Create validation split] done in 0.126s
2025-11-30 10:00:41,073 - __main__ - INFO - Features: 86 columns
2025-11-30 10:00:41,073 - __main__ - INFO - Meta: 9 columns: ['country', 'brand_name', 'months_postgx', 'bucket', 'avg_vol_12m', 'y_norm', 'volume', 'mean_erosion', 'month']
2025-11-30 10:00:41,083 - __main__ - INFO - Features: 86 columns
2025-11-30 10:00:41,083 - __main__ - INFO - Meta: 9 columns: ['country', 'brand_name', 'months_postgx', 'bucket', 'avg_vol_12m', 'y_norm', 'volume', 'mean_erosion', 'month']
2025-11-30 10:00:41,969 - __main__ - INFO - Sample weights - min: 0.58, max: 3.46, mean: 1.00
2025-11-30 10:00:41,987 - src.utils - INFO - [Train catboost for scenario 1] starting...
2025-11-30 10:01:06,485 - src.models.cat_model - INFO - CatBoost trained for 772 iterations
2025-11-30 10:01:06,486 - src.utils - INFO - [Train catboost for scenario 1] done in 24.499s
2025-11-30 10:01:08,761 - __main__ - INFO - Validation metrics: Official=0.7692, RMSE=0.2488, MAE=0.1795
2025-11-30 10:01:08,762 - __main__ - INFO - Training time: 24.52 seconds
2025-11-30 10:01:08,771 - src.models.cat_model - INFO - Model saved to /Users/armanfeili/code/New Projects/novartis_datathon_2025/artifacts/catboost_bonus_s1/model_1.bin.cbm with metadata
2025-11-30 10:01:08,771 - __main__ - INFO - Model saved to /Users/armanfeili/code/New Projects/novartis_datathon_2025/artifacts/catboost_bonus_s1/model_1.bin
