2025-11-29 16:44:25,701 - __main__ - INFO - Starting experiment: 2025-11-29_16-44_catboost_scenario1
2025-11-29 16:44:25,762 - __main__ - INFO - Config snapshot saved to /Users/armanfeili/code/New Projects/novartis_datathon_2025/artifacts/2025-11-29_16-44_catboost_scenario1/configs (hash: 5733d1e6)
2025-11-29 16:44:25,762 - __main__ - INFO - Config hash: 5733d1e6
2025-11-29 16:44:25,785 - src.utils - INFO - [Load features (cached)] starting...
2025-11-29 16:44:25,785 - src.utils - INFO - [Load cached features for train S1 train] starting...
2025-11-29 16:44:25,785 - src.features - INFO - Loading cached features from /Users/armanfeili/code/New Projects/novartis_datathon_2025/data/processed/features_train_s1_train.parquet
2025-11-29 16:44:25,860 - src.features - INFO - Loaded X: (46872, 87), y: 46872
2025-11-29 16:44:25,861 - src.utils - INFO - [Load cached features for train S1 train] done in 0.076s
2025-11-29 16:44:25,881 - src.utils - INFO - [Load cached train panel] starting...
2025-11-29 16:44:25,881 - src.data - INFO - Loading cached panel from /Users/armanfeili/code/New Projects/novartis_datathon_2025/data/interim/panel_train.parquet
2025-11-29 16:44:25,896 - src.data - INFO - Loaded 93,744 rows, 19 columns
2025-11-29 16:44:25,896 - src.utils - INFO - [Load cached train panel] done in 0.016s
2025-11-29 16:44:25,896 - src.utils - INFO - [Load features (cached)] done in 0.112s
2025-11-29 16:44:25,897 - src.utils - INFO - [Create validation split] starting...
2025-11-29 16:44:25,912 - src.validation - WARNING - Grouping 1 rare stratification classes (< 195 series) into 'OTHER'
2025-11-29 16:44:26,030 - src.validation - INFO - Train series: 1562, Val series: 391
2025-11-29 16:44:26,030 - src.validation - INFO - Train rows: 37,488, Val rows: 9,384
2025-11-29 16:44:26,032 - src.validation - INFO - Train bucket distribution:
bucket
2    0.933419
1    0.066581
2025-11-29 16:44:26,033 - src.validation - INFO - Val bucket distribution:
bucket
2    0.933504
1    0.066496
2025-11-29 16:44:26,033 - src.utils - INFO - [Create validation split] done in 0.136s
2025-11-29 16:44:26,071 - __main__ - INFO - Features: 86 columns
2025-11-29 16:44:26,071 - __main__ - INFO - Meta: 9 columns
2025-11-29 16:44:26,083 - __main__ - INFO - Features: 86 columns
2025-11-29 16:44:26,083 - __main__ - INFO - Meta: 9 columns
2025-11-29 16:44:27,002 - __main__ - INFO - Sample weights - min: 0.58, max: 3.46, mean: 1.00
2025-11-29 16:44:27,002 - src.utils - INFO - [Train catboost for scenario 1] starting...
2025-11-29 16:44:45,213 - src.models.cat_model - INFO - CatBoost trained for 772 iterations
2025-11-29 16:44:45,214 - src.utils - INFO - [Train catboost for scenario 1] done in 18.211s
2025-11-29 16:44:46,277 - __main__ - INFO - Validation metrics: Official=0.7692, RMSE=0.2488, MAE=0.1795
2025-11-29 16:44:46,277 - __main__ - INFO - Training time: 18.21 seconds
2025-11-29 16:44:46,286 - src.models.cat_model - INFO - Model saved to /Users/armanfeili/code/New Projects/novartis_datathon_2025/artifacts/2025-11-29_16-44_catboost_scenario1/model_1.bin
2025-11-29 16:44:46,287 - __main__ - INFO - Model saved to /Users/armanfeili/code/New Projects/novartis_datathon_2025/artifacts/2025-11-29_16-44_catboost_scenario1/model_1.bin
2025-11-29 16:44:46,298 - __main__ - INFO - Experiment 2025-11-29_16-44_catboost_scenario1 completed. Artifacts saved to /Users/armanfeili/code/New Projects/novartis_datathon_2025/artifacts/2025-11-29_16-44_catboost_scenario1
