2025-11-30 10:25:56,983 - src.train - INFO - Starting experiment: catboost_bonus_all_20251130_102556_s1
2025-11-30 10:25:57,041 - src.train - INFO - Config snapshot saved to /Users/armanfeili/code/New Projects/novartis_datathon_2025/artifacts/catboost_bonus_all_20251130_102556_s1/configs (hash: bcc22caf)
2025-11-30 10:25:57,042 - src.train - INFO - Config hash: bcc22caf
2025-11-30 10:25:57,064 - src.utils - INFO - [Load features (cached)] starting...
2025-11-30 10:25:57,065 - src.features - INFO - Building features for train S1 train...
2025-11-30 10:25:57,065 - src.data - INFO - Building train panel from raw data...
2025-11-30 10:25:57,065 - src.utils - INFO - [Load train data] starting...
2025-11-30 10:25:57,065 - src.data - INFO - Loading volume from /Users/armanfeili/code/New Projects/novartis_datathon_2025/data/raw/TRAIN/df_volume_train.csv
2025-11-30 10:25:57,163 - src.data - INFO - === train/volume Statistics ===
2025-11-30 10:25:57,163 - src.data - INFO -   Shape: 93,744 rows × 5 columns
2025-11-30 10:25:57,180 - src.data - INFO -   No missing values
2025-11-30 10:25:57,198 - src.data - INFO -   Unique series: 1,953
2025-11-30 10:25:57,199 - src.data - INFO -   months_postgx range: [-24, 23]
2025-11-30 10:25:57,201 - src.data - INFO - Loading generics from /Users/armanfeili/code/New Projects/novartis_datathon_2025/data/raw/TRAIN/df_generics_train.csv
2025-11-30 10:25:57,244 - src.data - INFO - === train/generics Statistics ===
2025-11-30 10:25:57,244 - src.data - INFO -   Shape: 46,872 rows × 4 columns
2025-11-30 10:25:57,253 - src.data - INFO -   Missing values:
2025-11-30 10:25:57,253 - src.data - INFO -     n_gxs: 26.3%
2025-11-30 10:25:57,267 - src.data - INFO -   Unique series: 1,953
2025-11-30 10:25:57,268 - src.data - INFO -   months_postgx range: [0, 23]
2025-11-30 10:25:57,270 - src.data - INFO - Loading medicine_info from /Users/armanfeili/code/New Projects/novartis_datathon_2025/data/raw/TRAIN/df_medicine_info_train.csv
2025-11-30 10:25:57,276 - src.data - INFO - === train/medicine_info Statistics ===
2025-11-30 10:25:57,277 - src.data - INFO -   Shape: 1,953 rows × 7 columns
2025-11-30 10:25:57,279 - src.data - INFO -   Missing values:
2025-11-30 10:25:57,279 - src.data - INFO -     hospital_rate: 3.3%
2025-11-30 10:25:57,281 - src.data - INFO -   Unique series: 1,953
2025-11-30 10:25:57,282 - src.utils - INFO - [Load train data] done in 0.217s
2025-11-30 10:25:57,282 - src.utils - INFO - [Build base panel] starting...
2025-11-30 10:25:57,282 - src.data - INFO - Input shapes: volume=(93744, 5), generics=(46872, 4), medicine_info=(1953, 7)
2025-11-30 10:25:57,352 - src.data - INFO - After volume-generics merge: 93,744 rows
2025-11-30 10:25:57,399 - src.data - INFO - After medicine_info merge: 93,744 rows
2025-11-30 10:25:57,497 - src.data - INFO - === Base Panel Statistics ===
2025-11-30 10:25:57,497 - src.data - INFO -   Shape: 93,744 rows × 11 columns
2025-11-30 10:25:57,526 - src.data - INFO -   Missing values:
2025-11-30 10:25:57,526 - src.data - INFO -     n_gxs: 63.2%
2025-11-30 10:25:57,526 - src.data - INFO -     hospital_rate: 3.3%
2025-11-30 10:25:57,544 - src.data - INFO -   Unique series: 1,953
2025-11-30 10:25:57,545 - src.data - INFO -   months_postgx range: [-24, 23]
2025-11-30 10:25:57,549 - src.utils - INFO - [Build base panel] done in 0.266s
2025-11-30 10:25:57,549 - src.utils - INFO - [Handle missing values] starting...
2025-11-30 10:25:57,573 - src.data - INFO - n_gxs: filled 59208 missing values
2025-11-30 10:25:57,588 - src.data - INFO - hospital_rate: filled with ther_area medians, flag added
2025-11-30 10:25:57,635 - src.data - INFO - No missing values remaining
2025-11-30 10:25:57,635 - src.utils - INFO - [Handle missing values] done in 0.086s
2025-11-30 10:25:57,636 - src.utils - INFO - [Compute pre-entry stats] starting...
2025-11-30 10:25:57,706 - src.data - INFO - avg_vol_12m distribution:
2025-11-30 10:25:57,707 - src.data - INFO -   Range: [37.72, 371038791.09]
2025-11-30 10:25:57,707 - src.data - INFO -   Median: 131382.32
2025-11-30 10:25:57,707 - src.data - INFO -   Mean: 2439028.31
2025-11-30 10:25:57,732 - src.data - INFO - Bucket classification using threshold=0.25
2025-11-30 10:25:57,789 - src.data - INFO - Bucket distribution (train):
2025-11-30 10:25:57,790 - src.data - INFO -   Bucket 1: 130 series (6.7%)
2025-11-30 10:25:57,790 - src.data - INFO -   Bucket 2: 1,823 series (93.3%)
2025-11-30 10:25:57,790 - src.data - INFO - y_norm distribution (train):
2025-11-30 10:25:57,791 - src.data - INFO -   Range: [0.000, 43.792]
2025-11-30 10:25:57,792 - src.data - INFO -   Median: 0.871
2025-11-30 10:25:57,793 - src.data - INFO -   Mean: 0.800
2025-11-30 10:25:57,794 - src.data - WARNING - y_norm.y_norm: 18 values above 5
2025-11-30 10:25:57,795 - src.utils - INFO - [Compute pre-entry stats] done in 0.159s
2025-11-30 10:25:57,812 - src.data - INFO - Panel schema validation passed for train (93,744 rows)
2025-11-30 10:25:57,815 - src.features - INFO - Applying data augmentation to training panel
2025-11-30 10:26:03,842 - src.data - INFO - Augmentation applied: jitter=5.00%, drop_prob=5.00%
2025-11-30 10:26:03,868 - src.utils - INFO - [Feature engineering - Scenario 1] starting...
2025-11-30 10:26:04,036 - src.features - WARNING - No pre-entry data for seasonal features, skipping
2025-11-30 10:26:04,923 - src.features - INFO - Total features created: 79
2025-11-30 10:26:04,923 - src.utils - INFO - [Feature engineering - Scenario 1] done in 1.055s
2025-11-30 10:26:05,030 - src.features - INFO - Selected 44,499 rows for 1 (months 0-23)
2025-11-30 10:26:05,037 - src.features - WARNING - Feature leakage detected: LEAKAGE: Forbidden column present: country
2025-11-30 10:26:05,037 - src.features - WARNING - Feature leakage detected: LEAKAGE: Forbidden column present: mean_erosion
2025-11-30 10:26:05,037 - src.features - WARNING - Feature leakage detected: LEAKAGE: Forbidden column present: y_norm
2025-11-30 10:26:05,037 - src.features - WARNING - Feature leakage detected: LEAKAGE: Forbidden column present: volume
2025-11-30 10:26:05,038 - src.features - WARNING - Feature leakage detected: LEAKAGE: Forbidden column present: bucket
2025-11-30 10:26:05,038 - src.features - WARNING - Feature leakage detected: LEAKAGE: Forbidden column present: brand_name
2025-11-30 10:26:05,092 - src.data - INFO - Data leakage audit passed for scenario 1, mode train
2025-11-30 10:26:05,107 - src.features - ERROR - Feature matrix validation failed: Feature matrix has all-NaN columns: ['first_generic_month']...
2025-11-30 10:26:05,107 - src.features - INFO - Built features: X=(44499, 76), y=44499, meta=(44499, 9)
2025-11-30 10:26:05,144 - src.utils - INFO - [Load cached train panel] starting...
2025-11-30 10:26:05,145 - src.data - INFO - Loading cached panel from /Users/armanfeili/code/New Projects/novartis_datathon_2025/data/interim/panel_train.parquet
2025-11-30 10:26:05,237 - src.data - INFO - Loaded 93,744 rows, 19 columns
2025-11-30 10:26:05,237 - src.utils - INFO - [Load cached train panel] done in 0.094s
2025-11-30 10:26:05,237 - src.utils - INFO - [Load features (cached)] done in 8.173s
2025-11-30 10:26:05,238 - src.utils - INFO - [Create validation split] starting...
2025-11-30 10:26:05,254 - src.validation - WARNING - Grouping 1 rare stratification classes (< 195 series each, 130 series total) into 'OTHER'
2025-11-30 10:26:05,258 - src.validation - INFO - 'OTHER' class now contains 130 series
2025-11-30 10:26:05,388 - src.validation - INFO - Train series: 1562, Val series: 391
2025-11-30 10:26:05,388 - src.validation - INFO - Train rows: 35,636, Val rows: 8,863
2025-11-30 10:26:05,390 - src.validation - INFO - Train bucket distribution:
bucket
2    0.933419
1    0.066581
2025-11-30 10:26:05,390 - src.validation - INFO - Val bucket distribution:
bucket
2    0.933504
1    0.066496
2025-11-30 10:26:05,423 - src.utils - INFO - [Create validation split] done in 0.185s
2025-11-30 10:26:05,468 - src.train - INFO - Features: 75 columns
2025-11-30 10:26:05,468 - src.train - INFO - Meta: 9 columns: ['country', 'brand_name', 'months_postgx', 'bucket', 'avg_vol_12m', 'y_norm', 'volume', 'mean_erosion', 'month']
2025-11-30 10:26:05,481 - src.train - INFO - Features: 75 columns
2025-11-30 10:26:05,481 - src.train - INFO - Meta: 9 columns: ['country', 'brand_name', 'months_postgx', 'bucket', 'avg_vol_12m', 'y_norm', 'volume', 'mean_erosion', 'month']
2025-11-30 10:26:05,532 - src.train - INFO - Multi-seed experiment enabled
2025-11-30 10:26:05,533 - src.train - INFO - Training with seed 42...
2025-11-30 10:26:05,540 - src.train - INFO - Applied target transform: log1p
2025-11-30 10:26:06,293 - src.train - INFO - Sample weights - min: 0.58, max: 3.46, mean: 1.00
2025-11-30 10:26:06,309 - src.utils - INFO - [Train catboost for scenario 1] starting...
2025-11-30 10:26:06,313 - src.models.cat_model - INFO - Auto-detected 2 categorical features
2025-11-30 10:26:16,790 - src.models.cat_model - INFO - CatBoost trained for 571 iterations
2025-11-30 10:26:16,790 - src.utils - INFO - [Train catboost for scenario 1] done in 10.481s
2025-11-30 10:26:16,863 - src.models.cat_model - WARNING - Pool prediction failed, using direct prediction: catboost/libs/data/model_dataset_compatibility.cpp:53: Feature ther_area_encoded is Float in model but marked different in the dataset
2025-11-30 10:26:18,062 - src.train - INFO - Validation metrics: Official=0.7007, RMSE=0.1943, MAE=0.1523
2025-11-30 10:26:18,062 - src.train - INFO - Training time: 10.50 seconds
2025-11-30 10:26:18,071 - src.models.cat_model - INFO - Model saved to /Users/armanfeili/code/New Projects/novartis_datathon_2025/artifacts/catboost_bonus_all_20251130_102556_s1/seed_42/model.bin.cbm with metadata
2025-11-30 10:26:18,071 - src.train - INFO - Seed 42: Official=0.7007
2025-11-30 10:26:18,071 - src.train - INFO - Training with seed 2025...
2025-11-30 10:26:18,074 - src.train - INFO - Applied target transform: log1p
2025-11-30 10:26:18,087 - src.train - INFO - Sample weights - min: 0.58, max: 3.46, mean: 1.00
2025-11-30 10:26:18,107 - src.utils - INFO - [Train catboost for scenario 1] starting...
2025-11-30 10:26:18,109 - src.models.cat_model - INFO - Auto-detected 2 categorical features
2025-11-30 10:26:24,643 - src.models.cat_model - INFO - CatBoost trained for 247 iterations
2025-11-30 10:26:24,643 - src.utils - INFO - [Train catboost for scenario 1] done in 6.536s
2025-11-30 10:26:24,709 - src.models.cat_model - WARNING - Pool prediction failed, using direct prediction: catboost/libs/data/model_dataset_compatibility.cpp:53: Feature ther_area_encoded is Float in model but marked different in the dataset
2025-11-30 10:26:25,867 - src.train - INFO - Validation metrics: Official=0.7354, RMSE=0.1881, MAE=0.1466
2025-11-30 10:26:25,867 - src.train - INFO - Training time: 6.56 seconds
2025-11-30 10:26:25,879 - src.models.cat_model - INFO - Model saved to /Users/armanfeili/code/New Projects/novartis_datathon_2025/artifacts/catboost_bonus_all_20251130_102556_s1/seed_2025/model.bin.cbm with metadata
2025-11-30 10:26:25,879 - src.train - INFO - Seed 2025: Official=0.7354
2025-11-30 10:26:25,879 - src.train - INFO - Training with seed 1337...
2025-11-30 10:26:25,881 - src.train - INFO - Applied target transform: log1p
2025-11-30 10:26:25,890 - src.train - INFO - Sample weights - min: 0.58, max: 3.46, mean: 1.00
2025-11-30 10:26:25,910 - src.utils - INFO - [Train catboost for scenario 1] starting...
2025-11-30 10:26:25,915 - src.models.cat_model - INFO - Auto-detected 2 categorical features
2025-11-30 10:26:34,973 - src.models.cat_model - INFO - CatBoost trained for 501 iterations
2025-11-30 10:26:34,973 - src.utils - INFO - [Train catboost for scenario 1] done in 9.063s
2025-11-30 10:26:35,042 - src.models.cat_model - WARNING - Pool prediction failed, using direct prediction: catboost/libs/data/model_dataset_compatibility.cpp:53: Feature ther_area_encoded is Float in model but marked different in the dataset
2025-11-30 10:26:36,235 - src.train - INFO - Validation metrics: Official=0.7106, RMSE=0.1982, MAE=0.1558
2025-11-30 10:26:36,235 - src.train - INFO - Training time: 9.08 seconds
2025-11-30 10:26:36,242 - src.models.cat_model - INFO - Model saved to /Users/armanfeili/code/New Projects/novartis_datathon_2025/artifacts/catboost_bonus_all_20251130_102556_s1/seed_1337/model.bin.cbm with metadata
2025-11-30 10:26:36,242 - src.train - INFO - Seed 1337: Official=0.7106
2025-11-30 10:26:36,246 - src.train - INFO - Saved multi-seed summary to /Users/armanfeili/code/New Projects/novartis_datathon_2025/artifacts/catboost_bonus_all_20251130_102556_s1/multi_seed_summary.csv
2025-11-30 10:26:36,246 - src.train - INFO - Multi-seed results:
2025-11-30 10:26:36,247 - src.train - INFO -   Mean official metric: 0.7156
2025-11-30 10:26:36,247 - src.train - INFO -   Std official metric: 0.0179
2025-11-30 10:26:36,247 - src.train - INFO -   Best seed: 42
2025-11-30 10:26:36,248 - src.train - INFO - Best seed: 42
2025-11-30 10:26:36,249 - src.train - INFO - Applied target transform: log1p
2025-11-30 10:26:36,259 - src.train - INFO - Sample weights - min: 0.58, max: 3.46, mean: 1.00
2025-11-30 10:26:36,280 - src.utils - INFO - [Train catboost for scenario 1] starting...
2025-11-30 10:26:36,283 - src.models.cat_model - INFO - Auto-detected 2 categorical features
2025-11-30 10:26:47,120 - src.models.cat_model - INFO - CatBoost trained for 571 iterations
2025-11-30 10:26:47,120 - src.utils - INFO - [Train catboost for scenario 1] done in 10.840s
2025-11-30 10:26:47,202 - src.models.cat_model - WARNING - Pool prediction failed, using direct prediction: catboost/libs/data/model_dataset_compatibility.cpp:53: Feature ther_area_encoded is Float in model but marked different in the dataset
2025-11-30 10:26:48,900 - src.train - INFO - Validation metrics: Official=0.7007, RMSE=0.1943, MAE=0.1523
2025-11-30 10:26:48,906 - src.train - INFO - Training time: 10.86 seconds
2025-11-30 10:26:48,908 - src.train - INFO - Fitting calibration parameters
2025-11-30 10:26:48,981 - src.models.cat_model - WARNING - Pool prediction failed, using direct prediction: catboost/libs/data/model_dataset_compatibility.cpp:53: Feature ther_area_encoded is Float in model but marked different in the dataset
2025-11-30 10:26:49,016 - src.train - INFO - Saved calibration parameters to /Users/armanfeili/code/New Projects/novartis_datathon_2025/artifacts/catboost_bonus_all_20251130_102556_s1/calibration_params.json
2025-11-30 10:26:49,017 - src.train - INFO - Calibration parameters fitted for 6 groups
2025-11-30 10:26:49,017 - src.train - INFO - Fitting bias corrections
2025-11-30 10:26:49,085 - src.models.cat_model - WARNING - Pool prediction failed, using direct prediction: catboost/libs/data/model_dataset_compatibility.cpp:53: Feature ther_area_encoded is Float in model but marked different in the dataset
2025-11-30 10:26:49,127 - src.train - INFO - Merged group columns from panel: ['ther_area']
2025-11-30 10:26:49,170 - src.train - INFO - Saved bias corrections to /Users/armanfeili/code/New Projects/novartis_datathon_2025/artifacts/catboost_bonus_all_20251130_102556_s1/bias_corrections.json
2025-11-30 10:26:49,171 - src.train - INFO - Bias corrections fitted for 241 groups
2025-11-30 10:26:49,174 - src.models.cat_model - INFO - Model saved to /Users/armanfeili/code/New Projects/novartis_datathon_2025/artifacts/catboost_bonus_all_20251130_102556_s1/model_1.bin.cbm with metadata
2025-11-30 10:26:49,174 - src.train - INFO - Model saved to /Users/armanfeili/code/New Projects/novartis_datathon_2025/artifacts/catboost_bonus_all_20251130_102556_s1/model_1.bin
2025-11-30 10:26:49,175 - src.train - INFO - Target transform parameters saved to /Users/armanfeili/code/New Projects/novartis_datathon_2025/artifacts/catboost_bonus_all_20251130_102556_s1/target_transform_params_1.json
2025-11-30 10:26:49,182 - src.train - INFO - Experiment catboost_bonus_all_20251130_102556_s1 completed. Artifacts saved to /Users/armanfeili/code/New Projects/novartis_datathon_2025/artifacts/catboost_bonus_all_20251130_102556_s1
2025-11-30 10:26:49,212 - src.utils - INFO - [Scenario 1 Training] done in 52.282s
2025-11-30 10:26:49,213 - __main__ - INFO - ================================================================================
2025-11-30 10:26:49,213 - __main__ - INFO - ✅ Scenario 1 Training Complete
2025-11-30 10:26:49,213 - __main__ - INFO -    Official Metric: 0.700700
2025-11-30 10:26:49,213 - __main__ - INFO -    RMSE (norm): 0.194279
2025-11-30 10:26:49,213 - __main__ - INFO -    MAE (norm): 0.152342
2025-11-30 10:26:49,213 - __main__ - INFO -    Artifacts: /Users/armanfeili/code/New Projects/novartis_datathon_2025/artifacts/catboost_bonus_all_20251130_102556_s1
2025-11-30 10:26:49,213 - __main__ - INFO - ================================================================================
2025-11-30 10:26:49,213 - __main__ - INFO - 
================================================================================
2025-11-30 10:26:49,213 - __main__ - INFO - [2/3] Training Scenario 2
2025-11-30 10:26:49,213 - __main__ - INFO - ================================================================================
2025-11-30 10:26:49,213 - __main__ - INFO - ================================================================================
2025-11-30 10:26:49,214 - __main__ - INFO - Training Scenario 2
2025-11-30 10:26:49,214 - __main__ - INFO - ================================================================================
2025-11-30 10:26:49,214 - __main__ - INFO - Config: configs/run_bonus_all.yaml
2025-11-30 10:26:49,214 - __main__ - INFO - Run Name: catboost_bonus_all_20251130_102556
2025-11-30 10:26:49,214 - src.utils - INFO - [Scenario 2 Training] starting...
