2025-11-29 16:05:52,496 - __main__ - INFO - Starting experiment: 2025-11-29_16-05_global_mean_scenario2
2025-11-29 16:05:52,534 - __main__ - INFO - Config snapshot saved to /Users/armanfeili/code/New Projects/novartis_datathon_2025/artifacts/2025-11-29_16-05_global_mean_scenario2/configs (hash: 90160453)
2025-11-29 16:05:52,535 - __main__ - INFO - Config hash: 90160453
2025-11-29 16:05:52,550 - src.utils - INFO - [Load features (cached)] starting...
2025-11-29 16:05:52,551 - src.utils - INFO - [Load cached features for train S2 train] starting...
2025-11-29 16:05:52,551 - src.features - INFO - Loading cached features from /Users/armanfeili/code/New Projects/novartis_datathon_2025/data/processed/features_train_s2_train.parquet
2025-11-29 16:05:52,622 - src.features - INFO - Loaded X: (35154, 99), y: 35154
2025-11-29 16:05:52,623 - src.utils - INFO - [Load cached features for train S2 train] done in 0.072s
2025-11-29 16:05:52,639 - src.utils - INFO - [Load cached train panel] starting...
2025-11-29 16:05:52,639 - src.data - INFO - Loading cached panel from /Users/armanfeili/code/New Projects/novartis_datathon_2025/data/interim/panel_train.parquet
2025-11-29 16:05:52,654 - src.data - INFO - Loaded 93,744 rows, 19 columns
2025-11-29 16:05:52,655 - src.utils - INFO - [Load cached train panel] done in 0.015s
2025-11-29 16:05:52,655 - src.utils - INFO - [Load features (cached)] done in 0.104s
2025-11-29 16:05:52,655 - src.utils - INFO - [Create validation split] starting...
2025-11-29 16:05:52,673 - src.validation - WARNING - Grouping 1 rare stratification classes (< 195 series) into 'OTHER'
2025-11-29 16:05:52,764 - src.validation - INFO - Train series: 1562, Val series: 391
2025-11-29 16:05:52,764 - src.validation - INFO - Train rows: 28,116, Val rows: 7,038
2025-11-29 16:05:52,766 - src.validation - INFO - Train bucket distribution:
bucket
2    0.933419
1    0.066581
2025-11-29 16:05:52,766 - src.validation - INFO - Val bucket distribution:
bucket
2    0.933504
1    0.066496
2025-11-29 16:05:52,767 - src.utils - INFO - [Create validation split] done in 0.112s
2025-11-29 16:05:52,796 - __main__ - INFO - Features: 101 columns
2025-11-29 16:05:52,796 - __main__ - INFO - Meta: 9 columns
2025-11-29 16:05:52,804 - __main__ - INFO - Features: 101 columns
2025-11-29 16:05:52,804 - __main__ - INFO - Meta: 9 columns
2025-11-29 16:05:52,938 - __main__ - INFO - Sample weights - min: 0.63, max: 3.13, mean: 1.00
2025-11-29 16:05:52,939 - src.utils - INFO - [Train global_mean for scenario 2] starting...
2025-11-29 16:05:52,939 - src.utils - INFO - [Train global_mean for scenario 2] done in 0.000s
