2025-11-30 10:22:33,846 - src.train - INFO - Starting experiment: catboost_bonus_all_20251130_102233_s1
2025-11-30 10:22:33,908 - src.train - INFO - Config snapshot saved to /Users/armanfeili/code/New Projects/novartis_datathon_2025/artifacts/catboost_bonus_all_20251130_102233_s1/configs (hash: bcc22caf)
2025-11-30 10:22:33,908 - src.train - INFO - Config hash: bcc22caf
2025-11-30 10:22:34,066 - src.utils - INFO - [Load features (cached)] starting...
2025-11-30 10:22:34,066 - src.features - INFO - Building features for train S1 train...
2025-11-30 10:22:34,066 - src.data - INFO - Building train panel from raw data...
2025-11-30 10:22:34,067 - src.utils - INFO - [Load train data] starting...
2025-11-30 10:22:34,067 - src.data - INFO - Loading volume from /Users/armanfeili/code/New Projects/novartis_datathon_2025/data/raw/TRAIN/df_volume_train.csv
2025-11-30 10:22:34,191 - src.data - INFO - === train/volume Statistics ===
2025-11-30 10:22:34,192 - src.data - INFO -   Shape: 93,744 rows × 5 columns
2025-11-30 10:22:34,215 - src.data - INFO -   No missing values
2025-11-30 10:22:34,238 - src.data - INFO -   Unique series: 1,953
2025-11-30 10:22:34,239 - src.data - INFO -   months_postgx range: [-24, 23]
2025-11-30 10:22:34,241 - src.data - INFO - Loading generics from /Users/armanfeili/code/New Projects/novartis_datathon_2025/data/raw/TRAIN/df_generics_train.csv
2025-11-30 10:22:34,272 - src.data - INFO - === train/generics Statistics ===
2025-11-30 10:22:34,272 - src.data - INFO -   Shape: 46,872 rows × 4 columns
2025-11-30 10:22:34,282 - src.data - INFO -   Missing values:
2025-11-30 10:22:34,282 - src.data - INFO -     n_gxs: 26.3%
2025-11-30 10:22:34,292 - src.data - INFO -   Unique series: 1,953
2025-11-30 10:22:34,293 - src.data - INFO -   months_postgx range: [0, 23]
2025-11-30 10:22:34,294 - src.data - INFO - Loading medicine_info from /Users/armanfeili/code/New Projects/novartis_datathon_2025/data/raw/TRAIN/df_medicine_info_train.csv
2025-11-30 10:22:34,300 - src.data - INFO - === train/medicine_info Statistics ===
2025-11-30 10:22:34,300 - src.data - INFO -   Shape: 1,953 rows × 7 columns
2025-11-30 10:22:34,301 - src.data - INFO -   Missing values:
2025-11-30 10:22:34,301 - src.data - INFO -     hospital_rate: 3.3%
2025-11-30 10:22:34,303 - src.data - INFO -   Unique series: 1,953
2025-11-30 10:22:34,303 - src.utils - INFO - [Load train data] done in 0.237s
2025-11-30 10:22:34,304 - src.utils - INFO - [Build base panel] starting...
2025-11-30 10:22:34,304 - src.data - INFO - Input shapes: volume=(93744, 5), generics=(46872, 4), medicine_info=(1953, 7)
2025-11-30 10:22:34,352 - src.data - INFO - After volume-generics merge: 93,744 rows
2025-11-30 10:22:34,389 - src.data - INFO - After medicine_info merge: 93,744 rows
2025-11-30 10:22:34,448 - src.data - INFO - === Base Panel Statistics ===
2025-11-30 10:22:34,448 - src.data - INFO -   Shape: 93,744 rows × 11 columns
2025-11-30 10:22:34,482 - src.data - INFO -   Missing values:
2025-11-30 10:22:34,482 - src.data - INFO -     n_gxs: 63.2%
2025-11-30 10:22:34,482 - src.data - INFO -     hospital_rate: 3.3%
2025-11-30 10:22:34,500 - src.data - INFO -   Unique series: 1,953
2025-11-30 10:22:34,500 - src.data - INFO -   months_postgx range: [-24, 23]
2025-11-30 10:22:34,505 - src.utils - INFO - [Build base panel] done in 0.202s
2025-11-30 10:22:34,506 - src.utils - INFO - [Handle missing values] starting...
2025-11-30 10:22:34,529 - src.data - INFO - n_gxs: filled 59208 missing values
2025-11-30 10:22:34,543 - src.data - INFO - hospital_rate: filled with ther_area medians, flag added
2025-11-30 10:22:34,604 - src.data - INFO - No missing values remaining
2025-11-30 10:22:34,604 - src.utils - INFO - [Handle missing values] done in 0.099s
2025-11-30 10:22:34,606 - src.utils - INFO - [Compute pre-entry stats] starting...
2025-11-30 10:22:34,675 - src.data - INFO - avg_vol_12m distribution:
2025-11-30 10:22:34,676 - src.data - INFO -   Range: [37.72, 371038791.09]
2025-11-30 10:22:34,676 - src.data - INFO -   Median: 131382.32
2025-11-30 10:22:34,677 - src.data - INFO -   Mean: 2439028.31
2025-11-30 10:22:34,698 - src.data - INFO - Bucket classification using threshold=0.25
2025-11-30 10:22:34,752 - src.data - INFO - Bucket distribution (train):
2025-11-30 10:22:34,752 - src.data - INFO -   Bucket 1: 130 series (6.7%)
2025-11-30 10:22:34,752 - src.data - INFO -   Bucket 2: 1,823 series (93.3%)
2025-11-30 10:22:34,752 - src.data - INFO - y_norm distribution (train):
2025-11-30 10:22:34,753 - src.data - INFO -   Range: [0.000, 43.792]
2025-11-30 10:22:34,754 - src.data - INFO -   Median: 0.871
2025-11-30 10:22:34,754 - src.data - INFO -   Mean: 0.800
2025-11-30 10:22:34,757 - src.data - WARNING - y_norm.y_norm: 18 values above 5
2025-11-30 10:22:34,757 - src.utils - INFO - [Compute pre-entry stats] done in 0.151s
2025-11-30 10:22:34,774 - src.data - INFO - Panel schema validation passed for train (93,744 rows)
2025-11-30 10:22:34,776 - src.features - INFO - Applying data augmentation to training panel
2025-11-30 10:22:39,518 - src.data - INFO - Augmentation applied: jitter=5.00%, drop_prob=5.00%
2025-11-30 10:22:39,536 - src.utils - INFO - [Feature engineering - Scenario 1] starting...
2025-11-30 10:22:39,655 - src.features - WARNING - No pre-entry data for seasonal features, skipping
2025-11-30 10:22:40,287 - src.features - INFO - Total features created: 79
2025-11-30 10:22:40,287 - src.utils - INFO - [Feature engineering - Scenario 1] done in 0.751s
2025-11-30 10:22:40,372 - src.features - INFO - Selected 44,499 rows for 1 (months 0-23)
2025-11-30 10:22:40,380 - src.features - WARNING - Feature leakage detected: LEAKAGE: Forbidden column present: mean_erosion
2025-11-30 10:22:40,380 - src.features - WARNING - Feature leakage detected: LEAKAGE: Forbidden column present: country
2025-11-30 10:22:40,380 - src.features - WARNING - Feature leakage detected: LEAKAGE: Forbidden column present: brand_name
2025-11-30 10:22:40,380 - src.features - WARNING - Feature leakage detected: LEAKAGE: Forbidden column present: volume
2025-11-30 10:22:40,380 - src.features - WARNING - Feature leakage detected: LEAKAGE: Forbidden column present: y_norm
2025-11-30 10:22:40,381 - src.features - WARNING - Feature leakage detected: LEAKAGE: Forbidden column present: bucket
2025-11-30 10:22:40,428 - src.data - INFO - Data leakage audit passed for scenario 1, mode train
2025-11-30 10:22:40,439 - src.features - ERROR - Feature matrix validation failed: Feature matrix has all-NaN columns: ['first_generic_month']...
2025-11-30 10:22:40,439 - src.features - INFO - Built features: X=(44499, 76), y=44499, meta=(44499, 9)
2025-11-30 10:22:40,468 - src.utils - INFO - [Load cached train panel] starting...
2025-11-30 10:22:40,468 - src.data - INFO - Loading cached panel from /Users/armanfeili/code/New Projects/novartis_datathon_2025/data/interim/panel_train.parquet
2025-11-30 10:22:40,541 - src.data - INFO - Loaded 93,744 rows, 19 columns
2025-11-30 10:22:40,541 - src.utils - INFO - [Load cached train panel] done in 0.074s
2025-11-30 10:22:40,541 - src.utils - INFO - [Load features (cached)] done in 6.476s
2025-11-30 10:22:40,542 - src.utils - INFO - [Create validation split] starting...
2025-11-30 10:22:40,555 - src.validation - WARNING - Grouping 1 rare stratification classes (< 195 series each, 130 series total) into 'OTHER'
2025-11-30 10:22:40,558 - src.validation - INFO - 'OTHER' class now contains 130 series
2025-11-30 10:22:40,672 - src.validation - INFO - Train series: 1562, Val series: 391
2025-11-30 10:22:40,672 - src.validation - INFO - Train rows: 35,636, Val rows: 8,863
2025-11-30 10:22:40,674 - src.validation - INFO - Train bucket distribution:
bucket
2    0.933419
1    0.066581
2025-11-30 10:22:40,674 - src.validation - INFO - Val bucket distribution:
bucket
2    0.933504
1    0.066496
2025-11-30 10:22:40,704 - src.utils - INFO - [Create validation split] done in 0.162s
2025-11-30 10:22:40,746 - src.train - INFO - Features: 75 columns
2025-11-30 10:22:40,747 - src.train - INFO - Meta: 9 columns: ['country', 'brand_name', 'months_postgx', 'bucket', 'avg_vol_12m', 'y_norm', 'volume', 'mean_erosion', 'month']
2025-11-30 10:22:40,758 - src.train - INFO - Features: 75 columns
2025-11-30 10:22:40,758 - src.train - INFO - Meta: 9 columns: ['country', 'brand_name', 'months_postgx', 'bucket', 'avg_vol_12m', 'y_norm', 'volume', 'mean_erosion', 'month']
2025-11-30 10:22:40,803 - src.train - INFO - Multi-seed experiment enabled
2025-11-30 10:22:40,804 - src.train - INFO - Training with seed 42...
2025-11-30 10:22:40,808 - src.train - INFO - Applied target transform: log1p
2025-11-30 10:22:41,604 - src.train - INFO - Sample weights - min: 0.58, max: 3.46, mean: 1.00
2025-11-30 10:22:41,621 - src.utils - INFO - [Train catboost for scenario 1] starting...
2025-11-30 10:22:41,624 - src.models.cat_model - INFO - Auto-detected 2 categorical features
2025-11-30 10:22:52,803 - src.models.cat_model - INFO - CatBoost trained for 571 iterations
2025-11-30 10:22:52,803 - src.utils - INFO - [Train catboost for scenario 1] done in 11.182s
2025-11-30 10:22:54,043 - src.train - INFO - Validation metrics: Official=0.7007, RMSE=0.1943, MAE=0.1523
2025-11-30 10:22:54,043 - src.train - INFO - Training time: 11.20 seconds
2025-11-30 10:22:54,051 - src.models.cat_model - INFO - Model saved to /Users/armanfeili/code/New Projects/novartis_datathon_2025/artifacts/catboost_bonus_all_20251130_102233_s1/seed_42/model.bin.cbm with metadata
2025-11-30 10:22:54,052 - src.train - INFO - Seed 42: Official=0.7007
2025-11-30 10:22:54,052 - src.train - INFO - Training with seed 2025...
2025-11-30 10:22:54,054 - src.train - INFO - Applied target transform: log1p
2025-11-30 10:22:54,067 - src.train - INFO - Sample weights - min: 0.58, max: 3.46, mean: 1.00
2025-11-30 10:22:54,093 - src.utils - INFO - [Train catboost for scenario 1] starting...
2025-11-30 10:22:54,096 - src.models.cat_model - INFO - Auto-detected 2 categorical features
2025-11-30 10:23:01,564 - src.models.cat_model - INFO - CatBoost trained for 247 iterations
2025-11-30 10:23:01,565 - src.utils - INFO - [Train catboost for scenario 1] done in 7.472s
2025-11-30 10:23:02,858 - src.train - INFO - Validation metrics: Official=0.7354, RMSE=0.1881, MAE=0.1466
2025-11-30 10:23:02,858 - src.train - INFO - Training time: 7.50 seconds
2025-11-30 10:23:02,870 - src.models.cat_model - INFO - Model saved to /Users/armanfeili/code/New Projects/novartis_datathon_2025/artifacts/catboost_bonus_all_20251130_102233_s1/seed_2025/model.bin.cbm with metadata
2025-11-30 10:23:02,870 - src.train - INFO - Seed 2025: Official=0.7354
2025-11-30 10:23:02,870 - src.train - INFO - Training with seed 1337...
2025-11-30 10:23:02,872 - src.train - INFO - Applied target transform: log1p
2025-11-30 10:23:02,887 - src.train - INFO - Sample weights - min: 0.58, max: 3.46, mean: 1.00
2025-11-30 10:23:02,910 - src.utils - INFO - [Train catboost for scenario 1] starting...
2025-11-30 10:23:02,915 - src.models.cat_model - INFO - Auto-detected 2 categorical features
2025-11-30 10:23:14,921 - src.models.cat_model - INFO - CatBoost trained for 501 iterations
2025-11-30 10:23:14,921 - src.utils - INFO - [Train catboost for scenario 1] done in 12.011s
2025-11-30 10:23:16,153 - src.train - INFO - Validation metrics: Official=0.7106, RMSE=0.1982, MAE=0.1558
2025-11-30 10:23:16,153 - src.train - INFO - Training time: 12.03 seconds
2025-11-30 10:23:16,160 - src.models.cat_model - INFO - Model saved to /Users/armanfeili/code/New Projects/novartis_datathon_2025/artifacts/catboost_bonus_all_20251130_102233_s1/seed_1337/model.bin.cbm with metadata
2025-11-30 10:23:16,160 - src.train - INFO - Seed 1337: Official=0.7106
2025-11-30 10:23:16,165 - src.train - INFO - Saved multi-seed summary to /Users/armanfeili/code/New Projects/novartis_datathon_2025/artifacts/catboost_bonus_all_20251130_102233_s1/multi_seed_summary.csv
2025-11-30 10:23:16,166 - src.train - INFO - Multi-seed results:
2025-11-30 10:23:16,168 - src.train - INFO -   Mean official metric: 0.7156
2025-11-30 10:23:16,168 - src.train - INFO -   Std official metric: 0.0179
2025-11-30 10:23:16,169 - src.train - INFO -   Best seed: 42
2025-11-30 10:23:16,170 - src.train - INFO - Best seed: 42
2025-11-30 10:23:16,172 - src.train - INFO - Applied target transform: log1p
2025-11-30 10:23:16,187 - src.train - INFO - Sample weights - min: 0.58, max: 3.46, mean: 1.00
2025-11-30 10:23:16,211 - src.utils - INFO - [Train catboost for scenario 1] starting...
2025-11-30 10:23:16,214 - src.models.cat_model - INFO - Auto-detected 2 categorical features
2025-11-30 10:23:27,783 - src.models.cat_model - INFO - CatBoost trained for 571 iterations
2025-11-30 10:23:27,784 - src.utils - INFO - [Train catboost for scenario 1] done in 11.573s
2025-11-30 10:23:29,065 - src.train - INFO - Validation metrics: Official=0.7007, RMSE=0.1943, MAE=0.1523
2025-11-30 10:23:29,068 - src.train - INFO - Training time: 11.60 seconds
2025-11-30 10:23:29,071 - src.train - INFO - Fitting calibration parameters
2025-11-30 10:23:29,147 - src.train - INFO - Saved calibration parameters to /Users/armanfeili/code/New Projects/novartis_datathon_2025/artifacts/catboost_bonus_all_20251130_102233_s1/calibration_params.json
2025-11-30 10:23:29,151 - src.train - INFO - Calibration parameters fitted for 6 groups
2025-11-30 10:23:29,152 - src.train - INFO - Fitting bias corrections
2025-11-30 10:23:29,294 - src.train - INFO - Merged group columns from panel: ['ther_area']
2025-11-30 10:23:29,380 - src.train - INFO - Saved bias corrections to /Users/armanfeili/code/New Projects/novartis_datathon_2025/artifacts/catboost_bonus_all_20251130_102233_s1/bias_corrections.json
2025-11-30 10:23:29,381 - src.train - INFO - Bias corrections fitted for 241 groups
2025-11-30 10:23:29,387 - src.models.cat_model - INFO - Model saved to /Users/armanfeili/code/New Projects/novartis_datathon_2025/artifacts/catboost_bonus_all_20251130_102233_s1/model_1.bin.cbm with metadata
2025-11-30 10:23:29,387 - src.train - INFO - Model saved to /Users/armanfeili/code/New Projects/novartis_datathon_2025/artifacts/catboost_bonus_all_20251130_102233_s1/model_1.bin
2025-11-30 10:23:29,388 - src.train - INFO - Target transform parameters saved to /Users/armanfeili/code/New Projects/novartis_datathon_2025/artifacts/catboost_bonus_all_20251130_102233_s1/target_transform_params_1.json
2025-11-30 10:23:29,405 - src.train - INFO - Experiment catboost_bonus_all_20251130_102233_s1 completed. Artifacts saved to /Users/armanfeili/code/New Projects/novartis_datathon_2025/artifacts/catboost_bonus_all_20251130_102233_s1
2025-11-30 10:23:29,439 - src.utils - INFO - [Scenario 1 Training] done in 55.643s
2025-11-30 10:23:29,439 - __main__ - INFO - ================================================================================
2025-11-30 10:23:29,440 - __main__ - INFO - ✅ Scenario 1 Training Complete
2025-11-30 10:23:29,440 - __main__ - INFO -    Official Metric: 0.700700
2025-11-30 10:23:29,440 - __main__ - INFO -    RMSE (norm): 0.194279
2025-11-30 10:23:29,440 - __main__ - INFO -    MAE (norm): 0.152342
2025-11-30 10:23:29,440 - __main__ - INFO -    Artifacts: /Users/armanfeili/code/New Projects/novartis_datathon_2025/artifacts/catboost_bonus_all_20251130_102233_s1
2025-11-30 10:23:29,440 - __main__ - INFO - ================================================================================
2025-11-30 10:23:29,441 - __main__ - INFO - 
================================================================================
2025-11-30 10:23:29,441 - __main__ - INFO - [2/3] Training Scenario 2
2025-11-30 10:23:29,441 - __main__ - INFO - ================================================================================
2025-11-30 10:23:29,441 - __main__ - INFO - ================================================================================
2025-11-30 10:23:29,441 - __main__ - INFO - Training Scenario 2
2025-11-30 10:23:29,441 - __main__ - INFO - ================================================================================
2025-11-30 10:23:29,442 - __main__ - INFO - Config: configs/run_bonus_all.yaml
2025-11-30 10:23:29,442 - __main__ - INFO - Run Name: catboost_bonus_all_20251130_102233
2025-11-30 10:23:29,442 - src.utils - INFO - [Scenario 2 Training] starting...
