2025-11-29 16:59:04,646 - __main__ - INFO - Starting experiment: 2025-11-29_16-59_arihow_scenario1
2025-11-29 16:59:04,701 - __main__ - INFO - Config snapshot saved to /Users/armanfeili/code/New Projects/novartis_datathon_2025/artifacts/2025-11-29_16-59_arihow_scenario1/configs (hash: 3afb31a0)
2025-11-29 16:59:04,701 - __main__ - INFO - Config hash: 3afb31a0
2025-11-29 16:59:04,720 - src.utils - INFO - [Load features (cached)] starting...
2025-11-29 16:59:04,720 - src.utils - INFO - [Load cached features for train S1 train] starting...
2025-11-29 16:59:04,721 - src.features - INFO - Loading cached features from /Users/armanfeili/code/New Projects/novartis_datathon_2025/data/processed/features_train_s1_train.parquet
2025-11-29 16:59:04,804 - src.features - INFO - Loaded X: (46872, 87), y: 46872
2025-11-29 16:59:04,804 - src.utils - INFO - [Load cached features for train S1 train] done in 0.084s
2025-11-29 16:59:04,823 - src.utils - INFO - [Load cached train panel] starting...
2025-11-29 16:59:04,823 - src.data - INFO - Loading cached panel from /Users/armanfeili/code/New Projects/novartis_datathon_2025/data/interim/panel_train.parquet
2025-11-29 16:59:04,835 - src.data - INFO - Loaded 93,744 rows, 19 columns
2025-11-29 16:59:04,836 - src.utils - INFO - [Load cached train panel] done in 0.013s
2025-11-29 16:59:04,836 - src.utils - INFO - [Load features (cached)] done in 0.116s
2025-11-29 16:59:04,836 - src.utils - INFO - [Create validation split] starting...
2025-11-29 16:59:04,854 - src.validation - WARNING - Grouping 1 rare stratification classes (< 195 series) into 'OTHER'
2025-11-29 16:59:04,952 - src.validation - INFO - Train series: 1562, Val series: 391
2025-11-29 16:59:04,953 - src.validation - INFO - Train rows: 37,488, Val rows: 9,384
2025-11-29 16:59:04,954 - src.validation - INFO - Train bucket distribution:
bucket
2    0.933419
1    0.066581
2025-11-29 16:59:04,954 - src.validation - INFO - Val bucket distribution:
bucket
2    0.933504
1    0.066496
2025-11-29 16:59:04,954 - src.utils - INFO - [Create validation split] done in 0.119s
2025-11-29 16:59:04,984 - __main__ - INFO - Features: 86 columns
2025-11-29 16:59:04,984 - __main__ - INFO - Meta: 9 columns
2025-11-29 16:59:04,992 - __main__ - INFO - Features: 86 columns
2025-11-29 16:59:04,992 - __main__ - INFO - Meta: 9 columns
2025-11-29 16:59:05,118 - __main__ - INFO - Sample weights - min: 0.58, max: 3.46, mean: 1.00
2025-11-29 16:59:05,134 - src.utils - INFO - [Train arihow for scenario 1] starting...
2025-11-29 16:59:05,135 - src.utils - INFO - [Train arihow for scenario 1] done in 0.000s
