2025-11-29 05:40:17,705 - __main__ - INFO - Starting experiment: 2025-11-29_05-40_xgboost_scenario2
2025-11-29 05:40:17,754 - __main__ - INFO - Config snapshot saved to /Users/armanfeili/code/New Projects/novartis_datathon_2025/artifacts/2025-11-29_05-40_xgboost_scenario2/configs (hash: 79d8857f)
2025-11-29 05:40:17,754 - __main__ - INFO - Config hash: 79d8857f
2025-11-29 05:40:17,777 - src.utils - INFO - [Load features (cached)] starting...
2025-11-29 05:40:17,778 - src.utils - INFO - [Load cached features for train S2 train] starting...
2025-11-29 05:40:17,778 - src.features - INFO - Loading cached features from /Users/armanfeili/code/New Projects/novartis_datathon_2025/data/processed/features_train_s2_train.parquet
2025-11-29 05:40:17,901 - src.features - INFO - Loaded X: (35154, 99), y: 35154
2025-11-29 05:40:17,901 - src.utils - INFO - [Load cached features for train S2 train] done in 0.124s
2025-11-29 05:40:17,919 - src.utils - INFO - [Load cached train panel] starting...
2025-11-29 05:40:17,919 - src.data - INFO - Loading cached panel from /Users/armanfeili/code/New Projects/novartis_datathon_2025/data/interim/panel_train.parquet
2025-11-29 05:40:17,943 - src.data - INFO - Loaded 93,744 rows, 19 columns
2025-11-29 05:40:17,944 - src.utils - INFO - [Load cached train panel] done in 0.025s
2025-11-29 05:40:17,944 - src.utils - INFO - [Load features (cached)] done in 0.167s
2025-11-29 05:40:17,944 - src.utils - INFO - [Create validation split] starting...
2025-11-29 05:40:17,961 - src.validation - WARNING - Grouping 1 rare stratification classes (< 195 series) into 'OTHER'
2025-11-29 05:40:18,057 - src.validation - INFO - Train series: 1562, Val series: 391
2025-11-29 05:40:18,057 - src.validation - INFO - Train rows: 28,116, Val rows: 7,038
2025-11-29 05:40:18,059 - src.validation - INFO - Train bucket distribution:
bucket
2    0.933419
1    0.066581
2025-11-29 05:40:18,059 - src.validation - INFO - Val bucket distribution:
bucket
2    0.933504
1    0.066496
2025-11-29 05:40:18,059 - src.utils - INFO - [Create validation split] done in 0.115s
2025-11-29 05:40:18,089 - __main__ - INFO - Features: 101 columns
2025-11-29 05:40:18,089 - __main__ - INFO - Meta: 9 columns
2025-11-29 05:40:18,096 - __main__ - INFO - Features: 101 columns
2025-11-29 05:40:18,096 - __main__ - INFO - Meta: 9 columns
2025-11-29 05:40:18,414 - __main__ - INFO - Sample weights - min: 0.63, max: 3.13, mean: 1.00
2025-11-29 05:40:18,414 - src.utils - INFO - [Train xgboost for scenario 2] starting...
2025-11-29 05:40:23,957 - src.utils - INFO - [Train xgboost for scenario 2] done in 5.543s
2025-11-29 05:40:24,777 - __main__ - INFO - Validation metrics: Official=0.2993, RMSE=0.2100, MAE=0.1293
2025-11-29 05:40:24,777 - __main__ - INFO - Training time: 5.54 seconds
2025-11-29 05:40:24,793 - __main__ - INFO - Model saved to /Users/armanfeili/code/New Projects/novartis_datathon_2025/artifacts/2025-11-29_05-40_xgboost_scenario2/model_2.bin
2025-11-29 05:40:24,800 - __main__ - INFO - Experiment 2025-11-29_05-40_xgboost_scenario2 completed. Artifacts saved to /Users/armanfeili/code/New Projects/novartis_datathon_2025/artifacts/2025-11-29_05-40_xgboost_scenario2
