2025-11-30 10:23:29,491 - src.train - INFO - Starting experiment: catboost_bonus_all_20251130_102233_s2
2025-11-30 10:23:29,543 - src.train - INFO - Config snapshot saved to /Users/armanfeili/code/New Projects/novartis_datathon_2025/artifacts/catboost_bonus_all_20251130_102233_s2/configs (hash: bcc22caf)
2025-11-30 10:23:29,543 - src.train - INFO - Config hash: bcc22caf
2025-11-30 10:23:29,566 - src.utils - INFO - [Load features (cached)] starting...
2025-11-30 10:23:29,567 - src.features - INFO - Building features for train S2 train...
2025-11-30 10:23:29,568 - src.data - INFO - Building train panel from raw data...
2025-11-30 10:23:29,568 - src.utils - INFO - [Load train data] starting...
2025-11-30 10:23:29,568 - src.data - INFO - Loading volume from /Users/armanfeili/code/New Projects/novartis_datathon_2025/data/raw/TRAIN/df_volume_train.csv
2025-11-30 10:23:29,663 - src.data - INFO - === train/volume Statistics ===
2025-11-30 10:23:29,663 - src.data - INFO -   Shape: 93,744 rows × 5 columns
2025-11-30 10:23:29,685 - src.data - INFO -   No missing values
2025-11-30 10:23:29,704 - src.data - INFO -   Unique series: 1,953
2025-11-30 10:23:29,705 - src.data - INFO -   months_postgx range: [-24, 23]
2025-11-30 10:23:29,707 - src.data - INFO - Loading generics from /Users/armanfeili/code/New Projects/novartis_datathon_2025/data/raw/TRAIN/df_generics_train.csv
2025-11-30 10:23:29,742 - src.data - INFO - === train/generics Statistics ===
2025-11-30 10:23:29,742 - src.data - INFO -   Shape: 46,872 rows × 4 columns
2025-11-30 10:23:29,749 - src.data - INFO -   Missing values:
2025-11-30 10:23:29,749 - src.data - INFO -     n_gxs: 26.3%
2025-11-30 10:23:29,762 - src.data - INFO -   Unique series: 1,953
2025-11-30 10:23:29,762 - src.data - INFO -   months_postgx range: [0, 23]
2025-11-30 10:23:29,763 - src.data - INFO - Loading medicine_info from /Users/armanfeili/code/New Projects/novartis_datathon_2025/data/raw/TRAIN/df_medicine_info_train.csv
2025-11-30 10:23:29,770 - src.data - INFO - === train/medicine_info Statistics ===
2025-11-30 10:23:29,770 - src.data - INFO -   Shape: 1,953 rows × 7 columns
2025-11-30 10:23:29,772 - src.data - INFO -   Missing values:
2025-11-30 10:23:29,772 - src.data - INFO -     hospital_rate: 3.3%
2025-11-30 10:23:29,774 - src.data - INFO -   Unique series: 1,953
2025-11-30 10:23:29,776 - src.utils - INFO - [Load train data] done in 0.208s
2025-11-30 10:23:29,776 - src.utils - INFO - [Build base panel] starting...
2025-11-30 10:23:29,776 - src.data - INFO - Input shapes: volume=(93744, 5), generics=(46872, 4), medicine_info=(1953, 7)
2025-11-30 10:23:29,830 - src.data - INFO - After volume-generics merge: 93,744 rows
2025-11-30 10:23:29,868 - src.data - INFO - After medicine_info merge: 93,744 rows
2025-11-30 10:23:29,939 - src.data - INFO - === Base Panel Statistics ===
2025-11-30 10:23:29,939 - src.data - INFO -   Shape: 93,744 rows × 11 columns
2025-11-30 10:23:29,969 - src.data - INFO -   Missing values:
2025-11-30 10:23:29,969 - src.data - INFO -     n_gxs: 63.2%
2025-11-30 10:23:29,969 - src.data - INFO -     hospital_rate: 3.3%
2025-11-30 10:23:29,993 - src.data - INFO -   Unique series: 1,953
2025-11-30 10:23:29,993 - src.data - INFO -   months_postgx range: [-24, 23]
2025-11-30 10:23:29,996 - src.utils - INFO - [Build base panel] done in 0.220s
2025-11-30 10:23:29,996 - src.utils - INFO - [Handle missing values] starting...
2025-11-30 10:23:30,018 - src.data - INFO - n_gxs: filled 59208 missing values
2025-11-30 10:23:30,030 - src.data - INFO - hospital_rate: filled with ther_area medians, flag added
2025-11-30 10:23:30,087 - src.data - INFO - No missing values remaining
2025-11-30 10:23:30,087 - src.utils - INFO - [Handle missing values] done in 0.091s
2025-11-30 10:23:30,089 - src.utils - INFO - [Compute pre-entry stats] starting...
2025-11-30 10:23:30,170 - src.data - INFO - avg_vol_12m distribution:
2025-11-30 10:23:30,171 - src.data - INFO -   Range: [37.72, 371038791.09]
2025-11-30 10:23:30,172 - src.data - INFO -   Median: 131382.32
2025-11-30 10:23:30,172 - src.data - INFO -   Mean: 2439028.31
2025-11-30 10:23:30,204 - src.data - INFO - Bucket classification using threshold=0.25
2025-11-30 10:23:30,282 - src.data - INFO - Bucket distribution (train):
2025-11-30 10:23:30,283 - src.data - INFO -   Bucket 1: 130 series (6.7%)
2025-11-30 10:23:30,284 - src.data - INFO -   Bucket 2: 1,823 series (93.3%)
2025-11-30 10:23:30,284 - src.data - INFO - y_norm distribution (train):
2025-11-30 10:23:30,285 - src.data - INFO -   Range: [0.000, 43.792]
2025-11-30 10:23:30,287 - src.data - INFO -   Median: 0.871
2025-11-30 10:23:30,287 - src.data - INFO -   Mean: 0.800
2025-11-30 10:23:30,290 - src.data - WARNING - y_norm.y_norm: 18 values above 5
2025-11-30 10:23:30,290 - src.utils - INFO - [Compute pre-entry stats] done in 0.202s
2025-11-30 10:23:30,318 - src.data - INFO - Panel schema validation passed for train (93,744 rows)
2025-11-30 10:23:30,320 - src.features - INFO - Applying data augmentation to training panel
2025-11-30 10:23:35,826 - src.data - INFO - Augmentation applied: jitter=5.00%, drop_prob=5.00%
2025-11-30 10:23:35,846 - src.utils - INFO - [Feature engineering - Scenario 2] starting...
2025-11-30 10:23:35,962 - src.features - WARNING - No pre-entry data for seasonal features, skipping
2025-11-30 10:23:39,531 - src.features - INFO - Total features created: 94
2025-11-30 10:23:39,532 - src.utils - INFO - [Feature engineering - Scenario 2] done in 3.685s
2025-11-30 10:23:39,604 - src.features - INFO - Selected 33,354 rows for 2 (months 6-23)
2025-11-30 10:23:39,612 - src.features - WARNING - Feature leakage detected: LEAKAGE: Forbidden column present: mean_erosion
2025-11-30 10:23:39,613 - src.features - WARNING - Feature leakage detected: LEAKAGE: Forbidden column present: country
2025-11-30 10:23:39,613 - src.features - WARNING - Feature leakage detected: LEAKAGE: Forbidden column present: brand_name
2025-11-30 10:23:39,613 - src.features - WARNING - Feature leakage detected: LEAKAGE: Forbidden column present: volume
2025-11-30 10:23:39,613 - src.features - WARNING - Feature leakage detected: LEAKAGE: Forbidden column present: y_norm
2025-11-30 10:23:39,613 - src.features - WARNING - Feature leakage detected: LEAKAGE: Forbidden column present: bucket
2025-11-30 10:23:39,642 - src.data - INFO - Data leakage audit passed for scenario 2, mode train
2025-11-30 10:23:39,653 - src.features - INFO - Feature matrix validation passed: X=(33354, 89), y=33354, meta=(33354, 12)
2025-11-30 10:23:39,653 - src.features - INFO - Built features: X=(33354, 89), y=33354, meta=(33354, 12)
2025-11-30 10:23:39,690 - src.utils - INFO - [Load cached train panel] starting...
2025-11-30 10:23:39,690 - src.data - INFO - Loading cached panel from /Users/armanfeili/code/New Projects/novartis_datathon_2025/data/interim/panel_train.parquet
2025-11-30 10:23:39,707 - src.data - INFO - Loaded 93,744 rows, 19 columns
2025-11-30 10:23:39,707 - src.utils - INFO - [Load cached train panel] done in 0.017s
2025-11-30 10:23:39,708 - src.utils - INFO - [Load features (cached)] done in 10.142s
2025-11-30 10:23:39,708 - src.utils - INFO - [Create validation split] starting...
2025-11-30 10:23:39,722 - src.validation - WARNING - Grouping 1 rare stratification classes (< 195 series each, 130 series total) into 'OTHER'
2025-11-30 10:23:39,725 - src.validation - INFO - 'OTHER' class now contains 130 series
2025-11-30 10:23:39,845 - src.validation - INFO - Train series: 1562, Val series: 391
2025-11-30 10:23:39,845 - src.validation - INFO - Train rows: 26,726, Val rows: 6,628
2025-11-30 10:23:39,846 - src.validation - INFO - Train bucket distribution:
bucket
2    0.933419
1    0.066581
2025-11-30 10:23:39,847 - src.validation - INFO - Val bucket distribution:
bucket
2    0.933504
1    0.066496
2025-11-30 10:23:39,868 - src.utils - INFO - [Create validation split] done in 0.161s
2025-11-30 10:23:39,909 - src.train - INFO - Features: 91 columns
2025-11-30 10:23:39,909 - src.train - INFO - Meta: 9 columns: ['country', 'brand_name', 'months_postgx', 'bucket', 'avg_vol_12m', 'y_norm', 'volume', 'mean_erosion', 'month']
2025-11-30 10:23:39,919 - src.train - INFO - Features: 91 columns
2025-11-30 10:23:39,919 - src.train - INFO - Meta: 9 columns: ['country', 'brand_name', 'months_postgx', 'bucket', 'avg_vol_12m', 'y_norm', 'volume', 'mean_erosion', 'month']
2025-11-30 10:23:39,964 - src.train - INFO - Multi-seed experiment enabled
2025-11-30 10:23:39,967 - src.train - INFO - Training with seed 42...
2025-11-30 10:23:39,971 - src.train - INFO - Applied target transform: log1p
2025-11-30 10:23:39,984 - src.train - INFO - Sample weights - min: 0.63, max: 3.13, mean: 1.00
2025-11-30 10:23:40,002 - src.utils - INFO - [Train catboost for scenario 2] starting...
2025-11-30 10:23:40,009 - src.models.cat_model - INFO - Auto-detected 2 categorical features
2025-11-30 10:23:46,486 - src.models.cat_model - INFO - CatBoost trained for 293 iterations
2025-11-30 10:23:46,487 - src.utils - INFO - [Train catboost for scenario 2] done in 6.485s
2025-11-30 10:23:47,523 - src.train - INFO - Validation metrics: Official=0.2675, RMSE=0.1823, MAE=0.1440
2025-11-30 10:23:47,524 - src.train - INFO - Training time: 6.50 seconds
2025-11-30 10:23:47,535 - src.models.cat_model - INFO - Model saved to /Users/armanfeili/code/New Projects/novartis_datathon_2025/artifacts/catboost_bonus_all_20251130_102233_s2/seed_42/model.bin.cbm with metadata
2025-11-30 10:23:47,535 - src.train - INFO - Seed 42: Official=0.2675
2025-11-30 10:23:47,535 - src.train - INFO - Training with seed 2025...
2025-11-30 10:23:47,538 - src.train - INFO - Applied target transform: log1p
2025-11-30 10:23:47,544 - src.train - INFO - Sample weights - min: 0.63, max: 3.13, mean: 1.00
2025-11-30 10:23:47,554 - src.utils - INFO - [Train catboost for scenario 2] starting...
2025-11-30 10:23:47,557 - src.models.cat_model - INFO - Auto-detected 2 categorical features
2025-11-30 10:23:55,491 - src.models.cat_model - INFO - CatBoost trained for 385 iterations
2025-11-30 10:23:55,492 - src.utils - INFO - [Train catboost for scenario 2] done in 7.938s
2025-11-30 10:23:56,944 - src.train - INFO - Validation metrics: Official=0.2675, RMSE=0.1825, MAE=0.1440
2025-11-30 10:23:56,944 - src.train - INFO - Training time: 7.95 seconds
2025-11-30 10:23:56,958 - src.models.cat_model - INFO - Model saved to /Users/armanfeili/code/New Projects/novartis_datathon_2025/artifacts/catboost_bonus_all_20251130_102233_s2/seed_2025/model.bin.cbm with metadata
2025-11-30 10:23:56,958 - src.train - INFO - Seed 2025: Official=0.2675
2025-11-30 10:23:56,959 - src.train - INFO - Training with seed 1337...
2025-11-30 10:23:56,961 - src.train - INFO - Applied target transform: log1p
2025-11-30 10:23:56,968 - src.train - INFO - Sample weights - min: 0.63, max: 3.13, mean: 1.00
2025-11-30 10:23:56,979 - src.utils - INFO - [Train catboost for scenario 2] starting...
2025-11-30 10:23:56,985 - src.models.cat_model - INFO - Auto-detected 2 categorical features
2025-11-30 10:24:04,735 - src.models.cat_model - INFO - CatBoost trained for 365 iterations
2025-11-30 10:24:04,735 - src.utils - INFO - [Train catboost for scenario 2] done in 7.756s
2025-11-30 10:24:05,620 - src.train - INFO - Validation metrics: Official=0.2623, RMSE=0.1832, MAE=0.1446
2025-11-30 10:24:05,621 - src.train - INFO - Training time: 7.77 seconds
2025-11-30 10:24:05,633 - src.models.cat_model - INFO - Model saved to /Users/armanfeili/code/New Projects/novartis_datathon_2025/artifacts/catboost_bonus_all_20251130_102233_s2/seed_1337/model.bin.cbm with metadata
2025-11-30 10:24:05,633 - src.train - INFO - Seed 1337: Official=0.2623
2025-11-30 10:24:05,637 - src.train - INFO - Saved multi-seed summary to /Users/armanfeili/code/New Projects/novartis_datathon_2025/artifacts/catboost_bonus_all_20251130_102233_s2/multi_seed_summary.csv
2025-11-30 10:24:05,637 - src.train - INFO - Multi-seed results:
2025-11-30 10:24:05,638 - src.train - INFO -   Mean official metric: 0.2658
2025-11-30 10:24:05,638 - src.train - INFO -   Std official metric: 0.0030
2025-11-30 10:24:05,639 - src.train - INFO -   Best seed: 1337
2025-11-30 10:24:05,640 - src.train - INFO - Best seed: 1337
2025-11-30 10:24:05,642 - src.train - INFO - Applied target transform: log1p
2025-11-30 10:24:05,650 - src.train - INFO - Sample weights - min: 0.63, max: 3.13, mean: 1.00
2025-11-30 10:24:05,659 - src.utils - INFO - [Train catboost for scenario 2] starting...
2025-11-30 10:24:05,662 - src.models.cat_model - INFO - Auto-detected 2 categorical features
2025-11-30 10:24:11,624 - src.models.cat_model - INFO - CatBoost trained for 293 iterations
2025-11-30 10:24:11,624 - src.utils - INFO - [Train catboost for scenario 2] done in 5.965s
2025-11-30 10:24:12,568 - src.train - INFO - Validation metrics: Official=0.2675, RMSE=0.1823, MAE=0.1440
2025-11-30 10:24:12,568 - src.train - INFO - Training time: 5.97 seconds
2025-11-30 10:24:12,571 - src.train - INFO - Fitting calibration parameters
2025-11-30 10:24:12,613 - src.train - INFO - Saved calibration parameters to /Users/armanfeili/code/New Projects/novartis_datathon_2025/artifacts/catboost_bonus_all_20251130_102233_s2/calibration_params.json
2025-11-30 10:24:12,617 - src.train - INFO - Calibration parameters fitted for 6 groups
2025-11-30 10:24:12,617 - src.train - INFO - Fitting bias corrections
2025-11-30 10:24:12,669 - src.train - INFO - Merged group columns from panel: ['ther_area']
2025-11-30 10:24:12,717 - src.train - INFO - Saved bias corrections to /Users/armanfeili/code/New Projects/novartis_datathon_2025/artifacts/catboost_bonus_all_20251130_102233_s2/bias_corrections.json
2025-11-30 10:24:12,718 - src.train - INFO - Bias corrections fitted for 241 groups
2025-11-30 10:24:12,720 - src.models.cat_model - INFO - Model saved to /Users/armanfeili/code/New Projects/novartis_datathon_2025/artifacts/catboost_bonus_all_20251130_102233_s2/model_2.bin.cbm with metadata
2025-11-30 10:24:12,720 - src.train - INFO - Model saved to /Users/armanfeili/code/New Projects/novartis_datathon_2025/artifacts/catboost_bonus_all_20251130_102233_s2/model_2.bin
2025-11-30 10:24:12,720 - src.train - INFO - Target transform parameters saved to /Users/armanfeili/code/New Projects/novartis_datathon_2025/artifacts/catboost_bonus_all_20251130_102233_s2/target_transform_params_2.json
2025-11-30 10:24:12,726 - src.train - INFO - Experiment catboost_bonus_all_20251130_102233_s2 completed. Artifacts saved to /Users/armanfeili/code/New Projects/novartis_datathon_2025/artifacts/catboost_bonus_all_20251130_102233_s2
2025-11-30 10:24:12,758 - src.utils - INFO - [Scenario 2 Training] done in 43.317s
2025-11-30 10:24:12,759 - __main__ - INFO - ================================================================================
2025-11-30 10:24:12,759 - __main__ - INFO - ✅ Scenario 2 Training Complete
2025-11-30 10:24:12,759 - __main__ - INFO -    Official Metric: 0.267500
2025-11-30 10:24:12,759 - __main__ - INFO -    RMSE (norm): 0.182350
2025-11-30 10:24:12,759 - __main__ - INFO -    MAE (norm): 0.143957
2025-11-30 10:24:12,759 - __main__ - INFO -    Artifacts: /Users/armanfeili/code/New Projects/novartis_datathon_2025/artifacts/catboost_bonus_all_20251130_102233_s2
2025-11-30 10:24:12,759 - __main__ - INFO - ================================================================================
2025-11-30 10:24:12,759 - __main__ - INFO - 
================================================================================
2025-11-30 10:24:12,759 - __main__ - INFO - [3/3] Generating Submission
2025-11-30 10:24:12,759 - __main__ - INFO - ================================================================================
2025-11-30 10:24:12,760 - __main__ - INFO - ================================================================================
2025-11-30 10:24:12,760 - __main__ - INFO - Generating Submission
2025-11-30 10:24:12,760 - __main__ - INFO - ================================================================================
2025-11-30 10:24:12,770 - src.utils - INFO - [Load cached test panel] starting...
2025-11-30 10:24:12,770 - src.data - INFO - Loading cached panel from /Users/armanfeili/code/New Projects/novartis_datathon_2025/data/interim/panel_test.parquet
2025-11-30 10:24:12,782 - src.data - INFO - Loaded 8,832 rows, 16 columns
2025-11-30 10:24:12,782 - src.utils - INFO - [Load cached test panel] done in 0.012s
2025-11-30 10:24:12,792 - __main__ - INFO - Loaded submission template from: /Users/armanfeili/code/New Projects/novartis_datathon_2025/docs/guide/submission_template.csv
2025-11-30 10:24:12,793 - src.utils - INFO - [Submission Generation] starting...
2025-11-30 10:24:12,793 - src.utils - INFO - [Generate submission] starting...
2025-11-30 10:24:12,813 - src.inference - INFO - Detected 228 Scenario 1 series
2025-11-30 10:24:12,813 - src.inference - INFO - Detected 112 Scenario 2 series
2025-11-30 10:24:13,086 - src.inference - INFO - Expanded panel: 5472 -> 10944 rows (added months 0-23)
2025-11-30 10:24:13,087 - src.utils - INFO - [Feature engineering - Scenario 1] starting...
2025-11-30 10:24:14,307 - src.features - INFO - Total features created: 88
2025-11-30 10:24:14,308 - src.utils - INFO - [Feature engineering - Scenario 1] done in 1.221s
2025-11-30 10:24:14,327 - src.inference - WARNING - Bucket 1 model not found at /Users/armanfeili/code/New Projects/novartis_datathon_2025/artifacts/catboost_bonus_all_20251130_102233_s1/bucket1_catboost/model.bin
2025-11-30 10:24:14,328 - src.inference - WARNING - Bucket 2 model not found at /Users/armanfeili/code/New Projects/novartis_datathon_2025/artifacts/catboost_bonus_all_20251130_102233_s1/bucket2_catboost/model.bin
2025-11-30 10:24:14,359 - src.utils - INFO - [Generate submission] done in 1.567s
2025-11-30 10:24:14,360 - src.utils - INFO - [Submission Generation] done in 1.567s
2025-11-30 10:24:14,368 - __main__ - ERROR - ================================================================================
2025-11-30 10:24:14,368 - __main__ - ERROR - ❌ Submission Generation Failed
2025-11-30 10:24:14,368 - __main__ - ERROR -    Error: Invalid type for cat_feature[non-default value idx=0,feature_idx=64]=0.0 : cat_features must be integer or string, real number values and NaN values should be converted to string.
2025-11-30 10:24:14,368 - __main__ - ERROR - ================================================================================
2025-11-30 10:24:14,372 - __main__ - INFO - 
================================================================================
2025-11-30 10:24:14,372 - __main__ - INFO - Training and Submission Pipeline Complete!
2025-11-30 10:24:14,373 - __main__ - INFO - ================================================================================
2025-11-30 10:24:14,373 - __main__ - INFO - 
Results Summary:
2025-11-30 10:24:14,373 - __main__ - INFO -   Scenario 1:
2025-11-30 10:24:14,373 - __main__ - INFO -     Status: success
2025-11-30 10:24:14,373 - __main__ - INFO -     Official Metric: 0.7007
2025-11-30 10:24:14,373 - __main__ - INFO -     Artifacts: /Users/armanfeili/code/New Projects/novartis_datathon_2025/artifacts/catboost_bonus_all_20251130_102233_s1
2025-11-30 10:24:14,374 - __main__ - INFO -   Scenario 2:
2025-11-30 10:24:14,374 - __main__ - INFO -     Status: success
2025-11-30 10:24:14,374 - __main__ - INFO -     Official Metric: 0.2675
2025-11-30 10:24:14,374 - __main__ - INFO -     Artifacts: /Users/armanfeili/code/New Projects/novartis_datathon_2025/artifacts/catboost_bonus_all_20251130_102233_s2
2025-11-30 10:24:14,374 - __main__ - INFO -   Submission:
2025-11-30 10:24:14,374 - __main__ - INFO -     Status: failed
2025-11-30 10:24:14,375 - __main__ - INFO -     File: None
2025-11-30 10:24:14,375 - __main__ - INFO -     Rows: None
2025-11-30 10:24:14,375 - __main__ - INFO - 
Full Results: logs/results_catboost_bonus_all_20251130_102233.json
2025-11-30 10:24:14,375 - __main__ - INFO - Config Summary: logs/config_summary_catboost_bonus_all_20251130_102233.yaml
2025-11-30 10:24:14,375 - __main__ - INFO - Log File: logs/full_pipeline_catboost_bonus_all_20251130_102233.log
2025-11-30 10:24:14,375 - __main__ - INFO - ================================================================================
