2025-11-29 16:41:38,581 - __main__ - INFO - Starting experiment: 2025-11-29_16-41_trend_scenario1
2025-11-29 16:41:38,622 - __main__ - INFO - Config snapshot saved to /Users/armanfeili/code/New Projects/novartis_datathon_2025/artifacts/2025-11-29_16-41_trend_scenario1/configs (hash: 90160453)
2025-11-29 16:41:38,623 - __main__ - INFO - Config hash: 90160453
2025-11-29 16:41:38,637 - src.utils - INFO - [Load features (cached)] starting...
2025-11-29 16:41:38,637 - src.utils - INFO - [Load cached features for train S1 train] starting...
2025-11-29 16:41:38,637 - src.features - INFO - Loading cached features from /Users/armanfeili/code/New Projects/novartis_datathon_2025/data/processed/features_train_s1_train.parquet
2025-11-29 16:41:38,725 - src.features - INFO - Loaded X: (46872, 87), y: 46872
2025-11-29 16:41:38,725 - src.utils - INFO - [Load cached features for train S1 train] done in 0.087s
2025-11-29 16:41:38,748 - src.utils - INFO - [Load cached train panel] starting...
2025-11-29 16:41:38,748 - src.data - INFO - Loading cached panel from /Users/armanfeili/code/New Projects/novartis_datathon_2025/data/interim/panel_train.parquet
2025-11-29 16:41:38,763 - src.data - INFO - Loaded 93,744 rows, 19 columns
2025-11-29 16:41:38,763 - src.utils - INFO - [Load cached train panel] done in 0.015s
2025-11-29 16:41:38,764 - src.utils - INFO - [Load features (cached)] done in 0.127s
2025-11-29 16:41:38,764 - src.utils - INFO - [Create validation split] starting...
2025-11-29 16:41:38,783 - src.validation - WARNING - Grouping 1 rare stratification classes (< 195 series) into 'OTHER'
2025-11-29 16:41:38,898 - src.validation - INFO - Train series: 1562, Val series: 391
2025-11-29 16:41:38,899 - src.validation - INFO - Train rows: 37,488, Val rows: 9,384
2025-11-29 16:41:38,900 - src.validation - INFO - Train bucket distribution:
bucket
2    0.933419
1    0.066581
2025-11-29 16:41:38,901 - src.validation - INFO - Val bucket distribution:
bucket
2    0.933504
1    0.066496
2025-11-29 16:41:38,901 - src.utils - INFO - [Create validation split] done in 0.137s
2025-11-29 16:41:38,931 - __main__ - INFO - Features: 86 columns
2025-11-29 16:41:38,931 - __main__ - INFO - Meta: 9 columns
2025-11-29 16:41:38,938 - __main__ - INFO - Features: 86 columns
2025-11-29 16:41:38,939 - __main__ - INFO - Meta: 9 columns
2025-11-29 16:41:39,092 - __main__ - INFO - Sample weights - min: 0.58, max: 3.46, mean: 1.00
2025-11-29 16:41:39,092 - src.utils - INFO - [Train trend for scenario 1] starting...
2025-11-29 16:41:39,093 - src.models.linear - INFO - TrendBaseline: learned global trend = 0.0000
2025-11-29 16:41:39,093 - src.utils - INFO - [Train trend for scenario 1] done in 0.001s
2025-11-29 16:41:40,188 - __main__ - INFO - Validation metrics: Official=1.8007, RMSE=0.4965, MAE=0.4094
2025-11-29 16:41:40,188 - __main__ - INFO - Training time: 0.00 seconds
2025-11-29 16:41:40,189 - __main__ - INFO - Model saved to /Users/armanfeili/code/New Projects/novartis_datathon_2025/artifacts/2025-11-29_16-41_trend_scenario1/model_1.bin
2025-11-29 16:41:40,190 - __main__ - INFO - Experiment 2025-11-29_16-41_trend_scenario1 completed. Artifacts saved to /Users/armanfeili/code/New Projects/novartis_datathon_2025/artifacts/2025-11-29_16-41_trend_scenario1
