2025-11-29 04:53:23,912 - __main__ - INFO - Starting experiment: 2025-11-29_04-53_catboost_scenario1
2025-11-29 04:53:23,953 - __main__ - INFO - Config snapshot saved to /Users/armanfeili/code/New Projects/novartis_datathon_2025/artifacts/2025-11-29_04-53_catboost_scenario1/configs (hash: cdd5bacd)
2025-11-29 04:53:23,953 - __main__ - INFO - Config hash: cdd5bacd
2025-11-29 04:53:23,970 - src.utils - INFO - [Load features (cached)] starting...
2025-11-29 04:53:23,970 - src.utils - INFO - [Load cached features for train S1 train] starting...
2025-11-29 04:53:23,970 - src.features - INFO - Loading cached features from /Users/armanfeili/code/New Projects/novartis_datathon_2025/data/processed/features_train_s1_train.parquet
2025-11-29 04:53:24,043 - src.features - INFO - Loaded X: (46872, 87), y: 46872
2025-11-29 04:53:24,043 - src.utils - INFO - [Load cached features for train S1 train] done in 0.073s
2025-11-29 04:53:24,061 - src.utils - INFO - [Load cached train panel] starting...
2025-11-29 04:53:24,061 - src.data - INFO - Loading cached panel from /Users/armanfeili/code/New Projects/novartis_datathon_2025/data/interim/panel_train.parquet
2025-11-29 04:53:24,073 - src.data - INFO - Loaded 93,744 rows, 19 columns
2025-11-29 04:53:24,073 - src.utils - INFO - [Load cached train panel] done in 0.012s
2025-11-29 04:53:24,073 - src.utils - INFO - [Load features (cached)] done in 0.104s
2025-11-29 04:53:24,074 - src.utils - INFO - [Create validation split] starting...
2025-11-29 04:53:24,087 - src.validation - WARNING - Grouping 1 rare stratification classes (< 195 series) into 'OTHER'
2025-11-29 04:53:24,168 - src.validation - INFO - Train series: 1562, Val series: 391
2025-11-29 04:53:24,168 - src.validation - INFO - Train rows: 37,488, Val rows: 9,384
2025-11-29 04:53:24,170 - src.validation - INFO - Train bucket distribution:
bucket
2    0.933419
1    0.066581
2025-11-29 04:53:24,170 - src.validation - INFO - Val bucket distribution:
bucket
2    0.933504
1    0.066496
2025-11-29 04:53:24,170 - src.utils - INFO - [Create validation split] done in 0.097s
2025-11-29 04:53:24,198 - __main__ - INFO - Features: 86 columns
2025-11-29 04:53:24,198 - __main__ - INFO - Meta: 9 columns
2025-11-29 04:53:24,204 - __main__ - INFO - Features: 86 columns
2025-11-29 04:53:24,204 - __main__ - INFO - Meta: 9 columns
2025-11-29 04:53:24,942 - __main__ - INFO - Sample weights - min: 0.58, max: 3.46, mean: 1.00
2025-11-29 04:53:24,942 - src.utils - INFO - [Train catboost for scenario 1] starting...
2025-11-29 04:53:24,978 - src.utils - INFO - [Train catboost for scenario 1] done in 0.036s
