2025-11-29 15:58:37,530 - __main__ - INFO - Starting experiment: 2025-11-29_15-58_nn_scenario1
2025-11-29 15:58:37,579 - __main__ - INFO - Config snapshot saved to /Users/armanfeili/code/New Projects/novartis_datathon_2025/artifacts/2025-11-29_15-58_nn_scenario1/configs (hash: e53dc939)
2025-11-29 15:58:37,579 - __main__ - INFO - Config hash: e53dc939
2025-11-29 15:58:37,602 - src.utils - INFO - [Load features (cached)] starting...
2025-11-29 15:58:37,604 - src.utils - INFO - [Load cached features for train S1 train] starting...
2025-11-29 15:58:37,604 - src.features - INFO - Loading cached features from /Users/armanfeili/code/New Projects/novartis_datathon_2025/data/processed/features_train_s1_train.parquet
2025-11-29 15:58:37,684 - src.features - INFO - Loaded X: (46872, 87), y: 46872
2025-11-29 15:58:37,684 - src.utils - INFO - [Load cached features for train S1 train] done in 0.080s
2025-11-29 15:58:37,704 - src.utils - INFO - [Load cached train panel] starting...
2025-11-29 15:58:37,705 - src.data - INFO - Loading cached panel from /Users/armanfeili/code/New Projects/novartis_datathon_2025/data/interim/panel_train.parquet
2025-11-29 15:58:37,718 - src.data - INFO - Loaded 93,744 rows, 19 columns
2025-11-29 15:58:37,719 - src.utils - INFO - [Load cached train panel] done in 0.014s
2025-11-29 15:58:37,719 - src.utils - INFO - [Load features (cached)] done in 0.117s
2025-11-29 15:58:37,720 - src.utils - INFO - [Create validation split] starting...
2025-11-29 15:58:37,733 - src.validation - WARNING - Grouping 1 rare stratification classes (< 195 series) into 'OTHER'
2025-11-29 15:58:37,830 - src.validation - INFO - Train series: 1562, Val series: 391
2025-11-29 15:58:37,830 - src.validation - INFO - Train rows: 37,488, Val rows: 9,384
2025-11-29 15:58:37,832 - src.validation - INFO - Train bucket distribution:
bucket
2    0.933419
1    0.066581
2025-11-29 15:58:37,832 - src.validation - INFO - Val bucket distribution:
bucket
2    0.933504
1    0.066496
2025-11-29 15:58:37,832 - src.utils - INFO - [Create validation split] done in 0.112s
2025-11-29 15:58:37,865 - __main__ - INFO - Features: 86 columns
2025-11-29 15:58:37,865 - __main__ - INFO - Meta: 9 columns
2025-11-29 15:58:37,873 - __main__ - INFO - Features: 86 columns
2025-11-29 15:58:37,874 - __main__ - INFO - Meta: 9 columns
2025-11-29 15:58:38,032 - __main__ - INFO - Sample weights - min: 0.58, max: 3.46, mean: 1.00
2025-11-29 15:58:38,033 - src.utils - INFO - [Train nn for scenario 1] starting...
2025-11-29 15:58:48,405 - src.models.nn - INFO - Epoch 0: Train Loss 0.1571, Val Loss 0.0970
2025-11-29 15:59:56,681 - src.models.nn - INFO - Epoch 10: Train Loss 0.0874, Val Loss 0.0905
2025-11-29 16:00:43,490 - src.models.nn - INFO - Early stopping at epoch 17
2025-11-29 16:00:43,502 - src.utils - INFO - [Train nn for scenario 1] done in 125.469s
2025-11-29 16:00:44,681 - __main__ - INFO - Validation metrics: Official=0.9648, RMSE=0.2999, MAE=0.2329
2025-11-29 16:00:44,681 - __main__ - INFO - Training time: 125.47 seconds
2025-11-29 16:00:44,704 - __main__ - INFO - Model saved to /Users/armanfeili/code/New Projects/novartis_datathon_2025/artifacts/2025-11-29_15-58_nn_scenario1/model_1.bin
2025-11-29 16:00:44,712 - __main__ - INFO - Experiment 2025-11-29_15-58_nn_scenario1 completed. Artifacts saved to /Users/armanfeili/code/New Projects/novartis_datathon_2025/artifacts/2025-11-29_15-58_nn_scenario1
