2025-11-29 17:02:57,536 - __main__ - INFO - Starting experiment: 2025-11-29_17-02_arihow_scenario1
2025-11-29 17:02:57,588 - __main__ - INFO - Config snapshot saved to /Users/armanfeili/code/New Projects/novartis_datathon_2025/artifacts/2025-11-29_17-02_arihow_scenario1/configs (hash: 3afb31a0)
2025-11-29 17:02:57,588 - __main__ - INFO - Config hash: 3afb31a0
2025-11-29 17:02:57,607 - src.utils - INFO - [Load features (cached)] starting...
2025-11-29 17:02:57,607 - src.utils - INFO - [Load cached features for train S1 train] starting...
2025-11-29 17:02:57,607 - src.features - INFO - Loading cached features from /Users/armanfeili/code/New Projects/novartis_datathon_2025/data/processed/features_train_s1_train.parquet
2025-11-29 17:02:57,693 - src.features - INFO - Loaded X: (46872, 87), y: 46872
2025-11-29 17:02:57,693 - src.utils - INFO - [Load cached features for train S1 train] done in 0.086s
2025-11-29 17:02:57,711 - src.utils - INFO - [Load cached train panel] starting...
2025-11-29 17:02:57,711 - src.data - INFO - Loading cached panel from /Users/armanfeili/code/New Projects/novartis_datathon_2025/data/interim/panel_train.parquet
2025-11-29 17:02:57,726 - src.data - INFO - Loaded 93,744 rows, 19 columns
2025-11-29 17:02:57,727 - src.utils - INFO - [Load cached train panel] done in 0.016s
2025-11-29 17:02:57,727 - src.utils - INFO - [Load features (cached)] done in 0.120s
2025-11-29 17:02:57,727 - src.utils - INFO - [Create validation split] starting...
2025-11-29 17:02:57,748 - src.validation - WARNING - Grouping 1 rare stratification classes (< 195 series) into 'OTHER'
2025-11-29 17:02:57,850 - src.validation - INFO - Train series: 1562, Val series: 391
2025-11-29 17:02:57,850 - src.validation - INFO - Train rows: 37,488, Val rows: 9,384
2025-11-29 17:02:57,851 - src.validation - INFO - Train bucket distribution:
bucket
2    0.933419
1    0.066581
2025-11-29 17:02:57,852 - src.validation - INFO - Val bucket distribution:
bucket
2    0.933504
1    0.066496
2025-11-29 17:02:57,852 - src.utils - INFO - [Create validation split] done in 0.125s
2025-11-29 17:02:57,886 - __main__ - INFO - Features: 86 columns
2025-11-29 17:02:57,886 - __main__ - INFO - Meta: 9 columns
2025-11-29 17:02:57,894 - __main__ - INFO - Features: 86 columns
2025-11-29 17:02:57,894 - __main__ - INFO - Meta: 9 columns
2025-11-29 17:02:58,140 - __main__ - INFO - Sample weights - min: 0.58, max: 3.46, mean: 1.00
2025-11-29 17:02:58,161 - src.utils - INFO - [Train arihow for scenario 1] starting...
2025-11-29 17:02:58,217 - src.models.arihow - INFO - Fitting ARIHOW models for 1562 brands...
2025-11-29 17:04:06,945 - src.models.arihow - INFO - ARIHOW fitting complete: 1562/1562 brands successful
2025-11-29 17:04:06,953 - src.utils - INFO - [Train arihow for scenario 1] done in 68.792s
2025-11-29 17:04:06,979 - src.models.arihow - WARNING - Brand ('COUNTRY_0024', 'BRAND_1865') not in fitted models, using fallback
2025-11-29 17:04:06,985 - src.models.arihow - WARNING - Brand ('COUNTRY_0024', 'BRAND_467B') not in fitted models, using fallback
2025-11-29 17:04:06,990 - src.models.arihow - WARNING - Brand ('COUNTRY_0024', 'BRAND_562D') not in fitted models, using fallback
2025-11-29 17:04:06,996 - src.models.arihow - WARNING - Brand ('COUNTRY_0024', 'BRAND_568F') not in fitted models, using fallback
2025-11-29 17:04:07,004 - src.models.arihow - WARNING - Brand ('COUNTRY_0024', 'BRAND_77F6') not in fitted models, using fallback
2025-11-29 17:04:07,010 - src.models.arihow - WARNING - Brand ('COUNTRY_0024', 'BRAND_8CF3') not in fitted models, using fallback
2025-11-29 17:04:07,020 - src.models.arihow - WARNING - Brand ('COUNTRY_0024', 'BRAND_A999') not in fitted models, using fallback
2025-11-29 17:04:07,026 - src.models.arihow - WARNING - Brand ('COUNTRY_0024', 'BRAND_DB48') not in fitted models, using fallback
2025-11-29 17:04:07,036 - src.models.arihow - WARNING - Brand ('COUNTRY_0024', 'BRAND_ED76') not in fitted models, using fallback
2025-11-29 17:04:07,041 - src.models.arihow - WARNING - Brand ('COUNTRY_0024', 'BRAND_FA46') not in fitted models, using fallback
2025-11-29 17:04:07,045 - src.models.arihow - WARNING - Brand ('COUNTRY_01A1', 'BRAND_52CE') not in fitted models, using fallback
2025-11-29 17:04:07,053 - src.models.arihow - WARNING - Brand ('COUNTRY_01A1', 'BRAND_C967') not in fitted models, using fallback
2025-11-29 17:04:07,058 - src.models.arihow - WARNING - Brand ('COUNTRY_0309', 'BRAND_26FA') not in fitted models, using fallback
2025-11-29 17:04:07,062 - src.models.arihow - WARNING - Brand ('COUNTRY_0309', 'BRAND_3433') not in fitted models, using fallback
2025-11-29 17:04:07,070 - src.models.arihow - WARNING - Brand ('COUNTRY_0309', 'BRAND_3CB9') not in fitted models, using fallback
2025-11-29 17:04:07,074 - src.models.arihow - WARNING - Brand ('COUNTRY_0309', 'BRAND_41B7') not in fitted models, using fallback
2025-11-29 17:04:07,079 - src.models.arihow - WARNING - Brand ('COUNTRY_0309', 'BRAND_52CE') not in fitted models, using fallback
2025-11-29 17:04:07,089 - src.models.arihow - WARNING - Brand ('COUNTRY_0309', 'BRAND_64B8') not in fitted models, using fallback
2025-11-29 17:04:07,093 - src.models.arihow - WARNING - Brand ('COUNTRY_0309', 'BRAND_7BCC') not in fitted models, using fallback
2025-11-29 17:04:07,100 - src.models.arihow - WARNING - Brand ('COUNTRY_0309', 'BRAND_85A3') not in fitted models, using fallback
2025-11-29 17:04:07,106 - src.models.arihow - WARNING - Brand ('COUNTRY_0309', 'BRAND_9671') not in fitted models, using fallback
2025-11-29 17:04:07,110 - src.models.arihow - WARNING - Brand ('COUNTRY_0309', 'BRAND_9D16') not in fitted models, using fallback
2025-11-29 17:04:07,119 - src.models.arihow - WARNING - Brand ('COUNTRY_0309', 'BRAND_A4D1') not in fitted models, using fallback
2025-11-29 17:04:07,123 - src.models.arihow - WARNING - Brand ('COUNTRY_0309', 'BRAND_AB82') not in fitted models, using fallback
2025-11-29 17:04:07,129 - src.models.arihow - WARNING - Brand ('COUNTRY_0309', 'BRAND_BECC') not in fitted models, using fallback
2025-11-29 17:04:07,137 - src.models.arihow - WARNING - Brand ('COUNTRY_0309', 'BRAND_D72F') not in fitted models, using fallback
2025-11-29 17:04:07,140 - src.models.arihow - WARNING - Brand ('COUNTRY_0309', 'BRAND_E356') not in fitted models, using fallback
2025-11-29 17:04:07,145 - src.models.arihow - WARNING - Brand ('COUNTRY_0309', 'BRAND_E7B0') not in fitted models, using fallback
2025-11-29 17:04:07,154 - src.models.arihow - WARNING - Brand ('COUNTRY_0309', 'BRAND_ED76') not in fitted models, using fallback
2025-11-29 17:04:07,157 - src.models.arihow - WARNING - Brand ('COUNTRY_0309', 'BRAND_FD42') not in fitted models, using fallback
2025-11-29 17:04:07,162 - src.models.arihow - WARNING - Brand ('COUNTRY_0309', 'BRAND_FE76') not in fitted models, using fallback
2025-11-29 17:04:07,171 - src.models.arihow - WARNING - Brand ('COUNTRY_0309', 'BRAND_FF98') not in fitted models, using fallback
2025-11-29 17:04:07,174 - src.models.arihow - WARNING - Brand ('COUNTRY_0538', 'BRAND_D8F1') not in fitted models, using fallback
2025-11-29 17:04:07,180 - src.models.arihow - WARNING - Brand ('COUNTRY_06E4', 'BRAND_1147') not in fitted models, using fallback
2025-11-29 17:04:07,187 - src.models.arihow - WARNING - Brand ('COUNTRY_06E4', 'BRAND_5375') not in fitted models, using fallback
2025-11-29 17:04:07,192 - src.models.arihow - WARNING - Brand ('COUNTRY_06E4', 'BRAND_562D') not in fitted models, using fallback
2025-11-29 17:04:07,201 - src.models.arihow - WARNING - Brand ('COUNTRY_06E4', 'BRAND_596C') not in fitted models, using fallback
2025-11-29 17:04:07,206 - src.models.arihow - WARNING - Brand ('COUNTRY_06E4', 'BRAND_89FE') not in fitted models, using fallback
2025-11-29 17:04:07,211 - src.models.arihow - WARNING - Brand ('COUNTRY_06E4', 'BRAND_9671') not in fitted models, using fallback
2025-11-29 17:04:07,219 - src.models.arihow - WARNING - Brand ('COUNTRY_06E4', 'BRAND_9925') not in fitted models, using fallback
2025-11-29 17:04:07,223 - src.models.arihow - WARNING - Brand ('COUNTRY_06E4', 'BRAND_9A7C') not in fitted models, using fallback
2025-11-29 17:04:07,227 - src.models.arihow - WARNING - Brand ('COUNTRY_06E4', 'BRAND_A84E') not in fitted models, using fallback
2025-11-29 17:04:07,235 - src.models.arihow - WARNING - Brand ('COUNTRY_06E4', 'BRAND_AC8E') not in fitted models, using fallback
2025-11-29 17:04:07,239 - src.models.arihow - WARNING - Brand ('COUNTRY_06E4', 'BRAND_ACB8') not in fitted models, using fallback
2025-11-29 17:04:07,245 - src.models.arihow - WARNING - Brand ('COUNTRY_06E4', 'BRAND_D9E0') not in fitted models, using fallback
2025-11-29 17:04:07,253 - src.models.arihow - WARNING - Brand ('COUNTRY_06E4', 'BRAND_E356') not in fitted models, using fallback
2025-11-29 17:04:07,257 - src.models.arihow - WARNING - Brand ('COUNTRY_06E4', 'BRAND_FD0D') not in fitted models, using fallback
2025-11-29 17:04:07,262 - src.models.arihow - WARNING - Brand ('COUNTRY_0C7D', 'BRAND_0DC5') not in fitted models, using fallback
2025-11-29 17:04:07,269 - src.models.arihow - WARNING - Brand ('COUNTRY_0C7D', 'BRAND_118A') not in fitted models, using fallback
2025-11-29 17:04:07,274 - src.models.arihow - WARNING - Brand ('COUNTRY_0C7D', 'BRAND_BECC') not in fitted models, using fallback
2025-11-29 17:04:07,278 - src.models.arihow - WARNING - Brand ('COUNTRY_0C7D', 'BRAND_FB8A') not in fitted models, using fallback
2025-11-29 17:04:07,287 - src.models.arihow - WARNING - Brand ('COUNTRY_1007', 'BRAND_09BA') not in fitted models, using fallback
2025-11-29 17:04:07,292 - src.models.arihow - WARNING - Brand ('COUNTRY_1007', 'BRAND_0D48') not in fitted models, using fallback
2025-11-29 17:04:07,301 - src.models.arihow - WARNING - Brand ('COUNTRY_1007', 'BRAND_1DF6') not in fitted models, using fallback
2025-11-29 17:04:07,306 - src.models.arihow - WARNING - Brand ('COUNTRY_1007', 'BRAND_2F6C') not in fitted models, using fallback
2025-11-29 17:04:07,311 - src.models.arihow - WARNING - Brand ('COUNTRY_1007', 'BRAND_3C69') not in fitted models, using fallback
2025-11-29 17:04:07,319 - src.models.arihow - WARNING - Brand ('COUNTRY_1007', 'BRAND_448B') not in fitted models, using fallback
2025-11-29 17:04:07,323 - src.models.arihow - WARNING - Brand ('COUNTRY_1007', 'BRAND_4C89') not in fitted models, using fallback
2025-11-29 17:04:07,327 - src.models.arihow - WARNING - Brand ('COUNTRY_1007', 'BRAND_5636') not in fitted models, using fallback
2025-11-29 17:04:07,337 - src.models.arihow - WARNING - Brand ('COUNTRY_1007', 'BRAND_5E92') not in fitted models, using fallback
2025-11-29 17:04:07,342 - src.models.arihow - WARNING - Brand ('COUNTRY_1007', 'BRAND_64B8') not in fitted models, using fallback
2025-11-29 17:04:07,348 - src.models.arihow - WARNING - Brand ('COUNTRY_1007', 'BRAND_922E') not in fitted models, using fallback
2025-11-29 17:04:07,354 - src.models.arihow - WARNING - Brand ('COUNTRY_1007', 'BRAND_9A7C') not in fitted models, using fallback
2025-11-29 17:04:07,358 - src.models.arihow - WARNING - Brand ('COUNTRY_1007', 'BRAND_BABE') not in fitted models, using fallback
2025-11-29 17:04:07,365 - src.models.arihow - WARNING - Brand ('COUNTRY_1007', 'BRAND_D9E0') not in fitted models, using fallback
2025-11-29 17:04:07,371 - src.models.arihow - WARNING - Brand ('COUNTRY_1007', 'BRAND_ED43') not in fitted models, using fallback
2025-11-29 17:04:07,375 - src.models.arihow - WARNING - Brand ('COUNTRY_1007', 'BRAND_EE1E') not in fitted models, using fallback
2025-11-29 17:04:07,380 - src.models.arihow - WARNING - Brand ('COUNTRY_221C', 'BRAND_52CE') not in fitted models, using fallback
2025-11-29 17:04:07,386 - src.models.arihow - WARNING - Brand ('COUNTRY_221C', 'BRAND_D35F') not in fitted models, using fallback
2025-11-29 17:04:07,391 - src.models.arihow - WARNING - Brand ('COUNTRY_221C', 'BRAND_DD55') not in fitted models, using fallback
2025-11-29 17:04:07,395 - src.models.arihow - WARNING - Brand ('COUNTRY_2AFC', 'BRAND_87EC') not in fitted models, using fallback
2025-11-29 17:04:07,404 - src.models.arihow - WARNING - Brand ('COUNTRY_2AFC', 'BRAND_E50F') not in fitted models, using fallback
2025-11-29 17:04:07,407 - src.models.arihow - WARNING - Brand ('COUNTRY_2E65', 'BRAND_127A') not in fitted models, using fallback
2025-11-29 17:04:07,412 - src.models.arihow - WARNING - Brand ('COUNTRY_2E65', 'BRAND_568F') not in fitted models, using fallback
2025-11-29 17:04:07,420 - src.models.arihow - WARNING - Brand ('COUNTRY_2E65', 'BRAND_72C6') not in fitted models, using fallback
2025-11-29 17:04:07,424 - src.models.arihow - WARNING - Brand ('COUNTRY_2E65', 'BRAND_DF2E') not in fitted models, using fallback
2025-11-29 17:04:07,428 - src.models.arihow - WARNING - Brand ('COUNTRY_2E65', 'BRAND_E7D1') not in fitted models, using fallback
2025-11-29 17:04:07,438 - src.models.arihow - WARNING - Brand ('COUNTRY_2E65', 'BRAND_FB8A') not in fitted models, using fallback
2025-11-29 17:04:07,442 - src.models.arihow - WARNING - Brand ('COUNTRY_3536', 'BRAND_1C1E') not in fitted models, using fallback
2025-11-29 17:04:07,450 - src.models.arihow - WARNING - Brand ('COUNTRY_3536', 'BRAND_2685') not in fitted models, using fallback
2025-11-29 17:04:07,454 - src.models.arihow - WARNING - Brand ('COUNTRY_3536', 'BRAND_41B7') not in fitted models, using fallback
2025-11-29 17:04:07,459 - src.models.arihow - WARNING - Brand ('COUNTRY_3536', 'BRAND_FD42') not in fitted models, using fallback
2025-11-29 17:04:07,468 - src.models.arihow - WARNING - Brand ('COUNTRY_3AD0', 'BRAND_3CFF') not in fitted models, using fallback
2025-11-29 17:04:07,473 - src.models.arihow - WARNING - Brand ('COUNTRY_3AD0', 'BRAND_4EAA') not in fitted models, using fallback
2025-11-29 17:04:07,477 - src.models.arihow - WARNING - Brand ('COUNTRY_3AD0', 'BRAND_9925') not in fitted models, using fallback
2025-11-29 17:04:07,487 - src.models.arihow - WARNING - Brand ('COUNTRY_3AD0', 'BRAND_A4D1') not in fitted models, using fallback
2025-11-29 17:04:07,491 - src.models.arihow - WARNING - Brand ('COUNTRY_3AD0', 'BRAND_B14B') not in fitted models, using fallback
2025-11-29 17:04:07,495 - src.models.arihow - WARNING - Brand ('COUNTRY_3AD0', 'BRAND_C967') not in fitted models, using fallback
2025-11-29 17:04:07,505 - src.models.arihow - WARNING - Brand ('COUNTRY_3AD0', 'BRAND_DB48') not in fitted models, using fallback
2025-11-29 17:04:07,509 - src.models.arihow - WARNING - Brand ('COUNTRY_3AD0', 'BRAND_EE1E') not in fitted models, using fallback
2025-11-29 17:04:07,513 - src.models.arihow - WARNING - Brand ('COUNTRY_3AD0', 'BRAND_F7AB') not in fitted models, using fallback
2025-11-29 17:04:07,520 - src.models.arihow - WARNING - Brand ('COUNTRY_3AD0', 'BRAND_FB8A') not in fitted models, using fallback
2025-11-29 17:04:07,524 - src.models.arihow - WARNING - Brand ('COUNTRY_4242', 'BRAND_3E0C') not in fitted models, using fallback
2025-11-29 17:04:07,529 - src.models.arihow - WARNING - Brand ('COUNTRY_4242', 'BRAND_467B') not in fitted models, using fallback
2025-11-29 17:04:07,536 - src.models.arihow - WARNING - Brand ('COUNTRY_4242', 'BRAND_FD42') not in fitted models, using fallback
2025-11-29 17:04:07,540 - src.models.arihow - WARNING - Brand ('COUNTRY_4253', 'BRAND_127B') not in fitted models, using fallback
2025-11-29 17:04:07,545 - src.models.arihow - WARNING - Brand ('COUNTRY_4253', 'BRAND_3CFF') not in fitted models, using fallback
2025-11-29 17:04:07,554 - src.models.arihow - WARNING - Brand ('COUNTRY_4253', 'BRAND_7710') not in fitted models, using fallback
2025-11-29 17:04:07,558 - src.models.arihow - WARNING - Brand ('COUNTRY_4253', 'BRAND_956D') not in fitted models, using fallback
2025-11-29 17:04:07,563 - src.models.arihow - WARNING - Brand ('COUNTRY_4253', 'BRAND_97F1') not in fitted models, using fallback
2025-11-29 17:04:07,570 - src.models.arihow - WARNING - Brand ('COUNTRY_4253', 'BRAND_9925') not in fitted models, using fallback
2025-11-29 17:04:07,575 - src.models.arihow - WARNING - Brand ('COUNTRY_4253', 'BRAND_F94A') not in fitted models, using fallback
2025-11-29 17:04:07,582 - src.models.arihow - WARNING - Brand ('COUNTRY_4442', 'BRAND_2096') not in fitted models, using fallback
2025-11-29 17:04:07,588 - src.models.arihow - WARNING - Brand ('COUNTRY_4442', 'BRAND_9925') not in fitted models, using fallback
2025-11-29 17:04:07,592 - src.models.arihow - WARNING - Brand ('COUNTRY_4442', 'BRAND_C20B') not in fitted models, using fallback
2025-11-29 17:04:07,600 - src.models.arihow - WARNING - Brand ('COUNTRY_4442', 'BRAND_DEC7') not in fitted models, using fallback
2025-11-29 17:04:07,605 - src.models.arihow - WARNING - Brand ('COUNTRY_4442', 'BRAND_FB8A') not in fitted models, using fallback
2025-11-29 17:04:07,610 - src.models.arihow - WARNING - Brand ('COUNTRY_445D', 'BRAND_01A7') not in fitted models, using fallback
2025-11-29 17:04:07,617 - src.models.arihow - WARNING - Brand ('COUNTRY_445D', 'BRAND_0550') not in fitted models, using fallback
2025-11-29 17:04:07,622 - src.models.arihow - WARNING - Brand ('COUNTRY_445D', 'BRAND_09B1') not in fitted models, using fallback
2025-11-29 17:04:07,626 - src.models.arihow - WARNING - Brand ('COUNTRY_445D', 'BRAND_3FE4') not in fitted models, using fallback
2025-11-29 17:04:07,633 - src.models.arihow - WARNING - Brand ('COUNTRY_445D', 'BRAND_52CE') not in fitted models, using fallback
2025-11-29 17:04:07,639 - src.models.arihow - WARNING - Brand ('COUNTRY_445D', 'BRAND_68B4') not in fitted models, using fallback
2025-11-29 17:04:07,643 - src.models.arihow - WARNING - Brand ('COUNTRY_445D', 'BRAND_8B73') not in fitted models, using fallback
2025-11-29 17:04:07,650 - src.models.arihow - WARNING - Brand ('COUNTRY_445D', 'BRAND_A4D1') not in fitted models, using fallback
2025-11-29 17:04:07,656 - src.models.arihow - WARNING - Brand ('COUNTRY_445D', 'BRAND_ACB8') not in fitted models, using fallback
2025-11-29 17:04:07,660 - src.models.arihow - WARNING - Brand ('COUNTRY_445D', 'BRAND_BC62') not in fitted models, using fallback
2025-11-29 17:04:07,665 - src.models.arihow - WARNING - Brand ('COUNTRY_445D', 'BRAND_EA5E') not in fitted models, using fallback
2025-11-29 17:04:07,672 - src.models.arihow - WARNING - Brand ('COUNTRY_445D', 'BRAND_FB8A') not in fitted models, using fallback
2025-11-29 17:04:07,675 - src.models.arihow - WARNING - Brand ('COUNTRY_445D', 'BRAND_FD42') not in fitted models, using fallback
2025-11-29 17:04:07,682 - src.models.arihow - WARNING - Brand ('COUNTRY_4D4A', 'BRAND_956D') not in fitted models, using fallback
2025-11-29 17:04:07,687 - src.models.arihow - WARNING - Brand ('COUNTRY_5180', 'BRAND_1C1E') not in fitted models, using fallback
2025-11-29 17:04:07,692 - src.models.arihow - WARNING - Brand ('COUNTRY_5180', 'BRAND_2096') not in fitted models, using fallback
2025-11-29 17:04:07,697 - src.models.arihow - WARNING - Brand ('COUNTRY_5180', 'BRAND_36FD') not in fitted models, using fallback
2025-11-29 17:04:07,704 - src.models.arihow - WARNING - Brand ('COUNTRY_5180', 'BRAND_3E0C') not in fitted models, using fallback
2025-11-29 17:04:07,707 - src.models.arihow - WARNING - Brand ('COUNTRY_5180', 'BRAND_467B') not in fitted models, using fallback
2025-11-29 17:04:07,712 - src.models.arihow - WARNING - Brand ('COUNTRY_5180', 'BRAND_50AA') not in fitted models, using fallback
2025-11-29 17:04:07,719 - src.models.arihow - WARNING - Brand ('COUNTRY_5180', 'BRAND_52CE') not in fitted models, using fallback
2025-11-29 17:04:07,724 - src.models.arihow - WARNING - Brand ('COUNTRY_5180', 'BRAND_5375') not in fitted models, using fallback
2025-11-29 17:04:07,728 - src.models.arihow - WARNING - Brand ('COUNTRY_5180', 'BRAND_8CB1') not in fitted models, using fallback
2025-11-29 17:04:07,736 - src.models.arihow - WARNING - Brand ('COUNTRY_5180', 'BRAND_9EFF') not in fitted models, using fallback
2025-11-29 17:04:07,740 - src.models.arihow - WARNING - Brand ('COUNTRY_53A5', 'BRAND_05EF') not in fitted models, using fallback
2025-11-29 17:04:07,744 - src.models.arihow - WARNING - Brand ('COUNTRY_53A5', 'BRAND_1F44') not in fitted models, using fallback
2025-11-29 17:04:07,749 - src.models.arihow - WARNING - Brand ('COUNTRY_53A5', 'BRAND_25E6') not in fitted models, using fallback
2025-11-29 17:04:07,756 - src.models.arihow - WARNING - Brand ('COUNTRY_53A5', 'BRAND_31BE') not in fitted models, using fallback
2025-11-29 17:04:07,761 - src.models.arihow - WARNING - Brand ('COUNTRY_53A5', 'BRAND_35BB') not in fitted models, using fallback
2025-11-29 17:04:07,769 - src.models.arihow - WARNING - Brand ('COUNTRY_53A5', 'BRAND_52CE') not in fitted models, using fallback
2025-11-29 17:04:07,773 - src.models.arihow - WARNING - Brand ('COUNTRY_53A5', 'BRAND_52DF') not in fitted models, using fallback
2025-11-29 17:04:07,777 - src.models.arihow - WARNING - Brand ('COUNTRY_53A5', 'BRAND_562D') not in fitted models, using fallback
2025-11-29 17:04:07,786 - src.models.arihow - WARNING - Brand ('COUNTRY_53A5', 'BRAND_71D1') not in fitted models, using fallback
2025-11-29 17:04:07,790 - src.models.arihow - WARNING - Brand ('COUNTRY_53A5', 'BRAND_87FC') not in fitted models, using fallback
2025-11-29 17:04:07,795 - src.models.arihow - WARNING - Brand ('COUNTRY_53A5', 'BRAND_9441') not in fitted models, using fallback
2025-11-29 17:04:07,804 - src.models.arihow - WARNING - Brand ('COUNTRY_53A5', 'BRAND_A438') not in fitted models, using fallback
2025-11-29 17:04:07,808 - src.models.arihow - WARNING - Brand ('COUNTRY_53A5', 'BRAND_DB48') not in fitted models, using fallback
2025-11-29 17:04:07,813 - src.models.arihow - WARNING - Brand ('COUNTRY_53A5', 'BRAND_E832') not in fitted models, using fallback
2025-11-29 17:04:07,820 - src.models.arihow - WARNING - Brand ('COUNTRY_53A5', 'BRAND_ED00') not in fitted models, using fallback
2025-11-29 17:04:07,824 - src.models.arihow - WARNING - Brand ('COUNTRY_53A5', 'BRAND_ED76') not in fitted models, using fallback
2025-11-29 17:04:07,829 - src.models.arihow - WARNING - Brand ('COUNTRY_53A5', 'BRAND_EFE3') not in fitted models, using fallback
2025-11-29 17:04:07,836 - src.models.arihow - WARNING - Brand ('COUNTRY_551F', 'BRAND_3433') not in fitted models, using fallback
2025-11-29 17:04:07,841 - src.models.arihow - WARNING - Brand ('COUNTRY_551F', 'BRAND_4A2D') not in fitted models, using fallback
2025-11-29 17:04:07,845 - src.models.arihow - WARNING - Brand ('COUNTRY_551F', 'BRAND_64B8') not in fitted models, using fallback
2025-11-29 17:04:07,853 - src.models.arihow - WARNING - Brand ('COUNTRY_551F', 'BRAND_D71B') not in fitted models, using fallback
2025-11-29 17:04:07,857 - src.models.arihow - WARNING - Brand ('COUNTRY_551F', 'BRAND_D8AA') not in fitted models, using fallback
2025-11-29 17:04:07,861 - src.models.arihow - WARNING - Brand ('COUNTRY_551F', 'BRAND_F30D') not in fitted models, using fallback
2025-11-29 17:04:07,869 - src.models.arihow - WARNING - Brand ('COUNTRY_560D', 'BRAND_5D2C') not in fitted models, using fallback
2025-11-29 17:04:07,873 - src.models.arihow - WARNING - Brand ('COUNTRY_560D', 'BRAND_716B') not in fitted models, using fallback
2025-11-29 17:04:07,878 - src.models.arihow - WARNING - Brand ('COUNTRY_560D', 'BRAND_748D') not in fitted models, using fallback
2025-11-29 17:04:07,886 - src.models.arihow - WARNING - Brand ('COUNTRY_560D', 'BRAND_956D') not in fitted models, using fallback
2025-11-29 17:04:07,891 - src.models.arihow - WARNING - Brand ('COUNTRY_560D', 'BRAND_BECC') not in fitted models, using fallback
2025-11-29 17:04:07,895 - src.models.arihow - WARNING - Brand ('COUNTRY_560D', 'BRAND_ED8D') not in fitted models, using fallback
2025-11-29 17:04:07,900 - src.models.arihow - WARNING - Brand ('COUNTRY_560D', 'BRAND_FB8A') not in fitted models, using fallback
2025-11-29 17:04:07,907 - src.models.arihow - WARNING - Brand ('COUNTRY_5FEB', 'BRAND_1DF6') not in fitted models, using fallback
2025-11-29 17:04:07,912 - src.models.arihow - WARNING - Brand ('COUNTRY_5FEB', 'BRAND_33E8') not in fitted models, using fallback
2025-11-29 17:04:07,920 - src.models.arihow - WARNING - Brand ('COUNTRY_5FEB', 'BRAND_8619') not in fitted models, using fallback
2025-11-29 17:04:07,924 - src.models.arihow - WARNING - Brand ('COUNTRY_5FEB', 'BRAND_C1E0') not in fitted models, using fallback
2025-11-29 17:04:07,929 - src.models.arihow - WARNING - Brand ('COUNTRY_5FEB', 'BRAND_F00E') not in fitted models, using fallback
2025-11-29 17:04:07,937 - src.models.arihow - WARNING - Brand ('COUNTRY_6B71', 'BRAND_568F') not in fitted models, using fallback
2025-11-29 17:04:07,940 - src.models.arihow - WARNING - Brand ('COUNTRY_6B71', 'BRAND_8E05') not in fitted models, using fallback
2025-11-29 17:04:07,945 - src.models.arihow - WARNING - Brand ('COUNTRY_6B71', 'BRAND_AAE9') not in fitted models, using fallback
2025-11-29 17:04:07,954 - src.models.arihow - WARNING - Brand ('COUNTRY_6B71', 'BRAND_BA38') not in fitted models, using fallback
2025-11-29 17:04:07,961 - src.models.arihow - WARNING - Brand ('COUNTRY_6B71', 'BRAND_DF2E') not in fitted models, using fallback
2025-11-29 17:04:07,970 - src.models.arihow - WARNING - Brand ('COUNTRY_6B71', 'BRAND_E1F1') not in fitted models, using fallback
2025-11-29 17:04:07,976 - src.models.arihow - WARNING - Brand ('COUNTRY_6B71', 'BRAND_FD42') not in fitted models, using fallback
2025-11-29 17:04:07,984 - src.models.arihow - WARNING - Brand ('COUNTRY_6C16', 'BRAND_09BA') not in fitted models, using fallback
2025-11-29 17:04:07,991 - src.models.arihow - WARNING - Brand ('COUNTRY_6C16', 'BRAND_1718') not in fitted models, using fallback
2025-11-29 17:04:07,997 - src.models.arihow - WARNING - Brand ('COUNTRY_6C16', 'BRAND_2096') not in fitted models, using fallback
2025-11-29 17:04:08,003 - src.models.arihow - WARNING - Brand ('COUNTRY_6C16', 'BRAND_7A14') not in fitted models, using fallback
2025-11-29 17:04:08,008 - src.models.arihow - WARNING - Brand ('COUNTRY_6C16', 'BRAND_E180') not in fitted models, using fallback
2025-11-29 17:04:08,014 - src.models.arihow - WARNING - Brand ('COUNTRY_6C16', 'BRAND_E356') not in fitted models, using fallback
2025-11-29 17:04:08,021 - src.models.arihow - WARNING - Brand ('COUNTRY_6F78', 'BRAND_1C1E') not in fitted models, using fallback
2025-11-29 17:04:08,025 - src.models.arihow - WARNING - Brand ('COUNTRY_6F78', 'BRAND_50AA') not in fitted models, using fallback
2025-11-29 17:04:08,034 - src.models.arihow - WARNING - Brand ('COUNTRY_6F78', 'BRAND_52CE') not in fitted models, using fallback
2025-11-29 17:04:08,039 - src.models.arihow - WARNING - Brand ('COUNTRY_6F78', 'BRAND_BA38') not in fitted models, using fallback
2025-11-29 17:04:08,043 - src.models.arihow - WARNING - Brand ('COUNTRY_6F78', 'BRAND_FD42') not in fitted models, using fallback
2025-11-29 17:04:08,050 - src.models.arihow - WARNING - Brand ('COUNTRY_7C1A', 'BRAND_0727') not in fitted models, using fallback
2025-11-29 17:04:08,056 - src.models.arihow - WARNING - Brand ('COUNTRY_7C1A', 'BRAND_0DD0') not in fitted models, using fallback
2025-11-29 17:04:08,061 - src.models.arihow - WARNING - Brand ('COUNTRY_7C1A', 'BRAND_1DF6') not in fitted models, using fallback
2025-11-29 17:04:08,066 - src.models.arihow - WARNING - Brand ('COUNTRY_7C1A', 'BRAND_61B8') not in fitted models, using fallback
2025-11-29 17:04:08,073 - src.models.arihow - WARNING - Brand ('COUNTRY_7C1A', 'BRAND_F45C') not in fitted models, using fallback
2025-11-29 17:04:08,078 - src.models.arihow - WARNING - Brand ('COUNTRY_7D31', 'BRAND_3CB9') not in fitted models, using fallback
2025-11-29 17:04:08,087 - src.models.arihow - WARNING - Brand ('COUNTRY_88A3', 'BRAND_0F85') not in fitted models, using fallback
2025-11-29 17:04:08,092 - src.models.arihow - WARNING - Brand ('COUNTRY_88A3', 'BRAND_127B') not in fitted models, using fallback
2025-11-29 17:04:08,099 - src.models.arihow - WARNING - Brand ('COUNTRY_88A3', 'BRAND_3E0C') not in fitted models, using fallback
2025-11-29 17:04:08,104 - src.models.arihow - WARNING - Brand ('COUNTRY_88A3', 'BRAND_A438') not in fitted models, using fallback
2025-11-29 17:04:08,109 - src.models.arihow - WARNING - Brand ('COUNTRY_89F9', 'BRAND_127B') not in fitted models, using fallback
2025-11-29 17:04:08,113 - src.models.arihow - WARNING - Brand ('COUNTRY_89F9', 'BRAND_1729') not in fitted models, using fallback
2025-11-29 17:04:08,121 - src.models.arihow - WARNING - Brand ('COUNTRY_89F9', 'BRAND_1C1E') not in fitted models, using fallback
2025-11-29 17:04:08,125 - src.models.arihow - WARNING - Brand ('COUNTRY_89F9', 'BRAND_1DF6') not in fitted models, using fallback
2025-11-29 17:04:08,131 - src.models.arihow - WARNING - Brand ('COUNTRY_89F9', 'BRAND_1F38') not in fitted models, using fallback
2025-11-29 17:04:08,136 - src.models.arihow - WARNING - Brand ('COUNTRY_89F9', 'BRAND_228E') not in fitted models, using fallback
2025-11-29 17:04:08,141 - src.models.arihow - WARNING - Brand ('COUNTRY_89F9', 'BRAND_2F6C') not in fitted models, using fallback
2025-11-29 17:04:08,145 - src.models.arihow - WARNING - Brand ('COUNTRY_89F9', 'BRAND_3CB9') not in fitted models, using fallback
2025-11-29 17:04:08,153 - src.models.arihow - WARNING - Brand ('COUNTRY_89F9', 'BRAND_3E44') not in fitted models, using fallback
2025-11-29 17:04:08,158 - src.models.arihow - WARNING - Brand ('COUNTRY_89F9', 'BRAND_568F') not in fitted models, using fallback
2025-11-29 17:04:08,162 - src.models.arihow - WARNING - Brand ('COUNTRY_89F9', 'BRAND_68B4') not in fitted models, using fallback
2025-11-29 17:04:08,168 - src.models.arihow - WARNING - Brand ('COUNTRY_89F9', 'BRAND_6B3E') not in fitted models, using fallback
2025-11-29 17:04:08,175 - src.models.arihow - WARNING - Brand ('COUNTRY_89F9', 'BRAND_79B0') not in fitted models, using fallback
2025-11-29 17:04:08,183 - src.models.arihow - WARNING - Brand ('COUNTRY_89F9', 'BRAND_89C4') not in fitted models, using fallback
2025-11-29 17:04:08,188 - src.models.arihow - WARNING - Brand ('COUNTRY_89F9', 'BRAND_8E05') not in fitted models, using fallback
2025-11-29 17:04:08,192 - src.models.arihow - WARNING - Brand ('COUNTRY_89F9', 'BRAND_8E2A') not in fitted models, using fallback
2025-11-29 17:04:08,197 - src.models.arihow - WARNING - Brand ('COUNTRY_89F9', 'BRAND_98C4') not in fitted models, using fallback
2025-11-29 17:04:08,204 - src.models.arihow - WARNING - Brand ('COUNTRY_89F9', 'BRAND_B137') not in fitted models, using fallback
2025-11-29 17:04:08,208 - src.models.arihow - WARNING - Brand ('COUNTRY_89F9', 'BRAND_BDE9') not in fitted models, using fallback
2025-11-29 17:04:08,213 - src.models.arihow - WARNING - Brand ('COUNTRY_89F9', 'BRAND_C69A') not in fitted models, using fallback
2025-11-29 17:04:08,220 - src.models.arihow - WARNING - Brand ('COUNTRY_89F9', 'BRAND_D8AA') not in fitted models, using fallback
2025-11-29 17:04:08,224 - src.models.arihow - WARNING - Brand ('COUNTRY_89F9', 'BRAND_E356') not in fitted models, using fallback
2025-11-29 17:04:08,229 - src.models.arihow - WARNING - Brand ('COUNTRY_89F9', 'BRAND_EC80') not in fitted models, using fallback
2025-11-29 17:04:08,234 - src.models.arihow - WARNING - Brand ('COUNTRY_89F9', 'BRAND_F785') not in fitted models, using fallback
2025-11-29 17:04:08,241 - src.models.arihow - WARNING - Brand ('COUNTRY_8DBB', 'BRAND_05E0') not in fitted models, using fallback
2025-11-29 17:04:08,245 - src.models.arihow - WARNING - Brand ('COUNTRY_8DBB', 'BRAND_127A') not in fitted models, using fallback
2025-11-29 17:04:08,252 - src.models.arihow - WARNING - Brand ('COUNTRY_8DBB', 'BRAND_3CB9') not in fitted models, using fallback
2025-11-29 17:04:08,257 - src.models.arihow - WARNING - Brand ('COUNTRY_8DBB', 'BRAND_83AC') not in fitted models, using fallback
2025-11-29 17:04:08,261 - src.models.arihow - WARNING - Brand ('COUNTRY_8DBB', 'BRAND_8E2A') not in fitted models, using fallback
2025-11-29 17:04:08,269 - src.models.arihow - WARNING - Brand ('COUNTRY_8DBB', 'BRAND_BA38') not in fitted models, using fallback
2025-11-29 17:04:08,274 - src.models.arihow - WARNING - Brand ('COUNTRY_8DBB', 'BRAND_D228') not in fitted models, using fallback
2025-11-29 17:04:08,279 - src.models.arihow - WARNING - Brand ('COUNTRY_8DBB', 'BRAND_D8AA') not in fitted models, using fallback
2025-11-29 17:04:08,287 - src.models.arihow - WARNING - Brand ('COUNTRY_8DBB', 'BRAND_EF25') not in fitted models, using fallback
2025-11-29 17:04:08,291 - src.models.arihow - WARNING - Brand ('COUNTRY_907E', 'BRAND_0550') not in fitted models, using fallback
2025-11-29 17:04:08,295 - src.models.arihow - WARNING - Brand ('COUNTRY_907E', 'BRAND_127A') not in fitted models, using fallback
2025-11-29 17:04:08,303 - src.models.arihow - WARNING - Brand ('COUNTRY_907E', 'BRAND_1F38') not in fitted models, using fallback
2025-11-29 17:04:08,307 - src.models.arihow - WARNING - Brand ('COUNTRY_907E', 'BRAND_3C69') not in fitted models, using fallback
2025-11-29 17:04:08,312 - src.models.arihow - WARNING - Brand ('COUNTRY_907E', 'BRAND_3CB9') not in fitted models, using fallback
2025-11-29 17:04:08,318 - src.models.arihow - WARNING - Brand ('COUNTRY_907E', 'BRAND_3E0C') not in fitted models, using fallback
2025-11-29 17:04:08,324 - src.models.arihow - WARNING - Brand ('COUNTRY_907E', 'BRAND_50AA') not in fitted models, using fallback
2025-11-29 17:04:08,328 - src.models.arihow - WARNING - Brand ('COUNTRY_907E', 'BRAND_586A') not in fitted models, using fallback
2025-11-29 17:04:08,338 - src.models.arihow - WARNING - Brand ('COUNTRY_907E', 'BRAND_748D') not in fitted models, using fallback
2025-11-29 17:04:08,345 - src.models.arihow - WARNING - Brand ('COUNTRY_907E', 'BRAND_A84E') not in fitted models, using fallback
2025-11-29 17:04:08,351 - src.models.arihow - WARNING - Brand ('COUNTRY_907E', 'BRAND_B137') not in fitted models, using fallback
2025-11-29 17:04:08,356 - src.models.arihow - WARNING - Brand ('COUNTRY_907E', 'BRAND_BA38') not in fitted models, using fallback
2025-11-29 17:04:08,361 - src.models.arihow - WARNING - Brand ('COUNTRY_907E', 'BRAND_BECA') not in fitted models, using fallback
2025-11-29 17:04:08,367 - src.models.arihow - WARNING - Brand ('COUNTRY_907E', 'BRAND_EA5E') not in fitted models, using fallback
2025-11-29 17:04:08,371 - src.models.arihow - WARNING - Brand ('COUNTRY_9488', 'BRAND_1DF6') not in fitted models, using fallback
2025-11-29 17:04:08,375 - src.models.arihow - WARNING - Brand ('COUNTRY_9488', 'BRAND_4920') not in fitted models, using fallback
2025-11-29 17:04:08,382 - src.models.arihow - WARNING - Brand ('COUNTRY_9488', 'BRAND_562D') not in fitted models, using fallback
2025-11-29 17:04:08,388 - src.models.arihow - WARNING - Brand ('COUNTRY_9488', 'BRAND_A438') not in fitted models, using fallback
2025-11-29 17:04:08,392 - src.models.arihow - WARNING - Brand ('COUNTRY_9891', 'BRAND_0721') not in fitted models, using fallback
2025-11-29 17:04:08,399 - src.models.arihow - WARNING - Brand ('COUNTRY_9891', 'BRAND_118A') not in fitted models, using fallback
2025-11-29 17:04:08,404 - src.models.arihow - WARNING - Brand ('COUNTRY_9891', 'BRAND_26BF') not in fitted models, using fallback
2025-11-29 17:04:08,409 - src.models.arihow - WARNING - Brand ('COUNTRY_9891', 'BRAND_37DB') not in fitted models, using fallback
2025-11-29 17:04:08,416 - src.models.arihow - WARNING - Brand ('COUNTRY_9891', 'BRAND_41B7') not in fitted models, using fallback
2025-11-29 17:04:08,421 - src.models.arihow - WARNING - Brand ('COUNTRY_9891', 'BRAND_4AE5') not in fitted models, using fallback
2025-11-29 17:04:08,425 - src.models.arihow - WARNING - Brand ('COUNTRY_9891', 'BRAND_5077') not in fitted models, using fallback
2025-11-29 17:04:08,429 - src.models.arihow - WARNING - Brand ('COUNTRY_9891', 'BRAND_5CBB') not in fitted models, using fallback
2025-11-29 17:04:08,436 - src.models.arihow - WARNING - Brand ('COUNTRY_9891', 'BRAND_5F02') not in fitted models, using fallback
2025-11-29 17:04:08,440 - src.models.arihow - WARNING - Brand ('COUNTRY_9891', 'BRAND_6299') not in fitted models, using fallback
2025-11-29 17:04:08,445 - src.models.arihow - WARNING - Brand ('COUNTRY_9891', 'BRAND_825B') not in fitted models, using fallback
2025-11-29 17:04:08,449 - src.models.arihow - WARNING - Brand ('COUNTRY_9891', 'BRAND_9925') not in fitted models, using fallback
2025-11-29 17:04:08,456 - src.models.arihow - WARNING - Brand ('COUNTRY_9891', 'BRAND_C20B') not in fitted models, using fallback
2025-11-29 17:04:08,461 - src.models.arihow - WARNING - Brand ('COUNTRY_9891', 'BRAND_E7C2') not in fitted models, using fallback
2025-11-29 17:04:08,468 - src.models.arihow - WARNING - Brand ('COUNTRY_9891', 'BRAND_FB8A') not in fitted models, using fallback
2025-11-29 17:04:08,474 - src.models.arihow - WARNING - Brand ('COUNTRY_9891', 'BRAND_FF8F') not in fitted models, using fallback
2025-11-29 17:04:08,478 - src.models.arihow - WARNING - Brand ('COUNTRY_A67D', 'BRAND_0D48') not in fitted models, using fallback
2025-11-29 17:04:08,485 - src.models.arihow - WARNING - Brand ('COUNTRY_A67D', 'BRAND_12CD') not in fitted models, using fallback
2025-11-29 17:04:08,489 - src.models.arihow - WARNING - Brand ('COUNTRY_A67D', 'BRAND_6B3E') not in fitted models, using fallback
2025-11-29 17:04:08,493 - src.models.arihow - WARNING - Brand ('COUNTRY_A67D', 'BRAND_8907') not in fitted models, using fallback
2025-11-29 17:04:08,499 - src.models.arihow - WARNING - Brand ('COUNTRY_A67D', 'BRAND_9925') not in fitted models, using fallback
2025-11-29 17:04:08,505 - src.models.arihow - WARNING - Brand ('COUNTRY_A67D', 'BRAND_B137') not in fitted models, using fallback
2025-11-29 17:04:08,510 - src.models.arihow - WARNING - Brand ('COUNTRY_A67D', 'BRAND_E7D1') not in fitted models, using fallback
2025-11-29 17:04:08,516 - src.models.arihow - WARNING - Brand ('COUNTRY_A8F8', 'BRAND_01FD') not in fitted models, using fallback
2025-11-29 17:04:08,521 - src.models.arihow - WARNING - Brand ('COUNTRY_A8F8', 'BRAND_1DF6') not in fitted models, using fallback
2025-11-29 17:04:08,525 - src.models.arihow - WARNING - Brand ('COUNTRY_A8F8', 'BRAND_971A') not in fitted models, using fallback
2025-11-29 17:04:08,532 - src.models.arihow - WARNING - Brand ('COUNTRY_A8F8', 'BRAND_A999') not in fitted models, using fallback
2025-11-29 17:04:08,536 - src.models.arihow - WARNING - Brand ('COUNTRY_A8F8', 'BRAND_BA38') not in fitted models, using fallback
2025-11-29 17:04:08,541 - src.models.arihow - WARNING - Brand ('COUNTRY_A8F8', 'BRAND_F620') not in fitted models, using fallback
2025-11-29 17:04:08,545 - src.models.arihow - WARNING - Brand ('COUNTRY_A8F8', 'BRAND_FD42') not in fitted models, using fallback
2025-11-29 17:04:08,552 - src.models.arihow - WARNING - Brand ('COUNTRY_B6AE', 'BRAND_E7C2') not in fitted models, using fallback
2025-11-29 17:04:08,557 - src.models.arihow - WARNING - Brand ('COUNTRY_B835', 'BRAND_21AC') not in fitted models, using fallback
2025-11-29 17:04:08,561 - src.models.arihow - WARNING - Brand ('COUNTRY_B835', 'BRAND_9D9B') not in fitted models, using fallback
2025-11-29 17:04:08,566 - src.models.arihow - WARNING - Brand ('COUNTRY_B835', 'BRAND_BC1F') not in fitted models, using fallback
2025-11-29 17:04:08,574 - src.models.arihow - WARNING - Brand ('COUNTRY_C51E', 'BRAND_2096') not in fitted models, using fallback
2025-11-29 17:04:08,578 - src.models.arihow - WARNING - Brand ('COUNTRY_C51E', 'BRAND_3CB9') not in fitted models, using fallback
2025-11-29 17:04:08,585 - src.models.arihow - WARNING - Brand ('COUNTRY_C51E', 'BRAND_86A2') not in fitted models, using fallback
2025-11-29 17:04:08,590 - src.models.arihow - WARNING - Brand ('COUNTRY_C51E', 'BRAND_9D9B') not in fitted models, using fallback
2025-11-29 17:04:08,594 - src.models.arihow - WARNING - Brand ('COUNTRY_C89B', 'BRAND_0DC5') not in fitted models, using fallback
2025-11-29 17:04:08,602 - src.models.arihow - WARNING - Brand ('COUNTRY_C89B', 'BRAND_3E0C') not in fitted models, using fallback
2025-11-29 17:04:08,606 - src.models.arihow - WARNING - Brand ('COUNTRY_C89B', 'BRAND_5239') not in fitted models, using fallback
2025-11-29 17:04:08,610 - src.models.arihow - WARNING - Brand ('COUNTRY_C89B', 'BRAND_525E') not in fitted models, using fallback
2025-11-29 17:04:08,618 - src.models.arihow - WARNING - Brand ('COUNTRY_C89B', 'BRAND_52CE') not in fitted models, using fallback
2025-11-29 17:04:08,622 - src.models.arihow - WARNING - Brand ('COUNTRY_C89B', 'BRAND_76A8') not in fitted models, using fallback
2025-11-29 17:04:08,626 - src.models.arihow - WARNING - Brand ('COUNTRY_C89B', 'BRAND_7AE3') not in fitted models, using fallback
2025-11-29 17:04:08,633 - src.models.arihow - WARNING - Brand ('COUNTRY_C89B', 'BRAND_A438') not in fitted models, using fallback
2025-11-29 17:04:08,639 - src.models.arihow - WARNING - Brand ('COUNTRY_C89B', 'BRAND_A4D1') not in fitted models, using fallback
2025-11-29 17:04:08,643 - src.models.arihow - WARNING - Brand ('COUNTRY_C89B', 'BRAND_DA3D') not in fitted models, using fallback
2025-11-29 17:04:08,651 - src.models.arihow - WARNING - Brand ('COUNTRY_C89B', 'BRAND_F67E') not in fitted models, using fallback
2025-11-29 17:04:08,655 - src.models.arihow - WARNING - Brand ('COUNTRY_C8F4', 'BRAND_02D7') not in fitted models, using fallback
2025-11-29 17:04:08,660 - src.models.arihow - WARNING - Brand ('COUNTRY_C8F4', 'BRAND_0721') not in fitted models, using fallback
2025-11-29 17:04:08,665 - src.models.arihow - WARNING - Brand ('COUNTRY_C8F4', 'BRAND_09BA') not in fitted models, using fallback
2025-11-29 17:04:08,673 - src.models.arihow - WARNING - Brand ('COUNTRY_C8F4', 'BRAND_3CFF') not in fitted models, using fallback
2025-11-29 17:04:08,679 - src.models.arihow - WARNING - Brand ('COUNTRY_C8F4', 'BRAND_467B') not in fitted models, using fallback
2025-11-29 17:04:08,687 - src.models.arihow - WARNING - Brand ('COUNTRY_C8F4', 'BRAND_61B8') not in fitted models, using fallback
2025-11-29 17:04:08,692 - src.models.arihow - WARNING - Brand ('COUNTRY_C8F4', 'BRAND_8B73') not in fitted models, using fallback
2025-11-29 17:04:08,699 - src.models.arihow - WARNING - Brand ('COUNTRY_C8F4', 'BRAND_9D16') not in fitted models, using fallback
2025-11-29 17:04:08,704 - src.models.arihow - WARNING - Brand ('COUNTRY_D5B9', 'BRAND_0417') not in fitted models, using fallback
2025-11-29 17:04:08,711 - src.models.arihow - WARNING - Brand ('COUNTRY_D5B9', 'BRAND_04A2') not in fitted models, using fallback
2025-11-29 17:04:08,721 - src.models.arihow - WARNING - Brand ('COUNTRY_D5B9', 'BRAND_0D6D') not in fitted models, using fallback
2025-11-29 17:04:08,727 - src.models.arihow - WARNING - Brand ('COUNTRY_D5B9', 'BRAND_118A') not in fitted models, using fallback
2025-11-29 17:04:08,736 - src.models.arihow - WARNING - Brand ('COUNTRY_D5B9', 'BRAND_1C1E') not in fitted models, using fallback
2025-11-29 17:04:08,742 - src.models.arihow - WARNING - Brand ('COUNTRY_D5B9', 'BRAND_1DF6') not in fitted models, using fallback
2025-11-29 17:04:08,753 - src.models.arihow - WARNING - Brand ('COUNTRY_D5B9', 'BRAND_2096') not in fitted models, using fallback
2025-11-29 17:04:08,759 - src.models.arihow - WARNING - Brand ('COUNTRY_D5B9', 'BRAND_50AA') not in fitted models, using fallback
2025-11-29 17:04:08,766 - src.models.arihow - WARNING - Brand ('COUNTRY_D5B9', 'BRAND_52D7') not in fitted models, using fallback
2025-11-29 17:04:08,774 - src.models.arihow - WARNING - Brand ('COUNTRY_D5B9', 'BRAND_5D2C') not in fitted models, using fallback
2025-11-29 17:04:08,784 - src.models.arihow - WARNING - Brand ('COUNTRY_D5B9', 'BRAND_5F02') not in fitted models, using fallback
2025-11-29 17:04:08,791 - src.models.arihow - WARNING - Brand ('COUNTRY_D5B9', 'BRAND_76DA') not in fitted models, using fallback
2025-11-29 17:04:08,797 - src.models.arihow - WARNING - Brand ('COUNTRY_D5B9', 'BRAND_8E2A') not in fitted models, using fallback
2025-11-29 17:04:08,807 - src.models.arihow - WARNING - Brand ('COUNTRY_D5B9', 'BRAND_A118') not in fitted models, using fallback
2025-11-29 17:04:08,813 - src.models.arihow - WARNING - Brand ('COUNTRY_D5B9', 'BRAND_A218') not in fitted models, using fallback
2025-11-29 17:04:08,821 - src.models.arihow - WARNING - Brand ('COUNTRY_D5B9', 'BRAND_BEFA') not in fitted models, using fallback
2025-11-29 17:04:08,827 - src.models.arihow - WARNING - Brand ('COUNTRY_D5B9', 'BRAND_DAE8') not in fitted models, using fallback
2025-11-29 17:04:08,836 - src.models.arihow - WARNING - Brand ('COUNTRY_D5B9', 'BRAND_E7C2') not in fitted models, using fallback
2025-11-29 17:04:08,841 - src.models.arihow - WARNING - Brand ('COUNTRY_D5B9', 'BRAND_E80E') not in fitted models, using fallback
2025-11-29 17:04:08,847 - src.models.arihow - WARNING - Brand ('COUNTRY_D5B9', 'BRAND_F7B6') not in fitted models, using fallback
2025-11-29 17:04:08,855 - src.models.arihow - WARNING - Brand ('COUNTRY_D5B9', 'BRAND_FA98') not in fitted models, using fallback
2025-11-29 17:04:08,859 - src.models.arihow - WARNING - Brand ('COUNTRY_D6DA', 'BRAND_1D20') not in fitted models, using fallback
2025-11-29 17:04:08,869 - src.models.arihow - WARNING - Brand ('COUNTRY_D6DA', 'BRAND_2C3A') not in fitted models, using fallback
2025-11-29 17:04:08,874 - src.models.arihow - WARNING - Brand ('COUNTRY_D8B0', 'BRAND_0721') not in fitted models, using fallback
2025-11-29 17:04:08,879 - src.models.arihow - WARNING - Brand ('COUNTRY_D8B0', 'BRAND_1DF6') not in fitted models, using fallback
2025-11-29 17:04:08,887 - src.models.arihow - WARNING - Brand ('COUNTRY_D8B0', 'BRAND_3339') not in fitted models, using fallback
2025-11-29 17:04:08,892 - src.models.arihow - WARNING - Brand ('COUNTRY_D8B0', 'BRAND_37DB') not in fitted models, using fallback
2025-11-29 17:04:08,897 - src.models.arihow - WARNING - Brand ('COUNTRY_D8B0', 'BRAND_448B') not in fitted models, using fallback
2025-11-29 17:04:08,905 - src.models.arihow - WARNING - Brand ('COUNTRY_D8B0', 'BRAND_4656') not in fitted models, using fallback
2025-11-29 17:04:08,911 - src.models.arihow - WARNING - Brand ('COUNTRY_D8B0', 'BRAND_5375') not in fitted models, using fallback
2025-11-29 17:04:08,921 - src.models.arihow - WARNING - Brand ('COUNTRY_D8B0', 'BRAND_5D2C') not in fitted models, using fallback
2025-11-29 17:04:08,925 - src.models.arihow - WARNING - Brand ('COUNTRY_D8B0', 'BRAND_6B3E') not in fitted models, using fallback
2025-11-29 17:04:08,934 - src.models.arihow - WARNING - Brand ('COUNTRY_D8B0', 'BRAND_72C6') not in fitted models, using fallback
2025-11-29 17:04:08,939 - src.models.arihow - WARNING - Brand ('COUNTRY_D8B0', 'BRAND_748D') not in fitted models, using fallback
2025-11-29 17:04:08,944 - src.models.arihow - WARNING - Brand ('COUNTRY_D8B0', 'BRAND_8907') not in fitted models, using fallback
2025-11-29 17:04:08,952 - src.models.arihow - WARNING - Brand ('COUNTRY_D8B0', 'BRAND_9EFF') not in fitted models, using fallback
2025-11-29 17:04:08,957 - src.models.arihow - WARNING - Brand ('COUNTRY_D8B0', 'BRAND_A2CF') not in fitted models, using fallback
2025-11-29 17:04:08,962 - src.models.arihow - WARNING - Brand ('COUNTRY_D8B0', 'BRAND_A438') not in fitted models, using fallback
2025-11-29 17:04:08,971 - src.models.arihow - WARNING - Brand ('COUNTRY_D8B0', 'BRAND_A4D1') not in fitted models, using fallback
2025-11-29 17:04:08,974 - src.models.arihow - WARNING - Brand ('COUNTRY_D8B0', 'BRAND_ACB8') not in fitted models, using fallback
2025-11-29 17:04:08,980 - src.models.arihow - WARNING - Brand ('COUNTRY_D8B0', 'BRAND_D44D') not in fitted models, using fallback
2025-11-29 17:04:08,986 - src.models.arihow - WARNING - Brand ('COUNTRY_D8B0', 'BRAND_DB48') not in fitted models, using fallback
2025-11-29 17:04:08,991 - src.models.arihow - WARNING - Brand ('COUNTRY_D8B0', 'BRAND_E356') not in fitted models, using fallback
2025-11-29 17:04:08,995 - src.models.arihow - WARNING - Brand ('COUNTRY_D8B0', 'BRAND_ED8D') not in fitted models, using fallback
2025-11-29 17:04:09,003 - src.models.arihow - WARNING - Brand ('COUNTRY_EA71', 'BRAND_1147') not in fitted models, using fallback
2025-11-29 17:04:09,007 - src.models.arihow - WARNING - Brand ('COUNTRY_EA71', 'BRAND_1C1E') not in fitted models, using fallback
2025-11-29 17:04:09,012 - src.models.arihow - WARNING - Brand ('COUNTRY_EA71', 'BRAND_3E0A') not in fitted models, using fallback
2025-11-29 17:04:09,019 - src.models.arihow - WARNING - Brand ('COUNTRY_EA71', 'BRAND_4185') not in fitted models, using fallback
2025-11-29 17:04:09,023 - src.models.arihow - WARNING - Brand ('COUNTRY_EA71', 'BRAND_568F') not in fitted models, using fallback
2025-11-29 17:04:09,027 - src.models.arihow - WARNING - Brand ('COUNTRY_EA71', 'BRAND_596C') not in fitted models, using fallback
2025-11-29 17:04:09,035 - src.models.arihow - WARNING - Brand ('COUNTRY_EA71', 'BRAND_8AE4') not in fitted models, using fallback
2025-11-29 17:04:09,039 - src.models.arihow - WARNING - Brand ('COUNTRY_EA71', 'BRAND_8B73') not in fitted models, using fallback
2025-11-29 17:04:09,043 - src.models.arihow - WARNING - Brand ('COUNTRY_EA71', 'BRAND_8E2A') not in fitted models, using fallback
2025-11-29 17:04:09,048 - src.models.arihow - WARNING - Brand ('COUNTRY_EA71', 'BRAND_9CAB') not in fitted models, using fallback
2025-11-29 17:04:09,054 - src.models.arihow - WARNING - Brand ('COUNTRY_EA71', 'BRAND_A2CF') not in fitted models, using fallback
2025-11-29 17:04:09,058 - src.models.arihow - WARNING - Brand ('COUNTRY_EA71', 'BRAND_AC8E') not in fitted models, using fallback
2025-11-29 17:04:09,062 - src.models.arihow - WARNING - Brand ('COUNTRY_EA71', 'BRAND_B137') not in fitted models, using fallback
2025-11-29 17:04:09,069 - src.models.arihow - WARNING - Brand ('COUNTRY_EA71', 'BRAND_B14B') not in fitted models, using fallback
2025-11-29 17:04:09,073 - src.models.arihow - WARNING - Brand ('COUNTRY_EA71', 'BRAND_BC62') not in fitted models, using fallback
2025-11-29 17:04:09,078 - src.models.arihow - WARNING - Brand ('COUNTRY_EA71', 'BRAND_F62A') not in fitted models, using fallback
2025-11-29 17:04:09,085 - src.models.arihow - WARNING - Brand ('COUNTRY_EF33', 'BRAND_20BB') not in fitted models, using fallback
2025-11-29 17:04:09,089 - src.models.arihow - WARNING - Brand ('COUNTRY_EF33', 'BRAND_7CFC') not in fitted models, using fallback
2025-11-29 17:04:09,094 - src.models.arihow - WARNING - Brand ('COUNTRY_EF33', 'BRAND_ED76') not in fitted models, using fallback
2025-11-29 17:04:09,100 - src.models.arihow - WARNING - Brand ('COUNTRY_EF33', 'BRAND_F823') not in fitted models, using fallback
2025-11-29 17:04:09,105 - src.models.arihow - WARNING - Brand ('COUNTRY_F75D', 'BRAND_09B1') not in fitted models, using fallback
2025-11-29 17:04:09,109 - src.models.arihow - WARNING - Brand ('COUNTRY_F75D', 'BRAND_0E75') not in fitted models, using fallback
2025-11-29 17:04:09,113 - src.models.arihow - WARNING - Brand ('COUNTRY_F75D', 'BRAND_1505') not in fitted models, using fallback
2025-11-29 17:04:09,118 - src.models.arihow - WARNING - Brand ('COUNTRY_F75D', 'BRAND_1A08') not in fitted models, using fallback
2025-11-29 17:04:09,124 - src.models.arihow - WARNING - Brand ('COUNTRY_F75D', 'BRAND_25E3') not in fitted models, using fallback
2025-11-29 17:04:09,129 - src.models.arihow - WARNING - Brand ('COUNTRY_F75D', 'BRAND_26BF') not in fitted models, using fallback
2025-11-29 17:04:09,136 - src.models.arihow - WARNING - Brand ('COUNTRY_F75D', 'BRAND_3A8E') not in fitted models, using fallback
2025-11-29 17:04:09,141 - src.models.arihow - WARNING - Brand ('COUNTRY_F75D', 'BRAND_3E0C') not in fitted models, using fallback
2025-11-29 17:04:09,145 - src.models.arihow - WARNING - Brand ('COUNTRY_F75D', 'BRAND_40F3') not in fitted models, using fallback
2025-11-29 17:04:09,153 - src.models.arihow - WARNING - Brand ('COUNTRY_F75D', 'BRAND_6463') not in fitted models, using fallback
2025-11-29 17:04:09,157 - src.models.arihow - WARNING - Brand ('COUNTRY_F75D', 'BRAND_922E') not in fitted models, using fallback
2025-11-29 17:04:09,162 - src.models.arihow - WARNING - Brand ('COUNTRY_F75D', 'BRAND_953D') not in fitted models, using fallback
2025-11-29 17:04:09,171 - src.models.arihow - WARNING - Brand ('COUNTRY_F75D', 'BRAND_BDE9') not in fitted models, using fallback
2025-11-29 17:04:09,175 - src.models.arihow - WARNING - Brand ('COUNTRY_F75D', 'BRAND_CA2D') not in fitted models, using fallback
2025-11-29 17:04:09,182 - src.models.arihow - WARNING - Brand ('COUNTRY_F75D', 'BRAND_D064') not in fitted models, using fallback
2025-11-29 17:04:09,187 - src.models.arihow - WARNING - Brand ('COUNTRY_F75D', 'BRAND_D069') not in fitted models, using fallback
2025-11-29 17:04:09,191 - src.models.arihow - WARNING - Brand ('COUNTRY_F75D', 'BRAND_E170') not in fitted models, using fallback
2025-11-29 17:04:09,195 - src.models.arihow - WARNING - Brand ('COUNTRY_F75D', 'BRAND_E356') not in fitted models, using fallback
2025-11-29 17:04:09,203 - src.models.arihow - WARNING - Brand ('COUNTRY_FA79', 'BRAND_0997') not in fitted models, using fallback
2025-11-29 17:04:09,206 - src.models.arihow - WARNING - Brand ('COUNTRY_FA79', 'BRAND_1147') not in fitted models, using fallback
2025-11-29 17:04:09,211 - src.models.arihow - WARNING - Brand ('COUNTRY_FA79', 'BRAND_41B7') not in fitted models, using fallback
2025-11-29 17:04:09,218 - src.models.arihow - WARNING - Brand ('COUNTRY_FA79', 'BRAND_467B') not in fitted models, using fallback
2025-11-29 17:04:09,222 - src.models.arihow - WARNING - Brand ('COUNTRY_FA79', 'BRAND_6299') not in fitted models, using fallback
2025-11-29 17:04:09,227 - src.models.arihow - WARNING - Brand ('COUNTRY_FA79', 'BRAND_CF7C') not in fitted models, using fallback
2025-11-29 17:04:09,233 - src.models.arihow - WARNING - Brand ('COUNTRY_FA79', 'BRAND_F22A') not in fitted models, using fallback
2025-11-29 17:04:10,214 - __main__ - INFO - Validation metrics: Official=1.2069, RMSE=0.6722, MAE=0.6026
2025-11-29 17:04:10,214 - __main__ - INFO - Training time: 68.81 seconds
2025-11-29 17:04:56,514 - __main__ - INFO - Model saved to /Users/armanfeili/code/New Projects/novartis_datathon_2025/artifacts/2025-11-29_17-02_arihow_scenario1/model_1.bin
2025-11-29 17:04:56,527 - __main__ - INFO - Experiment 2025-11-29_17-02_arihow_scenario1 completed. Artifacts saved to /Users/armanfeili/code/New Projects/novartis_datathon_2025/artifacts/2025-11-29_17-02_arihow_scenario1
