2025-11-30 08:55:32,340 - __main__ - INFO - Starting experiment: 2025-11-30_08-55_catboost_scenario1
2025-11-30 08:55:32,402 - __main__ - INFO - Config snapshot saved to /Users/armanfeili/code/New Projects/novartis_datathon_2025/artifacts/2025-11-30_08-55_catboost_scenario1/configs (hash: cde2160f)
2025-11-30 08:55:32,402 - __main__ - INFO - Config hash: cde2160f
2025-11-30 08:55:32,429 - src.utils - INFO - [Load features (cached)] starting...
2025-11-30 08:55:32,429 - src.utils - INFO - [Load cached features for train S1 train] starting...
2025-11-30 08:55:32,430 - src.features - INFO - Loading cached features from /Users/armanfeili/code/New Projects/novartis_datathon_2025/data/processed/features_train_s1_train.parquet
2025-11-30 08:55:32,598 - src.features - INFO - Loaded X: (46872, 87), y: 46872
2025-11-30 08:55:32,598 - src.utils - INFO - [Load cached features for train S1 train] done in 0.169s
2025-11-30 08:55:32,632 - src.utils - INFO - [Load cached train panel] starting...
2025-11-30 08:55:32,632 - src.data - INFO - Loading cached panel from /Users/armanfeili/code/New Projects/novartis_datathon_2025/data/interim/panel_train.parquet
2025-11-30 08:55:32,670 - src.data - INFO - Loaded 93,744 rows, 19 columns
2025-11-30 08:55:32,670 - src.utils - INFO - [Load cached train panel] done in 0.038s
2025-11-30 08:55:32,670 - src.utils - INFO - [Load features (cached)] done in 0.241s
2025-11-30 08:55:32,670 - src.utils - INFO - [Create validation split] starting...
2025-11-30 08:55:32,708 - src.validation - WARNING - Grouping 1 rare stratification classes (< 195 series each, 130 series total) into 'OTHER'
2025-11-30 08:55:32,716 - src.validation - INFO - 'OTHER' class now contains 130 series
2025-11-30 08:55:32,916 - src.validation - INFO - Train series: 1562, Val series: 391
2025-11-30 08:55:32,916 - src.validation - INFO - Train rows: 37,488, Val rows: 9,384
2025-11-30 08:55:32,918 - src.validation - INFO - Train bucket distribution:
bucket
2    0.933419
1    0.066581
2025-11-30 08:55:32,918 - src.validation - INFO - Val bucket distribution:
bucket
2    0.933504
1    0.066496
2025-11-30 08:55:32,937 - src.utils - INFO - [Create validation split] done in 0.266s
2025-11-30 08:55:32,973 - __main__ - INFO - Features: 86 columns
2025-11-30 08:55:32,973 - __main__ - INFO - Meta: 9 columns: ['country', 'brand_name', 'months_postgx', 'bucket', 'avg_vol_12m', 'y_norm', 'volume', 'mean_erosion', 'month']
2025-11-30 08:55:32,982 - __main__ - INFO - Features: 86 columns
2025-11-30 08:55:32,983 - __main__ - INFO - Meta: 9 columns: ['country', 'brand_name', 'months_postgx', 'bucket', 'avg_vol_12m', 'y_norm', 'volume', 'mean_erosion', 'month']
