2025-11-30 10:16:46,205 - src.train - INFO - Starting experiment: catboost_bonus_all_20251130_101646_s1
2025-11-30 10:16:46,253 - src.train - INFO - Config snapshot saved to /Users/armanfeili/code/New Projects/novartis_datathon_2025/artifacts/catboost_bonus_all_20251130_101646_s1/configs (hash: bcc22caf)
2025-11-30 10:16:46,253 - src.train - INFO - Config hash: bcc22caf
2025-11-30 10:16:46,278 - src.utils - INFO - [Load features (cached)] starting...
2025-11-30 10:16:46,278 - src.features - INFO - Building features for train S1 train...
2025-11-30 10:16:46,278 - src.data - INFO - Building train panel from raw data...
2025-11-30 10:16:46,279 - src.utils - INFO - [Load train data] starting...
2025-11-30 10:16:46,279 - src.data - INFO - Loading volume from /Users/armanfeili/code/New Projects/novartis_datathon_2025/data/raw/TRAIN/df_volume_train.csv
2025-11-30 10:16:46,369 - src.data - INFO - === train/volume Statistics ===
2025-11-30 10:16:46,370 - src.data - INFO -   Shape: 93,744 rows × 5 columns
2025-11-30 10:16:46,387 - src.data - INFO -   No missing values
2025-11-30 10:16:46,404 - src.data - INFO -   Unique series: 1,953
2025-11-30 10:16:46,405 - src.data - INFO -   months_postgx range: [-24, 23]
2025-11-30 10:16:46,407 - src.data - INFO - Loading generics from /Users/armanfeili/code/New Projects/novartis_datathon_2025/data/raw/TRAIN/df_generics_train.csv
2025-11-30 10:16:46,437 - src.data - INFO - === train/generics Statistics ===
2025-11-30 10:16:46,438 - src.data - INFO -   Shape: 46,872 rows × 4 columns
2025-11-30 10:16:46,444 - src.data - INFO -   Missing values:
2025-11-30 10:16:46,444 - src.data - INFO -     n_gxs: 26.3%
2025-11-30 10:16:46,458 - src.data - INFO -   Unique series: 1,953
2025-11-30 10:16:46,458 - src.data - INFO -   months_postgx range: [0, 23]
2025-11-30 10:16:46,459 - src.data - INFO - Loading medicine_info from /Users/armanfeili/code/New Projects/novartis_datathon_2025/data/raw/TRAIN/df_medicine_info_train.csv
2025-11-30 10:16:46,465 - src.data - INFO - === train/medicine_info Statistics ===
2025-11-30 10:16:46,466 - src.data - INFO -   Shape: 1,953 rows × 7 columns
2025-11-30 10:16:46,467 - src.data - INFO -   Missing values:
2025-11-30 10:16:46,468 - src.data - INFO -     hospital_rate: 3.3%
2025-11-30 10:16:46,470 - src.data - INFO -   Unique series: 1,953
2025-11-30 10:16:46,470 - src.utils - INFO - [Load train data] done in 0.192s
2025-11-30 10:16:46,470 - src.utils - INFO - [Build base panel] starting...
2025-11-30 10:16:46,470 - src.data - INFO - Input shapes: volume=(93744, 5), generics=(46872, 4), medicine_info=(1953, 7)
2025-11-30 10:16:46,523 - src.data - INFO - After volume-generics merge: 93,744 rows
2025-11-30 10:16:46,561 - src.data - INFO - After medicine_info merge: 93,744 rows
2025-11-30 10:16:46,627 - src.data - INFO - === Base Panel Statistics ===
2025-11-30 10:16:46,627 - src.data - INFO -   Shape: 93,744 rows × 11 columns
2025-11-30 10:16:46,652 - src.data - INFO -   Missing values:
2025-11-30 10:16:46,652 - src.data - INFO -     n_gxs: 63.2%
2025-11-30 10:16:46,652 - src.data - INFO -     hospital_rate: 3.3%
2025-11-30 10:16:46,668 - src.data - INFO -   Unique series: 1,953
2025-11-30 10:16:46,669 - src.data - INFO -   months_postgx range: [-24, 23]
2025-11-30 10:16:46,672 - src.utils - INFO - [Build base panel] done in 0.202s
2025-11-30 10:16:46,673 - src.utils - INFO - [Handle missing values] starting...
2025-11-30 10:16:46,694 - src.data - INFO - n_gxs: filled 59208 missing values
2025-11-30 10:16:46,815 - src.data - INFO - hospital_rate: filled with ther_area medians, flag added
2025-11-30 10:16:46,884 - src.data - INFO - No missing values remaining
2025-11-30 10:16:46,885 - src.utils - INFO - [Handle missing values] done in 0.212s
2025-11-30 10:16:46,887 - src.utils - INFO - [Compute pre-entry stats] starting...
2025-11-30 10:16:47,008 - src.data - INFO - avg_vol_12m distribution:
2025-11-30 10:16:47,009 - src.data - INFO -   Range: [37.72, 371038791.09]
2025-11-30 10:16:47,010 - src.data - INFO -   Median: 131382.32
2025-11-30 10:16:47,011 - src.data - INFO -   Mean: 2439028.31
2025-11-30 10:16:47,047 - src.data - INFO - Bucket classification using threshold=0.25
2025-11-30 10:16:47,137 - src.data - INFO - Bucket distribution (train):
2025-11-30 10:16:47,137 - src.data - INFO -   Bucket 1: 130 series (6.7%)
2025-11-30 10:16:47,137 - src.data - INFO -   Bucket 2: 1,823 series (93.3%)
2025-11-30 10:16:47,137 - src.data - INFO - y_norm distribution (train):
2025-11-30 10:16:47,138 - src.data - INFO -   Range: [0.000, 43.792]
2025-11-30 10:16:47,140 - src.data - INFO -   Median: 0.871
2025-11-30 10:16:47,141 - src.data - INFO -   Mean: 0.800
2025-11-30 10:16:47,143 - src.data - WARNING - y_norm.y_norm: 18 values above 5
2025-11-30 10:16:47,143 - src.utils - INFO - [Compute pre-entry stats] done in 0.256s
2025-11-30 10:16:47,164 - src.data - INFO - Panel schema validation passed for train (93,744 rows)
2025-11-30 10:16:47,170 - src.features - INFO - Applying data augmentation to training panel
2025-11-30 10:16:54,743 - src.data - INFO - Augmentation applied: jitter=5.00%, drop_prob=5.00%
2025-11-30 10:16:54,777 - src.utils - INFO - [Feature engineering - Scenario 1] starting...
2025-11-30 10:16:54,911 - src.features - WARNING - No pre-entry data for seasonal features, skipping
2025-11-30 10:16:55,592 - src.features - INFO - Total features created: 79
2025-11-30 10:16:55,593 - src.utils - INFO - [Feature engineering - Scenario 1] done in 0.816s
2025-11-30 10:16:55,717 - src.features - INFO - Selected 44,499 rows for 1 (months 0-23)
2025-11-30 10:16:55,734 - src.features - WARNING - Feature leakage detected: LEAKAGE: Forbidden column present: country
2025-11-30 10:16:55,735 - src.features - WARNING - Feature leakage detected: LEAKAGE: Forbidden column present: volume
2025-11-30 10:16:55,735 - src.features - WARNING - Feature leakage detected: LEAKAGE: Forbidden column present: y_norm
2025-11-30 10:16:55,735 - src.features - WARNING - Feature leakage detected: LEAKAGE: Forbidden column present: brand_name
2025-11-30 10:16:55,735 - src.features - WARNING - Feature leakage detected: LEAKAGE: Forbidden column present: mean_erosion
2025-11-30 10:16:55,735 - src.features - WARNING - Feature leakage detected: LEAKAGE: Forbidden column present: bucket
2025-11-30 10:16:55,794 - src.data - INFO - Data leakage audit passed for scenario 1, mode train
2025-11-30 10:16:55,807 - src.features - ERROR - Feature matrix validation failed: Feature matrix has all-NaN columns: ['first_generic_month']...
2025-11-30 10:16:55,807 - src.features - INFO - Built features: X=(44499, 76), y=44499, meta=(44499, 9)
2025-11-30 10:16:55,840 - src.utils - INFO - [Load cached train panel] starting...
2025-11-30 10:16:55,841 - src.data - INFO - Loading cached panel from /Users/armanfeili/code/New Projects/novartis_datathon_2025/data/interim/panel_train.parquet
2025-11-30 10:16:55,948 - src.data - INFO - Loaded 93,744 rows, 19 columns
2025-11-30 10:16:55,948 - src.utils - INFO - [Load cached train panel] done in 0.108s
2025-11-30 10:16:55,948 - src.utils - INFO - [Load features (cached)] done in 9.670s
2025-11-30 10:16:55,948 - src.utils - INFO - [Create validation split] starting...
2025-11-30 10:16:55,962 - src.validation - WARNING - Grouping 1 rare stratification classes (< 195 series each, 130 series total) into 'OTHER'
2025-11-30 10:16:55,965 - src.validation - INFO - 'OTHER' class now contains 130 series
2025-11-30 10:16:56,146 - src.validation - INFO - Train series: 1562, Val series: 391
2025-11-30 10:16:56,146 - src.validation - INFO - Train rows: 35,636, Val rows: 8,863
2025-11-30 10:16:56,148 - src.validation - INFO - Train bucket distribution:
bucket
2    0.933419
1    0.066581
2025-11-30 10:16:56,149 - src.validation - INFO - Val bucket distribution:
bucket
2    0.933504
1    0.066496
2025-11-30 10:16:56,189 - src.utils - INFO - [Create validation split] done in 0.241s
2025-11-30 10:16:56,232 - src.train - INFO - Features: 75 columns
2025-11-30 10:16:56,233 - src.train - INFO - Meta: 9 columns: ['country', 'brand_name', 'months_postgx', 'bucket', 'avg_vol_12m', 'y_norm', 'volume', 'mean_erosion', 'month']
2025-11-30 10:16:56,242 - src.train - INFO - Features: 75 columns
2025-11-30 10:16:56,243 - src.train - INFO - Meta: 9 columns: ['country', 'brand_name', 'months_postgx', 'bucket', 'avg_vol_12m', 'y_norm', 'volume', 'mean_erosion', 'month']
2025-11-30 10:16:56,298 - src.train - INFO - Multi-seed experiment enabled
2025-11-30 10:16:56,299 - src.train - INFO - Training with seed 42...
2025-11-30 10:16:56,315 - src.train - INFO - Applied target transform: log1p
2025-11-30 10:16:57,289 - src.train - INFO - Sample weights - min: 0.58, max: 3.46, mean: 1.00
2025-11-30 10:16:57,308 - src.utils - INFO - [Train catboost for scenario 1] starting...
2025-11-30 10:16:57,311 - src.models.cat_model - INFO - Auto-detected 2 categorical features
2025-11-30 10:17:09,405 - src.models.cat_model - INFO - CatBoost trained for 571 iterations
2025-11-30 10:17:09,405 - src.utils - INFO - [Train catboost for scenario 1] done in 12.097s
2025-11-30 10:17:10,892 - src.train - INFO - Validation metrics: Official=0.6743, RMSE=0.2004, MAE=0.1579
2025-11-30 10:17:10,892 - src.train - INFO - Training time: 12.12 seconds
2025-11-30 10:17:10,900 - src.models.cat_model - INFO - Model saved to /Users/armanfeili/code/New Projects/novartis_datathon_2025/artifacts/catboost_bonus_all_20251130_101646_s1/seed_42/model.bin.cbm with metadata
2025-11-30 10:17:10,900 - src.train - INFO - Seed 42: Official=0.6743
2025-11-30 10:17:10,900 - src.train - INFO - Training with seed 2025...
2025-11-30 10:17:10,902 - src.train - INFO - Applied target transform: log1p
2025-11-30 10:17:10,911 - src.train - INFO - Sample weights - min: 0.58, max: 3.46, mean: 1.00
2025-11-30 10:17:10,933 - src.utils - INFO - [Train catboost for scenario 1] starting...
2025-11-30 10:17:10,936 - src.models.cat_model - INFO - Auto-detected 2 categorical features
2025-11-30 10:17:19,496 - src.models.cat_model - INFO - CatBoost trained for 247 iterations
2025-11-30 10:17:19,497 - src.utils - INFO - [Train catboost for scenario 1] done in 8.564s
2025-11-30 10:17:21,201 - src.train - INFO - Validation metrics: Official=0.7182, RMSE=0.1933, MAE=0.1508
2025-11-30 10:17:21,201 - src.train - INFO - Training time: 8.59 seconds
2025-11-30 10:17:21,208 - src.models.cat_model - INFO - Model saved to /Users/armanfeili/code/New Projects/novartis_datathon_2025/artifacts/catboost_bonus_all_20251130_101646_s1/seed_2025/model.bin.cbm with metadata
2025-11-30 10:17:21,209 - src.train - INFO - Seed 2025: Official=0.7182
2025-11-30 10:17:21,209 - src.train - INFO - Training with seed 1337...
2025-11-30 10:17:21,212 - src.train - INFO - Applied target transform: log1p
2025-11-30 10:17:21,228 - src.train - INFO - Sample weights - min: 0.58, max: 3.46, mean: 1.00
2025-11-30 10:17:21,260 - src.utils - INFO - [Train catboost for scenario 1] starting...
2025-11-30 10:17:21,265 - src.models.cat_model - INFO - Auto-detected 2 categorical features
2025-11-30 10:17:32,380 - src.models.cat_model - INFO - CatBoost trained for 501 iterations
2025-11-30 10:17:32,381 - src.utils - INFO - [Train catboost for scenario 1] done in 11.121s
2025-11-30 10:17:33,349 - src.train - INFO - Validation metrics: Official=0.6814, RMSE=0.1998, MAE=0.1569
2025-11-30 10:17:33,349 - src.train - INFO - Training time: 11.15 seconds
2025-11-30 10:17:33,354 - src.models.cat_model - INFO - Model saved to /Users/armanfeili/code/New Projects/novartis_datathon_2025/artifacts/catboost_bonus_all_20251130_101646_s1/seed_1337/model.bin.cbm with metadata
2025-11-30 10:17:33,355 - src.train - INFO - Seed 1337: Official=0.6814
2025-11-30 10:17:33,358 - src.train - INFO - Saved multi-seed summary to /Users/armanfeili/code/New Projects/novartis_datathon_2025/artifacts/catboost_bonus_all_20251130_101646_s1/multi_seed_summary.csv
2025-11-30 10:17:33,358 - src.train - INFO - Multi-seed results:
2025-11-30 10:17:33,359 - src.train - INFO -   Mean official metric: 0.6913
2025-11-30 10:17:33,359 - src.train - INFO -   Std official metric: 0.0236
2025-11-30 10:17:33,359 - src.train - INFO -   Best seed: 42
2025-11-30 10:17:33,360 - src.train - INFO - Best seed: 42
2025-11-30 10:17:33,361 - src.train - INFO - Applied target transform: log1p
2025-11-30 10:17:33,371 - src.train - INFO - Sample weights - min: 0.58, max: 3.46, mean: 1.00
2025-11-30 10:17:33,388 - src.utils - INFO - [Train catboost for scenario 1] starting...
2025-11-30 10:17:33,391 - src.models.cat_model - INFO - Auto-detected 2 categorical features
2025-11-30 10:17:43,498 - src.models.cat_model - INFO - CatBoost trained for 571 iterations
2025-11-30 10:17:43,498 - src.utils - INFO - [Train catboost for scenario 1] done in 10.110s
2025-11-30 10:17:44,844 - src.train - INFO - Validation metrics: Official=0.6743, RMSE=0.2004, MAE=0.1579
2025-11-30 10:17:44,844 - src.train - INFO - Training time: 10.13 seconds
2025-11-30 10:17:44,850 - src.train - INFO - Fitting calibration parameters
2025-11-30 10:17:44,894 - src.train - INFO - Saved calibration parameters to /Users/armanfeili/code/New Projects/novartis_datathon_2025/artifacts/catboost_bonus_all_20251130_101646_s1/calibration_params.json
2025-11-30 10:17:44,896 - src.train - INFO - Calibration parameters fitted for 6 groups
2025-11-30 10:17:44,896 - src.train - INFO - Fitting bias corrections
2025-11-30 10:17:44,951 - src.train - INFO - Merged group columns from panel: ['ther_area']
2025-11-30 10:17:45,019 - src.train - INFO - Saved bias corrections to /Users/armanfeili/code/New Projects/novartis_datathon_2025/artifacts/catboost_bonus_all_20251130_101646_s1/bias_corrections.json
2025-11-30 10:17:45,020 - src.train - INFO - Bias corrections fitted for 241 groups
2025-11-30 10:17:45,026 - src.models.cat_model - INFO - Model saved to /Users/armanfeili/code/New Projects/novartis_datathon_2025/artifacts/catboost_bonus_all_20251130_101646_s1/model_1.bin.cbm with metadata
2025-11-30 10:17:45,026 - src.train - INFO - Model saved to /Users/armanfeili/code/New Projects/novartis_datathon_2025/artifacts/catboost_bonus_all_20251130_101646_s1/model_1.bin
2025-11-30 10:17:45,026 - src.train - INFO - Target transform parameters saved to /Users/armanfeili/code/New Projects/novartis_datathon_2025/artifacts/catboost_bonus_all_20251130_101646_s1/target_transform_params_1.json
2025-11-30 10:17:45,036 - src.train - INFO - Experiment catboost_bonus_all_20251130_101646_s1 completed. Artifacts saved to /Users/armanfeili/code/New Projects/novartis_datathon_2025/artifacts/catboost_bonus_all_20251130_101646_s1
2025-11-30 10:17:45,080 - src.utils - INFO - [Scenario 1 Training] done in 58.915s
2025-11-30 10:17:45,081 - __main__ - INFO - ================================================================================
2025-11-30 10:17:45,081 - __main__ - INFO - ✅ Scenario 1 Training Complete
2025-11-30 10:17:45,081 - __main__ - INFO -    Official Metric: 0.674300
2025-11-30 10:17:45,081 - __main__ - INFO -    RMSE (norm): 0.200359
2025-11-30 10:17:45,081 - __main__ - INFO -    MAE (norm): 0.157855
2025-11-30 10:17:45,082 - __main__ - INFO -    Artifacts: /Users/armanfeili/code/New Projects/novartis_datathon_2025/artifacts/catboost_bonus_all_20251130_101646_s1
2025-11-30 10:17:45,082 - __main__ - INFO - ================================================================================
2025-11-30 10:17:45,082 - __main__ - INFO - 
================================================================================
2025-11-30 10:17:45,082 - __main__ - INFO - [2/3] Training Scenario 2
2025-11-30 10:17:45,082 - __main__ - INFO - ================================================================================
2025-11-30 10:17:45,083 - __main__ - INFO - ================================================================================
2025-11-30 10:17:45,083 - __main__ - INFO - Training Scenario 2
2025-11-30 10:17:45,083 - __main__ - INFO - ================================================================================
2025-11-30 10:17:45,083 - __main__ - INFO - Config: configs/run_bonus_all.yaml
2025-11-30 10:17:45,084 - __main__ - INFO - Run Name: catboost_bonus_all_20251130_101646
2025-11-30 10:17:45,084 - src.utils - INFO - [Scenario 2 Training] starting...
