2025-11-29 16:44:09,627 - __main__ - INFO - Starting experiment: 2025-11-29_16-44_linear_scenario2
2025-11-29 16:44:09,679 - __main__ - INFO - Config snapshot saved to /Users/armanfeili/code/New Projects/novartis_datathon_2025/artifacts/2025-11-29_16-44_linear_scenario2/configs (hash: 5679d2dc)
2025-11-29 16:44:09,679 - __main__ - INFO - Config hash: 5679d2dc
2025-11-29 16:44:09,709 - src.utils - INFO - [Load features (cached)] starting...
2025-11-29 16:44:09,710 - src.utils - INFO - [Load cached features for train S2 train] starting...
2025-11-29 16:44:09,710 - src.features - INFO - Loading cached features from /Users/armanfeili/code/New Projects/novartis_datathon_2025/data/processed/features_train_s2_train.parquet
2025-11-29 16:44:09,792 - src.features - INFO - Loaded X: (35154, 99), y: 35154
2025-11-29 16:44:09,792 - src.utils - INFO - [Load cached features for train S2 train] done in 0.082s
2025-11-29 16:44:09,812 - src.utils - INFO - [Load cached train panel] starting...
2025-11-29 16:44:09,812 - src.data - INFO - Loading cached panel from /Users/armanfeili/code/New Projects/novartis_datathon_2025/data/interim/panel_train.parquet
2025-11-29 16:44:09,826 - src.data - INFO - Loaded 93,744 rows, 19 columns
2025-11-29 16:44:09,826 - src.utils - INFO - [Load cached train panel] done in 0.014s
2025-11-29 16:44:09,827 - src.utils - INFO - [Load features (cached)] done in 0.118s
2025-11-29 16:44:09,827 - src.utils - INFO - [Create validation split] starting...
2025-11-29 16:44:09,841 - src.validation - WARNING - Grouping 1 rare stratification classes (< 195 series) into 'OTHER'
2025-11-29 16:44:09,934 - src.validation - INFO - Train series: 1562, Val series: 391
2025-11-29 16:44:09,935 - src.validation - INFO - Train rows: 28,116, Val rows: 7,038
2025-11-29 16:44:09,936 - src.validation - INFO - Train bucket distribution:
bucket
2    0.933419
1    0.066581
2025-11-29 16:44:09,937 - src.validation - INFO - Val bucket distribution:
bucket
2    0.933504
1    0.066496
2025-11-29 16:44:09,937 - src.utils - INFO - [Create validation split] done in 0.110s
2025-11-29 16:44:09,970 - __main__ - INFO - Features: 101 columns
2025-11-29 16:44:09,970 - __main__ - INFO - Meta: 9 columns
2025-11-29 16:44:09,977 - __main__ - INFO - Features: 101 columns
2025-11-29 16:44:09,978 - __main__ - INFO - Meta: 9 columns
2025-11-29 16:44:10,113 - __main__ - INFO - Sample weights - min: 0.63, max: 3.13, mean: 1.00
2025-11-29 16:44:10,113 - src.utils - INFO - [Train linear for scenario 2] starting...
2025-11-29 16:44:10,235 - src.models.linear - INFO - LinearModel: Dropping categorical columns: ['main_package', 'ther_area', 'n_gxs_bin', 'hospital_rate_bin']
2025-11-29 16:44:10,691 - src.utils - INFO - [Train linear for scenario 2] done in 0.577s
2025-11-29 16:44:11,546 - __main__ - INFO - Validation metrics: Official=0.2873, RMSE=0.2063, MAE=0.1328
2025-11-29 16:44:11,546 - __main__ - INFO - Training time: 0.58 seconds
2025-11-29 16:44:11,548 - __main__ - INFO - Model saved to /Users/armanfeili/code/New Projects/novartis_datathon_2025/artifacts/2025-11-29_16-44_linear_scenario2/model_2.bin
2025-11-29 16:44:11,554 - __main__ - INFO - Experiment 2025-11-29_16-44_linear_scenario2 completed. Artifacts saved to /Users/armanfeili/code/New Projects/novartis_datathon_2025/artifacts/2025-11-29_16-44_linear_scenario2
