2025-11-30 10:11:13,604 - src.train - INFO - Starting experiment: catboost_bonus_all_20251130_101113_s1
2025-11-30 10:11:13,713 - src.train - INFO - Config snapshot saved to /Users/armanfeili/code/New Projects/novartis_datathon_2025/artifacts/catboost_bonus_all_20251130_101113_s1/configs (hash: bcc22caf)
2025-11-30 10:11:13,713 - src.train - INFO - Config hash: bcc22caf
2025-11-30 10:11:13,762 - src.utils - INFO - [Load features (cached)] starting...
2025-11-30 10:11:13,763 - src.features - INFO - Building features for train S1 train...
2025-11-30 10:11:13,763 - src.data - INFO - Building train panel from raw data...
2025-11-30 10:11:13,763 - src.utils - INFO - [Load train data] starting...
2025-11-30 10:11:13,764 - src.data - INFO - Loading volume from /Users/armanfeili/code/New Projects/novartis_datathon_2025/data/raw/TRAIN/df_volume_train.csv
2025-11-30 10:11:13,895 - src.data - INFO - === train/volume Statistics ===
2025-11-30 10:11:13,896 - src.data - INFO -   Shape: 93,744 rows × 5 columns
2025-11-30 10:11:13,912 - src.data - INFO -   No missing values
2025-11-30 10:11:13,940 - src.data - INFO -   Unique series: 1,953
2025-11-30 10:11:13,941 - src.data - INFO -   months_postgx range: [-24, 23]
2025-11-30 10:11:13,945 - src.data - INFO - Loading generics from /Users/armanfeili/code/New Projects/novartis_datathon_2025/data/raw/TRAIN/df_generics_train.csv
2025-11-30 10:11:13,988 - src.data - INFO - === train/generics Statistics ===
2025-11-30 10:11:13,988 - src.data - INFO -   Shape: 46,872 rows × 4 columns
2025-11-30 10:11:13,995 - src.data - INFO -   Missing values:
2025-11-30 10:11:13,995 - src.data - INFO -     n_gxs: 26.3%
2025-11-30 10:11:14,008 - src.data - INFO -   Unique series: 1,953
2025-11-30 10:11:14,009 - src.data - INFO -   months_postgx range: [0, 23]
2025-11-30 10:11:14,011 - src.data - INFO - Loading medicine_info from /Users/armanfeili/code/New Projects/novartis_datathon_2025/data/raw/TRAIN/df_medicine_info_train.csv
2025-11-30 10:11:14,022 - src.data - INFO - === train/medicine_info Statistics ===
2025-11-30 10:11:14,022 - src.data - INFO -   Shape: 1,953 rows × 7 columns
2025-11-30 10:11:14,024 - src.data - INFO -   Missing values:
2025-11-30 10:11:14,024 - src.data - INFO -     hospital_rate: 3.3%
2025-11-30 10:11:14,027 - src.data - INFO -   Unique series: 1,953
2025-11-30 10:11:14,028 - src.utils - INFO - [Load train data] done in 0.265s
2025-11-30 10:11:14,028 - src.utils - INFO - [Build base panel] starting...
2025-11-30 10:11:14,028 - src.data - INFO - Input shapes: volume=(93744, 5), generics=(46872, 4), medicine_info=(1953, 7)
2025-11-30 10:11:14,095 - src.data - INFO - After volume-generics merge: 93,744 rows
2025-11-30 10:11:14,140 - src.data - INFO - After medicine_info merge: 93,744 rows
2025-11-30 10:11:14,245 - src.data - INFO - === Base Panel Statistics ===
2025-11-30 10:11:14,246 - src.data - INFO -   Shape: 93,744 rows × 11 columns
2025-11-30 10:11:14,279 - src.data - INFO -   Missing values:
2025-11-30 10:11:14,279 - src.data - INFO -     n_gxs: 63.2%
2025-11-30 10:11:14,279 - src.data - INFO -     hospital_rate: 3.3%
2025-11-30 10:11:14,301 - src.data - INFO -   Unique series: 1,953
2025-11-30 10:11:14,302 - src.data - INFO -   months_postgx range: [-24, 23]
2025-11-30 10:11:14,308 - src.utils - INFO - [Build base panel] done in 0.280s
2025-11-30 10:11:14,309 - src.utils - INFO - [Handle missing values] starting...
2025-11-30 10:11:14,341 - src.data - INFO - n_gxs: filled 59208 missing values
2025-11-30 10:11:14,362 - src.data - INFO - hospital_rate: filled with ther_area medians, flag added
2025-11-30 10:11:14,429 - src.data - INFO - No missing values remaining
2025-11-30 10:11:14,429 - src.utils - INFO - [Handle missing values] done in 0.120s
2025-11-30 10:11:14,431 - src.utils - INFO - [Compute pre-entry stats] starting...
2025-11-30 10:11:14,561 - src.data - INFO - avg_vol_12m distribution:
2025-11-30 10:11:14,563 - src.data - INFO -   Range: [37.72, 371038791.09]
2025-11-30 10:11:14,565 - src.data - INFO -   Median: 131382.32
2025-11-30 10:11:14,566 - src.data - INFO -   Mean: 2439028.31
2025-11-30 10:11:14,617 - src.data - INFO - Bucket classification using threshold=0.25
2025-11-30 10:11:14,738 - src.data - INFO - Bucket distribution (train):
2025-11-30 10:11:14,739 - src.data - INFO -   Bucket 1: 130 series (6.7%)
2025-11-30 10:11:14,739 - src.data - INFO -   Bucket 2: 1,823 series (93.3%)
2025-11-30 10:11:14,739 - src.data - INFO - y_norm distribution (train):
2025-11-30 10:11:14,740 - src.data - INFO -   Range: [0.000, 43.792]
2025-11-30 10:11:14,743 - src.data - INFO -   Median: 0.871
2025-11-30 10:11:14,745 - src.data - INFO -   Mean: 0.800
2025-11-30 10:11:14,749 - src.data - WARNING - y_norm.y_norm: 18 values above 5
2025-11-30 10:11:14,749 - src.utils - INFO - [Compute pre-entry stats] done in 0.318s
2025-11-30 10:11:14,785 - src.data - INFO - Panel schema validation passed for train (93,744 rows)
2025-11-30 10:11:14,790 - src.features - INFO - Applying data augmentation to training panel
2025-11-30 10:11:26,842 - src.data - INFO - Augmentation applied: jitter=5.00%, drop_prob=5.00%
2025-11-30 10:11:26,873 - src.utils - INFO - [Feature engineering - Scenario 1] starting...
2025-11-30 10:11:27,084 - src.features - WARNING - No pre-entry data for seasonal features, skipping
2025-11-30 10:11:28,314 - src.features - INFO - Total features created: 79
2025-11-30 10:11:28,316 - src.utils - INFO - [Feature engineering - Scenario 1] done in 1.443s
2025-11-30 10:11:28,458 - src.features - INFO - Selected 44,499 rows for 1 (months 0-23)
2025-11-30 10:11:28,469 - src.features - WARNING - Feature leakage detected: LEAKAGE: Forbidden column present: brand_name
2025-11-30 10:11:28,469 - src.features - WARNING - Feature leakage detected: LEAKAGE: Forbidden column present: mean_erosion
2025-11-30 10:11:28,469 - src.features - WARNING - Feature leakage detected: LEAKAGE: Forbidden column present: country
2025-11-30 10:11:28,470 - src.features - WARNING - Feature leakage detected: LEAKAGE: Forbidden column present: volume
2025-11-30 10:11:28,470 - src.features - WARNING - Feature leakage detected: LEAKAGE: Forbidden column present: bucket
2025-11-30 10:11:28,470 - src.features - WARNING - Feature leakage detected: LEAKAGE: Forbidden column present: y_norm
2025-11-30 10:11:28,537 - src.data - INFO - Data leakage audit passed for scenario 1, mode train
2025-11-30 10:11:28,554 - src.features - ERROR - Feature matrix validation failed: Feature matrix has all-NaN columns: ['first_generic_month']...
2025-11-30 10:11:28,554 - src.features - INFO - Built features: X=(44499, 76), y=44499, meta=(44499, 9)
2025-11-30 10:11:28,593 - src.utils - INFO - [Load cached train panel] starting...
2025-11-30 10:11:28,593 - src.data - INFO - Loading cached panel from /Users/armanfeili/code/New Projects/novartis_datathon_2025/data/interim/panel_train.parquet
2025-11-30 10:11:28,686 - src.data - INFO - Loaded 93,744 rows, 19 columns
2025-11-30 10:11:28,686 - src.utils - INFO - [Load cached train panel] done in 0.093s
2025-11-30 10:11:28,686 - src.utils - INFO - [Load features (cached)] done in 14.924s
2025-11-30 10:11:28,686 - src.utils - INFO - [Create validation split] starting...
2025-11-30 10:11:28,703 - src.validation - WARNING - Grouping 1 rare stratification classes (< 195 series each, 130 series total) into 'OTHER'
2025-11-30 10:11:28,708 - src.validation - INFO - 'OTHER' class now contains 130 series
2025-11-30 10:11:28,867 - src.validation - INFO - Train series: 1562, Val series: 391
2025-11-30 10:11:28,867 - src.validation - INFO - Train rows: 35,636, Val rows: 8,863
2025-11-30 10:11:28,868 - src.validation - INFO - Train bucket distribution:
bucket
2    0.933419
1    0.066581
2025-11-30 10:11:28,869 - src.validation - INFO - Val bucket distribution:
bucket
2    0.933504
1    0.066496
2025-11-30 10:11:28,916 - src.utils - INFO - [Create validation split] done in 0.229s
2025-11-30 10:11:29,138 - src.train - INFO - Features: 75 columns
2025-11-30 10:11:29,138 - src.train - INFO - Meta: 9 columns: ['country', 'brand_name', 'months_postgx', 'bucket', 'avg_vol_12m', 'y_norm', 'volume', 'mean_erosion', 'month']
2025-11-30 10:11:29,153 - src.train - INFO - Features: 75 columns
2025-11-30 10:11:29,153 - src.train - INFO - Meta: 9 columns: ['country', 'brand_name', 'months_postgx', 'bucket', 'avg_vol_12m', 'y_norm', 'volume', 'mean_erosion', 'month']
2025-11-30 10:11:29,220 - src.train - INFO - Multi-seed experiment enabled
2025-11-30 10:11:29,221 - src.train - INFO - Training with seed 42...
2025-11-30 10:11:29,227 - src.train - INFO - Applied target transform: log1p
2025-11-30 10:11:30,222 - src.train - INFO - Sample weights - min: 0.58, max: 3.46, mean: 1.00
2025-11-30 10:11:30,241 - src.utils - INFO - [Train catboost for scenario 1] starting...
2025-11-30 10:11:30,244 - src.models.cat_model - INFO - Auto-detected 2 categorical features
2025-11-30 10:11:42,662 - src.models.cat_model - INFO - CatBoost trained for 571 iterations
2025-11-30 10:11:42,663 - src.utils - INFO - [Train catboost for scenario 1] done in 12.421s
2025-11-30 10:11:44,152 - src.train - INFO - Validation metrics: Official=0.6743, RMSE=0.2004, MAE=0.1579
2025-11-30 10:11:44,152 - src.train - INFO - Training time: 12.44 seconds
2025-11-30 10:11:44,165 - src.models.cat_model - INFO - Model saved to /Users/armanfeili/code/New Projects/novartis_datathon_2025/artifacts/catboost_bonus_all_20251130_101113_s1/seed_42/model.bin.cbm with metadata
2025-11-30 10:11:44,165 - src.train - INFO - Seed 42: Official=0.6743
2025-11-30 10:11:44,166 - src.train - INFO - Training with seed 2025...
2025-11-30 10:11:44,168 - src.train - INFO - Applied target transform: log1p
2025-11-30 10:11:44,177 - src.train - INFO - Sample weights - min: 0.58, max: 3.46, mean: 1.00
2025-11-30 10:11:44,197 - src.utils - INFO - [Train catboost for scenario 1] starting...
2025-11-30 10:11:44,200 - src.models.cat_model - INFO - Auto-detected 2 categorical features
2025-11-30 10:11:52,335 - src.models.cat_model - INFO - CatBoost trained for 247 iterations
2025-11-30 10:11:52,335 - src.utils - INFO - [Train catboost for scenario 1] done in 8.138s
2025-11-30 10:11:53,843 - src.train - INFO - Validation metrics: Official=0.7182, RMSE=0.1933, MAE=0.1508
2025-11-30 10:11:53,843 - src.train - INFO - Training time: 8.16 seconds
2025-11-30 10:11:53,865 - src.models.cat_model - INFO - Model saved to /Users/armanfeili/code/New Projects/novartis_datathon_2025/artifacts/catboost_bonus_all_20251130_101113_s1/seed_2025/model.bin.cbm with metadata
2025-11-30 10:11:53,865 - src.train - INFO - Seed 2025: Official=0.7182
2025-11-30 10:11:53,866 - src.train - INFO - Training with seed 1337...
2025-11-30 10:11:53,868 - src.train - INFO - Applied target transform: log1p
2025-11-30 10:11:53,878 - src.train - INFO - Sample weights - min: 0.58, max: 3.46, mean: 1.00
2025-11-30 10:11:53,900 - src.utils - INFO - [Train catboost for scenario 1] starting...
2025-11-30 10:11:53,903 - src.models.cat_model - INFO - Auto-detected 2 categorical features
2025-11-30 10:12:05,614 - src.models.cat_model - INFO - CatBoost trained for 501 iterations
2025-11-30 10:12:05,614 - src.utils - INFO - [Train catboost for scenario 1] done in 11.714s
2025-11-30 10:12:07,092 - src.train - INFO - Validation metrics: Official=0.6814, RMSE=0.1998, MAE=0.1569
2025-11-30 10:12:07,092 - src.train - INFO - Training time: 11.74 seconds
2025-11-30 10:12:07,106 - src.models.cat_model - INFO - Model saved to /Users/armanfeili/code/New Projects/novartis_datathon_2025/artifacts/catboost_bonus_all_20251130_101113_s1/seed_1337/model.bin.cbm with metadata
2025-11-30 10:12:07,106 - src.train - INFO - Seed 1337: Official=0.6814
2025-11-30 10:12:07,110 - src.train - INFO - Saved multi-seed summary to /Users/armanfeili/code/New Projects/novartis_datathon_2025/artifacts/catboost_bonus_all_20251130_101113_s1/multi_seed_summary.csv
2025-11-30 10:12:07,111 - src.train - INFO - Multi-seed results:
2025-11-30 10:12:07,111 - src.train - INFO -   Mean official metric: 0.6913
2025-11-30 10:12:07,111 - src.train - INFO -   Std official metric: 0.0236
2025-11-30 10:12:07,112 - src.train - INFO -   Best seed: 42
2025-11-30 10:12:07,114 - src.train - INFO - Best seed: 42
2025-11-30 10:12:07,116 - src.train - INFO - Applied target transform: log1p
2025-11-30 10:12:07,127 - src.train - INFO - Sample weights - min: 0.58, max: 3.46, mean: 1.00
2025-11-30 10:12:07,150 - src.utils - INFO - [Train catboost for scenario 1] starting...
2025-11-30 10:12:07,153 - src.models.cat_model - INFO - Auto-detected 2 categorical features
2025-11-30 10:12:23,804 - src.models.cat_model - INFO - CatBoost trained for 571 iterations
2025-11-30 10:12:23,804 - src.utils - INFO - [Train catboost for scenario 1] done in 16.654s
2025-11-30 10:12:25,515 - src.train - INFO - Validation metrics: Official=0.6743, RMSE=0.2004, MAE=0.1579
2025-11-30 10:12:25,515 - src.train - INFO - Training time: 16.68 seconds
2025-11-30 10:12:25,518 - src.train - INFO - Fitting calibration parameters
2025-11-30 10:12:25,583 - src.train - INFO - Saved calibration parameters to /Users/armanfeili/code/New Projects/novartis_datathon_2025/artifacts/catboost_bonus_all_20251130_101113_s1/calibration_params.json
2025-11-30 10:12:25,584 - src.train - INFO - Calibration parameters fitted for 6 groups
2025-11-30 10:12:25,584 - src.train - INFO - Fitting bias corrections
2025-11-30 10:12:25,649 - src.train - INFO - Merged group columns from panel: ['ther_area']
2025-11-30 10:12:25,699 - src.train - INFO - Saved bias corrections to /Users/armanfeili/code/New Projects/novartis_datathon_2025/artifacts/catboost_bonus_all_20251130_101113_s1/bias_corrections.json
2025-11-30 10:12:25,699 - src.train - INFO - Bias corrections fitted for 241 groups
2025-11-30 10:12:25,701 - src.models.cat_model - INFO - Model saved to /Users/armanfeili/code/New Projects/novartis_datathon_2025/artifacts/catboost_bonus_all_20251130_101113_s1/model_1.bin.cbm with metadata
2025-11-30 10:12:25,702 - src.train - INFO - Model saved to /Users/armanfeili/code/New Projects/novartis_datathon_2025/artifacts/catboost_bonus_all_20251130_101113_s1/model_1.bin
2025-11-30 10:12:25,703 - src.train - INFO - Target transform parameters saved to /Users/armanfeili/code/New Projects/novartis_datathon_2025/artifacts/catboost_bonus_all_20251130_101113_s1/target_transform_params_1.json
2025-11-30 10:12:25,723 - src.train - INFO - Experiment catboost_bonus_all_20251130_101113_s1 completed. Artifacts saved to /Users/armanfeili/code/New Projects/novartis_datathon_2025/artifacts/catboost_bonus_all_20251130_101113_s1
2025-11-30 10:12:25,759 - src.utils - INFO - [Scenario 1 Training] done in 72.239s
2025-11-30 10:12:25,761 - __main__ - INFO - ================================================================================
2025-11-30 10:12:25,761 - __main__ - INFO - ✅ Scenario 1 Training Complete
2025-11-30 10:12:25,761 - __main__ - INFO -    Official Metric: 0.674300
2025-11-30 10:12:25,761 - __main__ - INFO -    RMSE (norm): 0.200359
2025-11-30 10:12:25,762 - __main__ - INFO -    MAE (norm): 0.157855
2025-11-30 10:12:25,763 - __main__ - INFO -    Artifacts: /Users/armanfeili/code/New Projects/novartis_datathon_2025/artifacts/catboost_bonus_all_20251130_101113_s1
2025-11-30 10:12:25,764 - __main__ - INFO - ================================================================================
2025-11-30 10:12:25,764 - __main__ - INFO - 
================================================================================
2025-11-30 10:12:25,764 - __main__ - INFO - [2/3] Training Scenario 2
2025-11-30 10:12:25,764 - __main__ - INFO - ================================================================================
2025-11-30 10:12:25,765 - __main__ - INFO - ================================================================================
2025-11-30 10:12:25,765 - __main__ - INFO - Training Scenario 2
2025-11-30 10:12:25,765 - __main__ - INFO - ================================================================================
2025-11-30 10:12:25,765 - __main__ - INFO - Config: configs/run_bonus_all.yaml
2025-11-30 10:12:25,765 - __main__ - INFO - Run Name: catboost_bonus_all_20251130_101113
2025-11-30 10:12:25,765 - src.utils - INFO - [Scenario 2 Training] starting...
