2025-11-29 16:42:05,642 - __main__ - INFO - Starting experiment: 2025-11-29_16-42_global_mean_scenario1
2025-11-29 16:42:05,689 - __main__ - INFO - Config snapshot saved to /Users/armanfeili/code/New Projects/novartis_datathon_2025/artifacts/2025-11-29_16-42_global_mean_scenario1/configs (hash: 90160453)
2025-11-29 16:42:05,690 - __main__ - INFO - Config hash: 90160453
2025-11-29 16:42:05,707 - src.utils - INFO - [Load features (cached)] starting...
2025-11-29 16:42:05,708 - src.utils - INFO - [Load cached features for train S1 train] starting...
2025-11-29 16:42:05,708 - src.features - INFO - Loading cached features from /Users/armanfeili/code/New Projects/novartis_datathon_2025/data/processed/features_train_s1_train.parquet
2025-11-29 16:42:05,800 - src.features - INFO - Loaded X: (46872, 87), y: 46872
2025-11-29 16:42:05,800 - src.utils - INFO - [Load cached features for train S1 train] done in 0.092s
2025-11-29 16:42:05,825 - src.utils - INFO - [Load cached train panel] starting...
2025-11-29 16:42:05,825 - src.data - INFO - Loading cached panel from /Users/armanfeili/code/New Projects/novartis_datathon_2025/data/interim/panel_train.parquet
2025-11-29 16:42:05,842 - src.data - INFO - Loaded 93,744 rows, 19 columns
2025-11-29 16:42:05,842 - src.utils - INFO - [Load cached train panel] done in 0.017s
2025-11-29 16:42:05,842 - src.utils - INFO - [Load features (cached)] done in 0.135s
2025-11-29 16:42:05,842 - src.utils - INFO - [Create validation split] starting...
2025-11-29 16:42:05,858 - src.validation - WARNING - Grouping 1 rare stratification classes (< 195 series) into 'OTHER'
2025-11-29 16:42:05,973 - src.validation - INFO - Train series: 1562, Val series: 391
2025-11-29 16:42:05,973 - src.validation - INFO - Train rows: 37,488, Val rows: 9,384
2025-11-29 16:42:05,976 - src.validation - INFO - Train bucket distribution:
bucket
2    0.933419
1    0.066581
2025-11-29 16:42:05,977 - src.validation - INFO - Val bucket distribution:
bucket
2    0.933504
1    0.066496
2025-11-29 16:42:05,977 - src.utils - INFO - [Create validation split] done in 0.135s
2025-11-29 16:42:06,015 - __main__ - INFO - Features: 86 columns
2025-11-29 16:42:06,015 - __main__ - INFO - Meta: 9 columns
2025-11-29 16:42:06,023 - __main__ - INFO - Features: 86 columns
2025-11-29 16:42:06,024 - __main__ - INFO - Meta: 9 columns
2025-11-29 16:42:06,190 - __main__ - INFO - Sample weights - min: 0.58, max: 3.46, mean: 1.00
2025-11-29 16:42:06,191 - src.utils - INFO - [Train global_mean for scenario 1] starting...
2025-11-29 16:42:06,191 - src.models.linear - WARNING - GlobalMeanBaseline: 'months_postgx' not in X_train and not provided separately. Will predict global mean for all samples. To fix: include 'months_postgx' in features or pass months_postgx array to fit().
2025-11-29 16:42:06,192 - src.utils - INFO - [Train global_mean for scenario 1] done in 0.001s
2025-11-29 16:42:07,299 - __main__ - INFO - Validation metrics: Official=0.9165, RMSE=0.2981, MAE=0.2375
2025-11-29 16:42:07,299 - __main__ - INFO - Training time: 0.00 seconds
2025-11-29 16:42:07,300 - __main__ - INFO - Model saved to /Users/armanfeili/code/New Projects/novartis_datathon_2025/artifacts/2025-11-29_16-42_global_mean_scenario1/model_1.bin
2025-11-29 16:42:07,301 - __main__ - INFO - Experiment 2025-11-29_16-42_global_mean_scenario1 completed. Artifacts saved to /Users/armanfeili/code/New Projects/novartis_datathon_2025/artifacts/2025-11-29_16-42_global_mean_scenario1
