2025-11-30 10:17:45,131 - src.train - INFO - Starting experiment: catboost_bonus_all_20251130_101646_s2
2025-11-30 10:17:45,176 - src.train - INFO - Config snapshot saved to /Users/armanfeili/code/New Projects/novartis_datathon_2025/artifacts/catboost_bonus_all_20251130_101646_s2/configs (hash: bcc22caf)
2025-11-30 10:17:45,176 - src.train - INFO - Config hash: bcc22caf
2025-11-30 10:17:45,203 - src.utils - INFO - [Load features (cached)] starting...
2025-11-30 10:17:45,203 - src.features - INFO - Building features for train S2 train...
2025-11-30 10:17:45,204 - src.data - INFO - Building train panel from raw data...
2025-11-30 10:17:45,205 - src.utils - INFO - [Load train data] starting...
2025-11-30 10:17:45,206 - src.data - INFO - Loading volume from /Users/armanfeili/code/New Projects/novartis_datathon_2025/data/raw/TRAIN/df_volume_train.csv
2025-11-30 10:17:45,298 - src.data - INFO - === train/volume Statistics ===
2025-11-30 10:17:45,298 - src.data - INFO -   Shape: 93,744 rows × 5 columns
2025-11-30 10:17:45,313 - src.data - INFO -   No missing values
2025-11-30 10:17:45,333 - src.data - INFO -   Unique series: 1,953
2025-11-30 10:17:45,334 - src.data - INFO -   months_postgx range: [-24, 23]
2025-11-30 10:17:45,336 - src.data - INFO - Loading generics from /Users/armanfeili/code/New Projects/novartis_datathon_2025/data/raw/TRAIN/df_generics_train.csv
2025-11-30 10:17:45,372 - src.data - INFO - === train/generics Statistics ===
2025-11-30 10:17:45,372 - src.data - INFO -   Shape: 46,872 rows × 4 columns
2025-11-30 10:17:45,379 - src.data - INFO -   Missing values:
2025-11-30 10:17:45,379 - src.data - INFO -     n_gxs: 26.3%
2025-11-30 10:17:45,391 - src.data - INFO -   Unique series: 1,953
2025-11-30 10:17:45,392 - src.data - INFO -   months_postgx range: [0, 23]
2025-11-30 10:17:45,393 - src.data - INFO - Loading medicine_info from /Users/armanfeili/code/New Projects/novartis_datathon_2025/data/raw/TRAIN/df_medicine_info_train.csv
2025-11-30 10:17:45,401 - src.data - INFO - === train/medicine_info Statistics ===
2025-11-30 10:17:45,401 - src.data - INFO -   Shape: 1,953 rows × 7 columns
2025-11-30 10:17:45,403 - src.data - INFO -   Missing values:
2025-11-30 10:17:45,403 - src.data - INFO -     hospital_rate: 3.3%
2025-11-30 10:17:45,406 - src.data - INFO -   Unique series: 1,953
2025-11-30 10:17:45,407 - src.utils - INFO - [Load train data] done in 0.202s
2025-11-30 10:17:45,407 - src.utils - INFO - [Build base panel] starting...
2025-11-30 10:17:45,407 - src.data - INFO - Input shapes: volume=(93744, 5), generics=(46872, 4), medicine_info=(1953, 7)
2025-11-30 10:17:45,465 - src.data - INFO - After volume-generics merge: 93,744 rows
2025-11-30 10:17:45,503 - src.data - INFO - After medicine_info merge: 93,744 rows
2025-11-30 10:17:45,577 - src.data - INFO - === Base Panel Statistics ===
2025-11-30 10:17:45,577 - src.data - INFO -   Shape: 93,744 rows × 11 columns
2025-11-30 10:17:45,603 - src.data - INFO -   Missing values:
2025-11-30 10:17:45,603 - src.data - INFO -     n_gxs: 63.2%
2025-11-30 10:17:45,603 - src.data - INFO -     hospital_rate: 3.3%
2025-11-30 10:17:45,620 - src.data - INFO -   Unique series: 1,953
2025-11-30 10:17:45,621 - src.data - INFO -   months_postgx range: [-24, 23]
2025-11-30 10:17:45,626 - src.utils - INFO - [Build base panel] done in 0.219s
2025-11-30 10:17:45,626 - src.utils - INFO - [Handle missing values] starting...
2025-11-30 10:17:45,652 - src.data - INFO - n_gxs: filled 59208 missing values
2025-11-30 10:17:45,665 - src.data - INFO - hospital_rate: filled with ther_area medians, flag added
2025-11-30 10:17:45,724 - src.data - INFO - No missing values remaining
2025-11-30 10:17:45,724 - src.utils - INFO - [Handle missing values] done in 0.098s
2025-11-30 10:17:45,726 - src.utils - INFO - [Compute pre-entry stats] starting...
2025-11-30 10:17:45,811 - src.data - INFO - avg_vol_12m distribution:
2025-11-30 10:17:45,812 - src.data - INFO -   Range: [37.72, 371038791.09]
2025-11-30 10:17:45,813 - src.data - INFO -   Median: 131382.32
2025-11-30 10:17:45,814 - src.data - INFO -   Mean: 2439028.31
2025-11-30 10:17:45,843 - src.data - INFO - Bucket classification using threshold=0.25
2025-11-30 10:17:45,912 - src.data - INFO - Bucket distribution (train):
2025-11-30 10:17:45,912 - src.data - INFO -   Bucket 1: 130 series (6.7%)
2025-11-30 10:17:45,912 - src.data - INFO -   Bucket 2: 1,823 series (93.3%)
2025-11-30 10:17:45,912 - src.data - INFO - y_norm distribution (train):
2025-11-30 10:17:45,913 - src.data - INFO -   Range: [0.000, 43.792]
2025-11-30 10:17:45,915 - src.data - INFO -   Median: 0.871
2025-11-30 10:17:45,916 - src.data - INFO -   Mean: 0.800
2025-11-30 10:17:45,918 - src.data - WARNING - y_norm.y_norm: 18 values above 5
2025-11-30 10:17:45,919 - src.utils - INFO - [Compute pre-entry stats] done in 0.193s
2025-11-30 10:17:45,942 - src.data - INFO - Panel schema validation passed for train (93,744 rows)
2025-11-30 10:17:45,944 - src.features - INFO - Applying data augmentation to training panel
2025-11-30 10:17:51,252 - src.data - INFO - Augmentation applied: jitter=5.00%, drop_prob=5.00%
2025-11-30 10:17:51,274 - src.utils - INFO - [Feature engineering - Scenario 2] starting...
2025-11-30 10:17:51,405 - src.features - WARNING - No pre-entry data for seasonal features, skipping
2025-11-30 10:17:56,058 - src.features - INFO - Total features created: 94
2025-11-30 10:17:56,059 - src.utils - INFO - [Feature engineering - Scenario 2] done in 4.785s
2025-11-30 10:17:56,143 - src.features - INFO - Selected 33,354 rows for 2 (months 6-23)
2025-11-30 10:17:56,152 - src.features - WARNING - Feature leakage detected: LEAKAGE: Forbidden column present: country
2025-11-30 10:17:56,152 - src.features - WARNING - Feature leakage detected: LEAKAGE: Forbidden column present: volume
2025-11-30 10:17:56,152 - src.features - WARNING - Feature leakage detected: LEAKAGE: Forbidden column present: y_norm
2025-11-30 10:17:56,152 - src.features - WARNING - Feature leakage detected: LEAKAGE: Forbidden column present: brand_name
2025-11-30 10:17:56,153 - src.features - WARNING - Feature leakage detected: LEAKAGE: Forbidden column present: mean_erosion
2025-11-30 10:17:56,153 - src.features - WARNING - Feature leakage detected: LEAKAGE: Forbidden column present: bucket
2025-11-30 10:17:56,185 - src.data - INFO - Data leakage audit passed for scenario 2, mode train
2025-11-30 10:17:56,195 - src.features - INFO - Feature matrix validation passed: X=(33354, 89), y=33354, meta=(33354, 12)
2025-11-30 10:17:56,196 - src.features - INFO - Built features: X=(33354, 89), y=33354, meta=(33354, 12)
2025-11-30 10:17:56,229 - src.utils - INFO - [Load cached train panel] starting...
2025-11-30 10:17:56,229 - src.data - INFO - Loading cached panel from /Users/armanfeili/code/New Projects/novartis_datathon_2025/data/interim/panel_train.parquet
2025-11-30 10:17:56,248 - src.data - INFO - Loaded 93,744 rows, 19 columns
2025-11-30 10:17:56,249 - src.utils - INFO - [Load cached train panel] done in 0.020s
2025-11-30 10:17:56,249 - src.utils - INFO - [Load features (cached)] done in 11.046s
2025-11-30 10:17:56,249 - src.utils - INFO - [Create validation split] starting...
2025-11-30 10:17:56,264 - src.validation - WARNING - Grouping 1 rare stratification classes (< 195 series each, 130 series total) into 'OTHER'
2025-11-30 10:17:56,267 - src.validation - INFO - 'OTHER' class now contains 130 series
2025-11-30 10:17:56,406 - src.validation - INFO - Train series: 1562, Val series: 391
2025-11-30 10:17:56,406 - src.validation - INFO - Train rows: 26,726, Val rows: 6,628
2025-11-30 10:17:56,409 - src.validation - INFO - Train bucket distribution:
bucket
2    0.933419
1    0.066581
2025-11-30 10:17:56,410 - src.validation - INFO - Val bucket distribution:
bucket
2    0.933504
1    0.066496
2025-11-30 10:17:56,437 - src.utils - INFO - [Create validation split] done in 0.188s
2025-11-30 10:17:56,478 - src.train - INFO - Features: 91 columns
2025-11-30 10:17:56,478 - src.train - INFO - Meta: 9 columns: ['country', 'brand_name', 'months_postgx', 'bucket', 'avg_vol_12m', 'y_norm', 'volume', 'mean_erosion', 'month']
2025-11-30 10:17:56,490 - src.train - INFO - Features: 91 columns
2025-11-30 10:17:56,490 - src.train - INFO - Meta: 9 columns: ['country', 'brand_name', 'months_postgx', 'bucket', 'avg_vol_12m', 'y_norm', 'volume', 'mean_erosion', 'month']
2025-11-30 10:17:56,544 - src.train - INFO - Multi-seed experiment enabled
2025-11-30 10:17:56,546 - src.train - INFO - Training with seed 42...
2025-11-30 10:17:56,552 - src.train - INFO - Applied target transform: log1p
2025-11-30 10:17:56,567 - src.train - INFO - Sample weights - min: 0.63, max: 3.13, mean: 1.00
2025-11-30 10:17:56,587 - src.utils - INFO - [Train catboost for scenario 2] starting...
2025-11-30 10:17:56,594 - src.models.cat_model - INFO - Auto-detected 2 categorical features
2025-11-30 10:18:03,350 - src.models.cat_model - INFO - CatBoost trained for 379 iterations
2025-11-30 10:18:03,350 - src.utils - INFO - [Train catboost for scenario 2] done in 6.763s
2025-11-30 10:18:04,222 - src.train - INFO - Validation metrics: Official=0.2709, RMSE=0.1853, MAE=0.1468
2025-11-30 10:18:04,222 - src.train - INFO - Training time: 6.78 seconds
2025-11-30 10:18:04,233 - src.models.cat_model - INFO - Model saved to /Users/armanfeili/code/New Projects/novartis_datathon_2025/artifacts/catboost_bonus_all_20251130_101646_s2/seed_42/model.bin.cbm with metadata
2025-11-30 10:18:04,233 - src.train - INFO - Seed 42: Official=0.2709
2025-11-30 10:18:04,233 - src.train - INFO - Training with seed 2025...
2025-11-30 10:18:04,235 - src.train - INFO - Applied target transform: log1p
2025-11-30 10:18:04,242 - src.train - INFO - Sample weights - min: 0.63, max: 3.13, mean: 1.00
2025-11-30 10:18:04,251 - src.utils - INFO - [Train catboost for scenario 2] starting...
2025-11-30 10:18:04,255 - src.models.cat_model - INFO - Auto-detected 2 categorical features
2025-11-30 10:18:10,999 - src.models.cat_model - INFO - CatBoost trained for 284 iterations
2025-11-30 10:18:10,999 - src.utils - INFO - [Train catboost for scenario 2] done in 6.748s
2025-11-30 10:18:11,961 - src.train - INFO - Validation metrics: Official=0.2660, RMSE=0.1839, MAE=0.1459
2025-11-30 10:18:11,961 - src.train - INFO - Training time: 6.76 seconds
2025-11-30 10:18:11,973 - src.models.cat_model - INFO - Model saved to /Users/armanfeili/code/New Projects/novartis_datathon_2025/artifacts/catboost_bonus_all_20251130_101646_s2/seed_2025/model.bin.cbm with metadata
2025-11-30 10:18:11,973 - src.train - INFO - Seed 2025: Official=0.2660
2025-11-30 10:18:11,973 - src.train - INFO - Training with seed 1337...
2025-11-30 10:18:11,975 - src.train - INFO - Applied target transform: log1p
2025-11-30 10:18:11,986 - src.train - INFO - Sample weights - min: 0.63, max: 3.13, mean: 1.00
2025-11-30 10:18:11,996 - src.utils - INFO - [Train catboost for scenario 2] starting...
2025-11-30 10:18:12,000 - src.models.cat_model - INFO - Auto-detected 2 categorical features
2025-11-30 10:18:18,033 - src.models.cat_model - INFO - CatBoost trained for 304 iterations
2025-11-30 10:18:18,033 - src.utils - INFO - [Train catboost for scenario 2] done in 6.038s
2025-11-30 10:18:19,007 - src.train - INFO - Validation metrics: Official=0.2630, RMSE=0.1832, MAE=0.1447
2025-11-30 10:18:19,007 - src.train - INFO - Training time: 6.05 seconds
2025-11-30 10:18:19,017 - src.models.cat_model - INFO - Model saved to /Users/armanfeili/code/New Projects/novartis_datathon_2025/artifacts/catboost_bonus_all_20251130_101646_s2/seed_1337/model.bin.cbm with metadata
2025-11-30 10:18:19,018 - src.train - INFO - Seed 1337: Official=0.2630
2025-11-30 10:18:19,019 - src.train - INFO - Saved multi-seed summary to /Users/armanfeili/code/New Projects/novartis_datathon_2025/artifacts/catboost_bonus_all_20251130_101646_s2/multi_seed_summary.csv
2025-11-30 10:18:19,019 - src.train - INFO - Multi-seed results:
2025-11-30 10:18:19,021 - src.train - INFO -   Mean official metric: 0.2666
2025-11-30 10:18:19,022 - src.train - INFO -   Std official metric: 0.0040
2025-11-30 10:18:19,022 - src.train - INFO -   Best seed: 1337
2025-11-30 10:18:19,023 - src.train - INFO - Best seed: 1337
2025-11-30 10:18:19,025 - src.train - INFO - Applied target transform: log1p
2025-11-30 10:18:19,031 - src.train - INFO - Sample weights - min: 0.63, max: 3.13, mean: 1.00
2025-11-30 10:18:19,040 - src.utils - INFO - [Train catboost for scenario 2] starting...
2025-11-30 10:18:19,043 - src.models.cat_model - INFO - Auto-detected 2 categorical features
2025-11-30 10:18:25,854 - src.models.cat_model - INFO - CatBoost trained for 379 iterations
2025-11-30 10:18:25,854 - src.utils - INFO - [Train catboost for scenario 2] done in 6.814s
2025-11-30 10:18:26,725 - src.train - INFO - Validation metrics: Official=0.2709, RMSE=0.1853, MAE=0.1468
2025-11-30 10:18:26,725 - src.train - INFO - Training time: 6.82 seconds
2025-11-30 10:18:26,727 - src.train - INFO - Fitting calibration parameters
2025-11-30 10:18:26,758 - src.train - INFO - Saved calibration parameters to /Users/armanfeili/code/New Projects/novartis_datathon_2025/artifacts/catboost_bonus_all_20251130_101646_s2/calibration_params.json
2025-11-30 10:18:26,758 - src.train - INFO - Calibration parameters fitted for 6 groups
2025-11-30 10:18:26,759 - src.train - INFO - Fitting bias corrections
2025-11-30 10:18:26,796 - src.train - INFO - Merged group columns from panel: ['ther_area']
2025-11-30 10:18:26,841 - src.train - INFO - Saved bias corrections to /Users/armanfeili/code/New Projects/novartis_datathon_2025/artifacts/catboost_bonus_all_20251130_101646_s2/bias_corrections.json
2025-11-30 10:18:26,842 - src.train - INFO - Bias corrections fitted for 241 groups
2025-11-30 10:18:26,844 - src.models.cat_model - INFO - Model saved to /Users/armanfeili/code/New Projects/novartis_datathon_2025/artifacts/catboost_bonus_all_20251130_101646_s2/model_2.bin.cbm with metadata
2025-11-30 10:18:26,844 - src.train - INFO - Model saved to /Users/armanfeili/code/New Projects/novartis_datathon_2025/artifacts/catboost_bonus_all_20251130_101646_s2/model_2.bin
2025-11-30 10:18:26,844 - src.train - INFO - Target transform parameters saved to /Users/armanfeili/code/New Projects/novartis_datathon_2025/artifacts/catboost_bonus_all_20251130_101646_s2/target_transform_params_2.json
2025-11-30 10:18:26,850 - src.train - INFO - Experiment catboost_bonus_all_20251130_101646_s2 completed. Artifacts saved to /Users/armanfeili/code/New Projects/novartis_datathon_2025/artifacts/catboost_bonus_all_20251130_101646_s2
2025-11-30 10:18:26,877 - src.utils - INFO - [Scenario 2 Training] done in 41.794s
2025-11-30 10:18:26,878 - __main__ - INFO - ================================================================================
2025-11-30 10:18:26,878 - __main__ - INFO - ✅ Scenario 2 Training Complete
2025-11-30 10:18:26,878 - __main__ - INFO -    Official Metric: 0.270900
2025-11-30 10:18:26,878 - __main__ - INFO -    RMSE (norm): 0.185322
2025-11-30 10:18:26,878 - __main__ - INFO -    MAE (norm): 0.146773
2025-11-30 10:18:26,879 - __main__ - INFO -    Artifacts: /Users/armanfeili/code/New Projects/novartis_datathon_2025/artifacts/catboost_bonus_all_20251130_101646_s2
2025-11-30 10:18:26,879 - __main__ - INFO - ================================================================================
2025-11-30 10:18:26,879 - __main__ - INFO - 
================================================================================
2025-11-30 10:18:26,879 - __main__ - INFO - [3/3] Generating Submission
2025-11-30 10:18:26,879 - __main__ - INFO - ================================================================================
2025-11-30 10:18:26,879 - __main__ - INFO - ================================================================================
2025-11-30 10:18:26,880 - __main__ - INFO - Generating Submission
2025-11-30 10:18:26,880 - __main__ - INFO - ================================================================================
2025-11-30 10:18:26,891 - src.utils - INFO - [Load cached test panel] starting...
2025-11-30 10:18:26,891 - src.data - INFO - Loading cached panel from /Users/armanfeili/code/New Projects/novartis_datathon_2025/data/interim/panel_test.parquet
2025-11-30 10:18:26,902 - src.data - INFO - Loaded 8,832 rows, 16 columns
2025-11-30 10:18:26,902 - src.utils - INFO - [Load cached test panel] done in 0.011s
2025-11-30 10:18:26,915 - __main__ - INFO - Loaded submission template from: /Users/armanfeili/code/New Projects/novartis_datathon_2025/docs/guide/submission_template.csv
2025-11-30 10:18:26,916 - src.utils - INFO - [Submission Generation] starting...
2025-11-30 10:18:26,916 - src.utils - INFO - [Generate submission] starting...
2025-11-30 10:18:26,936 - src.inference - INFO - Detected 228 Scenario 1 series
2025-11-30 10:18:26,936 - src.inference - INFO - Detected 112 Scenario 2 series
2025-11-30 10:18:27,199 - src.inference - INFO - Expanded panel: 5472 -> 10944 rows (added months 0-23)
2025-11-30 10:18:27,200 - src.utils - INFO - [Feature engineering - Scenario 1] starting...
2025-11-30 10:18:28,169 - src.features - INFO - Total features created: 88
2025-11-30 10:18:28,169 - src.utils - INFO - [Feature engineering - Scenario 1] done in 0.969s
2025-11-30 10:18:28,182 - src.inference - WARNING - Bucket 1 model not found at /Users/armanfeili/code/New Projects/novartis_datathon_2025/artifacts/catboost_bonus_all_20251130_101646_s1/bucket1_catboost/model.bin
2025-11-30 10:18:28,182 - src.inference - WARNING - Bucket 2 model not found at /Users/armanfeili/code/New Projects/novartis_datathon_2025/artifacts/catboost_bonus_all_20251130_101646_s1/bucket2_catboost/model.bin
2025-11-30 10:18:28,201 - src.utils - INFO - [Generate submission] done in 1.285s
2025-11-30 10:18:28,201 - src.utils - INFO - [Submission Generation] done in 1.285s
2025-11-30 10:18:28,207 - __main__ - ERROR - ================================================================================
2025-11-30 10:18:28,207 - __main__ - ERROR - ❌ Submission Generation Failed
2025-11-30 10:18:28,207 - __main__ - ERROR -    Error: Invalid type for cat_feature[non-default value idx=0,feature_idx=64]=0.0 : cat_features must be integer or string, real number values and NaN values should be converted to string.
2025-11-30 10:18:28,207 - __main__ - ERROR - ================================================================================
2025-11-30 10:18:28,211 - __main__ - INFO - 
================================================================================
2025-11-30 10:18:28,211 - __main__ - INFO - Training and Submission Pipeline Complete!
2025-11-30 10:18:28,211 - __main__ - INFO - ================================================================================
2025-11-30 10:18:28,212 - __main__ - INFO - 
Results Summary:
2025-11-30 10:18:28,212 - __main__ - INFO -   Scenario 1:
2025-11-30 10:18:28,212 - __main__ - INFO -     Status: success
2025-11-30 10:18:28,212 - __main__ - INFO -     Official Metric: 0.6743
2025-11-30 10:18:28,212 - __main__ - INFO -     Artifacts: /Users/armanfeili/code/New Projects/novartis_datathon_2025/artifacts/catboost_bonus_all_20251130_101646_s1
2025-11-30 10:18:28,212 - __main__ - INFO -   Scenario 2:
2025-11-30 10:18:28,212 - __main__ - INFO -     Status: success
2025-11-30 10:18:28,212 - __main__ - INFO -     Official Metric: 0.2709
2025-11-30 10:18:28,212 - __main__ - INFO -     Artifacts: /Users/armanfeili/code/New Projects/novartis_datathon_2025/artifacts/catboost_bonus_all_20251130_101646_s2
2025-11-30 10:18:28,213 - __main__ - INFO -   Submission:
2025-11-30 10:18:28,213 - __main__ - INFO -     Status: failed
2025-11-30 10:18:28,213 - __main__ - INFO -     File: None
2025-11-30 10:18:28,213 - __main__ - INFO -     Rows: None
2025-11-30 10:18:28,213 - __main__ - INFO - 
Full Results: logs/results_catboost_bonus_all_20251130_101646.json
2025-11-30 10:18:28,213 - __main__ - INFO - Config Summary: logs/config_summary_catboost_bonus_all_20251130_101646.yaml
2025-11-30 10:18:28,214 - __main__ - INFO - Log File: logs/full_pipeline_catboost_bonus_all_20251130_101646.log
2025-11-30 10:18:28,214 - __main__ - INFO - ================================================================================
