2025-11-30 10:09:04,539 - src.train - INFO - Starting experiment: catboost_bonus_all_20251130_100904_s1
2025-11-30 10:09:04,573 - src.train - INFO - Config snapshot saved to /Users/armanfeili/code/New Projects/novartis_datathon_2025/artifacts/catboost_bonus_all_20251130_100904_s1/configs (hash: bcc22caf)
2025-11-30 10:09:04,573 - src.train - INFO - Config hash: bcc22caf
2025-11-30 10:09:04,589 - src.utils - INFO - [Load features (cached)] starting...
2025-11-30 10:09:04,590 - src.features - INFO - Building features for train S1 train...
2025-11-30 10:09:04,590 - src.data - INFO - Building train panel from raw data...
2025-11-30 10:09:04,590 - src.utils - INFO - [Load train data] starting...
2025-11-30 10:09:04,590 - src.data - INFO - Loading volume from /Users/armanfeili/code/New Projects/novartis_datathon_2025/data/raw/TRAIN/df_volume_train.csv
2025-11-30 10:09:04,662 - src.data - INFO - === train/volume Statistics ===
2025-11-30 10:09:04,662 - src.data - INFO -   Shape: 93,744 rows × 5 columns
2025-11-30 10:09:04,674 - src.data - INFO -   No missing values
2025-11-30 10:09:04,689 - src.data - INFO -   Unique series: 1,953
2025-11-30 10:09:04,690 - src.data - INFO -   months_postgx range: [-24, 23]
2025-11-30 10:09:04,691 - src.data - INFO - Loading generics from /Users/armanfeili/code/New Projects/novartis_datathon_2025/data/raw/TRAIN/df_generics_train.csv
2025-11-30 10:09:04,716 - src.data - INFO - === train/generics Statistics ===
2025-11-30 10:09:04,717 - src.data - INFO -   Shape: 46,872 rows × 4 columns
2025-11-30 10:09:04,722 - src.data - INFO -   Missing values:
2025-11-30 10:09:04,723 - src.data - INFO -     n_gxs: 26.3%
2025-11-30 10:09:04,731 - src.data - INFO -   Unique series: 1,953
2025-11-30 10:09:04,731 - src.data - INFO -   months_postgx range: [0, 23]
2025-11-30 10:09:04,732 - src.data - INFO - Loading medicine_info from /Users/armanfeili/code/New Projects/novartis_datathon_2025/data/raw/TRAIN/df_medicine_info_train.csv
2025-11-30 10:09:04,740 - src.data - INFO - === train/medicine_info Statistics ===
2025-11-30 10:09:04,740 - src.data - INFO -   Shape: 1,953 rows × 7 columns
2025-11-30 10:09:04,741 - src.data - INFO -   Missing values:
2025-11-30 10:09:04,741 - src.data - INFO -     hospital_rate: 3.3%
2025-11-30 10:09:04,743 - src.data - INFO -   Unique series: 1,953
2025-11-30 10:09:04,743 - src.utils - INFO - [Load train data] done in 0.153s
2025-11-30 10:09:04,743 - src.utils - INFO - [Build base panel] starting...
2025-11-30 10:09:04,743 - src.data - INFO - Input shapes: volume=(93744, 5), generics=(46872, 4), medicine_info=(1953, 7)
2025-11-30 10:09:04,787 - src.data - INFO - After volume-generics merge: 93,744 rows
2025-11-30 10:09:04,816 - src.data - INFO - After medicine_info merge: 93,744 rows
2025-11-30 10:09:04,874 - src.data - INFO - === Base Panel Statistics ===
2025-11-30 10:09:04,874 - src.data - INFO -   Shape: 93,744 rows × 11 columns
2025-11-30 10:09:04,896 - src.data - INFO -   Missing values:
2025-11-30 10:09:04,896 - src.data - INFO -     n_gxs: 63.2%
2025-11-30 10:09:04,896 - src.data - INFO -     hospital_rate: 3.3%
2025-11-30 10:09:04,911 - src.data - INFO -   Unique series: 1,953
2025-11-30 10:09:04,912 - src.data - INFO -   months_postgx range: [-24, 23]
2025-11-30 10:09:04,915 - src.utils - INFO - [Build base panel] done in 0.171s
2025-11-30 10:09:04,915 - src.utils - INFO - [Handle missing values] starting...
2025-11-30 10:09:04,933 - src.data - INFO - n_gxs: filled 59208 missing values
2025-11-30 10:09:04,946 - src.data - INFO - hospital_rate: filled with ther_area medians, flag added
2025-11-30 10:09:04,990 - src.data - INFO - No missing values remaining
2025-11-30 10:09:04,990 - src.utils - INFO - [Handle missing values] done in 0.075s
2025-11-30 10:09:04,991 - src.utils - INFO - [Compute pre-entry stats] starting...
2025-11-30 10:09:05,057 - src.data - INFO - avg_vol_12m distribution:
2025-11-30 10:09:05,058 - src.data - INFO -   Range: [37.72, 371038791.09]
2025-11-30 10:09:05,058 - src.data - INFO -   Median: 131382.32
2025-11-30 10:09:05,058 - src.data - INFO -   Mean: 2439028.31
2025-11-30 10:09:05,080 - src.data - INFO - Bucket classification using threshold=0.25
2025-11-30 10:09:05,134 - src.data - INFO - Bucket distribution (train):
2025-11-30 10:09:05,134 - src.data - INFO -   Bucket 1: 130 series (6.7%)
2025-11-30 10:09:05,134 - src.data - INFO -   Bucket 2: 1,823 series (93.3%)
2025-11-30 10:09:05,134 - src.data - INFO - y_norm distribution (train):
2025-11-30 10:09:05,136 - src.data - INFO -   Range: [0.000, 43.792]
2025-11-30 10:09:05,138 - src.data - INFO -   Median: 0.871
2025-11-30 10:09:05,138 - src.data - INFO -   Mean: 0.800
2025-11-30 10:09:05,140 - src.data - WARNING - y_norm.y_norm: 18 values above 5
2025-11-30 10:09:05,140 - src.utils - INFO - [Compute pre-entry stats] done in 0.149s
2025-11-30 10:09:05,156 - src.data - INFO - Panel schema validation passed for train (93,744 rows)
2025-11-30 10:09:05,158 - src.features - INFO - Applying data augmentation to training panel
2025-11-30 10:09:10,572 - src.data - INFO - Augmentation applied: jitter=5.00%, drop_prob=5.00%
2025-11-30 10:09:10,593 - src.utils - INFO - [Feature engineering - Scenario 1] starting...
2025-11-30 10:09:10,722 - src.features - WARNING - No pre-entry data for seasonal features, skipping
2025-11-30 10:09:11,462 - src.features - INFO - Total features created: 79
2025-11-30 10:09:11,462 - src.utils - INFO - [Feature engineering - Scenario 1] done in 0.869s
2025-11-30 10:09:11,554 - src.features - INFO - Selected 44,499 rows for 1 (months 0-23)
2025-11-30 10:09:11,559 - src.features - WARNING - Feature leakage detected: LEAKAGE: Forbidden column present: y_norm
2025-11-30 10:09:11,559 - src.features - WARNING - Feature leakage detected: LEAKAGE: Forbidden column present: brand_name
2025-11-30 10:09:11,559 - src.features - WARNING - Feature leakage detected: LEAKAGE: Forbidden column present: mean_erosion
2025-11-30 10:09:11,560 - src.features - WARNING - Feature leakage detected: LEAKAGE: Forbidden column present: bucket
2025-11-30 10:09:11,560 - src.features - WARNING - Feature leakage detected: LEAKAGE: Forbidden column present: country
2025-11-30 10:09:11,560 - src.features - WARNING - Feature leakage detected: LEAKAGE: Forbidden column present: volume
2025-11-30 10:09:11,606 - src.data - INFO - Data leakage audit passed for scenario 1, mode train
2025-11-30 10:09:11,616 - src.features - ERROR - Feature matrix validation failed: Feature matrix has all-NaN columns: ['first_generic_month']...
2025-11-30 10:09:11,616 - src.features - INFO - Built features: X=(44499, 76), y=44499, meta=(44499, 9)
2025-11-30 10:09:11,645 - src.utils - INFO - [Load cached train panel] starting...
2025-11-30 10:09:11,646 - src.data - INFO - Loading cached panel from /Users/armanfeili/code/New Projects/novartis_datathon_2025/data/interim/panel_train.parquet
2025-11-30 10:09:11,715 - src.data - INFO - Loaded 93,744 rows, 19 columns
2025-11-30 10:09:11,715 - src.utils - INFO - [Load cached train panel] done in 0.070s
2025-11-30 10:09:11,715 - src.utils - INFO - [Load features (cached)] done in 7.126s
2025-11-30 10:09:11,715 - src.utils - INFO - [Create validation split] starting...
2025-11-30 10:09:11,732 - src.validation - WARNING - Grouping 1 rare stratification classes (< 195 series each, 130 series total) into 'OTHER'
2025-11-30 10:09:11,733 - src.validation - INFO - 'OTHER' class now contains 130 series
2025-11-30 10:09:11,872 - src.validation - INFO - Train series: 1562, Val series: 391
2025-11-30 10:09:11,872 - src.validation - INFO - Train rows: 35,636, Val rows: 8,863
2025-11-30 10:09:11,874 - src.validation - INFO - Train bucket distribution:
bucket
2    0.933419
1    0.066581
2025-11-30 10:09:11,874 - src.validation - INFO - Val bucket distribution:
bucket
2    0.933504
1    0.066496
2025-11-30 10:09:11,901 - src.utils - INFO - [Create validation split] done in 0.186s
2025-11-30 10:09:11,943 - src.train - INFO - Features: 75 columns
2025-11-30 10:09:11,943 - src.train - INFO - Meta: 9 columns: ['country', 'brand_name', 'months_postgx', 'bucket', 'avg_vol_12m', 'y_norm', 'volume', 'mean_erosion', 'month']
2025-11-30 10:09:11,956 - src.train - INFO - Features: 75 columns
2025-11-30 10:09:11,956 - src.train - INFO - Meta: 9 columns: ['country', 'brand_name', 'months_postgx', 'bucket', 'avg_vol_12m', 'y_norm', 'volume', 'mean_erosion', 'month']
2025-11-30 10:09:12,003 - src.train - INFO - Multi-seed experiment enabled
2025-11-30 10:09:12,003 - src.train - INFO - Training with seed 42...
2025-11-30 10:09:12,008 - src.train - INFO - Applied target transform: log1p
2025-11-30 10:09:12,865 - src.train - INFO - Sample weights - min: 0.58, max: 3.46, mean: 1.00
2025-11-30 10:09:12,884 - src.utils - INFO - [Train catboost for scenario 1] starting...
2025-11-30 10:09:12,889 - src.models.cat_model - INFO - Auto-detected 2 categorical features
2025-11-30 10:09:24,012 - src.models.cat_model - INFO - CatBoost trained for 571 iterations
2025-11-30 10:09:24,012 - src.utils - INFO - [Train catboost for scenario 1] done in 11.128s
2025-11-30 10:09:25,230 - src.train - INFO - Validation metrics: Official=0.6743, RMSE=0.2004, MAE=0.1579
2025-11-30 10:09:25,230 - src.train - INFO - Training time: 11.15 seconds
2025-11-30 10:09:25,239 - src.models.cat_model - INFO - Model saved to /Users/armanfeili/code/New Projects/novartis_datathon_2025/artifacts/catboost_bonus_all_20251130_100904_s1/seed_42/model.bin.cbm with metadata
2025-11-30 10:09:25,239 - src.train - INFO - Seed 42: Official=0.6743
2025-11-30 10:09:25,239 - src.train - INFO - Training with seed 2025...
2025-11-30 10:09:25,241 - src.train - INFO - Applied target transform: log1p
2025-11-30 10:09:25,250 - src.train - INFO - Sample weights - min: 0.58, max: 3.46, mean: 1.00
2025-11-30 10:09:25,273 - src.utils - INFO - [Train catboost for scenario 1] starting...
2025-11-30 10:09:25,277 - src.models.cat_model - INFO - Auto-detected 2 categorical features
2025-11-30 10:09:31,483 - src.models.cat_model - INFO - CatBoost trained for 247 iterations
2025-11-30 10:09:31,484 - src.utils - INFO - [Train catboost for scenario 1] done in 6.211s
2025-11-30 10:09:32,647 - src.train - INFO - Validation metrics: Official=0.7182, RMSE=0.1933, MAE=0.1508
2025-11-30 10:09:32,648 - src.train - INFO - Training time: 6.23 seconds
2025-11-30 10:09:32,659 - src.models.cat_model - INFO - Model saved to /Users/armanfeili/code/New Projects/novartis_datathon_2025/artifacts/catboost_bonus_all_20251130_100904_s1/seed_2025/model.bin.cbm with metadata
2025-11-30 10:09:32,659 - src.train - INFO - Seed 2025: Official=0.7182
2025-11-30 10:09:32,659 - src.train - INFO - Training with seed 1337...
2025-11-30 10:09:32,662 - src.train - INFO - Applied target transform: log1p
2025-11-30 10:09:32,671 - src.train - INFO - Sample weights - min: 0.58, max: 3.46, mean: 1.00
2025-11-30 10:09:32,690 - src.utils - INFO - [Train catboost for scenario 1] starting...
2025-11-30 10:09:32,693 - src.models.cat_model - INFO - Auto-detected 2 categorical features
2025-11-30 10:09:42,351 - src.models.cat_model - INFO - CatBoost trained for 501 iterations
2025-11-30 10:09:42,352 - src.utils - INFO - [Train catboost for scenario 1] done in 9.662s
2025-11-30 10:09:44,233 - src.train - INFO - Validation metrics: Official=0.6814, RMSE=0.1998, MAE=0.1569
2025-11-30 10:09:44,233 - src.train - INFO - Training time: 9.68 seconds
2025-11-30 10:09:44,247 - src.models.cat_model - INFO - Model saved to /Users/armanfeili/code/New Projects/novartis_datathon_2025/artifacts/catboost_bonus_all_20251130_100904_s1/seed_1337/model.bin.cbm with metadata
2025-11-30 10:09:44,247 - src.train - INFO - Seed 1337: Official=0.6814
2025-11-30 10:09:44,254 - src.train - INFO - Saved multi-seed summary to /Users/armanfeili/code/New Projects/novartis_datathon_2025/artifacts/catboost_bonus_all_20251130_100904_s1/multi_seed_summary.csv
2025-11-30 10:09:44,254 - src.train - INFO - Multi-seed results:
2025-11-30 10:09:44,254 - src.train - INFO -   Mean official metric: 0.6913
2025-11-30 10:09:44,254 - src.train - INFO -   Std official metric: 0.0236
2025-11-30 10:09:44,255 - src.train - INFO -   Best seed: 42
2025-11-30 10:09:44,255 - src.train - INFO - Best seed: 42
2025-11-30 10:09:44,257 - src.train - INFO - Applied target transform: log1p
2025-11-30 10:09:44,269 - src.train - INFO - Sample weights - min: 0.58, max: 3.46, mean: 1.00
2025-11-30 10:09:44,290 - src.utils - INFO - [Train catboost for scenario 1] starting...
2025-11-30 10:09:44,295 - src.models.cat_model - INFO - Auto-detected 2 categorical features
2025-11-30 10:09:56,762 - src.models.cat_model - INFO - CatBoost trained for 571 iterations
2025-11-30 10:09:56,763 - src.utils - INFO - [Train catboost for scenario 1] done in 12.472s
2025-11-30 10:09:58,449 - src.train - INFO - Validation metrics: Official=0.6743, RMSE=0.2004, MAE=0.1579
2025-11-30 10:09:58,450 - src.train - INFO - Training time: 12.49 seconds
2025-11-30 10:09:58,455 - src.train - INFO - Fitting calibration parameters
2025-11-30 10:09:58,500 - src.train - INFO - Saved calibration parameters to /Users/armanfeili/code/New Projects/novartis_datathon_2025/artifacts/catboost_bonus_all_20251130_100904_s1/calibration_params.json
2025-11-30 10:09:58,502 - src.train - INFO - Calibration parameters fitted for 6 groups
2025-11-30 10:09:58,502 - src.train - INFO - Fitting bias corrections
2025-11-30 10:09:58,553 - src.train - INFO - Merged group columns from panel: ['ther_area']
2025-11-30 10:09:58,608 - src.train - INFO - Saved bias corrections to /Users/armanfeili/code/New Projects/novartis_datathon_2025/artifacts/catboost_bonus_all_20251130_100904_s1/bias_corrections.json
2025-11-30 10:09:58,608 - src.train - INFO - Bias corrections fitted for 241 groups
2025-11-30 10:09:58,612 - src.models.cat_model - INFO - Model saved to /Users/armanfeili/code/New Projects/novartis_datathon_2025/artifacts/catboost_bonus_all_20251130_100904_s1/model_1.bin.cbm with metadata
2025-11-30 10:09:58,612 - src.train - INFO - Model saved to /Users/armanfeili/code/New Projects/novartis_datathon_2025/artifacts/catboost_bonus_all_20251130_100904_s1/model_1.bin
2025-11-30 10:09:58,613 - src.train - INFO - Target transform parameters saved to /Users/armanfeili/code/New Projects/novartis_datathon_2025/artifacts/catboost_bonus_all_20251130_100904_s1/target_transform_params_1.json
2025-11-30 10:09:58,621 - src.train - INFO - Experiment catboost_bonus_all_20251130_100904_s1 completed. Artifacts saved to /Users/armanfeili/code/New Projects/novartis_datathon_2025/artifacts/catboost_bonus_all_20251130_100904_s1
2025-11-30 10:09:58,658 - src.utils - INFO - [Scenario 1 Training] done in 54.154s
2025-11-30 10:09:58,659 - __main__ - INFO - ================================================================================
2025-11-30 10:09:58,659 - __main__ - INFO - ✅ Scenario 1 Training Complete
2025-11-30 10:09:58,659 - __main__ - INFO -    Official Metric: 0.674300
2025-11-30 10:09:58,660 - __main__ - INFO -    RMSE (norm): 0.200359
2025-11-30 10:09:58,660 - __main__ - INFO -    MAE (norm): 0.157855
2025-11-30 10:09:58,660 - __main__ - INFO -    Artifacts: /Users/armanfeili/code/New Projects/novartis_datathon_2025/artifacts/catboost_bonus_all_20251130_100904_s1
2025-11-30 10:09:58,660 - __main__ - INFO - ================================================================================
2025-11-30 10:09:58,660 - __main__ - INFO - 
================================================================================
2025-11-30 10:09:58,660 - __main__ - INFO - [2/3] Training Scenario 2
2025-11-30 10:09:58,660 - __main__ - INFO - ================================================================================
2025-11-30 10:09:58,661 - __main__ - INFO - ================================================================================
2025-11-30 10:09:58,661 - __main__ - INFO - Training Scenario 2
2025-11-30 10:09:58,661 - __main__ - INFO - ================================================================================
2025-11-30 10:09:58,661 - __main__ - INFO - Config: configs/run_bonus_all.yaml
2025-11-30 10:09:58,661 - __main__ - INFO - Run Name: catboost_bonus_all_20251130_100904
2025-11-30 10:09:58,662 - src.utils - INFO - [Scenario 2 Training] starting...
