2025-11-29 17:01:00,632 - __main__ - INFO - Starting experiment: 2025-11-29_17-01_arihow_scenario1
2025-11-29 17:01:00,690 - __main__ - INFO - Config snapshot saved to /Users/armanfeili/code/New Projects/novartis_datathon_2025/artifacts/2025-11-29_17-01_arihow_scenario1/configs (hash: 3afb31a0)
2025-11-29 17:01:00,690 - __main__ - INFO - Config hash: 3afb31a0
2025-11-29 17:01:00,713 - src.utils - INFO - [Load features (cached)] starting...
2025-11-29 17:01:00,714 - src.utils - INFO - [Load cached features for train S1 train] starting...
2025-11-29 17:01:00,714 - src.features - INFO - Loading cached features from /Users/armanfeili/code/New Projects/novartis_datathon_2025/data/processed/features_train_s1_train.parquet
2025-11-29 17:01:00,802 - src.features - INFO - Loaded X: (46872, 87), y: 46872
2025-11-29 17:01:00,802 - src.utils - INFO - [Load cached features for train S1 train] done in 0.089s
2025-11-29 17:01:00,824 - src.utils - INFO - [Load cached train panel] starting...
2025-11-29 17:01:00,824 - src.data - INFO - Loading cached panel from /Users/armanfeili/code/New Projects/novartis_datathon_2025/data/interim/panel_train.parquet
2025-11-29 17:01:00,840 - src.data - INFO - Loaded 93,744 rows, 19 columns
2025-11-29 17:01:00,840 - src.utils - INFO - [Load cached train panel] done in 0.016s
2025-11-29 17:01:00,840 - src.utils - INFO - [Load features (cached)] done in 0.127s
2025-11-29 17:01:00,840 - src.utils - INFO - [Create validation split] starting...
2025-11-29 17:01:00,857 - src.validation - WARNING - Grouping 1 rare stratification classes (< 195 series) into 'OTHER'
2025-11-29 17:01:00,976 - src.validation - INFO - Train series: 1562, Val series: 391
2025-11-29 17:01:00,977 - src.validation - INFO - Train rows: 37,488, Val rows: 9,384
2025-11-29 17:01:00,978 - src.validation - INFO - Train bucket distribution:
bucket
2    0.933419
1    0.066581
2025-11-29 17:01:00,979 - src.validation - INFO - Val bucket distribution:
bucket
2    0.933504
1    0.066496
2025-11-29 17:01:00,979 - src.utils - INFO - [Create validation split] done in 0.139s
2025-11-29 17:01:01,014 - __main__ - INFO - Features: 86 columns
2025-11-29 17:01:01,015 - __main__ - INFO - Meta: 9 columns
2025-11-29 17:01:01,024 - __main__ - INFO - Features: 86 columns
2025-11-29 17:01:01,024 - __main__ - INFO - Meta: 9 columns
2025-11-29 17:01:01,171 - __main__ - INFO - Sample weights - min: 0.58, max: 3.46, mean: 1.00
2025-11-29 17:01:01,192 - src.utils - INFO - [Train arihow for scenario 1] starting...
2025-11-29 17:01:01,354 - src.models.arihow - INFO - Fitting ARIHOW models for 1562 brands...
2025-11-29 17:02:10,568 - src.models.arihow - INFO - ARIHOW fitting complete: 1562/1562 brands successful
2025-11-29 17:02:10,577 - src.utils - INFO - [Train arihow for scenario 1] done in 69.385s
