2025-11-30 09:01:36,145 - __main__ - INFO - Starting experiment: 2025-11-30_09-01_catboost_scenario2
2025-11-30 09:01:36,234 - __main__ - INFO - Config snapshot saved to /Users/armanfeili/code/New Projects/novartis_datathon_2025/artifacts/2025-11-30_09-01_catboost_scenario2/configs (hash: cde2160f)
2025-11-30 09:01:36,235 - __main__ - INFO - Config hash: cde2160f
2025-11-30 09:01:36,269 - src.utils - INFO - [Load features (cached)] starting...
2025-11-30 09:01:36,270 - src.utils - INFO - [Load cached features for train S2 train] starting...
2025-11-30 09:01:36,271 - src.features - INFO - Loading cached features from /Users/armanfeili/code/New Projects/novartis_datathon_2025/data/processed/features_train_s2_train.parquet
2025-11-30 09:01:36,398 - src.features - INFO - Loaded X: (35154, 99), y: 35154
2025-11-30 09:01:36,398 - src.utils - INFO - [Load cached features for train S2 train] done in 0.128s
2025-11-30 09:01:36,424 - src.utils - INFO - [Load cached train panel] starting...
2025-11-30 09:01:36,424 - src.data - INFO - Loading cached panel from /Users/armanfeili/code/New Projects/novartis_datathon_2025/data/interim/panel_train.parquet
2025-11-30 09:01:36,441 - src.data - INFO - Loaded 93,744 rows, 19 columns
2025-11-30 09:01:36,442 - src.utils - INFO - [Load cached train panel] done in 0.017s
2025-11-30 09:01:36,442 - src.utils - INFO - [Load features (cached)] done in 0.172s
2025-11-30 09:01:36,442 - src.utils - INFO - [Create validation split] starting...
2025-11-30 09:01:36,462 - src.validation - WARNING - Grouping 1 rare stratification classes (< 195 series each, 130 series total) into 'OTHER'
2025-11-30 09:01:36,466 - src.validation - INFO - 'OTHER' class now contains 130 series
2025-11-30 09:01:36,584 - src.validation - INFO - Train series: 1562, Val series: 391
2025-11-30 09:01:36,585 - src.validation - INFO - Train rows: 28,116, Val rows: 7,038
2025-11-30 09:01:36,588 - src.validation - INFO - Train bucket distribution:
bucket
2    0.933419
1    0.066581
2025-11-30 09:01:36,589 - src.validation - INFO - Val bucket distribution:
bucket
2    0.933504
1    0.066496
2025-11-30 09:01:36,611 - src.utils - INFO - [Create validation split] done in 0.169s
2025-11-30 09:01:36,652 - __main__ - INFO - Features: 101 columns
2025-11-30 09:01:36,653 - __main__ - INFO - Meta: 9 columns: ['country', 'brand_name', 'months_postgx', 'bucket', 'avg_vol_12m', 'y_norm', 'volume', 'mean_erosion', 'month']
2025-11-30 09:01:36,663 - __main__ - INFO - Features: 101 columns
2025-11-30 09:01:36,664 - __main__ - INFO - Meta: 9 columns: ['country', 'brand_name', 'months_postgx', 'bucket', 'avg_vol_12m', 'y_norm', 'volume', 'mean_erosion', 'month']
2025-11-30 09:01:37,458 - __main__ - INFO - Sample weights - min: 0.63, max: 3.13, mean: 1.00
2025-11-30 09:01:37,475 - src.utils - INFO - [Train catboost for scenario 2] starting...
2025-11-30 09:01:52,638 - src.models.cat_model - INFO - CatBoost trained for 498 iterations
2025-11-30 09:01:52,638 - src.utils - INFO - [Train catboost for scenario 2] done in 15.163s
2025-11-30 09:01:53,584 - __main__ - INFO - Validation metrics: Official=0.2742, RMSE=0.2055, MAE=0.1265
2025-11-30 09:01:53,584 - __main__ - INFO - Training time: 15.18 seconds
2025-11-30 09:01:53,589 - src.models.cat_model - INFO - Model saved to /Users/armanfeili/code/New Projects/novartis_datathon_2025/artifacts/2025-11-30_09-01_catboost_scenario2/model_2.bin.cbm with metadata
2025-11-30 09:01:53,589 - __main__ - INFO - Model saved to /Users/armanfeili/code/New Projects/novartis_datathon_2025/artifacts/2025-11-30_09-01_catboost_scenario2/model_2.bin
2025-11-30 09:01:53,601 - __main__ - INFO - Experiment 2025-11-30_09-01_catboost_scenario2 completed. Artifacts saved to /Users/armanfeili/code/New Projects/novartis_datathon_2025/artifacts/2025-11-30_09-01_catboost_scenario2
0:	learn: 0.2875927	test: 0.2956842	best: 0.2956842 (0)	total: 100ms	remaining: 5m
100:	learn: 0.1684052	test: 0.2103841	best: 0.2103841 (100)	total: 3.99s	remaining: 1m 54s
200:	learn: 0.1557257	test: 0.2069368	best: 0.2069368 (200)	total: 6.81s	remaining: 1m 34s
300:	learn: 0.1476716	test: 0.2061390	best: 0.2061390 (300)	total: 8.94s	remaining: 1m 20s
400:	learn: 0.1409508	test: 0.2057255	best: 0.2056740 (397)	total: 11.1s	remaining: 1m 11s
500:	learn: 0.1351149	test: 0.2055507	best: 0.2055301 (498)	total: 13s	remaining: 1m 4s
Stopped by overfitting detector  (100 iterations wait)

bestTest = 0.2055301034
bestIteration = 498

Shrink model to first 499 iterations.
