2025-11-30 10:00:33,750 - __main__ - INFO - Starting full training pipeline: 2025-11-30_10-00_catboost_full
2025-11-30 10:00:33,750 - __main__ - INFO - Training scenarios sequentially...
2025-11-30 10:00:33,852 - __main__ - INFO - Starting experiment: 2025-11-30_10-00_catboost_full_s1
2025-11-30 10:00:33,948 - __main__ - INFO - Config snapshot saved to /Users/armanfeili/code/New Projects/novartis_datathon_2025/artifacts/2025-11-30_10-00_catboost_full_s1/configs (hash: 7e5af79c)
2025-11-30 10:00:33,948 - __main__ - INFO - Config hash: 7e5af79c
2025-11-30 10:00:33,981 - src.utils - INFO - [Load features (cached)] starting...
2025-11-30 10:00:33,982 - src.utils - INFO - [Load cached features for train S1 train] starting...
2025-11-30 10:00:33,982 - src.features - INFO - Loading cached features from /Users/armanfeili/code/New Projects/novartis_datathon_2025/data/processed/features_train_s1_train.parquet
2025-11-30 10:00:34,105 - src.features - INFO - Loaded X: (46872, 87), y: 46872
2025-11-30 10:00:34,106 - src.utils - INFO - [Load cached features for train S1 train] done in 0.124s
2025-11-30 10:00:34,130 - src.utils - INFO - [Load cached train panel] starting...
2025-11-30 10:00:34,130 - src.data - INFO - Loading cached panel from /Users/armanfeili/code/New Projects/novartis_datathon_2025/data/interim/panel_train.parquet
2025-11-30 10:00:34,152 - src.data - INFO - Loaded 93,744 rows, 19 columns
2025-11-30 10:00:34,152 - src.utils - INFO - [Load cached train panel] done in 0.022s
2025-11-30 10:00:34,153 - src.utils - INFO - [Load features (cached)] done in 0.171s
2025-11-30 10:00:34,153 - src.utils - INFO - [Create validation split] starting...
2025-11-30 10:00:34,184 - src.validation - WARNING - Grouping 1 rare stratification classes (< 195 series each, 130 series total) into 'OTHER'
2025-11-30 10:00:34,188 - src.validation - INFO - 'OTHER' class now contains 130 series
2025-11-30 10:00:34,289 - src.validation - INFO - Train series: 1562, Val series: 391
2025-11-30 10:00:34,289 - src.validation - INFO - Train rows: 37,488, Val rows: 9,384
2025-11-30 10:00:34,291 - src.validation - INFO - Train bucket distribution:
bucket
2    0.933419
1    0.066581
2025-11-30 10:00:34,291 - src.validation - INFO - Val bucket distribution:
bucket
2    0.933504
1    0.066496
2025-11-30 10:00:34,305 - src.utils - INFO - [Create validation split] done in 0.151s
2025-11-30 10:00:34,344 - __main__ - INFO - Features: 86 columns
2025-11-30 10:00:34,344 - __main__ - INFO - Meta: 9 columns: ['country', 'brand_name', 'months_postgx', 'bucket', 'avg_vol_12m', 'y_norm', 'volume', 'mean_erosion', 'month']
2025-11-30 10:00:34,355 - __main__ - INFO - Features: 86 columns
2025-11-30 10:00:34,355 - __main__ - INFO - Meta: 9 columns: ['country', 'brand_name', 'months_postgx', 'bucket', 'avg_vol_12m', 'y_norm', 'volume', 'mean_erosion', 'month']
2025-11-30 10:00:35,308 - __main__ - INFO - Sample weights - min: 0.58, max: 3.46, mean: 1.00
2025-11-30 10:00:35,326 - src.utils - INFO - [Train catboost for scenario 1] starting...
