2025-11-30 10:09:04 - __main__ - INFO - Logging to: logs/full_pipeline_catboost_bonus_all_20251130_100904.log
2025-11-30 10:09:04 - __main__ - INFO - ================================================================================
2025-11-30 10:09:04 - __main__ - INFO - CatBoost Hero Model Training with ALL Bonus Features
2025-11-30 10:09:04 - __main__ - INFO - ================================================================================
2025-11-30 10:09:04 - __main__ - INFO - Run Name: catboost_bonus_all_20251130_100904
2025-11-30 10:09:04 - __main__ - INFO - Config: configs/run_bonus_all.yaml
2025-11-30 10:09:04 - __main__ - INFO - Timestamp: 20251130_100904
2025-11-30 10:09:04 - __main__ - INFO - ================================================================================
2025-11-30 10:09:04 - __main__ - INFO - ✅ Config loaded successfully
2025-11-30 10:09:04 - __main__ - INFO - Config summary saved to: logs/config_summary_catboost_bonus_all_20251130_100904.yaml
2025-11-30 10:09:04 - __main__ - INFO - 
================================================================================
2025-11-30 10:09:04 - __main__ - INFO - [1/3] Training Scenario 1
2025-11-30 10:09:04 - __main__ - INFO - ================================================================================
2025-11-30 10:09:04 - __main__ - INFO - ================================================================================
2025-11-30 10:09:04 - __main__ - INFO - Training Scenario 1
2025-11-30 10:09:04 - __main__ - INFO - ================================================================================
2025-11-30 10:09:04 - __main__ - INFO - Config: configs/run_bonus_all.yaml
2025-11-30 10:09:04 - __main__ - INFO - Run Name: catboost_bonus_all_20251130_100904
2025-11-30 10:09:04 - src.utils - INFO - [Scenario 1 Training] starting...
