2025-11-30 10:22:33 - __main__ - INFO - Logging to: logs/full_pipeline_catboost_bonus_all_20251130_102233.log
2025-11-30 10:22:33 - __main__ - INFO - ================================================================================
2025-11-30 10:22:33 - __main__ - INFO - CatBoost Hero Model Training with ALL Bonus Features
2025-11-30 10:22:33 - __main__ - INFO - ================================================================================
2025-11-30 10:22:33 - __main__ - INFO - Run Name: catboost_bonus_all_20251130_102233
2025-11-30 10:22:33 - __main__ - INFO - Config: configs/run_bonus_all.yaml
2025-11-30 10:22:33 - __main__ - INFO - Timestamp: 20251130_102233
2025-11-30 10:22:33 - __main__ - INFO - ================================================================================
2025-11-30 10:22:33 - __main__ - INFO - ✅ Config loaded successfully
2025-11-30 10:22:33 - __main__ - INFO - Config summary saved to: logs/config_summary_catboost_bonus_all_20251130_102233.yaml
2025-11-30 10:22:33 - __main__ - INFO - 
================================================================================
2025-11-30 10:22:33 - __main__ - INFO - [1/3] Training Scenario 1
2025-11-30 10:22:33 - __main__ - INFO - ================================================================================
2025-11-30 10:22:33 - __main__ - INFO - ================================================================================
2025-11-30 10:22:33 - __main__ - INFO - Training Scenario 1
2025-11-30 10:22:33 - __main__ - INFO - ================================================================================
2025-11-30 10:22:33 - __main__ - INFO - Config: configs/run_bonus_all.yaml
2025-11-30 10:22:33 - __main__ - INFO - Run Name: catboost_bonus_all_20251130_102233
2025-11-30 10:22:33 - src.utils - INFO - [Scenario 1 Training] starting...
2025-11-30 10:22:33,846 - src.train - INFO - Starting experiment: catboost_bonus_all_20251130_102233_s1
2025-11-30 10:22:33,908 - src.train - INFO - Config snapshot saved to /Users/armanfeili/code/New Projects/novartis_datathon_2025/artifacts/catboost_bonus_all_20251130_102233_s1/configs (hash: bcc22caf)
2025-11-30 10:22:33,908 - src.train - INFO - Config hash: bcc22caf
2025-11-30 10:22:34,066 - src.utils - INFO - [Load features (cached)] starting...
2025-11-30 10:22:34,066 - src.features - INFO - Building features for train S1 train...
2025-11-30 10:22:34,066 - src.data - INFO - Building train panel from raw data...
2025-11-30 10:22:34,067 - src.utils - INFO - [Load train data] starting...
2025-11-30 10:22:34,067 - src.data - INFO - Loading volume from /Users/armanfeili/code/New Projects/novartis_datathon_2025/data/raw/TRAIN/df_volume_train.csv
2025-11-30 10:22:34,191 - src.data - INFO - === train/volume Statistics ===
2025-11-30 10:22:34,192 - src.data - INFO -   Shape: 93,744 rows × 5 columns
2025-11-30 10:22:34,215 - src.data - INFO -   No missing values
2025-11-30 10:22:34,238 - src.data - INFO -   Unique series: 1,953
2025-11-30 10:22:34,239 - src.data - INFO -   months_postgx range: [-24, 23]
2025-11-30 10:22:34,241 - src.data - INFO - Loading generics from /Users/armanfeili/code/New Projects/novartis_datathon_2025/data/raw/TRAIN/df_generics_train.csv
2025-11-30 10:22:34,272 - src.data - INFO - === train/generics Statistics ===
2025-11-30 10:22:34,272 - src.data - INFO -   Shape: 46,872 rows × 4 columns
2025-11-30 10:22:34,282 - src.data - INFO -   Missing values:
2025-11-30 10:22:34,282 - src.data - INFO -     n_gxs: 26.3%
2025-11-30 10:22:34,292 - src.data - INFO -   Unique series: 1,953
2025-11-30 10:22:34,293 - src.data - INFO -   months_postgx range: [0, 23]
2025-11-30 10:22:34,294 - src.data - INFO - Loading medicine_info from /Users/armanfeili/code/New Projects/novartis_datathon_2025/data/raw/TRAIN/df_medicine_info_train.csv
2025-11-30 10:22:34,300 - src.data - INFO - === train/medicine_info Statistics ===
2025-11-30 10:22:34,300 - src.data - INFO -   Shape: 1,953 rows × 7 columns
2025-11-30 10:22:34,301 - src.data - INFO -   Missing values:
2025-11-30 10:22:34,301 - src.data - INFO -     hospital_rate: 3.3%
2025-11-30 10:22:34,303 - src.data - INFO -   Unique series: 1,953
2025-11-30 10:22:34,303 - src.utils - INFO - [Load train data] done in 0.237s
2025-11-30 10:22:34,304 - src.utils - INFO - [Build base panel] starting...
2025-11-30 10:22:34,304 - src.data - INFO - Input shapes: volume=(93744, 5), generics=(46872, 4), medicine_info=(1953, 7)
2025-11-30 10:22:34,352 - src.data - INFO - After volume-generics merge: 93,744 rows
2025-11-30 10:22:34,389 - src.data - INFO - After medicine_info merge: 93,744 rows
2025-11-30 10:22:34,448 - src.data - INFO - === Base Panel Statistics ===
2025-11-30 10:22:34,448 - src.data - INFO -   Shape: 93,744 rows × 11 columns
2025-11-30 10:22:34,482 - src.data - INFO -   Missing values:
2025-11-30 10:22:34,482 - src.data - INFO -     n_gxs: 63.2%
2025-11-30 10:22:34,482 - src.data - INFO -     hospital_rate: 3.3%
2025-11-30 10:22:34,500 - src.data - INFO -   Unique series: 1,953
2025-11-30 10:22:34,500 - src.data - INFO -   months_postgx range: [-24, 23]
2025-11-30 10:22:34,505 - src.utils - INFO - [Build base panel] done in 0.202s
2025-11-30 10:22:34,506 - src.utils - INFO - [Handle missing values] starting...
2025-11-30 10:22:34,529 - src.data - INFO - n_gxs: filled 59208 missing values
2025-11-30 10:22:34,543 - src.data - INFO - hospital_rate: filled with ther_area medians, flag added
2025-11-30 10:22:34,604 - src.data - INFO - No missing values remaining
2025-11-30 10:22:34,604 - src.utils - INFO - [Handle missing values] done in 0.099s
2025-11-30 10:22:34,606 - src.utils - INFO - [Compute pre-entry stats] starting...
2025-11-30 10:22:34,675 - src.data - INFO - avg_vol_12m distribution:
2025-11-30 10:22:34,676 - src.data - INFO -   Range: [37.72, 371038791.09]
2025-11-30 10:22:34,676 - src.data - INFO -   Median: 131382.32
2025-11-30 10:22:34,677 - src.data - INFO -   Mean: 2439028.31
2025-11-30 10:22:34,698 - src.data - INFO - Bucket classification using threshold=0.25
2025-11-30 10:22:34,752 - src.data - INFO - Bucket distribution (train):
2025-11-30 10:22:34,752 - src.data - INFO -   Bucket 1: 130 series (6.7%)
2025-11-30 10:22:34,752 - src.data - INFO -   Bucket 2: 1,823 series (93.3%)
2025-11-30 10:22:34,752 - src.data - INFO - y_norm distribution (train):
2025-11-30 10:22:34,753 - src.data - INFO -   Range: [0.000, 43.792]
2025-11-30 10:22:34,754 - src.data - INFO -   Median: 0.871
2025-11-30 10:22:34,754 - src.data - INFO -   Mean: 0.800
2025-11-30 10:22:34,757 - src.data - WARNING - y_norm.y_norm: 18 values above 5
2025-11-30 10:22:34,757 - src.utils - INFO - [Compute pre-entry stats] done in 0.151s
2025-11-30 10:22:34,774 - src.data - INFO - Panel schema validation passed for train (93,744 rows)
2025-11-30 10:22:34,776 - src.features - INFO - Applying data augmentation to training panel
2025-11-30 10:22:39,518 - src.data - INFO - Augmentation applied: jitter=5.00%, drop_prob=5.00%
2025-11-30 10:22:39,536 - src.utils - INFO - [Feature engineering - Scenario 1] starting...
2025-11-30 10:22:39,655 - src.features - WARNING - No pre-entry data for seasonal features, skipping
2025-11-30 10:22:40,287 - src.features - INFO - Total features created: 79
2025-11-30 10:22:40,287 - src.utils - INFO - [Feature engineering - Scenario 1] done in 0.751s
2025-11-30 10:22:40,372 - src.features - INFO - Selected 44,499 rows for 1 (months 0-23)
2025-11-30 10:22:40,380 - src.features - WARNING - Feature leakage detected: LEAKAGE: Forbidden column present: mean_erosion
2025-11-30 10:22:40,380 - src.features - WARNING - Feature leakage detected: LEAKAGE: Forbidden column present: country
2025-11-30 10:22:40,380 - src.features - WARNING - Feature leakage detected: LEAKAGE: Forbidden column present: brand_name
2025-11-30 10:22:40,380 - src.features - WARNING - Feature leakage detected: LEAKAGE: Forbidden column present: volume
2025-11-30 10:22:40,380 - src.features - WARNING - Feature leakage detected: LEAKAGE: Forbidden column present: y_norm
2025-11-30 10:22:40,381 - src.features - WARNING - Feature leakage detected: LEAKAGE: Forbidden column present: bucket
2025-11-30 10:22:40,428 - src.data - INFO - Data leakage audit passed for scenario 1, mode train
2025-11-30 10:22:40,439 - src.features - ERROR - Feature matrix validation failed: Feature matrix has all-NaN columns: ['first_generic_month']...
2025-11-30 10:22:40,439 - src.features - INFO - Built features: X=(44499, 76), y=44499, meta=(44499, 9)
2025-11-30 10:22:40,468 - src.utils - INFO - [Load cached train panel] starting...
2025-11-30 10:22:40,468 - src.data - INFO - Loading cached panel from /Users/armanfeili/code/New Projects/novartis_datathon_2025/data/interim/panel_train.parquet
2025-11-30 10:22:40,541 - src.data - INFO - Loaded 93,744 rows, 19 columns
2025-11-30 10:22:40,541 - src.utils - INFO - [Load cached train panel] done in 0.074s
2025-11-30 10:22:40,541 - src.utils - INFO - [Load features (cached)] done in 6.476s
2025-11-30 10:22:40,542 - src.utils - INFO - [Create validation split] starting...
2025-11-30 10:22:40,555 - src.validation - WARNING - Grouping 1 rare stratification classes (< 195 series each, 130 series total) into 'OTHER'
2025-11-30 10:22:40,558 - src.validation - INFO - 'OTHER' class now contains 130 series
2025-11-30 10:22:40,672 - src.validation - INFO - Train series: 1562, Val series: 391
2025-11-30 10:22:40,672 - src.validation - INFO - Train rows: 35,636, Val rows: 8,863
2025-11-30 10:22:40,674 - src.validation - INFO - Train bucket distribution:
bucket
2    0.933419
1    0.066581
2025-11-30 10:22:40,674 - src.validation - INFO - Val bucket distribution:
bucket
2    0.933504
1    0.066496
2025-11-30 10:22:40,704 - src.utils - INFO - [Create validation split] done in 0.162s
2025-11-30 10:22:40,746 - src.train - INFO - Features: 75 columns
2025-11-30 10:22:40,747 - src.train - INFO - Meta: 9 columns: ['country', 'brand_name', 'months_postgx', 'bucket', 'avg_vol_12m', 'y_norm', 'volume', 'mean_erosion', 'month']
2025-11-30 10:22:40,758 - src.train - INFO - Features: 75 columns
2025-11-30 10:22:40,758 - src.train - INFO - Meta: 9 columns: ['country', 'brand_name', 'months_postgx', 'bucket', 'avg_vol_12m', 'y_norm', 'volume', 'mean_erosion', 'month']
2025-11-30 10:22:40,803 - src.train - INFO - Multi-seed experiment enabled
2025-11-30 10:22:40,804 - src.train - INFO - Training with seed 42...
2025-11-30 10:22:40,808 - src.train - INFO - Applied target transform: log1p
2025-11-30 10:22:41,604 - src.train - INFO - Sample weights - min: 0.58, max: 3.46, mean: 1.00
2025-11-30 10:22:41,621 - src.utils - INFO - [Train catboost for scenario 1] starting...
2025-11-30 10:22:41,624 - src.models.cat_model - INFO - Auto-detected 2 categorical features
2025-11-30 10:22:52,803 - src.models.cat_model - INFO - CatBoost trained for 571 iterations
2025-11-30 10:22:52,803 - src.utils - INFO - [Train catboost for scenario 1] done in 11.182s
2025-11-30 10:22:54,043 - src.train - INFO - Validation metrics: Official=0.7007, RMSE=0.1943, MAE=0.1523
2025-11-30 10:22:54,043 - src.train - INFO - Training time: 11.20 seconds
2025-11-30 10:22:54,051 - src.models.cat_model - INFO - Model saved to /Users/armanfeili/code/New Projects/novartis_datathon_2025/artifacts/catboost_bonus_all_20251130_102233_s1/seed_42/model.bin.cbm with metadata
2025-11-30 10:22:54,052 - src.train - INFO - Seed 42: Official=0.7007
2025-11-30 10:22:54,052 - src.train - INFO - Training with seed 2025...
2025-11-30 10:22:54,054 - src.train - INFO - Applied target transform: log1p
2025-11-30 10:22:54,067 - src.train - INFO - Sample weights - min: 0.58, max: 3.46, mean: 1.00
2025-11-30 10:22:54,093 - src.utils - INFO - [Train catboost for scenario 1] starting...
2025-11-30 10:22:54,096 - src.models.cat_model - INFO - Auto-detected 2 categorical features
2025-11-30 10:23:01,564 - src.models.cat_model - INFO - CatBoost trained for 247 iterations
2025-11-30 10:23:01,565 - src.utils - INFO - [Train catboost for scenario 1] done in 7.472s
2025-11-30 10:23:02,858 - src.train - INFO - Validation metrics: Official=0.7354, RMSE=0.1881, MAE=0.1466
2025-11-30 10:23:02,858 - src.train - INFO - Training time: 7.50 seconds
2025-11-30 10:23:02,870 - src.models.cat_model - INFO - Model saved to /Users/armanfeili/code/New Projects/novartis_datathon_2025/artifacts/catboost_bonus_all_20251130_102233_s1/seed_2025/model.bin.cbm with metadata
2025-11-30 10:23:02,870 - src.train - INFO - Seed 2025: Official=0.7354
2025-11-30 10:23:02,870 - src.train - INFO - Training with seed 1337...
2025-11-30 10:23:02,872 - src.train - INFO - Applied target transform: log1p
2025-11-30 10:23:02,887 - src.train - INFO - Sample weights - min: 0.58, max: 3.46, mean: 1.00
2025-11-30 10:23:02,910 - src.utils - INFO - [Train catboost for scenario 1] starting...
2025-11-30 10:23:02,915 - src.models.cat_model - INFO - Auto-detected 2 categorical features
2025-11-30 10:23:14,921 - src.models.cat_model - INFO - CatBoost trained for 501 iterations
2025-11-30 10:23:14,921 - src.utils - INFO - [Train catboost for scenario 1] done in 12.011s
2025-11-30 10:23:16,153 - src.train - INFO - Validation metrics: Official=0.7106, RMSE=0.1982, MAE=0.1558
2025-11-30 10:23:16,153 - src.train - INFO - Training time: 12.03 seconds
2025-11-30 10:23:16,160 - src.models.cat_model - INFO - Model saved to /Users/armanfeili/code/New Projects/novartis_datathon_2025/artifacts/catboost_bonus_all_20251130_102233_s1/seed_1337/model.bin.cbm with metadata
2025-11-30 10:23:16,160 - src.train - INFO - Seed 1337: Official=0.7106
2025-11-30 10:23:16,165 - src.train - INFO - Saved multi-seed summary to /Users/armanfeili/code/New Projects/novartis_datathon_2025/artifacts/catboost_bonus_all_20251130_102233_s1/multi_seed_summary.csv
2025-11-30 10:23:16,166 - src.train - INFO - Multi-seed results:
2025-11-30 10:23:16,168 - src.train - INFO -   Mean official metric: 0.7156
2025-11-30 10:23:16,168 - src.train - INFO -   Std official metric: 0.0179
2025-11-30 10:23:16,169 - src.train - INFO -   Best seed: 42
2025-11-30 10:23:16,170 - src.train - INFO - Best seed: 42
2025-11-30 10:23:16,172 - src.train - INFO - Applied target transform: log1p
2025-11-30 10:23:16,187 - src.train - INFO - Sample weights - min: 0.58, max: 3.46, mean: 1.00
2025-11-30 10:23:16,211 - src.utils - INFO - [Train catboost for scenario 1] starting...
2025-11-30 10:23:16,214 - src.models.cat_model - INFO - Auto-detected 2 categorical features
2025-11-30 10:23:27,783 - src.models.cat_model - INFO - CatBoost trained for 571 iterations
2025-11-30 10:23:27,784 - src.utils - INFO - [Train catboost for scenario 1] done in 11.573s
2025-11-30 10:23:29,065 - src.train - INFO - Validation metrics: Official=0.7007, RMSE=0.1943, MAE=0.1523
2025-11-30 10:23:29,068 - src.train - INFO - Training time: 11.60 seconds
2025-11-30 10:23:29,071 - src.train - INFO - Fitting calibration parameters
2025-11-30 10:23:29,147 - src.train - INFO - Saved calibration parameters to /Users/armanfeili/code/New Projects/novartis_datathon_2025/artifacts/catboost_bonus_all_20251130_102233_s1/calibration_params.json
2025-11-30 10:23:29,151 - src.train - INFO - Calibration parameters fitted for 6 groups
2025-11-30 10:23:29,152 - src.train - INFO - Fitting bias corrections
2025-11-30 10:23:29,294 - src.train - INFO - Merged group columns from panel: ['ther_area']
/Users/armanfeili/code/New Projects/novartis_datathon_2025/src/train.py:6086: FutureWarning: The default of observed=False is deprecated and will be changed to True in a future version of pandas. Pass observed=False to retain current behavior or observed=True to adopt the future default and silence this warning.
  for group_key, group_df in df_val.groupby(available_group_cols):
2025-11-30 10:23:29,380 - src.train - INFO - Saved bias corrections to /Users/armanfeili/code/New Projects/novartis_datathon_2025/artifacts/catboost_bonus_all_20251130_102233_s1/bias_corrections.json
2025-11-30 10:23:29,381 - src.train - INFO - Bias corrections fitted for 241 groups
2025-11-30 10:23:29,387 - src.models.cat_model - INFO - Model saved to /Users/armanfeili/code/New Projects/novartis_datathon_2025/artifacts/catboost_bonus_all_20251130_102233_s1/model_1.bin.cbm with metadata
2025-11-30 10:23:29,387 - src.train - INFO - Model saved to /Users/armanfeili/code/New Projects/novartis_datathon_2025/artifacts/catboost_bonus_all_20251130_102233_s1/model_1.bin
2025-11-30 10:23:29,388 - src.train - INFO - Target transform parameters saved to /Users/armanfeili/code/New Projects/novartis_datathon_2025/artifacts/catboost_bonus_all_20251130_102233_s1/target_transform_params_1.json
2025-11-30 10:23:29,405 - src.train - INFO - Experiment catboost_bonus_all_20251130_102233_s1 completed. Artifacts saved to /Users/armanfeili/code/New Projects/novartis_datathon_2025/artifacts/catboost_bonus_all_20251130_102233_s1
2025-11-30 10:23:29,439 - src.utils - INFO - [Scenario 1 Training] done in 55.643s
2025-11-30 10:23:29,439 - __main__ - INFO - ================================================================================
2025-11-30 10:23:29,440 - __main__ - INFO - ✅ Scenario 1 Training Complete
2025-11-30 10:23:29,440 - __main__ - INFO -    Official Metric: 0.700700
2025-11-30 10:23:29,440 - __main__ - INFO -    RMSE (norm): 0.194279
2025-11-30 10:23:29,440 - __main__ - INFO -    MAE (norm): 0.152342
2025-11-30 10:23:29,440 - __main__ - INFO -    Artifacts: /Users/armanfeili/code/New Projects/novartis_datathon_2025/artifacts/catboost_bonus_all_20251130_102233_s1
2025-11-30 10:23:29,440 - __main__ - INFO - ================================================================================
2025-11-30 10:23:29,441 - __main__ - INFO - 
================================================================================
2025-11-30 10:23:29,441 - __main__ - INFO - [2/3] Training Scenario 2
2025-11-30 10:23:29,441 - __main__ - INFO - ================================================================================
2025-11-30 10:23:29,441 - __main__ - INFO - ================================================================================
2025-11-30 10:23:29,441 - __main__ - INFO - Training Scenario 2
2025-11-30 10:23:29,441 - __main__ - INFO - ================================================================================
2025-11-30 10:23:29,442 - __main__ - INFO - Config: configs/run_bonus_all.yaml
2025-11-30 10:23:29,442 - __main__ - INFO - Run Name: catboost_bonus_all_20251130_102233
2025-11-30 10:23:29,442 - src.utils - INFO - [Scenario 2 Training] starting...
2025-11-30 10:23:29,491 - src.train - INFO - Starting experiment: catboost_bonus_all_20251130_102233_s2
2025-11-30 10:23:29,543 - src.train - INFO - Config snapshot saved to /Users/armanfeili/code/New Projects/novartis_datathon_2025/artifacts/catboost_bonus_all_20251130_102233_s2/configs (hash: bcc22caf)
2025-11-30 10:23:29,543 - src.train - INFO - Config hash: bcc22caf
2025-11-30 10:23:29,566 - src.utils - INFO - [Load features (cached)] starting...
2025-11-30 10:23:29,567 - src.features - INFO - Building features for train S2 train...
2025-11-30 10:23:29,568 - src.data - INFO - Building train panel from raw data...
2025-11-30 10:23:29,568 - src.utils - INFO - [Load train data] starting...
2025-11-30 10:23:29,568 - src.data - INFO - Loading volume from /Users/armanfeili/code/New Projects/novartis_datathon_2025/data/raw/TRAIN/df_volume_train.csv
2025-11-30 10:23:29,663 - src.data - INFO - === train/volume Statistics ===
2025-11-30 10:23:29,663 - src.data - INFO -   Shape: 93,744 rows × 5 columns
2025-11-30 10:23:29,685 - src.data - INFO -   No missing values
2025-11-30 10:23:29,704 - src.data - INFO -   Unique series: 1,953
2025-11-30 10:23:29,705 - src.data - INFO -   months_postgx range: [-24, 23]
2025-11-30 10:23:29,707 - src.data - INFO - Loading generics from /Users/armanfeili/code/New Projects/novartis_datathon_2025/data/raw/TRAIN/df_generics_train.csv
2025-11-30 10:23:29,742 - src.data - INFO - === train/generics Statistics ===
2025-11-30 10:23:29,742 - src.data - INFO -   Shape: 46,872 rows × 4 columns
2025-11-30 10:23:29,749 - src.data - INFO -   Missing values:
2025-11-30 10:23:29,749 - src.data - INFO -     n_gxs: 26.3%
2025-11-30 10:23:29,762 - src.data - INFO -   Unique series: 1,953
2025-11-30 10:23:29,762 - src.data - INFO -   months_postgx range: [0, 23]
2025-11-30 10:23:29,763 - src.data - INFO - Loading medicine_info from /Users/armanfeili/code/New Projects/novartis_datathon_2025/data/raw/TRAIN/df_medicine_info_train.csv
2025-11-30 10:23:29,770 - src.data - INFO - === train/medicine_info Statistics ===
2025-11-30 10:23:29,770 - src.data - INFO -   Shape: 1,953 rows × 7 columns
2025-11-30 10:23:29,772 - src.data - INFO -   Missing values:
2025-11-30 10:23:29,772 - src.data - INFO -     hospital_rate: 3.3%
2025-11-30 10:23:29,774 - src.data - INFO -   Unique series: 1,953
2025-11-30 10:23:29,776 - src.utils - INFO - [Load train data] done in 0.208s
2025-11-30 10:23:29,776 - src.utils - INFO - [Build base panel] starting...
2025-11-30 10:23:29,776 - src.data - INFO - Input shapes: volume=(93744, 5), generics=(46872, 4), medicine_info=(1953, 7)
2025-11-30 10:23:29,830 - src.data - INFO - After volume-generics merge: 93,744 rows
2025-11-30 10:23:29,868 - src.data - INFO - After medicine_info merge: 93,744 rows
2025-11-30 10:23:29,939 - src.data - INFO - === Base Panel Statistics ===
2025-11-30 10:23:29,939 - src.data - INFO -   Shape: 93,744 rows × 11 columns
2025-11-30 10:23:29,969 - src.data - INFO -   Missing values:
2025-11-30 10:23:29,969 - src.data - INFO -     n_gxs: 63.2%
2025-11-30 10:23:29,969 - src.data - INFO -     hospital_rate: 3.3%
2025-11-30 10:23:29,993 - src.data - INFO -   Unique series: 1,953
2025-11-30 10:23:29,993 - src.data - INFO -   months_postgx range: [-24, 23]
2025-11-30 10:23:29,996 - src.utils - INFO - [Build base panel] done in 0.220s
2025-11-30 10:23:29,996 - src.utils - INFO - [Handle missing values] starting...
2025-11-30 10:23:30,018 - src.data - INFO - n_gxs: filled 59208 missing values
2025-11-30 10:23:30,030 - src.data - INFO - hospital_rate: filled with ther_area medians, flag added
2025-11-30 10:23:30,087 - src.data - INFO - No missing values remaining
2025-11-30 10:23:30,087 - src.utils - INFO - [Handle missing values] done in 0.091s
2025-11-30 10:23:30,089 - src.utils - INFO - [Compute pre-entry stats] starting...
2025-11-30 10:23:30,170 - src.data - INFO - avg_vol_12m distribution:
2025-11-30 10:23:30,171 - src.data - INFO -   Range: [37.72, 371038791.09]
2025-11-30 10:23:30,172 - src.data - INFO -   Median: 131382.32
2025-11-30 10:23:30,172 - src.data - INFO -   Mean: 2439028.31
2025-11-30 10:23:30,204 - src.data - INFO - Bucket classification using threshold=0.25
2025-11-30 10:23:30,282 - src.data - INFO - Bucket distribution (train):
2025-11-30 10:23:30,283 - src.data - INFO -   Bucket 1: 130 series (6.7%)
2025-11-30 10:23:30,284 - src.data - INFO -   Bucket 2: 1,823 series (93.3%)
2025-11-30 10:23:30,284 - src.data - INFO - y_norm distribution (train):
2025-11-30 10:23:30,285 - src.data - INFO -   Range: [0.000, 43.792]
2025-11-30 10:23:30,287 - src.data - INFO -   Median: 0.871
2025-11-30 10:23:30,287 - src.data - INFO -   Mean: 0.800
2025-11-30 10:23:30,290 - src.data - WARNING - y_norm.y_norm: 18 values above 5
2025-11-30 10:23:30,290 - src.utils - INFO - [Compute pre-entry stats] done in 0.202s
2025-11-30 10:23:30,318 - src.data - INFO - Panel schema validation passed for train (93,744 rows)
2025-11-30 10:23:30,320 - src.features - INFO - Applying data augmentation to training panel
2025-11-30 10:23:35,826 - src.data - INFO - Augmentation applied: jitter=5.00%, drop_prob=5.00%
2025-11-30 10:23:35,846 - src.utils - INFO - [Feature engineering - Scenario 2] starting...
2025-11-30 10:23:35,962 - src.features - WARNING - No pre-entry data for seasonal features, skipping
2025-11-30 10:23:39,531 - src.features - INFO - Total features created: 94
2025-11-30 10:23:39,532 - src.utils - INFO - [Feature engineering - Scenario 2] done in 3.685s
2025-11-30 10:23:39,604 - src.features - INFO - Selected 33,354 rows for 2 (months 6-23)
2025-11-30 10:23:39,612 - src.features - WARNING - Feature leakage detected: LEAKAGE: Forbidden column present: mean_erosion
2025-11-30 10:23:39,613 - src.features - WARNING - Feature leakage detected: LEAKAGE: Forbidden column present: country
2025-11-30 10:23:39,613 - src.features - WARNING - Feature leakage detected: LEAKAGE: Forbidden column present: brand_name
2025-11-30 10:23:39,613 - src.features - WARNING - Feature leakage detected: LEAKAGE: Forbidden column present: volume
2025-11-30 10:23:39,613 - src.features - WARNING - Feature leakage detected: LEAKAGE: Forbidden column present: y_norm
2025-11-30 10:23:39,613 - src.features - WARNING - Feature leakage detected: LEAKAGE: Forbidden column present: bucket
2025-11-30 10:23:39,642 - src.data - INFO - Data leakage audit passed for scenario 2, mode train
2025-11-30 10:23:39,653 - src.features - INFO - Feature matrix validation passed: X=(33354, 89), y=33354, meta=(33354, 12)
2025-11-30 10:23:39,653 - src.features - INFO - Built features: X=(33354, 89), y=33354, meta=(33354, 12)
2025-11-30 10:23:39,690 - src.utils - INFO - [Load cached train panel] starting...
2025-11-30 10:23:39,690 - src.data - INFO - Loading cached panel from /Users/armanfeili/code/New Projects/novartis_datathon_2025/data/interim/panel_train.parquet
2025-11-30 10:23:39,707 - src.data - INFO - Loaded 93,744 rows, 19 columns
2025-11-30 10:23:39,707 - src.utils - INFO - [Load cached train panel] done in 0.017s
2025-11-30 10:23:39,708 - src.utils - INFO - [Load features (cached)] done in 10.142s
2025-11-30 10:23:39,708 - src.utils - INFO - [Create validation split] starting...
2025-11-30 10:23:39,722 - src.validation - WARNING - Grouping 1 rare stratification classes (< 195 series each, 130 series total) into 'OTHER'
2025-11-30 10:23:39,725 - src.validation - INFO - 'OTHER' class now contains 130 series
2025-11-30 10:23:39,845 - src.validation - INFO - Train series: 1562, Val series: 391
2025-11-30 10:23:39,845 - src.validation - INFO - Train rows: 26,726, Val rows: 6,628
2025-11-30 10:23:39,846 - src.validation - INFO - Train bucket distribution:
bucket
2    0.933419
1    0.066581
2025-11-30 10:23:39,847 - src.validation - INFO - Val bucket distribution:
bucket
2    0.933504
1    0.066496
2025-11-30 10:23:39,868 - src.utils - INFO - [Create validation split] done in 0.161s
2025-11-30 10:23:39,909 - src.train - INFO - Features: 91 columns
2025-11-30 10:23:39,909 - src.train - INFO - Meta: 9 columns: ['country', 'brand_name', 'months_postgx', 'bucket', 'avg_vol_12m', 'y_norm', 'volume', 'mean_erosion', 'month']
2025-11-30 10:23:39,919 - src.train - INFO - Features: 91 columns
2025-11-30 10:23:39,919 - src.train - INFO - Meta: 9 columns: ['country', 'brand_name', 'months_postgx', 'bucket', 'avg_vol_12m', 'y_norm', 'volume', 'mean_erosion', 'month']
2025-11-30 10:23:39,964 - src.train - INFO - Multi-seed experiment enabled
2025-11-30 10:23:39,967 - src.train - INFO - Training with seed 42...
2025-11-30 10:23:39,971 - src.train - INFO - Applied target transform: log1p
2025-11-30 10:23:39,984 - src.train - INFO - Sample weights - min: 0.63, max: 3.13, mean: 1.00
2025-11-30 10:23:40,002 - src.utils - INFO - [Train catboost for scenario 2] starting...
2025-11-30 10:23:40,009 - src.models.cat_model - INFO - Auto-detected 2 categorical features
2025-11-30 10:23:46,486 - src.models.cat_model - INFO - CatBoost trained for 293 iterations
2025-11-30 10:23:46,487 - src.utils - INFO - [Train catboost for scenario 2] done in 6.485s
2025-11-30 10:23:47,523 - src.train - INFO - Validation metrics: Official=0.2675, RMSE=0.1823, MAE=0.1440
2025-11-30 10:23:47,524 - src.train - INFO - Training time: 6.50 seconds
2025-11-30 10:23:47,535 - src.models.cat_model - INFO - Model saved to /Users/armanfeili/code/New Projects/novartis_datathon_2025/artifacts/catboost_bonus_all_20251130_102233_s2/seed_42/model.bin.cbm with metadata
2025-11-30 10:23:47,535 - src.train - INFO - Seed 42: Official=0.2675
2025-11-30 10:23:47,535 - src.train - INFO - Training with seed 2025...
2025-11-30 10:23:47,538 - src.train - INFO - Applied target transform: log1p
2025-11-30 10:23:47,544 - src.train - INFO - Sample weights - min: 0.63, max: 3.13, mean: 1.00
2025-11-30 10:23:47,554 - src.utils - INFO - [Train catboost for scenario 2] starting...
2025-11-30 10:23:47,557 - src.models.cat_model - INFO - Auto-detected 2 categorical features
2025-11-30 10:23:55,491 - src.models.cat_model - INFO - CatBoost trained for 385 iterations
2025-11-30 10:23:55,492 - src.utils - INFO - [Train catboost for scenario 2] done in 7.938s
2025-11-30 10:23:56,944 - src.train - INFO - Validation metrics: Official=0.2675, RMSE=0.1825, MAE=0.1440
2025-11-30 10:23:56,944 - src.train - INFO - Training time: 7.95 seconds
2025-11-30 10:23:56,958 - src.models.cat_model - INFO - Model saved to /Users/armanfeili/code/New Projects/novartis_datathon_2025/artifacts/catboost_bonus_all_20251130_102233_s2/seed_2025/model.bin.cbm with metadata
2025-11-30 10:23:56,958 - src.train - INFO - Seed 2025: Official=0.2675
2025-11-30 10:23:56,959 - src.train - INFO - Training with seed 1337...
2025-11-30 10:23:56,961 - src.train - INFO - Applied target transform: log1p
2025-11-30 10:23:56,968 - src.train - INFO - Sample weights - min: 0.63, max: 3.13, mean: 1.00
2025-11-30 10:23:56,979 - src.utils - INFO - [Train catboost for scenario 2] starting...
2025-11-30 10:23:56,985 - src.models.cat_model - INFO - Auto-detected 2 categorical features
2025-11-30 10:24:04,735 - src.models.cat_model - INFO - CatBoost trained for 365 iterations
2025-11-30 10:24:04,735 - src.utils - INFO - [Train catboost for scenario 2] done in 7.756s
2025-11-30 10:24:05,620 - src.train - INFO - Validation metrics: Official=0.2623, RMSE=0.1832, MAE=0.1446
2025-11-30 10:24:05,621 - src.train - INFO - Training time: 7.77 seconds
2025-11-30 10:24:05,633 - src.models.cat_model - INFO - Model saved to /Users/armanfeili/code/New Projects/novartis_datathon_2025/artifacts/catboost_bonus_all_20251130_102233_s2/seed_1337/model.bin.cbm with metadata
2025-11-30 10:24:05,633 - src.train - INFO - Seed 1337: Official=0.2623
2025-11-30 10:24:05,637 - src.train - INFO - Saved multi-seed summary to /Users/armanfeili/code/New Projects/novartis_datathon_2025/artifacts/catboost_bonus_all_20251130_102233_s2/multi_seed_summary.csv
2025-11-30 10:24:05,637 - src.train - INFO - Multi-seed results:
2025-11-30 10:24:05,638 - src.train - INFO -   Mean official metric: 0.2658
2025-11-30 10:24:05,638 - src.train - INFO -   Std official metric: 0.0030
2025-11-30 10:24:05,639 - src.train - INFO -   Best seed: 1337
2025-11-30 10:24:05,640 - src.train - INFO - Best seed: 1337
2025-11-30 10:24:05,642 - src.train - INFO - Applied target transform: log1p
2025-11-30 10:24:05,650 - src.train - INFO - Sample weights - min: 0.63, max: 3.13, mean: 1.00
2025-11-30 10:24:05,659 - src.utils - INFO - [Train catboost for scenario 2] starting...
2025-11-30 10:24:05,662 - src.models.cat_model - INFO - Auto-detected 2 categorical features
2025-11-30 10:24:11,624 - src.models.cat_model - INFO - CatBoost trained for 293 iterations
2025-11-30 10:24:11,624 - src.utils - INFO - [Train catboost for scenario 2] done in 5.965s
2025-11-30 10:24:12,568 - src.train - INFO - Validation metrics: Official=0.2675, RMSE=0.1823, MAE=0.1440
2025-11-30 10:24:12,568 - src.train - INFO - Training time: 5.97 seconds
2025-11-30 10:24:12,571 - src.train - INFO - Fitting calibration parameters
2025-11-30 10:24:12,613 - src.train - INFO - Saved calibration parameters to /Users/armanfeili/code/New Projects/novartis_datathon_2025/artifacts/catboost_bonus_all_20251130_102233_s2/calibration_params.json
2025-11-30 10:24:12,617 - src.train - INFO - Calibration parameters fitted for 6 groups
2025-11-30 10:24:12,617 - src.train - INFO - Fitting bias corrections
2025-11-30 10:24:12,669 - src.train - INFO - Merged group columns from panel: ['ther_area']
/Users/armanfeili/code/New Projects/novartis_datathon_2025/src/train.py:6086: FutureWarning: The default of observed=False is deprecated and will be changed to True in a future version of pandas. Pass observed=False to retain current behavior or observed=True to adopt the future default and silence this warning.
  for group_key, group_df in df_val.groupby(available_group_cols):
2025-11-30 10:24:12,717 - src.train - INFO - Saved bias corrections to /Users/armanfeili/code/New Projects/novartis_datathon_2025/artifacts/catboost_bonus_all_20251130_102233_s2/bias_corrections.json
2025-11-30 10:24:12,718 - src.train - INFO - Bias corrections fitted for 241 groups
2025-11-30 10:24:12,720 - src.models.cat_model - INFO - Model saved to /Users/armanfeili/code/New Projects/novartis_datathon_2025/artifacts/catboost_bonus_all_20251130_102233_s2/model_2.bin.cbm with metadata
2025-11-30 10:24:12,720 - src.train - INFO - Model saved to /Users/armanfeili/code/New Projects/novartis_datathon_2025/artifacts/catboost_bonus_all_20251130_102233_s2/model_2.bin
2025-11-30 10:24:12,720 - src.train - INFO - Target transform parameters saved to /Users/armanfeili/code/New Projects/novartis_datathon_2025/artifacts/catboost_bonus_all_20251130_102233_s2/target_transform_params_2.json
2025-11-30 10:24:12,726 - src.train - INFO - Experiment catboost_bonus_all_20251130_102233_s2 completed. Artifacts saved to /Users/armanfeili/code/New Projects/novartis_datathon_2025/artifacts/catboost_bonus_all_20251130_102233_s2
2025-11-30 10:24:12,758 - src.utils - INFO - [Scenario 2 Training] done in 43.317s
2025-11-30 10:24:12,759 - __main__ - INFO - ================================================================================
2025-11-30 10:24:12,759 - __main__ - INFO - ✅ Scenario 2 Training Complete
2025-11-30 10:24:12,759 - __main__ - INFO -    Official Metric: 0.267500
2025-11-30 10:24:12,759 - __main__ - INFO -    RMSE (norm): 0.182350
2025-11-30 10:24:12,759 - __main__ - INFO -    MAE (norm): 0.143957
2025-11-30 10:24:12,759 - __main__ - INFO -    Artifacts: /Users/armanfeili/code/New Projects/novartis_datathon_2025/artifacts/catboost_bonus_all_20251130_102233_s2
2025-11-30 10:24:12,759 - __main__ - INFO - ================================================================================
2025-11-30 10:24:12,759 - __main__ - INFO - 
================================================================================
2025-11-30 10:24:12,759 - __main__ - INFO - [3/3] Generating Submission
2025-11-30 10:24:12,759 - __main__ - INFO - ================================================================================
2025-11-30 10:24:12,760 - __main__ - INFO - ================================================================================
2025-11-30 10:24:12,760 - __main__ - INFO - Generating Submission
2025-11-30 10:24:12,760 - __main__ - INFO - ================================================================================
2025-11-30 10:24:12,770 - src.utils - INFO - [Load cached test panel] starting...
2025-11-30 10:24:12,770 - src.data - INFO - Loading cached panel from /Users/armanfeili/code/New Projects/novartis_datathon_2025/data/interim/panel_test.parquet
2025-11-30 10:24:12,782 - src.data - INFO - Loaded 8,832 rows, 16 columns
2025-11-30 10:24:12,782 - src.utils - INFO - [Load cached test panel] done in 0.012s
2025-11-30 10:24:12,792 - __main__ - INFO - Loaded submission template from: /Users/armanfeili/code/New Projects/novartis_datathon_2025/docs/guide/submission_template.csv
2025-11-30 10:24:12,793 - src.utils - INFO - [Submission Generation] starting...
2025-11-30 10:24:12,793 - src.utils - INFO - [Generate submission] starting...
2025-11-30 10:24:12,813 - src.inference - INFO - Detected 228 Scenario 1 series
2025-11-30 10:24:12,813 - src.inference - INFO - Detected 112 Scenario 2 series
/Users/armanfeili/code/New Projects/novartis_datathon_2025/src/inference.py:326: FutureWarning: The behavior of DataFrame concatenation with empty or all-NA entries is deprecated. In a future version, this will no longer exclude empty or all-NA columns when determining the result dtypes. To retain the old behavior, exclude the relevant entries before the concat operation.
  expanded = pd.concat([panel, future_df], ignore_index=True)
2025-11-30 10:24:13,086 - src.inference - INFO - Expanded panel: 5472 -> 10944 rows (added months 0-23)
2025-11-30 10:24:13,087 - src.utils - INFO - [Feature engineering - Scenario 1] starting...
2025-11-30 10:24:14,307 - src.features - INFO - Total features created: 88
2025-11-30 10:24:14,308 - src.utils - INFO - [Feature engineering - Scenario 1] done in 1.221s
2025-11-30 10:24:14,327 - src.inference - WARNING - Bucket 1 model not found at /Users/armanfeili/code/New Projects/novartis_datathon_2025/artifacts/catboost_bonus_all_20251130_102233_s1/bucket1_catboost/model.bin
2025-11-30 10:24:14,328 - src.inference - WARNING - Bucket 2 model not found at /Users/armanfeili/code/New Projects/novartis_datathon_2025/artifacts/catboost_bonus_all_20251130_102233_s1/bucket2_catboost/model.bin
2025-11-30 10:24:14,359 - src.utils - INFO - [Generate submission] done in 1.567s
2025-11-30 10:24:14,360 - src.utils - INFO - [Submission Generation] done in 1.567s
2025-11-30 10:24:14,368 - __main__ - ERROR - ================================================================================
2025-11-30 10:24:14,368 - __main__ - ERROR - ❌ Submission Generation Failed
2025-11-30 10:24:14,368 - __main__ - ERROR -    Error: Invalid type for cat_feature[non-default value idx=0,feature_idx=64]=0.0 : cat_features must be integer or string, real number values and NaN values should be converted to string.
2025-11-30 10:24:14,368 - __main__ - ERROR - ================================================================================
2025-11-30 10:24:14,372 - __main__ - INFO - 
================================================================================
2025-11-30 10:24:14,372 - __main__ - INFO - Training and Submission Pipeline Complete!
2025-11-30 10:24:14,373 - __main__ - INFO - ================================================================================
2025-11-30 10:24:14,373 - __main__ - INFO - 
Results Summary:
2025-11-30 10:24:14,373 - __main__ - INFO -   Scenario 1:
2025-11-30 10:24:14,373 - __main__ - INFO -     Status: success
2025-11-30 10:24:14,373 - __main__ - INFO -     Official Metric: 0.7007
2025-11-30 10:24:14,373 - __main__ - INFO -     Artifacts: /Users/armanfeili/code/New Projects/novartis_datathon_2025/artifacts/catboost_bonus_all_20251130_102233_s1
2025-11-30 10:24:14,374 - __main__ - INFO -   Scenario 2:
2025-11-30 10:24:14,374 - __main__ - INFO -     Status: success
2025-11-30 10:24:14,374 - __main__ - INFO -     Official Metric: 0.2675
2025-11-30 10:24:14,374 - __main__ - INFO -     Artifacts: /Users/armanfeili/code/New Projects/novartis_datathon_2025/artifacts/catboost_bonus_all_20251130_102233_s2
2025-11-30 10:24:14,374 - __main__ - INFO -   Submission:
2025-11-30 10:24:14,374 - __main__ - INFO -     Status: failed
2025-11-30 10:24:14,375 - __main__ - INFO -     File: None
2025-11-30 10:24:14,375 - __main__ - INFO -     Rows: None
2025-11-30 10:24:14,375 - __main__ - INFO - 
Full Results: logs/results_catboost_bonus_all_20251130_102233.json
2025-11-30 10:24:14,375 - __main__ - INFO - Config Summary: logs/config_summary_catboost_bonus_all_20251130_102233.yaml
2025-11-30 10:24:14,375 - __main__ - INFO - Log File: logs/full_pipeline_catboost_bonus_all_20251130_102233.log
2025-11-30 10:24:14,375 - __main__ - INFO - ================================================================================
0:	learn: 0.1899884	test: 0.1877481	best: 0.1877481 (0)	total: 75.6ms	remaining: 3m 46s
100:	learn: 0.1548159	test: 0.1602172	best: 0.1602172 (100)	total: 2.13s	remaining: 1m 1s
200:	learn: 0.1462382	test: 0.1581388	best: 0.1581388 (200)	total: 3.73s	remaining: 51.9s
300:	learn: 0.1399900	test: 0.1574464	best: 0.1572474 (273)	total: 5.16s	remaining: 46.2s
400:	learn: 0.1337294	test: 0.1570901	best: 0.1569837 (379)	total: 6.84s	remaining: 44.4s
500:	learn: 0.1285816	test: 0.1567305	best: 0.1566702 (497)	total: 8.39s	remaining: 41.8s
600:	learn: 0.1238378	test: 0.1566598	best: 0.1564889 (571)	total: 9.89s	remaining: 39.5s
Stopped by overfitting detector  (100 iterations wait)

bestTest = 0.1564888934
bestIteration = 571

Shrink model to first 572 iterations.
0:	learn: 0.1900120	test: 0.1878293	best: 0.1878293 (0)	total: 28.2ms	remaining: 1m 24s
100:	learn: 0.1548806	test: 0.1601256	best: 0.1601256 (100)	total: 3.25s	remaining: 1m 33s
200:	learn: 0.1463492	test: 0.1574146	best: 0.1573746 (196)	total: 4.88s	remaining: 1m 7s
300:	learn: 0.1398105	test: 0.1572421	best: 0.1570768 (247)	total: 6.57s	remaining: 58.9s
Stopped by overfitting detector  (100 iterations wait)

bestTest = 0.157076824
bestIteration = 247

Shrink model to first 248 iterations.
0:	learn: 0.1899932	test: 0.1876784	best: 0.1876784 (0)	total: 18.6ms	remaining: 55.9s
100:	learn: 0.1548013	test: 0.1603306	best: 0.1603306 (100)	total: 1.85s	remaining: 53.1s
200:	learn: 0.1466777	test: 0.1577776	best: 0.1577359 (199)	total: 3.36s	remaining: 46.8s
300:	learn: 0.1401010	test: 0.1575721	best: 0.1575416 (299)	total: 4.91s	remaining: 44.1s
400:	learn: 0.1335376	test: 0.1573295	best: 0.1573047 (398)	total: 7.86s	remaining: 50.9s
500:	learn: 0.1279217	test: 0.1568998	best: 0.1568998 (500)	total: 9.86s	remaining: 49.2s
600:	learn: 0.1233479	test: 0.1572651	best: 0.1568959 (501)	total: 11.8s	remaining: 46.9s
Stopped by overfitting detector  (100 iterations wait)

bestTest = 0.1568958964
bestIteration = 501

Shrink model to first 502 iterations.
0:	learn: 0.1899884	test: 0.1877481	best: 0.1877481 (0)	total: 38.5ms	remaining: 1m 55s
100:	learn: 0.1548159	test: 0.1602172	best: 0.1602172 (100)	total: 1.64s	remaining: 46.9s
200:	learn: 0.1462382	test: 0.1581388	best: 0.1581388 (200)	total: 3.08s	remaining: 42.9s
300:	learn: 0.1399900	test: 0.1574464	best: 0.1572474 (273)	total: 4.69s	remaining: 42.1s
400:	learn: 0.1337294	test: 0.1570901	best: 0.1569837 (379)	total: 7.02s	remaining: 45.5s
500:	learn: 0.1285816	test: 0.1567305	best: 0.1566702 (497)	total: 8.6s	remaining: 42.9s
600:	learn: 0.1238378	test: 0.1566598	best: 0.1564889 (571)	total: 10.1s	remaining: 40.4s
Stopped by overfitting detector  (100 iterations wait)

bestTest = 0.1564888934
bestIteration = 571

Shrink model to first 572 iterations.
0:	learn: 0.1917744	test: 0.1879012	best: 0.1879012 (0)	total: 16.7ms	remaining: 50.2s
100:	learn: 0.1106537	test: 0.1255890	best: 0.1255890 (100)	total: 1.63s	remaining: 46.9s
200:	learn: 0.1026550	test: 0.1231651	best: 0.1231370 (195)	total: 3.08s	remaining: 42.9s
300:	learn: 0.0974874	test: 0.1225431	best: 0.1225379 (293)	total: 4.51s	remaining: 40.4s
Stopped by overfitting detector  (100 iterations wait)

bestTest = 0.1225378884
bestIteration = 293

Shrink model to first 294 iterations.
0:	learn: 0.1916964	test: 0.1877876	best: 0.1877876 (0)	total: 17.6ms	remaining: 52.9s
100:	learn: 0.1108602	test: 0.1248927	best: 0.1248927 (100)	total: 1.87s	remaining: 53.7s
200:	learn: 0.1026473	test: 0.1225642	best: 0.1225118 (193)	total: 3.29s	remaining: 45.8s
300:	learn: 0.0975708	test: 0.1221117	best: 0.1220945 (292)	total: 4.77s	remaining: 42.8s
400:	learn: 0.0931740	test: 0.1219799	best: 0.1219493 (385)	total: 6.45s	remaining: 41.8s
Stopped by overfitting detector  (100 iterations wait)

bestTest = 0.1219493295
bestIteration = 385

Shrink model to first 386 iterations.
0:	learn: 0.1916648	test: 0.1878498	best: 0.1878498 (0)	total: 34.1ms	remaining: 1m 42s
100:	learn: 0.1105299	test: 0.1252789	best: 0.1252789 (100)	total: 2.39s	remaining: 1m 8s
200:	learn: 0.1025096	test: 0.1230079	best: 0.1230016 (196)	total: 3.84s	remaining: 53.5s
300:	learn: 0.0976218	test: 0.1221998	best: 0.1221969 (299)	total: 5.24s	remaining: 47s
400:	learn: 0.0936430	test: 0.1221761	best: 0.1221461 (365)	total: 6.73s	remaining: 43.6s
Stopped by overfitting detector  (100 iterations wait)

bestTest = 0.1221461049
bestIteration = 365

Shrink model to first 366 iterations.
0:	learn: 0.1917744	test: 0.1879012	best: 0.1879012 (0)	total: 15.3ms	remaining: 45.9s
100:	learn: 0.1106537	test: 0.1255890	best: 0.1255890 (100)	total: 1.5s	remaining: 43s
200:	learn: 0.1026550	test: 0.1231651	best: 0.1231370 (195)	total: 3.1s	remaining: 43.1s
300:	learn: 0.0974874	test: 0.1225431	best: 0.1225379 (293)	total: 4.52s	remaining: 40.5s
Stopped by overfitting detector  (100 iterations wait)

bestTest = 0.1225378884
bestIteration = 293

Shrink model to first 294 iterations.
