2025-11-30 10:05:03 - __main__ - INFO - Logging to: logs/full_pipeline_catboost_bonus_all_20251130_100503.log
2025-11-30 10:05:03 - __main__ - INFO - ================================================================================
2025-11-30 10:05:03 - __main__ - INFO - CatBoost Hero Model Training with ALL Bonus Features
2025-11-30 10:05:03 - __main__ - INFO - ================================================================================
2025-11-30 10:05:03 - __main__ - INFO - Run Name: catboost_bonus_all_20251130_100503
2025-11-30 10:05:03 - __main__ - INFO - Config: configs/run_bonus_all.yaml
2025-11-30 10:05:03 - __main__ - INFO - Timestamp: 20251130_100503
2025-11-30 10:05:03 - __main__ - INFO - ================================================================================
2025-11-30 10:05:03 - __main__ - INFO - ✅ Config loaded successfully
2025-11-30 10:05:03 - __main__ - INFO - Config summary saved to: logs/config_summary_catboost_bonus_all_20251130_100503.yaml
2025-11-30 10:05:03 - __main__ - INFO - 
================================================================================
2025-11-30 10:05:03 - __main__ - INFO - [1/3] Training Scenario 1
2025-11-30 10:05:03 - __main__ - INFO - ================================================================================
2025-11-30 10:05:03 - __main__ - INFO - ================================================================================
2025-11-30 10:05:03 - __main__ - INFO - Training Scenario 1
2025-11-30 10:05:03 - __main__ - INFO - ================================================================================
2025-11-30 10:05:03 - __main__ - INFO - Config: configs/run_bonus_all.yaml
2025-11-30 10:05:03 - __main__ - INFO - Run Name: catboost_bonus_all_20251130_100503
2025-11-30 10:05:03 - src.utils - INFO - [Scenario 1 Training] starting...
2025-11-30 10:05:03,431 - src.train - INFO - Starting experiment: catboost_bonus_all_20251130_100503_s1
2025-11-30 10:05:03,470 - src.train - INFO - Config snapshot saved to /Users/armanfeili/code/New Projects/novartis_datathon_2025/artifacts/catboost_bonus_all_20251130_100503_s1/configs (hash: bcc22caf)
2025-11-30 10:05:03,470 - src.train - INFO - Config hash: bcc22caf
2025-11-30 10:05:03,486 - src.utils - INFO - [Load features (cached)] starting...
2025-11-30 10:05:03,486 - src.features - INFO - Building features for train S1 train...
2025-11-30 10:05:03,486 - src.data - INFO - Building train panel from raw data...
2025-11-30 10:05:03,487 - src.utils - INFO - [Load train data] starting...
2025-11-30 10:05:03,487 - src.data - INFO - Loading volume from /Users/armanfeili/code/New Projects/novartis_datathon_2025/data/raw/TRAIN/df_volume_train.csv
2025-11-30 10:05:03,571 - src.data - INFO - === train/volume Statistics ===
2025-11-30 10:05:03,572 - src.data - INFO -   Shape: 93,744 rows × 5 columns
2025-11-30 10:05:03,586 - src.data - INFO -   No missing values
2025-11-30 10:05:03,607 - src.data - INFO -   Unique series: 1,953
2025-11-30 10:05:03,608 - src.data - INFO -   months_postgx range: [-24, 23]
2025-11-30 10:05:03,609 - src.data - INFO - Loading generics from /Users/armanfeili/code/New Projects/novartis_datathon_2025/data/raw/TRAIN/df_generics_train.csv
2025-11-30 10:05:03,643 - src.data - INFO - === train/generics Statistics ===
2025-11-30 10:05:03,643 - src.data - INFO -   Shape: 46,872 rows × 4 columns
2025-11-30 10:05:03,648 - src.data - INFO -   Missing values:
2025-11-30 10:05:03,648 - src.data - INFO -     n_gxs: 26.3%
2025-11-30 10:05:03,658 - src.data - INFO -   Unique series: 1,953
2025-11-30 10:05:03,658 - src.data - INFO -   months_postgx range: [0, 23]
2025-11-30 10:05:03,659 - src.data - INFO - Loading medicine_info from /Users/armanfeili/code/New Projects/novartis_datathon_2025/data/raw/TRAIN/df_medicine_info_train.csv
2025-11-30 10:05:03,666 - src.data - INFO - === train/medicine_info Statistics ===
2025-11-30 10:05:03,667 - src.data - INFO -   Shape: 1,953 rows × 7 columns
2025-11-30 10:05:03,668 - src.data - INFO -   Missing values:
2025-11-30 10:05:03,668 - src.data - INFO -     hospital_rate: 3.3%
2025-11-30 10:05:03,669 - src.data - INFO -   Unique series: 1,953
2025-11-30 10:05:03,670 - src.utils - INFO - [Load train data] done in 0.184s
2025-11-30 10:05:03,670 - src.utils - INFO - [Build base panel] starting...
2025-11-30 10:05:03,670 - src.data - INFO - Input shapes: volume=(93744, 5), generics=(46872, 4), medicine_info=(1953, 7)
2025-11-30 10:05:03,731 - src.data - INFO - After volume-generics merge: 93,744 rows
2025-11-30 10:05:03,767 - src.data - INFO - After medicine_info merge: 93,744 rows
2025-11-30 10:05:03,843 - src.data - INFO - === Base Panel Statistics ===
2025-11-30 10:05:03,844 - src.data - INFO -   Shape: 93,744 rows × 11 columns
2025-11-30 10:05:03,868 - src.data - INFO -   Missing values:
2025-11-30 10:05:03,868 - src.data - INFO -     n_gxs: 63.2%
2025-11-30 10:05:03,869 - src.data - INFO -     hospital_rate: 3.3%
2025-11-30 10:05:03,890 - src.data - INFO -   Unique series: 1,953
2025-11-30 10:05:03,891 - src.data - INFO -   months_postgx range: [-24, 23]
2025-11-30 10:05:03,895 - src.utils - INFO - [Build base panel] done in 0.225s
2025-11-30 10:05:03,895 - src.utils - INFO - [Handle missing values] starting...
2025-11-30 10:05:03,925 - src.data - INFO - n_gxs: filled 59208 missing values
2025-11-30 10:05:03,944 - src.data - INFO - hospital_rate: filled with ther_area medians, flag added
2025-11-30 10:05:04,008 - src.data - INFO - No missing values remaining
2025-11-30 10:05:04,008 - src.utils - INFO - [Handle missing values] done in 0.113s
2025-11-30 10:05:04,010 - src.utils - INFO - [Compute pre-entry stats] starting...
2025-11-30 10:05:04,104 - src.data - INFO - avg_vol_12m distribution:
2025-11-30 10:05:04,107 - src.data - INFO -   Range: [37.72, 371038791.09]
2025-11-30 10:05:04,108 - src.data - INFO -   Median: 131382.32
2025-11-30 10:05:04,109 - src.data - INFO -   Mean: 2439028.31
2025-11-30 10:05:04,157 - src.data - INFO - Bucket classification using threshold=0.25
2025-11-30 10:05:04,258 - src.data - INFO - Bucket distribution (train):
2025-11-30 10:05:04,259 - src.data - INFO -   Bucket 1: 130 series (6.7%)
2025-11-30 10:05:04,259 - src.data - INFO -   Bucket 2: 1,823 series (93.3%)
2025-11-30 10:05:04,259 - src.data - INFO - y_norm distribution (train):
2025-11-30 10:05:04,260 - src.data - INFO -   Range: [0.000, 43.792]
2025-11-30 10:05:04,262 - src.data - INFO -   Median: 0.871
2025-11-30 10:05:04,263 - src.data - INFO -   Mean: 0.800
2025-11-30 10:05:04,266 - src.data - WARNING - y_norm.y_norm: 18 values above 5
2025-11-30 10:05:04,266 - src.utils - INFO - [Compute pre-entry stats] done in 0.257s
2025-11-30 10:05:04,293 - src.data - INFO - Panel schema validation passed for train (93,744 rows)
2025-11-30 10:05:04,297 - src.features - INFO - Applying data augmentation to training panel
2025-11-30 10:05:10,084 - src.data - INFO - Augmentation applied: jitter=5.00%, drop_prob=5.00%
2025-11-30 10:05:10,109 - src.utils - INFO - [Feature engineering - Scenario 1] starting...
2025-11-30 10:05:10,252 - src.features - WARNING - No pre-entry data for seasonal features, skipping
2025-11-30 10:05:11,027 - src.features - INFO - Total features created: 79
2025-11-30 10:05:11,028 - src.utils - INFO - [Feature engineering - Scenario 1] done in 0.918s
2025-11-30 10:05:11,126 - src.features - INFO - Selected 44,499 rows for 1 (months 0-23)
2025-11-30 10:05:11,133 - src.features - WARNING - Feature leakage detected: LEAKAGE: Forbidden column present: volume
2025-11-30 10:05:11,134 - src.features - WARNING - Feature leakage detected: LEAKAGE: Forbidden column present: mean_erosion
2025-11-30 10:05:11,134 - src.features - WARNING - Feature leakage detected: LEAKAGE: Forbidden column present: brand_name
2025-11-30 10:05:11,134 - src.features - WARNING - Feature leakage detected: LEAKAGE: Forbidden column present: country
2025-11-30 10:05:11,134 - src.features - WARNING - Feature leakage detected: LEAKAGE: Forbidden column present: y_norm
2025-11-30 10:05:11,134 - src.features - WARNING - Feature leakage detected: LEAKAGE: Forbidden column present: bucket
2025-11-30 10:05:11,183 - src.data - INFO - Data leakage audit passed for scenario 1, mode train
2025-11-30 10:05:11,198 - src.features - ERROR - Feature matrix validation failed: Feature matrix has all-NaN columns: ['first_generic_month']...
2025-11-30 10:05:11,198 - src.features - INFO - Built features: X=(44499, 76), y=44499, meta=(44499, 9)
2025-11-30 10:05:11,226 - src.utils - INFO - [Load cached train panel] starting...
2025-11-30 10:05:11,227 - src.data - INFO - Loading cached panel from /Users/armanfeili/code/New Projects/novartis_datathon_2025/data/interim/panel_train.parquet
2025-11-30 10:05:11,406 - src.data - INFO - Loaded 93,744 rows, 19 columns
2025-11-30 10:05:11,407 - src.utils - INFO - [Load cached train panel] done in 0.180s
2025-11-30 10:05:11,407 - src.utils - INFO - [Load features (cached)] done in 7.921s
2025-11-30 10:05:11,407 - src.utils - INFO - [Create validation split] starting...
2025-11-30 10:05:11,423 - src.validation - WARNING - Grouping 1 rare stratification classes (< 195 series each, 130 series total) into 'OTHER'
2025-11-30 10:05:11,426 - src.validation - INFO - 'OTHER' class now contains 130 series
2025-11-30 10:05:11,562 - src.validation - INFO - Train series: 1562, Val series: 391
2025-11-30 10:05:11,562 - src.validation - INFO - Train rows: 35,636, Val rows: 8,863
2025-11-30 10:05:11,565 - src.validation - INFO - Train bucket distribution:
bucket
2    0.933419
1    0.066581
2025-11-30 10:05:11,565 - src.validation - INFO - Val bucket distribution:
bucket
2    0.933504
1    0.066496
2025-11-30 10:05:11,590 - src.utils - INFO - [Create validation split] done in 0.183s
2025-11-30 10:05:11,631 - src.train - INFO - Features: 75 columns
2025-11-30 10:05:11,631 - src.train - INFO - Meta: 9 columns: ['country', 'brand_name', 'months_postgx', 'bucket', 'avg_vol_12m', 'y_norm', 'volume', 'mean_erosion', 'month']
2025-11-30 10:05:11,643 - src.train - INFO - Features: 75 columns
2025-11-30 10:05:11,644 - src.train - INFO - Meta: 9 columns: ['country', 'brand_name', 'months_postgx', 'bucket', 'avg_vol_12m', 'y_norm', 'volume', 'mean_erosion', 'month']
2025-11-30 10:05:11,696 - src.train - INFO - Multi-seed experiment enabled
2025-11-30 10:05:11,698 - src.train - INFO - Training with seed 42...
2025-11-30 10:05:11,708 - src.train - INFO - Applied target transform: log1p
2025-11-30 10:05:12,711 - src.train - INFO - Sample weights - min: 0.58, max: 3.46, mean: 1.00
2025-11-30 10:05:12,739 - src.utils - INFO - [Train catboost for scenario 1] starting...
2025-11-30 10:05:12,750 - src.models.cat_model - INFO - Auto-detected 2 categorical features
2025-11-30 10:05:23,855 - src.models.cat_model - INFO - CatBoost trained for 571 iterations
2025-11-30 10:05:23,856 - src.utils - INFO - [Train catboost for scenario 1] done in 11.116s
2025-11-30 10:05:24,892 - src.train - INFO - Validation metrics: Official=0.6743, RMSE=0.2004, MAE=0.1579
2025-11-30 10:05:24,892 - src.train - INFO - Training time: 11.15 seconds
2025-11-30 10:05:24,900 - src.models.cat_model - INFO - Model saved to /Users/armanfeili/code/New Projects/novartis_datathon_2025/artifacts/catboost_bonus_all_20251130_100503_s1/seed_42/model.bin.cbm with metadata
2025-11-30 10:05:24,900 - src.train - INFO - Seed 42: Official=0.6743
2025-11-30 10:05:24,900 - src.train - INFO - Training with seed 2025...
2025-11-30 10:05:24,902 - src.train - INFO - Applied target transform: log1p
2025-11-30 10:05:24,913 - src.train - INFO - Sample weights - min: 0.58, max: 3.46, mean: 1.00
2025-11-30 10:05:24,931 - src.utils - INFO - [Train catboost for scenario 1] starting...
2025-11-30 10:05:24,933 - src.models.cat_model - INFO - Auto-detected 2 categorical features
2025-11-30 10:05:30,306 - src.models.cat_model - INFO - CatBoost trained for 247 iterations
2025-11-30 10:05:30,306 - src.utils - INFO - [Train catboost for scenario 1] done in 5.375s
2025-11-30 10:05:32,007 - src.train - INFO - Validation metrics: Official=0.7182, RMSE=0.1933, MAE=0.1508
2025-11-30 10:05:32,007 - src.train - INFO - Training time: 5.39 seconds
2025-11-30 10:05:32,013 - src.models.cat_model - INFO - Model saved to /Users/armanfeili/code/New Projects/novartis_datathon_2025/artifacts/catboost_bonus_all_20251130_100503_s1/seed_2025/model.bin.cbm with metadata
2025-11-30 10:05:32,014 - src.train - INFO - Seed 2025: Official=0.7182
2025-11-30 10:05:32,014 - src.train - INFO - Training with seed 1337...
2025-11-30 10:05:32,016 - src.train - INFO - Applied target transform: log1p
2025-11-30 10:05:32,026 - src.train - INFO - Sample weights - min: 0.58, max: 3.46, mean: 1.00
2025-11-30 10:05:32,048 - src.utils - INFO - [Train catboost for scenario 1] starting...
2025-11-30 10:05:32,051 - src.models.cat_model - INFO - Auto-detected 2 categorical features
2025-11-30 10:05:46,130 - src.models.cat_model - INFO - CatBoost trained for 501 iterations
2025-11-30 10:05:46,130 - src.utils - INFO - [Train catboost for scenario 1] done in 14.082s
2025-11-30 10:05:47,329 - src.train - INFO - Validation metrics: Official=0.6814, RMSE=0.1998, MAE=0.1569
2025-11-30 10:05:47,330 - src.train - INFO - Training time: 14.10 seconds
2025-11-30 10:05:47,336 - src.models.cat_model - INFO - Model saved to /Users/armanfeili/code/New Projects/novartis_datathon_2025/artifacts/catboost_bonus_all_20251130_100503_s1/seed_1337/model.bin.cbm with metadata
2025-11-30 10:05:47,337 - src.train - INFO - Seed 1337: Official=0.6814
2025-11-30 10:05:47,342 - src.train - INFO - Saved multi-seed summary to /Users/armanfeili/code/New Projects/novartis_datathon_2025/artifacts/catboost_bonus_all_20251130_100503_s1/multi_seed_summary.csv
2025-11-30 10:05:47,343 - src.train - INFO - Multi-seed results:
2025-11-30 10:05:47,343 - src.train - INFO -   Mean official metric: 0.6913
2025-11-30 10:05:47,343 - src.train - INFO -   Std official metric: 0.0236
2025-11-30 10:05:47,344 - src.train - INFO -   Best seed: 42
2025-11-30 10:05:47,346 - src.train - INFO - Best seed: 42
2025-11-30 10:05:47,348 - src.train - INFO - Applied target transform: log1p
2025-11-30 10:05:47,360 - src.train - INFO - Sample weights - min: 0.58, max: 3.46, mean: 1.00
2025-11-30 10:05:47,380 - src.utils - INFO - [Train catboost for scenario 1] starting...
2025-11-30 10:05:47,383 - src.models.cat_model - INFO - Auto-detected 2 categorical features
2025-11-30 10:06:00,008 - src.models.cat_model - INFO - CatBoost trained for 571 iterations
2025-11-30 10:06:00,009 - src.utils - INFO - [Train catboost for scenario 1] done in 12.629s
2025-11-30 10:06:01,241 - src.train - INFO - Validation metrics: Official=0.6743, RMSE=0.2004, MAE=0.1579
2025-11-30 10:06:01,241 - src.train - INFO - Training time: 12.65 seconds
2025-11-30 10:06:01,246 - src.train - INFO - Fitting calibration parameters
2025-11-30 10:06:01,299 - src.train - INFO - Saved calibration parameters to /Users/armanfeili/code/New Projects/novartis_datathon_2025/artifacts/catboost_bonus_all_20251130_100503_s1/calibration_params.json
2025-11-30 10:06:01,300 - src.train - INFO - Calibration parameters fitted for 6 groups
2025-11-30 10:06:01,300 - src.train - INFO - Fitting bias corrections
2025-11-30 10:06:01,330 - src.utils - INFO - [Scenario 1 Training] done in 57.942s
2025-11-30 10:06:01,345 - __main__ - ERROR - ================================================================================
2025-11-30 10:06:01,345 - __main__ - ERROR - ❌ Scenario 1 Training Failed
2025-11-30 10:06:01,345 - __main__ - ERROR -    Error: 'ther_area'
2025-11-30 10:06:01,345 - __main__ - ERROR - ================================================================================
2025-11-30 10:06:01,398 - __main__ - ERROR - Scenario 1 training failed. Aborting.
0:	learn: 0.1899884	test: 0.1877481	best: 0.1877481 (0)	total: 103ms	remaining: 5m 7s
100:	learn: 0.1548159	test: 0.1602172	best: 0.1602172 (100)	total: 1.93s	remaining: 55.3s
200:	learn: 0.1462382	test: 0.1581388	best: 0.1581388 (200)	total: 3.54s	remaining: 49.2s
300:	learn: 0.1399900	test: 0.1574464	best: 0.1572474 (273)	total: 5.08s	remaining: 45.6s
400:	learn: 0.1337294	test: 0.1570901	best: 0.1569837 (379)	total: 6.59s	remaining: 42.7s
500:	learn: 0.1285816	test: 0.1567305	best: 0.1566702 (497)	total: 8.07s	remaining: 40.3s
600:	learn: 0.1238378	test: 0.1566598	best: 0.1564889 (571)	total: 9.64s	remaining: 38.5s
Stopped by overfitting detector  (100 iterations wait)

bestTest = 0.1564888934
bestIteration = 571

Shrink model to first 572 iterations.
0:	learn: 0.1900120	test: 0.1878293	best: 0.1878293 (0)	total: 26.6ms	remaining: 1m 19s
100:	learn: 0.1548806	test: 0.1601256	best: 0.1601256 (100)	total: 1.68s	remaining: 48.1s
200:	learn: 0.1463492	test: 0.1574146	best: 0.1573746 (196)	total: 2.99s	remaining: 41.7s
300:	learn: 0.1398105	test: 0.1572421	best: 0.1570768 (247)	total: 4.48s	remaining: 40.2s
Stopped by overfitting detector  (100 iterations wait)

bestTest = 0.157076824
bestIteration = 247

Shrink model to first 248 iterations.
0:	learn: 0.1899932	test: 0.1876784	best: 0.1876784 (0)	total: 14.6ms	remaining: 43.7s
100:	learn: 0.1548013	test: 0.1603306	best: 0.1603306 (100)	total: 1.92s	remaining: 55.1s
200:	learn: 0.1466777	test: 0.1577776	best: 0.1577359 (199)	total: 4.83s	remaining: 1m 7s
300:	learn: 0.1401010	test: 0.1575721	best: 0.1575416 (299)	total: 6.81s	remaining: 1m 1s
400:	learn: 0.1335376	test: 0.1573295	best: 0.1573047 (398)	total: 9.28s	remaining: 1m
500:	learn: 0.1279217	test: 0.1568998	best: 0.1568998 (500)	total: 12.2s	remaining: 1m
600:	learn: 0.1233479	test: 0.1572651	best: 0.1568959 (501)	total: 13.8s	remaining: 55.2s
Stopped by overfitting detector  (100 iterations wait)

bestTest = 0.1568958964
bestIteration = 501

Shrink model to first 502 iterations.
0:	learn: 0.1899884	test: 0.1877481	best: 0.1877481 (0)	total: 23.4ms	remaining: 1m 10s
100:	learn: 0.1548159	test: 0.1602172	best: 0.1602172 (100)	total: 1.84s	remaining: 52.8s
200:	learn: 0.1462382	test: 0.1581388	best: 0.1581388 (200)	total: 3.33s	remaining: 46.4s
300:	learn: 0.1399900	test: 0.1574464	best: 0.1572474 (273)	total: 5.08s	remaining: 45.6s
400:	learn: 0.1337294	test: 0.1570901	best: 0.1569837 (379)	total: 7.08s	remaining: 45.9s
500:	learn: 0.1285816	test: 0.1567305	best: 0.1566702 (497)	total: 8.69s	remaining: 43.3s
600:	learn: 0.1238378	test: 0.1566598	best: 0.1564889 (571)	total: 11s	remaining: 43.9s
Stopped by overfitting detector  (100 iterations wait)

bestTest = 0.1564888934
bestIteration = 571

Shrink model to first 572 iterations.
