Starting comprehensive model training at Sat Nov 29 15:56:36 CET 2025
========================================

Model 1/11: CatBoost - Scenario 1
2025-11-29 15:56:41,329 - __main__ - INFO - Starting experiment: 2025-11-29_15-56_catboost_scenario1
2025-11-29 15:56:41,372 - __main__ - INFO - Config snapshot saved to /Users/armanfeili/code/New Projects/novartis_datathon_2025/artifacts/2025-11-29_15-56_catboost_scenario1/configs (hash: 5733d1e6)
2025-11-29 15:56:41,372 - __main__ - INFO - Config hash: 5733d1e6
2025-11-29 15:56:41,398 - src.utils - INFO - [Load features (cached)] starting...
2025-11-29 15:56:41,400 - src.utils - INFO - [Load cached features for train S1 train] starting...
2025-11-29 15:56:41,400 - src.features - INFO - Loading cached features from /Users/armanfeili/code/New Projects/novartis_datathon_2025/data/processed/features_train_s1_train.parquet
2025-11-29 15:56:41,667 - src.features - INFO - Loaded X: (46872, 87), y: 46872
2025-11-29 15:56:41,667 - src.utils - INFO - [Load cached features for train S1 train] done in 0.267s
2025-11-29 15:56:41,693 - src.utils - INFO - [Load cached train panel] starting...
2025-11-29 15:56:41,693 - src.data - INFO - Loading cached panel from /Users/armanfeili/code/New Projects/novartis_datathon_2025/data/interim/panel_train.parquet
2025-11-29 15:56:41,714 - src.data - INFO - Loaded 93,744 rows, 19 columns
2025-11-29 15:56:41,714 - src.utils - INFO - [Load cached train panel] done in 0.022s
2025-11-29 15:56:41,714 - src.utils - INFO - [Load features (cached)] done in 0.316s
2025-11-29 15:56:41,714 - src.utils - INFO - [Create validation split] starting...
2025-11-29 15:56:41,763 - src.validation - WARNING - Grouping 1 rare stratification classes (< 195 series) into 'OTHER'
2025-11-29 15:56:41,883 - src.validation - INFO - Train series: 1562, Val series: 391
2025-11-29 15:56:41,884 - src.validation - INFO - Train rows: 37,488, Val rows: 9,384
2025-11-29 15:56:41,886 - src.validation - INFO - Train bucket distribution:
bucket
2    0.933419
1    0.066581
2025-11-29 15:56:41,887 - src.validation - INFO - Val bucket distribution:
bucket
2    0.933504
1    0.066496
2025-11-29 15:56:41,887 - src.utils - INFO - [Create validation split] done in 0.172s
2025-11-29 15:56:41,924 - __main__ - INFO - Features: 86 columns
2025-11-29 15:56:41,924 - __main__ - INFO - Meta: 9 columns
2025-11-29 15:56:41,936 - __main__ - INFO - Features: 86 columns
2025-11-29 15:56:41,936 - __main__ - INFO - Meta: 9 columns
2025-11-29 15:56:42,953 - __main__ - INFO - Sample weights - min: 0.58, max: 3.46, mean: 1.00
2025-11-29 15:56:42,953 - src.utils - INFO - [Train catboost for scenario 1] starting...
2025-11-29 15:57:00,786 - src.models.cat_model - INFO - CatBoost trained for 772 iterations
2025-11-29 15:57:00,787 - src.utils - INFO - [Train catboost for scenario 1] done in 17.834s
2025-11-29 15:57:01,689 - __main__ - INFO - Validation metrics: Official=0.7692, RMSE=0.2488, MAE=0.1795
2025-11-29 15:57:01,689 - __main__ - INFO - Training time: 17.83 seconds
2025-11-29 15:57:01,698 - src.models.cat_model - INFO - Model saved to /Users/armanfeili/code/New Projects/novartis_datathon_2025/artifacts/2025-11-29_15-56_catboost_scenario1/model_1.bin
2025-11-29 15:57:01,698 - __main__ - INFO - Model saved to /Users/armanfeili/code/New Projects/novartis_datathon_2025/artifacts/2025-11-29_15-56_catboost_scenario1/model_1.bin
2025-11-29 15:57:01,714 - __main__ - INFO - Experiment 2025-11-29_15-56_catboost_scenario1 completed. Artifacts saved to /Users/armanfeili/code/New Projects/novartis_datathon_2025/artifacts/2025-11-29_15-56_catboost_scenario1
0:	learn: 0.2902730	test: 0.2964403	best: 0.2964403 (0)	total: 96.1ms	remaining: 4m 48s
100:	learn: 0.2260679	test: 0.2544609	best: 0.2544077 (98)	total: 2.18s	remaining: 1m 2s
200:	learn: 0.2073591	test: 0.2521063	best: 0.2520377 (199)	total: 4.25s	remaining: 59.1s
300:	learn: 0.1953555	test: 0.2505688	best: 0.2505332 (298)	total: 6.3s	remaining: 56.5s
400:	learn: 0.1847556	test: 0.2502617	best: 0.2502617 (400)	total: 8.3s	remaining: 53.8s
500:	learn: 0.1761155	test: 0.2493763	best: 0.2493402 (491)	total: 10.3s	remaining: 51.4s
600:	learn: 0.1685128	test: 0.2491062	best: 0.2491062 (600)	total: 12.3s	remaining: 49.2s
700:	learn: 0.1625479	test: 0.2490106	best: 0.2489723 (673)	total: 14.3s	remaining: 47s
800:	learn: 0.1575676	test: 0.2488658	best: 0.2488118 (772)	total: 16.2s	remaining: 44.4s
Stopped by overfitting detector  (100 iterations wait)

bestTest = 0.2488118079
bestIteration = 772

Shrink model to first 773 iterations.
