2025-11-30 10:25:56 - __main__ - INFO - Logging to: logs/full_pipeline_catboost_bonus_all_20251130_102556.log
2025-11-30 10:25:56 - __main__ - INFO - ================================================================================
2025-11-30 10:25:56 - __main__ - INFO - CatBoost Hero Model Training with ALL Bonus Features
2025-11-30 10:25:56 - __main__ - INFO - ================================================================================
2025-11-30 10:25:56 - __main__ - INFO - Run Name: catboost_bonus_all_20251130_102556
2025-11-30 10:25:56 - __main__ - INFO - Config: configs/run_bonus_all.yaml
2025-11-30 10:25:56 - __main__ - INFO - Timestamp: 20251130_102556
2025-11-30 10:25:56 - __main__ - INFO - ================================================================================
2025-11-30 10:25:56 - __main__ - INFO - ✅ Config loaded successfully
2025-11-30 10:25:56 - __main__ - INFO - Config summary saved to: logs/config_summary_catboost_bonus_all_20251130_102556.yaml
2025-11-30 10:25:56 - __main__ - INFO - 
================================================================================
2025-11-30 10:25:56 - __main__ - INFO - [1/3] Training Scenario 1
2025-11-30 10:25:56 - __main__ - INFO - ================================================================================
2025-11-30 10:25:56 - __main__ - INFO - ================================================================================
2025-11-30 10:25:56 - __main__ - INFO - Training Scenario 1
2025-11-30 10:25:56 - __main__ - INFO - ================================================================================
2025-11-30 10:25:56 - __main__ - INFO - Config: configs/run_bonus_all.yaml
2025-11-30 10:25:56 - __main__ - INFO - Run Name: catboost_bonus_all_20251130_102556
2025-11-30 10:25:56 - src.utils - INFO - [Scenario 1 Training] starting...
2025-11-30 10:25:56,983 - src.train - INFO - Starting experiment: catboost_bonus_all_20251130_102556_s1
2025-11-30 10:25:57,041 - src.train - INFO - Config snapshot saved to /Users/armanfeili/code/New Projects/novartis_datathon_2025/artifacts/catboost_bonus_all_20251130_102556_s1/configs (hash: bcc22caf)
2025-11-30 10:25:57,042 - src.train - INFO - Config hash: bcc22caf
2025-11-30 10:25:57,064 - src.utils - INFO - [Load features (cached)] starting...
2025-11-30 10:25:57,065 - src.features - INFO - Building features for train S1 train...
2025-11-30 10:25:57,065 - src.data - INFO - Building train panel from raw data...
2025-11-30 10:25:57,065 - src.utils - INFO - [Load train data] starting...
2025-11-30 10:25:57,065 - src.data - INFO - Loading volume from /Users/armanfeili/code/New Projects/novartis_datathon_2025/data/raw/TRAIN/df_volume_train.csv
2025-11-30 10:25:57,163 - src.data - INFO - === train/volume Statistics ===
2025-11-30 10:25:57,163 - src.data - INFO -   Shape: 93,744 rows × 5 columns
2025-11-30 10:25:57,180 - src.data - INFO -   No missing values
2025-11-30 10:25:57,198 - src.data - INFO -   Unique series: 1,953
2025-11-30 10:25:57,199 - src.data - INFO -   months_postgx range: [-24, 23]
2025-11-30 10:25:57,201 - src.data - INFO - Loading generics from /Users/armanfeili/code/New Projects/novartis_datathon_2025/data/raw/TRAIN/df_generics_train.csv
2025-11-30 10:25:57,244 - src.data - INFO - === train/generics Statistics ===
2025-11-30 10:25:57,244 - src.data - INFO -   Shape: 46,872 rows × 4 columns
2025-11-30 10:25:57,253 - src.data - INFO -   Missing values:
2025-11-30 10:25:57,253 - src.data - INFO -     n_gxs: 26.3%
2025-11-30 10:25:57,267 - src.data - INFO -   Unique series: 1,953
2025-11-30 10:25:57,268 - src.data - INFO -   months_postgx range: [0, 23]
2025-11-30 10:25:57,270 - src.data - INFO - Loading medicine_info from /Users/armanfeili/code/New Projects/novartis_datathon_2025/data/raw/TRAIN/df_medicine_info_train.csv
2025-11-30 10:25:57,276 - src.data - INFO - === train/medicine_info Statistics ===
2025-11-30 10:25:57,277 - src.data - INFO -   Shape: 1,953 rows × 7 columns
2025-11-30 10:25:57,279 - src.data - INFO -   Missing values:
2025-11-30 10:25:57,279 - src.data - INFO -     hospital_rate: 3.3%
2025-11-30 10:25:57,281 - src.data - INFO -   Unique series: 1,953
2025-11-30 10:25:57,282 - src.utils - INFO - [Load train data] done in 0.217s
2025-11-30 10:25:57,282 - src.utils - INFO - [Build base panel] starting...
2025-11-30 10:25:57,282 - src.data - INFO - Input shapes: volume=(93744, 5), generics=(46872, 4), medicine_info=(1953, 7)
2025-11-30 10:25:57,352 - src.data - INFO - After volume-generics merge: 93,744 rows
2025-11-30 10:25:57,399 - src.data - INFO - After medicine_info merge: 93,744 rows
2025-11-30 10:25:57,497 - src.data - INFO - === Base Panel Statistics ===
2025-11-30 10:25:57,497 - src.data - INFO -   Shape: 93,744 rows × 11 columns
2025-11-30 10:25:57,526 - src.data - INFO -   Missing values:
2025-11-30 10:25:57,526 - src.data - INFO -     n_gxs: 63.2%
2025-11-30 10:25:57,526 - src.data - INFO -     hospital_rate: 3.3%
2025-11-30 10:25:57,544 - src.data - INFO -   Unique series: 1,953
2025-11-30 10:25:57,545 - src.data - INFO -   months_postgx range: [-24, 23]
2025-11-30 10:25:57,549 - src.utils - INFO - [Build base panel] done in 0.266s
2025-11-30 10:25:57,549 - src.utils - INFO - [Handle missing values] starting...
2025-11-30 10:25:57,573 - src.data - INFO - n_gxs: filled 59208 missing values
2025-11-30 10:25:57,588 - src.data - INFO - hospital_rate: filled with ther_area medians, flag added
2025-11-30 10:25:57,635 - src.data - INFO - No missing values remaining
2025-11-30 10:25:57,635 - src.utils - INFO - [Handle missing values] done in 0.086s
2025-11-30 10:25:57,636 - src.utils - INFO - [Compute pre-entry stats] starting...
2025-11-30 10:25:57,706 - src.data - INFO - avg_vol_12m distribution:
2025-11-30 10:25:57,707 - src.data - INFO -   Range: [37.72, 371038791.09]
2025-11-30 10:25:57,707 - src.data - INFO -   Median: 131382.32
2025-11-30 10:25:57,707 - src.data - INFO -   Mean: 2439028.31
2025-11-30 10:25:57,732 - src.data - INFO - Bucket classification using threshold=0.25
2025-11-30 10:25:57,789 - src.data - INFO - Bucket distribution (train):
2025-11-30 10:25:57,790 - src.data - INFO -   Bucket 1: 130 series (6.7%)
2025-11-30 10:25:57,790 - src.data - INFO -   Bucket 2: 1,823 series (93.3%)
2025-11-30 10:25:57,790 - src.data - INFO - y_norm distribution (train):
2025-11-30 10:25:57,791 - src.data - INFO -   Range: [0.000, 43.792]
2025-11-30 10:25:57,792 - src.data - INFO -   Median: 0.871
2025-11-30 10:25:57,793 - src.data - INFO -   Mean: 0.800
2025-11-30 10:25:57,794 - src.data - WARNING - y_norm.y_norm: 18 values above 5
2025-11-30 10:25:57,795 - src.utils - INFO - [Compute pre-entry stats] done in 0.159s
2025-11-30 10:25:57,812 - src.data - INFO - Panel schema validation passed for train (93,744 rows)
2025-11-30 10:25:57,815 - src.features - INFO - Applying data augmentation to training panel
2025-11-30 10:26:03,842 - src.data - INFO - Augmentation applied: jitter=5.00%, drop_prob=5.00%
2025-11-30 10:26:03,868 - src.utils - INFO - [Feature engineering - Scenario 1] starting...
2025-11-30 10:26:04,036 - src.features - WARNING - No pre-entry data for seasonal features, skipping
2025-11-30 10:26:04,923 - src.features - INFO - Total features created: 79
2025-11-30 10:26:04,923 - src.utils - INFO - [Feature engineering - Scenario 1] done in 1.055s
2025-11-30 10:26:05,030 - src.features - INFO - Selected 44,499 rows for 1 (months 0-23)
2025-11-30 10:26:05,037 - src.features - WARNING - Feature leakage detected: LEAKAGE: Forbidden column present: country
2025-11-30 10:26:05,037 - src.features - WARNING - Feature leakage detected: LEAKAGE: Forbidden column present: mean_erosion
2025-11-30 10:26:05,037 - src.features - WARNING - Feature leakage detected: LEAKAGE: Forbidden column present: y_norm
2025-11-30 10:26:05,037 - src.features - WARNING - Feature leakage detected: LEAKAGE: Forbidden column present: volume
2025-11-30 10:26:05,038 - src.features - WARNING - Feature leakage detected: LEAKAGE: Forbidden column present: bucket
2025-11-30 10:26:05,038 - src.features - WARNING - Feature leakage detected: LEAKAGE: Forbidden column present: brand_name
2025-11-30 10:26:05,092 - src.data - INFO - Data leakage audit passed for scenario 1, mode train
2025-11-30 10:26:05,107 - src.features - ERROR - Feature matrix validation failed: Feature matrix has all-NaN columns: ['first_generic_month']...
2025-11-30 10:26:05,107 - src.features - INFO - Built features: X=(44499, 76), y=44499, meta=(44499, 9)
2025-11-30 10:26:05,144 - src.utils - INFO - [Load cached train panel] starting...
2025-11-30 10:26:05,145 - src.data - INFO - Loading cached panel from /Users/armanfeili/code/New Projects/novartis_datathon_2025/data/interim/panel_train.parquet
2025-11-30 10:26:05,237 - src.data - INFO - Loaded 93,744 rows, 19 columns
2025-11-30 10:26:05,237 - src.utils - INFO - [Load cached train panel] done in 0.094s
2025-11-30 10:26:05,237 - src.utils - INFO - [Load features (cached)] done in 8.173s
2025-11-30 10:26:05,238 - src.utils - INFO - [Create validation split] starting...
2025-11-30 10:26:05,254 - src.validation - WARNING - Grouping 1 rare stratification classes (< 195 series each, 130 series total) into 'OTHER'
2025-11-30 10:26:05,258 - src.validation - INFO - 'OTHER' class now contains 130 series
2025-11-30 10:26:05,388 - src.validation - INFO - Train series: 1562, Val series: 391
2025-11-30 10:26:05,388 - src.validation - INFO - Train rows: 35,636, Val rows: 8,863
2025-11-30 10:26:05,390 - src.validation - INFO - Train bucket distribution:
bucket
2    0.933419
1    0.066581
2025-11-30 10:26:05,390 - src.validation - INFO - Val bucket distribution:
bucket
2    0.933504
1    0.066496
2025-11-30 10:26:05,423 - src.utils - INFO - [Create validation split] done in 0.185s
2025-11-30 10:26:05,468 - src.train - INFO - Features: 75 columns
2025-11-30 10:26:05,468 - src.train - INFO - Meta: 9 columns: ['country', 'brand_name', 'months_postgx', 'bucket', 'avg_vol_12m', 'y_norm', 'volume', 'mean_erosion', 'month']
2025-11-30 10:26:05,481 - src.train - INFO - Features: 75 columns
2025-11-30 10:26:05,481 - src.train - INFO - Meta: 9 columns: ['country', 'brand_name', 'months_postgx', 'bucket', 'avg_vol_12m', 'y_norm', 'volume', 'mean_erosion', 'month']
2025-11-30 10:26:05,532 - src.train - INFO - Multi-seed experiment enabled
2025-11-30 10:26:05,533 - src.train - INFO - Training with seed 42...
2025-11-30 10:26:05,540 - src.train - INFO - Applied target transform: log1p
2025-11-30 10:26:06,293 - src.train - INFO - Sample weights - min: 0.58, max: 3.46, mean: 1.00
2025-11-30 10:26:06,309 - src.utils - INFO - [Train catboost for scenario 1] starting...
2025-11-30 10:26:06,313 - src.models.cat_model - INFO - Auto-detected 2 categorical features
2025-11-30 10:26:16,790 - src.models.cat_model - INFO - CatBoost trained for 571 iterations
2025-11-30 10:26:16,790 - src.utils - INFO - [Train catboost for scenario 1] done in 10.481s
2025-11-30 10:26:16,863 - src.models.cat_model - WARNING - Pool prediction failed, using direct prediction: catboost/libs/data/model_dataset_compatibility.cpp:53: Feature ther_area_encoded is Float in model but marked different in the dataset
2025-11-30 10:26:18,062 - src.train - INFO - Validation metrics: Official=0.7007, RMSE=0.1943, MAE=0.1523
2025-11-30 10:26:18,062 - src.train - INFO - Training time: 10.50 seconds
2025-11-30 10:26:18,071 - src.models.cat_model - INFO - Model saved to /Users/armanfeili/code/New Projects/novartis_datathon_2025/artifacts/catboost_bonus_all_20251130_102556_s1/seed_42/model.bin.cbm with metadata
2025-11-30 10:26:18,071 - src.train - INFO - Seed 42: Official=0.7007
2025-11-30 10:26:18,071 - src.train - INFO - Training with seed 2025...
2025-11-30 10:26:18,074 - src.train - INFO - Applied target transform: log1p
2025-11-30 10:26:18,087 - src.train - INFO - Sample weights - min: 0.58, max: 3.46, mean: 1.00
2025-11-30 10:26:18,107 - src.utils - INFO - [Train catboost for scenario 1] starting...
2025-11-30 10:26:18,109 - src.models.cat_model - INFO - Auto-detected 2 categorical features
2025-11-30 10:26:24,643 - src.models.cat_model - INFO - CatBoost trained for 247 iterations
2025-11-30 10:26:24,643 - src.utils - INFO - [Train catboost for scenario 1] done in 6.536s
2025-11-30 10:26:24,709 - src.models.cat_model - WARNING - Pool prediction failed, using direct prediction: catboost/libs/data/model_dataset_compatibility.cpp:53: Feature ther_area_encoded is Float in model but marked different in the dataset
2025-11-30 10:26:25,867 - src.train - INFO - Validation metrics: Official=0.7354, RMSE=0.1881, MAE=0.1466
2025-11-30 10:26:25,867 - src.train - INFO - Training time: 6.56 seconds
2025-11-30 10:26:25,879 - src.models.cat_model - INFO - Model saved to /Users/armanfeili/code/New Projects/novartis_datathon_2025/artifacts/catboost_bonus_all_20251130_102556_s1/seed_2025/model.bin.cbm with metadata
2025-11-30 10:26:25,879 - src.train - INFO - Seed 2025: Official=0.7354
2025-11-30 10:26:25,879 - src.train - INFO - Training with seed 1337...
2025-11-30 10:26:25,881 - src.train - INFO - Applied target transform: log1p
2025-11-30 10:26:25,890 - src.train - INFO - Sample weights - min: 0.58, max: 3.46, mean: 1.00
2025-11-30 10:26:25,910 - src.utils - INFO - [Train catboost for scenario 1] starting...
2025-11-30 10:26:25,915 - src.models.cat_model - INFO - Auto-detected 2 categorical features
2025-11-30 10:26:34,973 - src.models.cat_model - INFO - CatBoost trained for 501 iterations
2025-11-30 10:26:34,973 - src.utils - INFO - [Train catboost for scenario 1] done in 9.063s
2025-11-30 10:26:35,042 - src.models.cat_model - WARNING - Pool prediction failed, using direct prediction: catboost/libs/data/model_dataset_compatibility.cpp:53: Feature ther_area_encoded is Float in model but marked different in the dataset
2025-11-30 10:26:36,235 - src.train - INFO - Validation metrics: Official=0.7106, RMSE=0.1982, MAE=0.1558
2025-11-30 10:26:36,235 - src.train - INFO - Training time: 9.08 seconds
2025-11-30 10:26:36,242 - src.models.cat_model - INFO - Model saved to /Users/armanfeili/code/New Projects/novartis_datathon_2025/artifacts/catboost_bonus_all_20251130_102556_s1/seed_1337/model.bin.cbm with metadata
2025-11-30 10:26:36,242 - src.train - INFO - Seed 1337: Official=0.7106
2025-11-30 10:26:36,246 - src.train - INFO - Saved multi-seed summary to /Users/armanfeili/code/New Projects/novartis_datathon_2025/artifacts/catboost_bonus_all_20251130_102556_s1/multi_seed_summary.csv
2025-11-30 10:26:36,246 - src.train - INFO - Multi-seed results:
2025-11-30 10:26:36,247 - src.train - INFO -   Mean official metric: 0.7156
2025-11-30 10:26:36,247 - src.train - INFO -   Std official metric: 0.0179
2025-11-30 10:26:36,247 - src.train - INFO -   Best seed: 42
2025-11-30 10:26:36,248 - src.train - INFO - Best seed: 42
2025-11-30 10:26:36,249 - src.train - INFO - Applied target transform: log1p
2025-11-30 10:26:36,259 - src.train - INFO - Sample weights - min: 0.58, max: 3.46, mean: 1.00
2025-11-30 10:26:36,280 - src.utils - INFO - [Train catboost for scenario 1] starting...
2025-11-30 10:26:36,283 - src.models.cat_model - INFO - Auto-detected 2 categorical features
2025-11-30 10:26:47,120 - src.models.cat_model - INFO - CatBoost trained for 571 iterations
2025-11-30 10:26:47,120 - src.utils - INFO - [Train catboost for scenario 1] done in 10.840s
2025-11-30 10:26:47,202 - src.models.cat_model - WARNING - Pool prediction failed, using direct prediction: catboost/libs/data/model_dataset_compatibility.cpp:53: Feature ther_area_encoded is Float in model but marked different in the dataset
2025-11-30 10:26:48,900 - src.train - INFO - Validation metrics: Official=0.7007, RMSE=0.1943, MAE=0.1523
2025-11-30 10:26:48,906 - src.train - INFO - Training time: 10.86 seconds
2025-11-30 10:26:48,908 - src.train - INFO - Fitting calibration parameters
2025-11-30 10:26:48,981 - src.models.cat_model - WARNING - Pool prediction failed, using direct prediction: catboost/libs/data/model_dataset_compatibility.cpp:53: Feature ther_area_encoded is Float in model but marked different in the dataset
2025-11-30 10:26:49,016 - src.train - INFO - Saved calibration parameters to /Users/armanfeili/code/New Projects/novartis_datathon_2025/artifacts/catboost_bonus_all_20251130_102556_s1/calibration_params.json
2025-11-30 10:26:49,017 - src.train - INFO - Calibration parameters fitted for 6 groups
2025-11-30 10:26:49,017 - src.train - INFO - Fitting bias corrections
2025-11-30 10:26:49,085 - src.models.cat_model - WARNING - Pool prediction failed, using direct prediction: catboost/libs/data/model_dataset_compatibility.cpp:53: Feature ther_area_encoded is Float in model but marked different in the dataset
2025-11-30 10:26:49,127 - src.train - INFO - Merged group columns from panel: ['ther_area']
/Users/armanfeili/code/New Projects/novartis_datathon_2025/src/train.py:6086: FutureWarning: The default of observed=False is deprecated and will be changed to True in a future version of pandas. Pass observed=False to retain current behavior or observed=True to adopt the future default and silence this warning.
  for group_key, group_df in df_val.groupby(available_group_cols):
2025-11-30 10:26:49,170 - src.train - INFO - Saved bias corrections to /Users/armanfeili/code/New Projects/novartis_datathon_2025/artifacts/catboost_bonus_all_20251130_102556_s1/bias_corrections.json
2025-11-30 10:26:49,171 - src.train - INFO - Bias corrections fitted for 241 groups
2025-11-30 10:26:49,174 - src.models.cat_model - INFO - Model saved to /Users/armanfeili/code/New Projects/novartis_datathon_2025/artifacts/catboost_bonus_all_20251130_102556_s1/model_1.bin.cbm with metadata
2025-11-30 10:26:49,174 - src.train - INFO - Model saved to /Users/armanfeili/code/New Projects/novartis_datathon_2025/artifacts/catboost_bonus_all_20251130_102556_s1/model_1.bin
2025-11-30 10:26:49,175 - src.train - INFO - Target transform parameters saved to /Users/armanfeili/code/New Projects/novartis_datathon_2025/artifacts/catboost_bonus_all_20251130_102556_s1/target_transform_params_1.json
2025-11-30 10:26:49,182 - src.train - INFO - Experiment catboost_bonus_all_20251130_102556_s1 completed. Artifacts saved to /Users/armanfeili/code/New Projects/novartis_datathon_2025/artifacts/catboost_bonus_all_20251130_102556_s1
2025-11-30 10:26:49,212 - src.utils - INFO - [Scenario 1 Training] done in 52.282s
2025-11-30 10:26:49,213 - __main__ - INFO - ================================================================================
2025-11-30 10:26:49,213 - __main__ - INFO - ✅ Scenario 1 Training Complete
2025-11-30 10:26:49,213 - __main__ - INFO -    Official Metric: 0.700700
2025-11-30 10:26:49,213 - __main__ - INFO -    RMSE (norm): 0.194279
2025-11-30 10:26:49,213 - __main__ - INFO -    MAE (norm): 0.152342
2025-11-30 10:26:49,213 - __main__ - INFO -    Artifacts: /Users/armanfeili/code/New Projects/novartis_datathon_2025/artifacts/catboost_bonus_all_20251130_102556_s1
2025-11-30 10:26:49,213 - __main__ - INFO - ================================================================================
2025-11-30 10:26:49,213 - __main__ - INFO - 
================================================================================
2025-11-30 10:26:49,213 - __main__ - INFO - [2/3] Training Scenario 2
2025-11-30 10:26:49,213 - __main__ - INFO - ================================================================================
2025-11-30 10:26:49,213 - __main__ - INFO - ================================================================================
2025-11-30 10:26:49,214 - __main__ - INFO - Training Scenario 2
2025-11-30 10:26:49,214 - __main__ - INFO - ================================================================================
2025-11-30 10:26:49,214 - __main__ - INFO - Config: configs/run_bonus_all.yaml
2025-11-30 10:26:49,214 - __main__ - INFO - Run Name: catboost_bonus_all_20251130_102556
2025-11-30 10:26:49,214 - src.utils - INFO - [Scenario 2 Training] starting...
2025-11-30 10:26:49,257 - src.train - INFO - Starting experiment: catboost_bonus_all_20251130_102556_s2
2025-11-30 10:26:49,301 - src.train - INFO - Config snapshot saved to /Users/armanfeili/code/New Projects/novartis_datathon_2025/artifacts/catboost_bonus_all_20251130_102556_s2/configs (hash: bcc22caf)
2025-11-30 10:26:49,301 - src.train - INFO - Config hash: bcc22caf
2025-11-30 10:26:49,321 - src.utils - INFO - [Load features (cached)] starting...
2025-11-30 10:26:49,321 - src.features - INFO - Building features for train S2 train...
2025-11-30 10:26:49,321 - src.data - INFO - Building train panel from raw data...
2025-11-30 10:26:49,321 - src.utils - INFO - [Load train data] starting...
2025-11-30 10:26:49,322 - src.data - INFO - Loading volume from /Users/armanfeili/code/New Projects/novartis_datathon_2025/data/raw/TRAIN/df_volume_train.csv
2025-11-30 10:26:49,411 - src.data - INFO - === train/volume Statistics ===
2025-11-30 10:26:49,412 - src.data - INFO -   Shape: 93,744 rows × 5 columns
2025-11-30 10:26:49,429 - src.data - INFO -   No missing values
2025-11-30 10:26:49,446 - src.data - INFO -   Unique series: 1,953
2025-11-30 10:26:49,446 - src.data - INFO -   months_postgx range: [-24, 23]
2025-11-30 10:26:49,449 - src.data - INFO - Loading generics from /Users/armanfeili/code/New Projects/novartis_datathon_2025/data/raw/TRAIN/df_generics_train.csv
2025-11-30 10:26:49,481 - src.data - INFO - === train/generics Statistics ===
2025-11-30 10:26:49,481 - src.data - INFO -   Shape: 46,872 rows × 4 columns
2025-11-30 10:26:49,488 - src.data - INFO -   Missing values:
2025-11-30 10:26:49,488 - src.data - INFO -     n_gxs: 26.3%
2025-11-30 10:26:49,499 - src.data - INFO -   Unique series: 1,953
2025-11-30 10:26:49,499 - src.data - INFO -   months_postgx range: [0, 23]
2025-11-30 10:26:49,500 - src.data - INFO - Loading medicine_info from /Users/armanfeili/code/New Projects/novartis_datathon_2025/data/raw/TRAIN/df_medicine_info_train.csv
2025-11-30 10:26:49,508 - src.data - INFO - === train/medicine_info Statistics ===
2025-11-30 10:26:49,509 - src.data - INFO -   Shape: 1,953 rows × 7 columns
2025-11-30 10:26:49,512 - src.data - INFO -   Missing values:
2025-11-30 10:26:49,513 - src.data - INFO -     hospital_rate: 3.3%
2025-11-30 10:26:49,515 - src.data - INFO -   Unique series: 1,953
2025-11-30 10:26:49,516 - src.utils - INFO - [Load train data] done in 0.194s
2025-11-30 10:26:49,516 - src.utils - INFO - [Build base panel] starting...
2025-11-30 10:26:49,516 - src.data - INFO - Input shapes: volume=(93744, 5), generics=(46872, 4), medicine_info=(1953, 7)
2025-11-30 10:26:49,571 - src.data - INFO - After volume-generics merge: 93,744 rows
2025-11-30 10:26:49,609 - src.data - INFO - After medicine_info merge: 93,744 rows
2025-11-30 10:26:49,680 - src.data - INFO - === Base Panel Statistics ===
2025-11-30 10:26:49,680 - src.data - INFO -   Shape: 93,744 rows × 11 columns
2025-11-30 10:26:49,705 - src.data - INFO -   Missing values:
2025-11-30 10:26:49,706 - src.data - INFO -     n_gxs: 63.2%
2025-11-30 10:26:49,706 - src.data - INFO -     hospital_rate: 3.3%
2025-11-30 10:26:49,724 - src.data - INFO -   Unique series: 1,953
2025-11-30 10:26:49,725 - src.data - INFO -   months_postgx range: [-24, 23]
2025-11-30 10:26:49,730 - src.utils - INFO - [Build base panel] done in 0.214s
2025-11-30 10:26:49,730 - src.utils - INFO - [Handle missing values] starting...
2025-11-30 10:26:49,750 - src.data - INFO - n_gxs: filled 59208 missing values
2025-11-30 10:26:49,767 - src.data - INFO - hospital_rate: filled with ther_area medians, flag added
2025-11-30 10:26:49,819 - src.data - INFO - No missing values remaining
2025-11-30 10:26:49,819 - src.utils - INFO - [Handle missing values] done in 0.089s
2025-11-30 10:26:49,821 - src.utils - INFO - [Compute pre-entry stats] starting...
2025-11-30 10:26:49,900 - src.data - INFO - avg_vol_12m distribution:
2025-11-30 10:26:49,901 - src.data - INFO -   Range: [37.72, 371038791.09]
2025-11-30 10:26:49,901 - src.data - INFO -   Median: 131382.32
2025-11-30 10:26:49,902 - src.data - INFO -   Mean: 2439028.31
2025-11-30 10:26:49,930 - src.data - INFO - Bucket classification using threshold=0.25
2025-11-30 10:26:50,008 - src.data - INFO - Bucket distribution (train):
2025-11-30 10:26:50,009 - src.data - INFO -   Bucket 1: 130 series (6.7%)
2025-11-30 10:26:50,009 - src.data - INFO -   Bucket 2: 1,823 series (93.3%)
2025-11-30 10:26:50,009 - src.data - INFO - y_norm distribution (train):
2025-11-30 10:26:50,012 - src.data - INFO -   Range: [0.000, 43.792]
2025-11-30 10:26:50,014 - src.data - INFO -   Median: 0.871
2025-11-30 10:26:50,014 - src.data - INFO -   Mean: 0.800
2025-11-30 10:26:50,017 - src.data - WARNING - y_norm.y_norm: 18 values above 5
2025-11-30 10:26:50,017 - src.utils - INFO - [Compute pre-entry stats] done in 0.196s
2025-11-30 10:26:50,045 - src.data - INFO - Panel schema validation passed for train (93,744 rows)
2025-11-30 10:26:50,048 - src.features - INFO - Applying data augmentation to training panel
2025-11-30 10:26:55,606 - src.data - INFO - Augmentation applied: jitter=5.00%, drop_prob=5.00%
2025-11-30 10:26:55,630 - src.utils - INFO - [Feature engineering - Scenario 2] starting...
2025-11-30 10:26:55,765 - src.features - WARNING - No pre-entry data for seasonal features, skipping
2025-11-30 10:27:01,104 - src.features - INFO - Total features created: 94
2025-11-30 10:27:01,106 - src.utils - INFO - [Feature engineering - Scenario 2] done in 5.477s
2025-11-30 10:27:01,200 - src.features - INFO - Selected 33,354 rows for 2 (months 6-23)
2025-11-30 10:27:01,211 - src.features - WARNING - Feature leakage detected: LEAKAGE: Forbidden column present: country
2025-11-30 10:27:01,211 - src.features - WARNING - Feature leakage detected: LEAKAGE: Forbidden column present: mean_erosion
2025-11-30 10:27:01,211 - src.features - WARNING - Feature leakage detected: LEAKAGE: Forbidden column present: y_norm
2025-11-30 10:27:01,211 - src.features - WARNING - Feature leakage detected: LEAKAGE: Forbidden column present: volume
2025-11-30 10:27:01,211 - src.features - WARNING - Feature leakage detected: LEAKAGE: Forbidden column present: bucket
2025-11-30 10:27:01,211 - src.features - WARNING - Feature leakage detected: LEAKAGE: Forbidden column present: brand_name
2025-11-30 10:27:01,247 - src.data - INFO - Data leakage audit passed for scenario 2, mode train
2025-11-30 10:27:01,260 - src.features - INFO - Feature matrix validation passed: X=(33354, 89), y=33354, meta=(33354, 12)
2025-11-30 10:27:01,262 - src.features - INFO - Built features: X=(33354, 89), y=33354, meta=(33354, 12)
2025-11-30 10:27:01,318 - src.utils - INFO - [Load cached train panel] starting...
2025-11-30 10:27:01,319 - src.data - INFO - Loading cached panel from /Users/armanfeili/code/New Projects/novartis_datathon_2025/data/interim/panel_train.parquet
2025-11-30 10:27:01,352 - src.data - INFO - Loaded 93,744 rows, 19 columns
2025-11-30 10:27:01,352 - src.utils - INFO - [Load cached train panel] done in 0.034s
2025-11-30 10:27:01,352 - src.utils - INFO - [Load features (cached)] done in 12.032s
2025-11-30 10:27:01,352 - src.utils - INFO - [Create validation split] starting...
2025-11-30 10:27:01,403 - src.validation - WARNING - Grouping 1 rare stratification classes (< 195 series each, 130 series total) into 'OTHER'
2025-11-30 10:27:01,407 - src.validation - INFO - 'OTHER' class now contains 130 series
2025-11-30 10:27:01,584 - src.validation - INFO - Train series: 1562, Val series: 391
2025-11-30 10:27:01,584 - src.validation - INFO - Train rows: 26,726, Val rows: 6,628
2025-11-30 10:27:01,586 - src.validation - INFO - Train bucket distribution:
bucket
2    0.933419
1    0.066581
2025-11-30 10:27:01,587 - src.validation - INFO - Val bucket distribution:
bucket
2    0.933504
1    0.066496
2025-11-30 10:27:01,620 - src.utils - INFO - [Create validation split] done in 0.268s
2025-11-30 10:27:01,692 - src.train - INFO - Features: 91 columns
2025-11-30 10:27:01,692 - src.train - INFO - Meta: 9 columns: ['country', 'brand_name', 'months_postgx', 'bucket', 'avg_vol_12m', 'y_norm', 'volume', 'mean_erosion', 'month']
2025-11-30 10:27:01,720 - src.train - INFO - Features: 91 columns
2025-11-30 10:27:01,720 - src.train - INFO - Meta: 9 columns: ['country', 'brand_name', 'months_postgx', 'bucket', 'avg_vol_12m', 'y_norm', 'volume', 'mean_erosion', 'month']
2025-11-30 10:27:01,800 - src.train - INFO - Multi-seed experiment enabled
2025-11-30 10:27:01,801 - src.train - INFO - Training with seed 42...
2025-11-30 10:27:01,807 - src.train - INFO - Applied target transform: log1p
2025-11-30 10:27:01,822 - src.train - INFO - Sample weights - min: 0.63, max: 3.13, mean: 1.00
2025-11-30 10:27:01,847 - src.utils - INFO - [Train catboost for scenario 2] starting...
2025-11-30 10:27:01,856 - src.models.cat_model - INFO - Auto-detected 2 categorical features
2025-11-30 10:27:13,266 - src.models.cat_model - INFO - CatBoost trained for 338 iterations
2025-11-30 10:27:13,266 - src.utils - INFO - [Train catboost for scenario 2] done in 11.419s
2025-11-30 10:27:13,344 - src.models.cat_model - WARNING - Pool prediction failed, using direct prediction: catboost/libs/data/model_dataset_compatibility.cpp:53: Feature ther_area_encoded is Float in model but marked different in the dataset
2025-11-30 10:27:15,267 - src.train - INFO - Validation metrics: Official=0.2711, RMSE=0.1837, MAE=0.1446
2025-11-30 10:27:15,267 - src.train - INFO - Training time: 11.44 seconds
2025-11-30 10:27:15,273 - src.models.cat_model - INFO - Model saved to /Users/armanfeili/code/New Projects/novartis_datathon_2025/artifacts/catboost_bonus_all_20251130_102556_s2/seed_42/model.bin.cbm with metadata
2025-11-30 10:27:15,273 - src.train - INFO - Seed 42: Official=0.2711
2025-11-30 10:27:15,273 - src.train - INFO - Training with seed 2025...
2025-11-30 10:27:15,275 - src.train - INFO - Applied target transform: log1p
2025-11-30 10:27:15,283 - src.train - INFO - Sample weights - min: 0.63, max: 3.13, mean: 1.00
2025-11-30 10:27:15,304 - src.utils - INFO - [Train catboost for scenario 2] starting...
2025-11-30 10:27:15,317 - src.models.cat_model - INFO - Auto-detected 2 categorical features
2025-11-30 10:27:25,228 - src.models.cat_model - INFO - CatBoost trained for 338 iterations
2025-11-30 10:27:25,228 - src.utils - INFO - [Train catboost for scenario 2] done in 9.924s
2025-11-30 10:27:25,312 - src.models.cat_model - WARNING - Pool prediction failed, using direct prediction: catboost/libs/data/model_dataset_compatibility.cpp:53: Feature ther_area_encoded is Float in model but marked different in the dataset
2025-11-30 10:27:26,273 - src.train - INFO - Validation metrics: Official=0.2676, RMSE=0.1822, MAE=0.1441
2025-11-30 10:27:26,273 - src.train - INFO - Training time: 9.95 seconds
2025-11-30 10:27:26,278 - src.models.cat_model - INFO - Model saved to /Users/armanfeili/code/New Projects/novartis_datathon_2025/artifacts/catboost_bonus_all_20251130_102556_s2/seed_2025/model.bin.cbm with metadata
2025-11-30 10:27:26,279 - src.train - INFO - Seed 2025: Official=0.2676
2025-11-30 10:27:26,279 - src.train - INFO - Training with seed 1337...
2025-11-30 10:27:26,280 - src.train - INFO - Applied target transform: log1p
2025-11-30 10:27:26,287 - src.train - INFO - Sample weights - min: 0.63, max: 3.13, mean: 1.00
2025-11-30 10:27:26,300 - src.utils - INFO - [Train catboost for scenario 2] starting...
2025-11-30 10:27:26,306 - src.models.cat_model - INFO - Auto-detected 2 categorical features
2025-11-30 10:27:31,890 - src.models.cat_model - INFO - CatBoost trained for 247 iterations
2025-11-30 10:27:31,890 - src.utils - INFO - [Train catboost for scenario 2] done in 5.590s
2025-11-30 10:27:31,968 - src.models.cat_model - WARNING - Pool prediction failed, using direct prediction: catboost/libs/data/model_dataset_compatibility.cpp:53: Feature ther_area_encoded is Float in model but marked different in the dataset
2025-11-30 10:27:32,803 - src.train - INFO - Validation metrics: Official=0.2670, RMSE=0.1823, MAE=0.1438
2025-11-30 10:27:32,804 - src.train - INFO - Training time: 5.60 seconds
2025-11-30 10:27:32,815 - src.models.cat_model - INFO - Model saved to /Users/armanfeili/code/New Projects/novartis_datathon_2025/artifacts/catboost_bonus_all_20251130_102556_s2/seed_1337/model.bin.cbm with metadata
2025-11-30 10:27:32,815 - src.train - INFO - Seed 1337: Official=0.2670
2025-11-30 10:27:32,844 - src.train - INFO - Saved multi-seed summary to /Users/armanfeili/code/New Projects/novartis_datathon_2025/artifacts/catboost_bonus_all_20251130_102556_s2/multi_seed_summary.csv
2025-11-30 10:27:32,844 - src.train - INFO - Multi-seed results:
2025-11-30 10:27:32,844 - src.train - INFO -   Mean official metric: 0.2686
2025-11-30 10:27:32,845 - src.train - INFO -   Std official metric: 0.0022
2025-11-30 10:27:32,845 - src.train - INFO -   Best seed: 1337
2025-11-30 10:27:32,845 - src.train - INFO - Best seed: 1337
2025-11-30 10:27:32,847 - src.train - INFO - Applied target transform: log1p
2025-11-30 10:27:32,856 - src.train - INFO - Sample weights - min: 0.63, max: 3.13, mean: 1.00
2025-11-30 10:27:32,863 - src.utils - INFO - [Train catboost for scenario 2] starting...
2025-11-30 10:27:32,869 - src.models.cat_model - INFO - Auto-detected 2 categorical features
2025-11-30 10:27:39,555 - src.models.cat_model - INFO - CatBoost trained for 338 iterations
2025-11-30 10:27:39,556 - src.utils - INFO - [Train catboost for scenario 2] done in 6.693s
2025-11-30 10:27:39,632 - src.models.cat_model - WARNING - Pool prediction failed, using direct prediction: catboost/libs/data/model_dataset_compatibility.cpp:53: Feature ther_area_encoded is Float in model but marked different in the dataset
2025-11-30 10:27:40,562 - src.train - INFO - Validation metrics: Official=0.2711, RMSE=0.1837, MAE=0.1446
2025-11-30 10:27:40,562 - src.train - INFO - Training time: 6.70 seconds
2025-11-30 10:27:40,566 - src.train - INFO - Fitting calibration parameters
2025-11-30 10:27:40,639 - src.models.cat_model - WARNING - Pool prediction failed, using direct prediction: catboost/libs/data/model_dataset_compatibility.cpp:53: Feature ther_area_encoded is Float in model but marked different in the dataset
2025-11-30 10:27:40,714 - src.train - INFO - Saved calibration parameters to /Users/armanfeili/code/New Projects/novartis_datathon_2025/artifacts/catboost_bonus_all_20251130_102556_s2/calibration_params.json
2025-11-30 10:27:40,716 - src.train - INFO - Calibration parameters fitted for 6 groups
2025-11-30 10:27:40,716 - src.train - INFO - Fitting bias corrections
2025-11-30 10:27:40,808 - src.models.cat_model - WARNING - Pool prediction failed, using direct prediction: catboost/libs/data/model_dataset_compatibility.cpp:53: Feature ther_area_encoded is Float in model but marked different in the dataset
2025-11-30 10:27:40,850 - src.train - INFO - Merged group columns from panel: ['ther_area']
/Users/armanfeili/code/New Projects/novartis_datathon_2025/src/train.py:6086: FutureWarning: The default of observed=False is deprecated and will be changed to True in a future version of pandas. Pass observed=False to retain current behavior or observed=True to adopt the future default and silence this warning.
  for group_key, group_df in df_val.groupby(available_group_cols):
2025-11-30 10:27:40,900 - src.train - INFO - Saved bias corrections to /Users/armanfeili/code/New Projects/novartis_datathon_2025/artifacts/catboost_bonus_all_20251130_102556_s2/bias_corrections.json
2025-11-30 10:27:40,901 - src.train - INFO - Bias corrections fitted for 241 groups
2025-11-30 10:27:40,902 - src.models.cat_model - INFO - Model saved to /Users/armanfeili/code/New Projects/novartis_datathon_2025/artifacts/catboost_bonus_all_20251130_102556_s2/model_2.bin.cbm with metadata
2025-11-30 10:27:40,902 - src.train - INFO - Model saved to /Users/armanfeili/code/New Projects/novartis_datathon_2025/artifacts/catboost_bonus_all_20251130_102556_s2/model_2.bin
2025-11-30 10:27:40,903 - src.train - INFO - Target transform parameters saved to /Users/armanfeili/code/New Projects/novartis_datathon_2025/artifacts/catboost_bonus_all_20251130_102556_s2/target_transform_params_2.json
2025-11-30 10:27:40,910 - src.train - INFO - Experiment catboost_bonus_all_20251130_102556_s2 completed. Artifacts saved to /Users/armanfeili/code/New Projects/novartis_datathon_2025/artifacts/catboost_bonus_all_20251130_102556_s2
2025-11-30 10:27:40,961 - src.utils - INFO - [Scenario 2 Training] done in 51.747s
2025-11-30 10:27:40,961 - __main__ - INFO - ================================================================================
2025-11-30 10:27:40,961 - __main__ - INFO - ✅ Scenario 2 Training Complete
2025-11-30 10:27:40,961 - __main__ - INFO -    Official Metric: 0.271100
2025-11-30 10:27:40,961 - __main__ - INFO -    RMSE (norm): 0.183670
2025-11-30 10:27:40,962 - __main__ - INFO -    MAE (norm): 0.144568
2025-11-30 10:27:40,962 - __main__ - INFO -    Artifacts: /Users/armanfeili/code/New Projects/novartis_datathon_2025/artifacts/catboost_bonus_all_20251130_102556_s2
2025-11-30 10:27:40,962 - __main__ - INFO - ================================================================================
2025-11-30 10:27:40,962 - __main__ - INFO - 
================================================================================
2025-11-30 10:27:40,962 - __main__ - INFO - [3/3] Generating Submission
2025-11-30 10:27:40,962 - __main__ - INFO - ================================================================================
2025-11-30 10:27:40,963 - __main__ - INFO - ================================================================================
2025-11-30 10:27:40,963 - __main__ - INFO - Generating Submission
2025-11-30 10:27:40,963 - __main__ - INFO - ================================================================================
2025-11-30 10:27:40,978 - src.utils - INFO - [Load cached test panel] starting...
2025-11-30 10:27:40,979 - src.data - INFO - Loading cached panel from /Users/armanfeili/code/New Projects/novartis_datathon_2025/data/interim/panel_test.parquet
2025-11-30 10:27:41,005 - src.data - INFO - Loaded 8,832 rows, 16 columns
2025-11-30 10:27:41,005 - src.utils - INFO - [Load cached test panel] done in 0.026s
2025-11-30 10:27:41,026 - __main__ - INFO - Loaded submission template from: /Users/armanfeili/code/New Projects/novartis_datathon_2025/docs/guide/submission_template.csv
2025-11-30 10:27:41,026 - src.utils - INFO - [Submission Generation] starting...
2025-11-30 10:27:41,026 - src.utils - INFO - [Generate submission] starting...
2025-11-30 10:27:41,060 - src.inference - INFO - Detected 228 Scenario 1 series
2025-11-30 10:27:41,062 - src.inference - INFO - Detected 112 Scenario 2 series
/Users/armanfeili/code/New Projects/novartis_datathon_2025/src/inference.py:326: FutureWarning: The behavior of DataFrame concatenation with empty or all-NA entries is deprecated. In a future version, this will no longer exclude empty or all-NA columns when determining the result dtypes. To retain the old behavior, exclude the relevant entries before the concat operation.
  expanded = pd.concat([panel, future_df], ignore_index=True)
2025-11-30 10:27:41,458 - src.inference - INFO - Expanded panel: 5472 -> 10944 rows (added months 0-23)
2025-11-30 10:27:41,459 - src.utils - INFO - [Feature engineering - Scenario 1] starting...
2025-11-30 10:27:42,678 - src.features - INFO - Total features created: 88
2025-11-30 10:27:42,678 - src.utils - INFO - [Feature engineering - Scenario 1] done in 1.219s
2025-11-30 10:27:42,694 - src.inference - WARNING - Bucket 1 model not found at /Users/armanfeili/code/New Projects/novartis_datathon_2025/artifacts/catboost_bonus_all_20251130_102556_s1/bucket1_catboost/model.bin
2025-11-30 10:27:42,694 - src.inference - WARNING - Bucket 2 model not found at /Users/armanfeili/code/New Projects/novartis_datathon_2025/artifacts/catboost_bonus_all_20251130_102556_s1/bucket2_catboost/model.bin
2025-11-30 10:27:42,764 - src.models.cat_model - WARNING - Pool prediction failed, using direct prediction: catboost/libs/data/model_dataset_compatibility.cpp:81: At position 55 should be feature with name n_gxs_at_month_12 (found n_gxs_at_month_23).
2025-11-30 10:27:42,769 - src.utils - INFO - [Generate submission] done in 1.743s
2025-11-30 10:27:42,769 - src.utils - INFO - [Submission Generation] done in 1.744s
2025-11-30 10:27:42,776 - __main__ - ERROR - ================================================================================
2025-11-30 10:27:42,776 - __main__ - ERROR - ❌ Submission Generation Failed
2025-11-30 10:27:42,776 - __main__ - ERROR -    Error: catboost/libs/data/model_dataset_compatibility.cpp:81: At position 55 should be feature with name n_gxs_at_month_12 (found n_gxs_at_month_23).
2025-11-30 10:27:42,776 - __main__ - ERROR - ================================================================================
2025-11-30 10:27:42,782 - __main__ - INFO - 
================================================================================
2025-11-30 10:27:42,782 - __main__ - INFO - Training and Submission Pipeline Complete!
2025-11-30 10:27:42,782 - __main__ - INFO - ================================================================================
2025-11-30 10:27:42,783 - __main__ - INFO - 
Results Summary:
2025-11-30 10:27:42,783 - __main__ - INFO -   Scenario 1:
2025-11-30 10:27:42,783 - __main__ - INFO -     Status: success
2025-11-30 10:27:42,783 - __main__ - INFO -     Official Metric: 0.7007
2025-11-30 10:27:42,783 - __main__ - INFO -     Artifacts: /Users/armanfeili/code/New Projects/novartis_datathon_2025/artifacts/catboost_bonus_all_20251130_102556_s1
2025-11-30 10:27:42,783 - __main__ - INFO -   Scenario 2:
2025-11-30 10:27:42,783 - __main__ - INFO -     Status: success
2025-11-30 10:27:42,783 - __main__ - INFO -     Official Metric: 0.2711
2025-11-30 10:27:42,783 - __main__ - INFO -     Artifacts: /Users/armanfeili/code/New Projects/novartis_datathon_2025/artifacts/catboost_bonus_all_20251130_102556_s2
2025-11-30 10:27:42,783 - __main__ - INFO -   Submission:
2025-11-30 10:27:42,783 - __main__ - INFO -     Status: failed
2025-11-30 10:27:42,783 - __main__ - INFO -     File: None
2025-11-30 10:27:42,783 - __main__ - INFO -     Rows: None
2025-11-30 10:27:42,784 - __main__ - INFO - 
Full Results: logs/results_catboost_bonus_all_20251130_102556.json
2025-11-30 10:27:42,784 - __main__ - INFO - Config Summary: logs/config_summary_catboost_bonus_all_20251130_102556.yaml
2025-11-30 10:27:42,784 - __main__ - INFO - Log File: logs/full_pipeline_catboost_bonus_all_20251130_102556.log
2025-11-30 10:27:42,784 - __main__ - INFO - ================================================================================
0:	learn: 0.1899884	test: 0.1877481	best: 0.1877481 (0)	total: 73.2ms	remaining: 3m 39s
100:	learn: 0.1548159	test: 0.1602172	best: 0.1602172 (100)	total: 1.73s	remaining: 49.6s
200:	learn: 0.1462382	test: 0.1581388	best: 0.1581388 (200)	total: 3.22s	remaining: 44.8s
300:	learn: 0.1399900	test: 0.1574464	best: 0.1572474 (273)	total: 4.71s	remaining: 42.2s
400:	learn: 0.1337294	test: 0.1570901	best: 0.1569837 (379)	total: 6.21s	remaining: 40.3s
500:	learn: 0.1285816	test: 0.1567305	best: 0.1566702 (497)	total: 7.7s	remaining: 38.4s
600:	learn: 0.1238378	test: 0.1566598	best: 0.1564889 (571)	total: 9.17s	remaining: 36.6s
Stopped by overfitting detector  (100 iterations wait)

bestTest = 0.1564888934
bestIteration = 571

Shrink model to first 572 iterations.
0:	learn: 0.1900120	test: 0.1878293	best: 0.1878293 (0)	total: 150ms	remaining: 7m 30s
100:	learn: 0.1548806	test: 0.1601256	best: 0.1601256 (100)	total: 2.14s	remaining: 1m 1s
200:	learn: 0.1463492	test: 0.1574146	best: 0.1573746 (196)	total: 3.66s	remaining: 50.9s
300:	learn: 0.1398105	test: 0.1572421	best: 0.1570768 (247)	total: 5.58s	remaining: 50s
Stopped by overfitting detector  (100 iterations wait)

bestTest = 0.157076824
bestIteration = 247

Shrink model to first 248 iterations.
0:	learn: 0.1899932	test: 0.1876784	best: 0.1876784 (0)	total: 16.2ms	remaining: 48.6s
100:	learn: 0.1548013	test: 0.1603306	best: 0.1603306 (100)	total: 1.51s	remaining: 43.5s
200:	learn: 0.1466777	test: 0.1577776	best: 0.1577359 (199)	total: 2.98s	remaining: 41.5s
300:	learn: 0.1401010	test: 0.1575721	best: 0.1575416 (299)	total: 4.36s	remaining: 39.1s
400:	learn: 0.1335376	test: 0.1573295	best: 0.1573047 (398)	total: 5.8s	remaining: 37.6s
500:	learn: 0.1279217	test: 0.1568998	best: 0.1568998 (500)	total: 7.3s	remaining: 36.4s
600:	learn: 0.1233479	test: 0.1572651	best: 0.1568959 (501)	total: 8.85s	remaining: 35.3s
Stopped by overfitting detector  (100 iterations wait)

bestTest = 0.1568958964
bestIteration = 501

Shrink model to first 502 iterations.
0:	learn: 0.1899884	test: 0.1877481	best: 0.1877481 (0)	total: 29.5ms	remaining: 1m 28s
100:	learn: 0.1548159	test: 0.1602172	best: 0.1602172 (100)	total: 1.53s	remaining: 43.9s
200:	learn: 0.1462382	test: 0.1581388	best: 0.1581388 (200)	total: 3.2s	remaining: 44.5s
300:	learn: 0.1399900	test: 0.1574464	best: 0.1572474 (273)	total: 4.77s	remaining: 42.8s
400:	learn: 0.1337294	test: 0.1570901	best: 0.1569837 (379)	total: 6.47s	remaining: 41.9s
500:	learn: 0.1285816	test: 0.1567305	best: 0.1566702 (497)	total: 7.86s	remaining: 39.2s
600:	learn: 0.1238378	test: 0.1566598	best: 0.1564889 (571)	total: 9.4s	remaining: 37.5s
Stopped by overfitting detector  (100 iterations wait)

bestTest = 0.1564888934
bestIteration = 571

Shrink model to first 572 iterations.
0:	learn: 0.1917744	test: 0.1879012	best: 0.1879012 (0)	total: 25.7ms	remaining: 1m 17s
100:	learn: 0.1107190	test: 0.1255749	best: 0.1255749 (100)	total: 2.25s	remaining: 1m 4s
200:	learn: 0.1027630	test: 0.1234137	best: 0.1234065 (199)	total: 6.6s	remaining: 1m 31s
300:	learn: 0.0977350	test: 0.1229763	best: 0.1229640 (295)	total: 8.76s	remaining: 1m 18s
400:	learn: 0.0934273	test: 0.1230900	best: 0.1229498 (338)	total: 10.3s	remaining: 1m 6s
Stopped by overfitting detector  (100 iterations wait)

bestTest = 0.1229497816
bestIteration = 338

Shrink model to first 339 iterations.
0:	learn: 0.1916964	test: 0.1877876	best: 0.1877876 (0)	total: 20.8ms	remaining: 1m 2s
100:	learn: 0.1106413	test: 0.1250002	best: 0.1250002 (100)	total: 1.74s	remaining: 49.8s
200:	learn: 0.1025673	test: 0.1227645	best: 0.1227180 (197)	total: 3.71s	remaining: 51.7s
300:	learn: 0.0974327	test: 0.1220646	best: 0.1220646 (300)	total: 6.16s	remaining: 55.2s
400:	learn: 0.0930255	test: 0.1220809	best: 0.1219914 (338)	total: 9.1s	remaining: 59s
Stopped by overfitting detector  (100 iterations wait)

bestTest = 0.1219913708
bestIteration = 338

Shrink model to first 339 iterations.
0:	learn: 0.1916648	test: 0.1878498	best: 0.1878498 (0)	total: 20.8ms	remaining: 1m 2s
100:	learn: 0.1103686	test: 0.1250154	best: 0.1250154 (100)	total: 1.64s	remaining: 47s
200:	learn: 0.1024512	test: 0.1226149	best: 0.1226149 (200)	total: 3.25s	remaining: 45.2s
300:	learn: 0.0977284	test: 0.1223884	best: 0.1222228 (247)	total: 4.73s	remaining: 42.4s
Stopped by overfitting detector  (100 iterations wait)

bestTest = 0.1222228018
bestIteration = 247

Shrink model to first 248 iterations.
0:	learn: 0.1917744	test: 0.1879012	best: 0.1879012 (0)	total: 15.1ms	remaining: 45.2s
100:	learn: 0.1107190	test: 0.1255749	best: 0.1255749 (100)	total: 1.7s	remaining: 48.8s
200:	learn: 0.1027630	test: 0.1234137	best: 0.1234065 (199)	total: 3.17s	remaining: 44.2s
300:	learn: 0.0977350	test: 0.1229763	best: 0.1229640 (295)	total: 4.62s	remaining: 41.4s
400:	learn: 0.0934273	test: 0.1230900	best: 0.1229498 (338)	total: 5.96s	remaining: 38.7s
Stopped by overfitting detector  (100 iterations wait)

bestTest = 0.1229497816
bestIteration = 338

Shrink model to first 339 iterations.
