2025-11-29 15:57:42,039 - __main__ - INFO - Starting experiment: 2025-11-29_15-57_lightgbm_scenario1
2025-11-29 15:57:42,099 - __main__ - INFO - Config snapshot saved to /Users/armanfeili/code/New Projects/novartis_datathon_2025/artifacts/2025-11-29_15-57_lightgbm_scenario1/configs (hash: 989554f7)
2025-11-29 15:57:42,100 - __main__ - INFO - Config hash: 989554f7
2025-11-29 15:57:42,128 - src.utils - INFO - [Load features (cached)] starting...
2025-11-29 15:57:42,128 - src.utils - INFO - [Load cached features for train S1 train] starting...
2025-11-29 15:57:42,128 - src.features - INFO - Loading cached features from /Users/armanfeili/code/New Projects/novartis_datathon_2025/data/processed/features_train_s1_train.parquet
2025-11-29 15:57:42,209 - src.features - INFO - Loaded X: (46872, 87), y: 46872
2025-11-29 15:57:42,209 - src.utils - INFO - [Load cached features for train S1 train] done in 0.081s
2025-11-29 15:57:42,227 - src.utils - INFO - [Load cached train panel] starting...
2025-11-29 15:57:42,227 - src.data - INFO - Loading cached panel from /Users/armanfeili/code/New Projects/novartis_datathon_2025/data/interim/panel_train.parquet
2025-11-29 15:57:42,238 - src.data - INFO - Loaded 93,744 rows, 19 columns
2025-11-29 15:57:42,238 - src.utils - INFO - [Load cached train panel] done in 0.011s
2025-11-29 15:57:42,238 - src.utils - INFO - [Load features (cached)] done in 0.110s
2025-11-29 15:57:42,238 - src.utils - INFO - [Create validation split] starting...
2025-11-29 15:57:42,250 - src.validation - WARNING - Grouping 1 rare stratification classes (< 195 series) into 'OTHER'
2025-11-29 15:57:42,335 - src.validation - INFO - Train series: 1562, Val series: 391
2025-11-29 15:57:42,335 - src.validation - INFO - Train rows: 37,488, Val rows: 9,384
2025-11-29 15:57:42,337 - src.validation - INFO - Train bucket distribution:
bucket
2    0.933419
1    0.066581
2025-11-29 15:57:42,337 - src.validation - INFO - Val bucket distribution:
bucket
2    0.933504
1    0.066496
2025-11-29 15:57:42,337 - src.utils - INFO - [Create validation split] done in 0.099s
2025-11-29 15:57:42,365 - __main__ - INFO - Features: 86 columns
2025-11-29 15:57:42,365 - __main__ - INFO - Meta: 9 columns
2025-11-29 15:57:42,372 - __main__ - INFO - Features: 86 columns
2025-11-29 15:57:42,372 - __main__ - INFO - Meta: 9 columns
2025-11-29 15:57:43,762 - __main__ - INFO - Sample weights - min: 0.58, max: 3.46, mean: 1.00
2025-11-29 15:57:43,762 - src.utils - INFO - [Train lightgbm for scenario 1] starting...
