2025-11-29 16:42:19,819 - __main__ - INFO - Starting experiment: 2025-11-29_16-42_global_mean_scenario2
2025-11-29 16:42:19,862 - __main__ - INFO - Config snapshot saved to /Users/armanfeili/code/New Projects/novartis_datathon_2025/artifacts/2025-11-29_16-42_global_mean_scenario2/configs (hash: 90160453)
2025-11-29 16:42:19,862 - __main__ - INFO - Config hash: 90160453
2025-11-29 16:42:19,878 - src.utils - INFO - [Load features (cached)] starting...
2025-11-29 16:42:19,878 - src.utils - INFO - [Load cached features for train S2 train] starting...
2025-11-29 16:42:19,878 - src.features - INFO - Loading cached features from /Users/armanfeili/code/New Projects/novartis_datathon_2025/data/processed/features_train_s2_train.parquet
2025-11-29 16:42:19,947 - src.features - INFO - Loaded X: (35154, 99), y: 35154
2025-11-29 16:42:19,947 - src.utils - INFO - [Load cached features for train S2 train] done in 0.069s
2025-11-29 16:42:19,966 - src.utils - INFO - [Load cached train panel] starting...
2025-11-29 16:42:19,966 - src.data - INFO - Loading cached panel from /Users/armanfeili/code/New Projects/novartis_datathon_2025/data/interim/panel_train.parquet
2025-11-29 16:42:19,979 - src.data - INFO - Loaded 93,744 rows, 19 columns
2025-11-29 16:42:19,979 - src.utils - INFO - [Load cached train panel] done in 0.013s
2025-11-29 16:42:19,979 - src.utils - INFO - [Load features (cached)] done in 0.102s
2025-11-29 16:42:19,979 - src.utils - INFO - [Create validation split] starting...
2025-11-29 16:42:19,993 - src.validation - WARNING - Grouping 1 rare stratification classes (< 195 series) into 'OTHER'
2025-11-29 16:42:20,090 - src.validation - INFO - Train series: 1562, Val series: 391
2025-11-29 16:42:20,090 - src.validation - INFO - Train rows: 28,116, Val rows: 7,038
2025-11-29 16:42:20,093 - src.validation - INFO - Train bucket distribution:
bucket
2    0.933419
1    0.066581
2025-11-29 16:42:20,093 - src.validation - INFO - Val bucket distribution:
bucket
2    0.933504
1    0.066496
2025-11-29 16:42:20,093 - src.utils - INFO - [Create validation split] done in 0.114s
2025-11-29 16:42:20,132 - __main__ - INFO - Features: 101 columns
2025-11-29 16:42:20,132 - __main__ - INFO - Meta: 9 columns
2025-11-29 16:42:20,140 - __main__ - INFO - Features: 101 columns
2025-11-29 16:42:20,140 - __main__ - INFO - Meta: 9 columns
2025-11-29 16:42:20,296 - __main__ - INFO - Sample weights - min: 0.63, max: 3.13, mean: 1.00
2025-11-29 16:42:20,296 - src.utils - INFO - [Train global_mean for scenario 2] starting...
2025-11-29 16:42:20,297 - src.models.linear - WARNING - GlobalMeanBaseline: 'months_postgx' not in X_train and not provided separately. Will predict global mean for all samples. To fix: include 'months_postgx' in features or pass months_postgx array to fit().
2025-11-29 16:42:20,297 - src.utils - INFO - [Train global_mean for scenario 2] done in 0.001s
2025-11-29 16:42:21,512 - __main__ - INFO - Validation metrics: Official=1.0840, RMSE=0.2997, MAE=0.2371
2025-11-29 16:42:21,512 - __main__ - INFO - Training time: 0.00 seconds
2025-11-29 16:42:21,513 - __main__ - INFO - Model saved to /Users/armanfeili/code/New Projects/novartis_datathon_2025/artifacts/2025-11-29_16-42_global_mean_scenario2/model_2.bin
2025-11-29 16:42:21,515 - __main__ - INFO - Experiment 2025-11-29_16-42_global_mean_scenario2 completed. Artifacts saved to /Users/armanfeili/code/New Projects/novartis_datathon_2025/artifacts/2025-11-29_16-42_global_mean_scenario2
