2025-11-29 03:44:24,655 - __main__ - INFO - Starting experiment: 2025-11-29_03-44_catboost_scenario2
2025-11-29 03:44:24,697 - __main__ - INFO - Config snapshot saved to /Users/armanfeili/code/New Projects/novartis_datathon_2025/artifacts/2025-11-29_03-44_catboost_scenario2/configs (hash: b14cb20f)
2025-11-29 03:44:24,697 - __main__ - INFO - Config hash: b14cb20f
2025-11-29 03:44:24,717 - src.utils - INFO - [Load features (cached)] starting...
2025-11-29 03:44:24,717 - src.features - INFO - Building features for train S2 train...
2025-11-29 03:44:24,718 - src.utils - INFO - [Load cached train panel] starting...
2025-11-29 03:44:24,718 - src.data - INFO - Loading cached panel from /Users/armanfeili/code/New Projects/novartis_datathon_2025/data/interim/panel_train.parquet
2025-11-29 03:44:24,792 - src.data - INFO - Loaded 93,744 rows, 19 columns
2025-11-29 03:44:24,792 - src.utils - INFO - [Load cached train panel] done in 0.074s
2025-11-29 03:44:24,792 - src.utils - INFO - [Feature engineering - Scenario 2] starting...
2025-11-29 03:44:35,178 - src.features - INFO - Total features created: 102
2025-11-29 03:44:35,178 - src.utils - INFO - [Feature engineering - Scenario 2] done in 10.386s
2025-11-29 03:44:35,259 - src.features - INFO - Selected 35,154 rows for 2 (months 6-23)
2025-11-29 03:44:35,401 - src.data - INFO - Data leakage audit passed for scenario 2, mode train
2025-11-29 03:44:35,423 - src.features - INFO - Feature matrix validation passed: X=(35154, 99), y=35154, meta=(35154, 11)
2025-11-29 03:44:35,424 - src.features - INFO - Built features: X=(35154, 99), y=35154, meta=(35154, 11)
2025-11-29 03:44:35,424 - src.utils - INFO - [Save features to cache] starting...
2025-11-29 03:44:35,574 - src.features - INFO - Saved features to /Users/armanfeili/code/New Projects/novartis_datathon_2025/data/processed/features_train_s2_train.parquet
2025-11-29 03:44:35,588 - src.features - INFO - Saved target to /Users/armanfeili/code/New Projects/novartis_datathon_2025/data/processed/target_train_s2_train.parquet
2025-11-29 03:44:35,617 - src.features - INFO - Saved meta to /Users/armanfeili/code/New Projects/novartis_datathon_2025/data/processed/meta_train_s2_train.parquet
2025-11-29 03:44:35,618 - src.utils - INFO - [Save features to cache] done in 0.193s
2025-11-29 03:44:35,632 - src.utils - INFO - [Load cached train panel] starting...
2025-11-29 03:44:35,632 - src.data - INFO - Loading cached panel from /Users/armanfeili/code/New Projects/novartis_datathon_2025/data/interim/panel_train.parquet
2025-11-29 03:44:35,643 - src.data - INFO - Loaded 93,744 rows, 19 columns
2025-11-29 03:44:35,644 - src.utils - INFO - [Load cached train panel] done in 0.012s
2025-11-29 03:44:35,644 - src.utils - INFO - [Load features (cached)] done in 10.927s
2025-11-29 03:44:35,644 - src.utils - INFO - [Create validation split] starting...
2025-11-29 03:44:35,660 - src.validation - WARNING - Grouping 1 rare stratification classes (< 195 series) into 'OTHER'
2025-11-29 03:44:35,754 - src.validation - INFO - Train series: 1562, Val series: 391
2025-11-29 03:44:35,754 - src.validation - INFO - Train rows: 28,116, Val rows: 7,038
2025-11-29 03:44:35,756 - src.validation - INFO - Train bucket distribution:
bucket
2    0.933419
1    0.066581
2025-11-29 03:44:35,756 - src.validation - INFO - Val bucket distribution:
bucket
2    0.933504
1    0.066496
2025-11-29 03:44:35,756 - src.utils - INFO - [Create validation split] done in 0.112s
2025-11-29 03:44:35,788 - __main__ - INFO - Features: 101 columns
2025-11-29 03:44:35,788 - __main__ - INFO - Meta: 9 columns
2025-11-29 03:44:35,793 - __main__ - INFO - Features: 101 columns
2025-11-29 03:44:35,793 - __main__ - INFO - Meta: 9 columns
2025-11-29 03:44:36,618 - __main__ - INFO - Sample weights - min: 0.63, max: 3.13, mean: 1.00
2025-11-29 03:44:36,618 - src.utils - INFO - [Train catboost for scenario 2] starting...
2025-11-29 03:44:49,698 - src.models.cat_model - INFO - CatBoost trained for 498 iterations
2025-11-29 03:44:49,698 - src.utils - INFO - [Train catboost for scenario 2] done in 13.080s
2025-11-29 03:44:50,560 - __main__ - INFO - Validation metrics: Official=0.2742, RMSE=0.2055, MAE=0.1265
2025-11-29 03:44:50,560 - __main__ - INFO - Training time: 13.08 seconds
2025-11-29 03:44:50,568 - src.models.cat_model - INFO - Model saved to /Users/armanfeili/code/New Projects/novartis_datathon_2025/artifacts/2025-11-29_03-44_catboost_scenario2/model_2.bin
2025-11-29 03:44:50,568 - __main__ - INFO - Model saved to /Users/armanfeili/code/New Projects/novartis_datathon_2025/artifacts/2025-11-29_03-44_catboost_scenario2/model_2.bin
2025-11-29 03:44:50,575 - __main__ - INFO - Experiment 2025-11-29_03-44_catboost_scenario2 completed. Artifacts saved to /Users/armanfeili/code/New Projects/novartis_datathon_2025/artifacts/2025-11-29_03-44_catboost_scenario2
