2025-11-30 09:58:08,176 - src.train - INFO - Starting experiment: catboost_bonus_all_20251130_095808_s1
2025-11-30 09:58:08,210 - src.train - INFO - Config snapshot saved to /Users/armanfeili/code/New Projects/novartis_datathon_2025/artifacts/catboost_bonus_all_20251130_095808_s1/configs (hash: bcc22caf)
2025-11-30 09:58:08,210 - src.train - INFO - Config hash: bcc22caf
2025-11-30 09:58:08,227 - src.utils - INFO - [Load features (cached)] starting...
2025-11-30 09:58:08,227 - src.features - INFO - Building features for train S1 train...
2025-11-30 09:58:08,227 - src.data - INFO - Building train panel from raw data...
2025-11-30 09:58:08,227 - src.utils - INFO - [Load train data] starting...
2025-11-30 09:58:08,228 - src.data - INFO - Loading volume from /Users/armanfeili/code/New Projects/novartis_datathon_2025/data/raw/TRAIN/df_volume_train.csv
2025-11-30 09:58:08,283 - src.data - INFO - === train/volume Statistics ===
2025-11-30 09:58:08,283 - src.data - INFO -   Shape: 93,744 rows × 5 columns
2025-11-30 09:58:08,295 - src.data - INFO -   No missing values
2025-11-30 09:58:08,311 - src.data - INFO -   Unique series: 1,953
2025-11-30 09:58:08,312 - src.data - INFO -   months_postgx range: [-24, 23]
2025-11-30 09:58:08,313 - src.data - INFO - Loading generics from /Users/armanfeili/code/New Projects/novartis_datathon_2025/data/raw/TRAIN/df_generics_train.csv
2025-11-30 09:58:08,335 - src.data - INFO - === train/generics Statistics ===
2025-11-30 09:58:08,335 - src.data - INFO -   Shape: 46,872 rows × 4 columns
2025-11-30 09:58:08,339 - src.data - INFO -   Missing values:
2025-11-30 09:58:08,339 - src.data - INFO -     n_gxs: 26.3%
2025-11-30 09:58:08,348 - src.data - INFO -   Unique series: 1,953
2025-11-30 09:58:08,349 - src.data - INFO -   months_postgx range: [0, 23]
2025-11-30 09:58:08,350 - src.data - INFO - Loading medicine_info from /Users/armanfeili/code/New Projects/novartis_datathon_2025/data/raw/TRAIN/df_medicine_info_train.csv
2025-11-30 09:58:08,354 - src.data - INFO - === train/medicine_info Statistics ===
2025-11-30 09:58:08,355 - src.data - INFO -   Shape: 1,953 rows × 7 columns
2025-11-30 09:58:08,356 - src.data - INFO -   Missing values:
2025-11-30 09:58:08,356 - src.data - INFO -     hospital_rate: 3.3%
2025-11-30 09:58:08,357 - src.data - INFO -   Unique series: 1,953
2025-11-30 09:58:08,358 - src.utils - INFO - [Load train data] done in 0.130s
2025-11-30 09:58:08,358 - src.utils - INFO - [Build base panel] starting...
2025-11-30 09:58:08,358 - src.data - INFO - Input shapes: volume=(93744, 5), generics=(46872, 4), medicine_info=(1953, 7)
2025-11-30 09:58:08,401 - src.data - INFO - After volume-generics merge: 93,744 rows
2025-11-30 09:58:08,434 - src.data - INFO - After medicine_info merge: 93,744 rows
2025-11-30 09:58:08,496 - src.data - INFO - === Base Panel Statistics ===
2025-11-30 09:58:08,496 - src.data - INFO -   Shape: 93,744 rows × 11 columns
2025-11-30 09:58:08,518 - src.data - INFO -   Missing values:
2025-11-30 09:58:08,518 - src.data - INFO -     n_gxs: 63.2%
2025-11-30 09:58:08,519 - src.data - INFO -     hospital_rate: 3.3%
2025-11-30 09:58:08,536 - src.data - INFO -   Unique series: 1,953
2025-11-30 09:58:08,536 - src.data - INFO -   months_postgx range: [-24, 23]
2025-11-30 09:58:08,539 - src.utils - INFO - [Build base panel] done in 0.181s
2025-11-30 09:58:08,539 - src.utils - INFO - [Handle missing values] starting...
2025-11-30 09:58:08,558 - src.data - INFO - n_gxs: filled 59208 missing values
2025-11-30 09:58:08,571 - src.data - INFO - hospital_rate: filled with ther_area medians, flag added
2025-11-30 09:58:08,616 - src.data - INFO - No missing values remaining
2025-11-30 09:58:08,616 - src.utils - INFO - [Handle missing values] done in 0.077s
2025-11-30 09:58:08,617 - src.utils - INFO - [Compute pre-entry stats] starting...
2025-11-30 09:58:08,687 - src.data - INFO - avg_vol_12m distribution:
2025-11-30 09:58:08,688 - src.data - INFO -   Range: [37.72, 371038791.09]
2025-11-30 09:58:08,689 - src.data - INFO -   Median: 131382.32
2025-11-30 09:58:08,690 - src.data - INFO -   Mean: 2439028.31
2025-11-30 09:58:08,712 - src.data - INFO - Bucket classification using threshold=0.25
2025-11-30 09:58:08,773 - src.data - INFO - Bucket distribution (train):
2025-11-30 09:58:08,773 - src.data - INFO -   Bucket 1: 130 series (6.7%)
2025-11-30 09:58:08,773 - src.data - INFO -   Bucket 2: 1,823 series (93.3%)
2025-11-30 09:58:08,774 - src.data - INFO - y_norm distribution (train):
2025-11-30 09:58:08,774 - src.data - INFO -   Range: [0.000, 43.792]
2025-11-30 09:58:08,776 - src.data - INFO -   Median: 0.871
2025-11-30 09:58:08,777 - src.data - INFO -   Mean: 0.800
2025-11-30 09:58:08,780 - src.data - WARNING - y_norm.y_norm: 18 values above 5
2025-11-30 09:58:08,780 - src.utils - INFO - [Compute pre-entry stats] done in 0.163s
2025-11-30 09:58:08,802 - src.data - INFO - Panel schema validation passed for train (93,744 rows)
2025-11-30 09:58:08,804 - src.features - INFO - Applying data augmentation to training panel
2025-11-30 09:58:16,602 - src.data - INFO - Augmentation applied: jitter=5.00%, drop_prob=5.00%
2025-11-30 09:58:16,640 - src.utils - INFO - [Feature engineering - Scenario 1] starting...
2025-11-30 09:58:17,000 - src.features - WARNING - No pre-entry data for seasonal features, skipping
2025-11-30 09:58:18,084 - src.features - INFO - Total features created: 79
2025-11-30 09:58:18,085 - src.utils - INFO - [Feature engineering - Scenario 1] done in 1.445s
2025-11-30 09:58:18,177 - src.features - INFO - Selected 44,499 rows for 1 (months 0-23)
2025-11-30 09:58:18,183 - src.features - WARNING - Feature leakage detected: LEAKAGE: Forbidden column present: country
2025-11-30 09:58:18,184 - src.features - WARNING - Feature leakage detected: LEAKAGE: Forbidden column present: y_norm
2025-11-30 09:58:18,184 - src.features - WARNING - Feature leakage detected: LEAKAGE: Forbidden column present: mean_erosion
2025-11-30 09:58:18,184 - src.features - WARNING - Feature leakage detected: LEAKAGE: Forbidden column present: volume
2025-11-30 09:58:18,184 - src.features - WARNING - Feature leakage detected: LEAKAGE: Forbidden column present: bucket
2025-11-30 09:58:18,184 - src.features - WARNING - Feature leakage detected: LEAKAGE: Forbidden column present: brand_name
2025-11-30 09:58:18,241 - src.data - INFO - Data leakage audit passed for scenario 1, mode train
2025-11-30 09:58:18,250 - src.features - ERROR - Feature matrix validation failed: Feature matrix has all-NaN columns: ['first_generic_month']...
2025-11-30 09:58:18,251 - src.features - INFO - Built features: X=(44499, 76), y=44499, meta=(44499, 9)
2025-11-30 09:58:18,276 - src.utils - INFO - [Load cached train panel] starting...
2025-11-30 09:58:18,276 - src.data - INFO - Loading cached panel from /Users/armanfeili/code/New Projects/novartis_datathon_2025/data/interim/panel_train.parquet
2025-11-30 09:58:18,371 - src.data - INFO - Loaded 93,744 rows, 19 columns
2025-11-30 09:58:18,371 - src.utils - INFO - [Load cached train panel] done in 0.096s
2025-11-30 09:58:18,372 - src.utils - INFO - [Load features (cached)] done in 10.145s
2025-11-30 09:58:18,372 - src.utils - INFO - [Create validation split] starting...
2025-11-30 09:58:18,391 - src.validation - WARNING - Grouping 1 rare stratification classes (< 195 series each, 130 series total) into 'OTHER'
2025-11-30 09:58:18,397 - src.validation - INFO - 'OTHER' class now contains 130 series
2025-11-30 09:58:18,528 - src.validation - INFO - Train series: 1562, Val series: 391
2025-11-30 09:58:18,529 - src.validation - INFO - Train rows: 35,636, Val rows: 8,863
2025-11-30 09:58:18,530 - src.validation - INFO - Train bucket distribution:
bucket
2    0.933419
1    0.066581
2025-11-30 09:58:18,615 - src.validation - INFO - Val bucket distribution:
bucket
2    0.933504
1    0.066496
2025-11-30 09:58:18,660 - src.utils - INFO - [Create validation split] done in 0.288s
2025-11-30 09:58:18,705 - src.train - INFO - Features: 75 columns
2025-11-30 09:58:18,705 - src.train - INFO - Meta: 9 columns: ['country', 'brand_name', 'months_postgx', 'bucket', 'avg_vol_12m', 'y_norm', 'volume', 'mean_erosion', 'month']
2025-11-30 09:58:18,718 - src.train - INFO - Features: 75 columns
2025-11-30 09:58:18,719 - src.train - INFO - Meta: 9 columns: ['country', 'brand_name', 'months_postgx', 'bucket', 'avg_vol_12m', 'y_norm', 'volume', 'mean_erosion', 'month']
2025-11-30 09:58:18,780 - src.train - INFO - Multi-seed experiment enabled
2025-11-30 09:58:18,781 - src.train - INFO - Training with seed 42...
2025-11-30 09:58:18,789 - src.train - INFO - Applied target transform: log1p
2025-11-30 09:58:18,801 - src.train - INFO - Sample weights - min: 0.58, max: 3.46, mean: 1.00
2025-11-30 09:58:18,824 - src.utils - INFO - [Train catboost for scenario 1] starting...
2025-11-30 09:58:18,833 - src.models.cat_model - INFO - Auto-detected 2 categorical features
2025-11-30 09:58:32,966 - src.models.cat_model - INFO - CatBoost trained for 571 iterations
2025-11-30 09:58:32,967 - src.utils - INFO - [Train catboost for scenario 1] done in 14.142s
2025-11-30 09:58:34,423 - src.train - INFO - Validation metrics: Official=0.6743, RMSE=0.2004, MAE=0.1579
2025-11-30 09:58:34,423 - src.train - INFO - Training time: 14.17 seconds
2025-11-30 09:58:34,436 - src.models.cat_model - INFO - Model saved to /Users/armanfeili/code/New Projects/novartis_datathon_2025/artifacts/catboost_bonus_all_20251130_095808_s1/seed_42/model.bin.cbm with metadata
2025-11-30 09:58:34,436 - src.train - INFO - Seed 42: Official=0.6743
2025-11-30 09:58:34,436 - src.train - INFO - Training with seed 2025...
2025-11-30 09:58:34,438 - src.train - INFO - Applied target transform: log1p
2025-11-30 09:58:34,455 - src.train - INFO - Sample weights - min: 0.58, max: 3.46, mean: 1.00
2025-11-30 09:58:34,478 - src.utils - INFO - [Train catboost for scenario 1] starting...
2025-11-30 09:58:34,481 - src.models.cat_model - INFO - Auto-detected 2 categorical features
2025-11-30 09:58:40,635 - src.models.cat_model - INFO - CatBoost trained for 247 iterations
2025-11-30 09:58:40,635 - src.utils - INFO - [Train catboost for scenario 1] done in 6.158s
2025-11-30 09:58:42,100 - src.train - INFO - Validation metrics: Official=0.7182, RMSE=0.1933, MAE=0.1508
2025-11-30 09:58:42,100 - src.train - INFO - Training time: 6.18 seconds
2025-11-30 09:58:42,110 - src.models.cat_model - INFO - Model saved to /Users/armanfeili/code/New Projects/novartis_datathon_2025/artifacts/catboost_bonus_all_20251130_095808_s1/seed_2025/model.bin.cbm with metadata
2025-11-30 09:58:42,110 - src.train - INFO - Seed 2025: Official=0.7182
2025-11-30 09:58:42,111 - src.train - INFO - Training with seed 1337...
2025-11-30 09:58:42,113 - src.train - INFO - Applied target transform: log1p
2025-11-30 09:58:42,121 - src.train - INFO - Sample weights - min: 0.58, max: 3.46, mean: 1.00
2025-11-30 09:58:42,138 - src.utils - INFO - [Train catboost for scenario 1] starting...
2025-11-30 09:58:42,143 - src.models.cat_model - INFO - Auto-detected 2 categorical features
2025-11-30 09:58:52,519 - src.models.cat_model - INFO - CatBoost trained for 501 iterations
2025-11-30 09:58:52,519 - src.utils - INFO - [Train catboost for scenario 1] done in 10.381s
2025-11-30 09:58:54,063 - src.train - INFO - Validation metrics: Official=0.6814, RMSE=0.1998, MAE=0.1569
2025-11-30 09:58:54,064 - src.train - INFO - Training time: 10.40 seconds
2025-11-30 09:58:54,072 - src.models.cat_model - INFO - Model saved to /Users/armanfeili/code/New Projects/novartis_datathon_2025/artifacts/catboost_bonus_all_20251130_095808_s1/seed_1337/model.bin.cbm with metadata
2025-11-30 09:58:54,073 - src.train - INFO - Seed 1337: Official=0.6814
2025-11-30 09:58:54,079 - src.train - INFO - Saved multi-seed summary to /Users/armanfeili/code/New Projects/novartis_datathon_2025/artifacts/catboost_bonus_all_20251130_095808_s1/multi_seed_summary.csv
2025-11-30 09:58:54,079 - src.train - INFO - Multi-seed results:
2025-11-30 09:58:54,080 - src.train - INFO -   Mean official metric: 0.6913
2025-11-30 09:58:54,080 - src.train - INFO -   Std official metric: 0.0236
2025-11-30 09:58:54,081 - src.train - INFO -   Best seed: 42
2025-11-30 09:58:54,084 - src.train - INFO - Best seed: 42
2025-11-30 09:58:54,087 - src.train - INFO - Applied target transform: log1p
2025-11-30 09:58:54,102 - src.train - INFO - Sample weights - min: 0.58, max: 3.46, mean: 1.00
2025-11-30 09:58:54,122 - src.utils - INFO - [Train catboost for scenario 1] starting...
2025-11-30 09:58:54,127 - src.models.cat_model - INFO - Auto-detected 2 categorical features
2025-11-30 09:59:04,661 - src.models.cat_model - INFO - CatBoost trained for 571 iterations
2025-11-30 09:59:04,661 - src.utils - INFO - [Train catboost for scenario 1] done in 10.539s
2025-11-30 09:59:05,945 - src.train - INFO - Validation metrics: Official=0.6743, RMSE=0.2004, MAE=0.1579
2025-11-30 09:59:05,946 - src.train - INFO - Training time: 10.56 seconds
2025-11-30 09:59:05,949 - src.train - INFO - Fitting calibration parameters
2025-11-30 09:59:05,986 - src.train - INFO - Saved calibration parameters to /Users/armanfeili/code/New Projects/novartis_datathon_2025/artifacts/catboost_bonus_all_20251130_095808_s1/calibration_params.json
2025-11-30 09:59:05,988 - src.train - INFO - Calibration parameters fitted for 6 groups
2025-11-30 09:59:05,988 - src.train - INFO - Fitting bias corrections
2025-11-30 09:59:06,011 - src.utils - INFO - [Scenario 1 Training] done in 57.865s
