2025-11-29 04:52:23,933 - __main__ - INFO - Starting experiment: 2025-11-29_04-52_catboost_scenario1
2025-11-29 04:52:23,968 - __main__ - INFO - Config snapshot saved to /Users/armanfeili/code/New Projects/novartis_datathon_2025/artifacts/2025-11-29_04-52_catboost_scenario1/configs (hash: b14cb20f)
2025-11-29 04:52:23,968 - __main__ - INFO - Config hash: b14cb20f
2025-11-29 04:52:23,985 - src.utils - INFO - [Load features (cached)] starting...
2025-11-29 04:52:23,986 - src.utils - INFO - [Load cached features for train S1 train] starting...
2025-11-29 04:52:23,986 - src.features - INFO - Loading cached features from /Users/armanfeili/code/New Projects/novartis_datathon_2025/data/processed/features_train_s1_train.parquet
2025-11-29 04:52:24,127 - src.features - INFO - Loaded X: (46872, 87), y: 46872
2025-11-29 04:52:24,127 - src.utils - INFO - [Load cached features for train S1 train] done in 0.141s
2025-11-29 04:52:24,144 - src.utils - INFO - [Load cached train panel] starting...
2025-11-29 04:52:24,144 - src.data - INFO - Loading cached panel from /Users/armanfeili/code/New Projects/novartis_datathon_2025/data/interim/panel_train.parquet
2025-11-29 04:52:24,155 - src.data - INFO - Loaded 93,744 rows, 19 columns
2025-11-29 04:52:24,155 - src.utils - INFO - [Load cached train panel] done in 0.011s
2025-11-29 04:52:24,155 - src.utils - INFO - [Load features (cached)] done in 0.170s
2025-11-29 04:52:24,155 - src.utils - INFO - [Create validation split] starting...
2025-11-29 04:52:24,176 - src.validation - WARNING - Grouping 1 rare stratification classes (< 195 series) into 'OTHER'
2025-11-29 04:52:24,249 - src.validation - INFO - Train series: 1562, Val series: 391
2025-11-29 04:52:24,249 - src.validation - INFO - Train rows: 37,488, Val rows: 9,384
2025-11-29 04:52:24,251 - src.validation - INFO - Train bucket distribution:
bucket
2    0.933419
1    0.066581
2025-11-29 04:52:24,251 - src.validation - INFO - Val bucket distribution:
bucket
2    0.933504
1    0.066496
2025-11-29 04:52:24,251 - src.utils - INFO - [Create validation split] done in 0.096s
2025-11-29 04:52:24,277 - __main__ - INFO - Features: 86 columns
2025-11-29 04:52:24,277 - __main__ - INFO - Meta: 9 columns
2025-11-29 04:52:24,282 - __main__ - INFO - Features: 86 columns
2025-11-29 04:52:24,282 - __main__ - INFO - Meta: 9 columns
2025-11-29 04:52:25,031 - __main__ - INFO - Sample weights - min: 0.58, max: 3.46, mean: 1.00
2025-11-29 04:52:25,031 - src.utils - INFO - [Train catboost for scenario 1] starting...
2025-11-29 04:52:43,965 - src.models.cat_model - INFO - CatBoost trained for 772 iterations
2025-11-29 04:52:43,966 - src.utils - INFO - [Train catboost for scenario 1] done in 18.934s
2025-11-29 04:52:44,908 - __main__ - INFO - Validation metrics: Official=0.7692, RMSE=0.2488, MAE=0.1795
2025-11-29 04:52:44,908 - __main__ - INFO - Training time: 18.93 seconds
2025-11-29 04:52:44,916 - src.models.cat_model - INFO - Model saved to /Users/armanfeili/code/New Projects/novartis_datathon_2025/artifacts/2025-11-29_04-52_catboost_scenario1/model_1.bin
2025-11-29 04:52:44,916 - __main__ - INFO - Model saved to /Users/armanfeili/code/New Projects/novartis_datathon_2025/artifacts/2025-11-29_04-52_catboost_scenario1/model_1.bin
2025-11-29 04:52:44,930 - __main__ - INFO - Experiment 2025-11-29_04-52_catboost_scenario1 completed. Artifacts saved to /Users/armanfeili/code/New Projects/novartis_datathon_2025/artifacts/2025-11-29_04-52_catboost_scenario1
