2025-11-30 10:19:35,706 - src.train - INFO - Starting experiment: catboost_bonus_all_20251130_101935_s1
2025-11-30 10:19:35,762 - src.train - INFO - Config snapshot saved to /Users/armanfeili/code/New Projects/novartis_datathon_2025/artifacts/catboost_bonus_all_20251130_101935_s1/configs (hash: bcc22caf)
2025-11-30 10:19:35,762 - src.train - INFO - Config hash: bcc22caf
2025-11-30 10:19:35,786 - src.utils - INFO - [Load features (cached)] starting...
2025-11-30 10:19:35,786 - src.features - INFO - Building features for train S1 train...
2025-11-30 10:19:35,787 - src.data - INFO - Building train panel from raw data...
2025-11-30 10:19:35,787 - src.utils - INFO - [Load train data] starting...
2025-11-30 10:19:35,787 - src.data - INFO - Loading volume from /Users/armanfeili/code/New Projects/novartis_datathon_2025/data/raw/TRAIN/df_volume_train.csv
2025-11-30 10:19:35,872 - src.data - INFO - === train/volume Statistics ===
2025-11-30 10:19:35,873 - src.data - INFO -   Shape: 93,744 rows × 5 columns
2025-11-30 10:19:35,886 - src.data - INFO -   No missing values
2025-11-30 10:19:35,909 - src.data - INFO -   Unique series: 1,953
2025-11-30 10:19:35,910 - src.data - INFO -   months_postgx range: [-24, 23]
2025-11-30 10:19:35,913 - src.data - INFO - Loading generics from /Users/armanfeili/code/New Projects/novartis_datathon_2025/data/raw/TRAIN/df_generics_train.csv
2025-11-30 10:19:35,953 - src.data - INFO - === train/generics Statistics ===
2025-11-30 10:19:35,953 - src.data - INFO -   Shape: 46,872 rows × 4 columns
2025-11-30 10:19:35,959 - src.data - INFO -   Missing values:
2025-11-30 10:19:35,960 - src.data - INFO -     n_gxs: 26.3%
2025-11-30 10:19:35,972 - src.data - INFO -   Unique series: 1,953
2025-11-30 10:19:35,973 - src.data - INFO -   months_postgx range: [0, 23]
2025-11-30 10:19:35,974 - src.data - INFO - Loading medicine_info from /Users/armanfeili/code/New Projects/novartis_datathon_2025/data/raw/TRAIN/df_medicine_info_train.csv
2025-11-30 10:19:35,979 - src.data - INFO - === train/medicine_info Statistics ===
2025-11-30 10:19:35,979 - src.data - INFO -   Shape: 1,953 rows × 7 columns
2025-11-30 10:19:35,982 - src.data - INFO -   Missing values:
2025-11-30 10:19:35,982 - src.data - INFO -     hospital_rate: 3.3%
2025-11-30 10:19:35,984 - src.data - INFO -   Unique series: 1,953
2025-11-30 10:19:35,985 - src.utils - INFO - [Load train data] done in 0.198s
2025-11-30 10:19:35,985 - src.utils - INFO - [Build base panel] starting...
2025-11-30 10:19:35,985 - src.data - INFO - Input shapes: volume=(93744, 5), generics=(46872, 4), medicine_info=(1953, 7)
2025-11-30 10:19:36,044 - src.data - INFO - After volume-generics merge: 93,744 rows
2025-11-30 10:19:36,094 - src.data - INFO - After medicine_info merge: 93,744 rows
2025-11-30 10:19:36,169 - src.data - INFO - === Base Panel Statistics ===
2025-11-30 10:19:36,169 - src.data - INFO -   Shape: 93,744 rows × 11 columns
2025-11-30 10:19:36,192 - src.data - INFO -   Missing values:
2025-11-30 10:19:36,192 - src.data - INFO -     n_gxs: 63.2%
2025-11-30 10:19:36,192 - src.data - INFO -     hospital_rate: 3.3%
2025-11-30 10:19:36,213 - src.data - INFO -   Unique series: 1,953
2025-11-30 10:19:36,214 - src.data - INFO -   months_postgx range: [-24, 23]
2025-11-30 10:19:36,216 - src.utils - INFO - [Build base panel] done in 0.231s
2025-11-30 10:19:36,217 - src.utils - INFO - [Handle missing values] starting...
2025-11-30 10:19:36,236 - src.data - INFO - n_gxs: filled 59208 missing values
2025-11-30 10:19:36,251 - src.data - INFO - hospital_rate: filled with ther_area medians, flag added
2025-11-30 10:19:36,302 - src.data - INFO - No missing values remaining
2025-11-30 10:19:36,302 - src.utils - INFO - [Handle missing values] done in 0.085s
2025-11-30 10:19:36,306 - src.utils - INFO - [Compute pre-entry stats] starting...
2025-11-30 10:19:36,411 - src.data - INFO - avg_vol_12m distribution:
2025-11-30 10:19:36,413 - src.data - INFO -   Range: [37.72, 371038791.09]
2025-11-30 10:19:36,417 - src.data - INFO -   Median: 131382.32
2025-11-30 10:19:36,418 - src.data - INFO -   Mean: 2439028.31
2025-11-30 10:19:36,453 - src.data - INFO - Bucket classification using threshold=0.25
2025-11-30 10:19:36,518 - src.data - INFO - Bucket distribution (train):
2025-11-30 10:19:36,518 - src.data - INFO -   Bucket 1: 130 series (6.7%)
2025-11-30 10:19:36,518 - src.data - INFO -   Bucket 2: 1,823 series (93.3%)
2025-11-30 10:19:36,518 - src.data - INFO - y_norm distribution (train):
2025-11-30 10:19:36,519 - src.data - INFO -   Range: [0.000, 43.792]
2025-11-30 10:19:36,522 - src.data - INFO -   Median: 0.871
2025-11-30 10:19:36,522 - src.data - INFO -   Mean: 0.800
2025-11-30 10:19:36,525 - src.data - WARNING - y_norm.y_norm: 18 values above 5
2025-11-30 10:19:36,525 - src.utils - INFO - [Compute pre-entry stats] done in 0.219s
2025-11-30 10:19:36,544 - src.data - INFO - Panel schema validation passed for train (93,744 rows)
2025-11-30 10:19:36,547 - src.features - INFO - Applying data augmentation to training panel
2025-11-30 10:19:41,447 - src.data - INFO - Augmentation applied: jitter=5.00%, drop_prob=5.00%
2025-11-30 10:19:41,469 - src.utils - INFO - [Feature engineering - Scenario 1] starting...
2025-11-30 10:19:41,609 - src.features - WARNING - No pre-entry data for seasonal features, skipping
2025-11-30 10:19:42,306 - src.features - INFO - Total features created: 79
2025-11-30 10:19:42,306 - src.utils - INFO - [Feature engineering - Scenario 1] done in 0.838s
2025-11-30 10:19:42,400 - src.features - INFO - Selected 44,499 rows for 1 (months 0-23)
2025-11-30 10:19:42,408 - src.features - WARNING - Feature leakage detected: LEAKAGE: Forbidden column present: mean_erosion
2025-11-30 10:19:42,408 - src.features - WARNING - Feature leakage detected: LEAKAGE: Forbidden column present: y_norm
2025-11-30 10:19:42,408 - src.features - WARNING - Feature leakage detected: LEAKAGE: Forbidden column present: brand_name
2025-11-30 10:19:42,408 - src.features - WARNING - Feature leakage detected: LEAKAGE: Forbidden column present: bucket
2025-11-30 10:19:42,408 - src.features - WARNING - Feature leakage detected: LEAKAGE: Forbidden column present: volume
2025-11-30 10:19:42,408 - src.features - WARNING - Feature leakage detected: LEAKAGE: Forbidden column present: country
2025-11-30 10:19:42,457 - src.data - INFO - Data leakage audit passed for scenario 1, mode train
2025-11-30 10:19:42,467 - src.features - ERROR - Feature matrix validation failed: Feature matrix has all-NaN columns: ['first_generic_month']...
2025-11-30 10:19:42,467 - src.features - INFO - Built features: X=(44499, 76), y=44499, meta=(44499, 9)
2025-11-30 10:19:42,495 - src.utils - INFO - [Load cached train panel] starting...
2025-11-30 10:19:42,496 - src.data - INFO - Loading cached panel from /Users/armanfeili/code/New Projects/novartis_datathon_2025/data/interim/panel_train.parquet
2025-11-30 10:19:42,584 - src.data - INFO - Loaded 93,744 rows, 19 columns
2025-11-30 10:19:42,584 - src.utils - INFO - [Load cached train panel] done in 0.089s
2025-11-30 10:19:42,584 - src.utils - INFO - [Load features (cached)] done in 6.798s
2025-11-30 10:19:42,584 - src.utils - INFO - [Create validation split] starting...
2025-11-30 10:19:42,601 - src.validation - WARNING - Grouping 1 rare stratification classes (< 195 series each, 130 series total) into 'OTHER'
2025-11-30 10:19:42,604 - src.validation - INFO - 'OTHER' class now contains 130 series
2025-11-30 10:19:42,744 - src.validation - INFO - Train series: 1562, Val series: 391
2025-11-30 10:19:42,744 - src.validation - INFO - Train rows: 35,636, Val rows: 8,863
2025-11-30 10:19:42,745 - src.validation - INFO - Train bucket distribution:
bucket
2    0.933419
1    0.066581
2025-11-30 10:19:42,746 - src.validation - INFO - Val bucket distribution:
bucket
2    0.933504
1    0.066496
2025-11-30 10:19:42,777 - src.utils - INFO - [Create validation split] done in 0.192s
2025-11-30 10:19:42,822 - src.train - INFO - Features: 75 columns
2025-11-30 10:19:42,823 - src.train - INFO - Meta: 9 columns: ['country', 'brand_name', 'months_postgx', 'bucket', 'avg_vol_12m', 'y_norm', 'volume', 'mean_erosion', 'month']
2025-11-30 10:19:42,833 - src.train - INFO - Features: 75 columns
2025-11-30 10:19:42,834 - src.train - INFO - Meta: 9 columns: ['country', 'brand_name', 'months_postgx', 'bucket', 'avg_vol_12m', 'y_norm', 'volume', 'mean_erosion', 'month']
2025-11-30 10:19:42,884 - src.train - INFO - Multi-seed experiment enabled
2025-11-30 10:19:42,885 - src.train - INFO - Training with seed 42...
2025-11-30 10:19:42,892 - src.train - INFO - Applied target transform: log1p
2025-11-30 10:19:43,833 - src.train - INFO - Sample weights - min: 0.58, max: 3.46, mean: 1.00
2025-11-30 10:19:43,854 - src.utils - INFO - [Train catboost for scenario 1] starting...
2025-11-30 10:19:43,858 - src.models.cat_model - INFO - Auto-detected 2 categorical features
2025-11-30 10:19:53,663 - src.models.cat_model - INFO - CatBoost trained for 571 iterations
2025-11-30 10:19:53,663 - src.utils - INFO - [Train catboost for scenario 1] done in 9.809s
2025-11-30 10:19:54,936 - src.train - INFO - Validation metrics: Official=0.7007, RMSE=0.1943, MAE=0.1523
2025-11-30 10:19:54,936 - src.train - INFO - Training time: 9.83 seconds
2025-11-30 10:19:54,948 - src.models.cat_model - INFO - Model saved to /Users/armanfeili/code/New Projects/novartis_datathon_2025/artifacts/catboost_bonus_all_20251130_101935_s1/seed_42/model.bin.cbm with metadata
2025-11-30 10:19:54,949 - src.train - INFO - Seed 42: Official=0.7007
2025-11-30 10:19:54,949 - src.train - INFO - Training with seed 2025...
2025-11-30 10:19:54,951 - src.train - INFO - Applied target transform: log1p
2025-11-30 10:19:54,966 - src.train - INFO - Sample weights - min: 0.58, max: 3.46, mean: 1.00
2025-11-30 10:19:54,990 - src.utils - INFO - [Train catboost for scenario 1] starting...
2025-11-30 10:19:54,994 - src.models.cat_model - INFO - Auto-detected 2 categorical features
2025-11-30 10:20:02,173 - src.models.cat_model - INFO - CatBoost trained for 247 iterations
2025-11-30 10:20:02,173 - src.utils - INFO - [Train catboost for scenario 1] done in 7.183s
2025-11-30 10:20:03,341 - src.train - INFO - Validation metrics: Official=0.7354, RMSE=0.1881, MAE=0.1466
2025-11-30 10:20:03,342 - src.train - INFO - Training time: 7.21 seconds
2025-11-30 10:20:03,348 - src.models.cat_model - INFO - Model saved to /Users/armanfeili/code/New Projects/novartis_datathon_2025/artifacts/catboost_bonus_all_20251130_101935_s1/seed_2025/model.bin.cbm with metadata
2025-11-30 10:20:03,348 - src.train - INFO - Seed 2025: Official=0.7354
2025-11-30 10:20:03,348 - src.train - INFO - Training with seed 1337...
2025-11-30 10:20:03,351 - src.train - INFO - Applied target transform: log1p
2025-11-30 10:20:03,361 - src.train - INFO - Sample weights - min: 0.58, max: 3.46, mean: 1.00
2025-11-30 10:20:03,381 - src.utils - INFO - [Train catboost for scenario 1] starting...
2025-11-30 10:20:03,386 - src.models.cat_model - INFO - Auto-detected 2 categorical features
2025-11-30 10:20:12,263 - src.models.cat_model - INFO - CatBoost trained for 501 iterations
2025-11-30 10:20:12,264 - src.utils - INFO - [Train catboost for scenario 1] done in 8.882s
2025-11-30 10:20:13,573 - src.train - INFO - Validation metrics: Official=0.7106, RMSE=0.1982, MAE=0.1558
2025-11-30 10:20:13,573 - src.train - INFO - Training time: 8.90 seconds
2025-11-30 10:20:13,579 - src.models.cat_model - INFO - Model saved to /Users/armanfeili/code/New Projects/novartis_datathon_2025/artifacts/catboost_bonus_all_20251130_101935_s1/seed_1337/model.bin.cbm with metadata
2025-11-30 10:20:13,579 - src.train - INFO - Seed 1337: Official=0.7106
2025-11-30 10:20:13,582 - src.train - INFO - Saved multi-seed summary to /Users/armanfeili/code/New Projects/novartis_datathon_2025/artifacts/catboost_bonus_all_20251130_101935_s1/multi_seed_summary.csv
2025-11-30 10:20:13,583 - src.train - INFO - Multi-seed results:
2025-11-30 10:20:13,583 - src.train - INFO -   Mean official metric: 0.7156
2025-11-30 10:20:13,583 - src.train - INFO -   Std official metric: 0.0179
2025-11-30 10:20:13,584 - src.train - INFO -   Best seed: 42
2025-11-30 10:20:13,584 - src.train - INFO - Best seed: 42
2025-11-30 10:20:13,587 - src.train - INFO - Applied target transform: log1p
2025-11-30 10:20:13,596 - src.train - INFO - Sample weights - min: 0.58, max: 3.46, mean: 1.00
2025-11-30 10:20:13,614 - src.utils - INFO - [Train catboost for scenario 1] starting...
2025-11-30 10:20:13,617 - src.models.cat_model - INFO - Auto-detected 2 categorical features
2025-11-30 10:20:24,030 - src.models.cat_model - INFO - CatBoost trained for 571 iterations
2025-11-30 10:20:24,030 - src.utils - INFO - [Train catboost for scenario 1] done in 10.416s
2025-11-30 10:20:25,201 - src.train - INFO - Validation metrics: Official=0.7007, RMSE=0.1943, MAE=0.1523
2025-11-30 10:20:25,202 - src.train - INFO - Training time: 10.43 seconds
2025-11-30 10:20:25,205 - src.train - INFO - Fitting calibration parameters
2025-11-30 10:20:25,257 - src.train - INFO - Saved calibration parameters to /Users/armanfeili/code/New Projects/novartis_datathon_2025/artifacts/catboost_bonus_all_20251130_101935_s1/calibration_params.json
2025-11-30 10:20:25,259 - src.train - INFO - Calibration parameters fitted for 6 groups
2025-11-30 10:20:25,259 - src.train - INFO - Fitting bias corrections
2025-11-30 10:20:25,298 - src.train - INFO - Merged group columns from panel: ['ther_area']
2025-11-30 10:20:25,342 - src.train - INFO - Saved bias corrections to /Users/armanfeili/code/New Projects/novartis_datathon_2025/artifacts/catboost_bonus_all_20251130_101935_s1/bias_corrections.json
2025-11-30 10:20:25,342 - src.train - INFO - Bias corrections fitted for 241 groups
2025-11-30 10:20:25,344 - src.models.cat_model - INFO - Model saved to /Users/armanfeili/code/New Projects/novartis_datathon_2025/artifacts/catboost_bonus_all_20251130_101935_s1/model_1.bin.cbm with metadata
2025-11-30 10:20:25,344 - src.train - INFO - Model saved to /Users/armanfeili/code/New Projects/novartis_datathon_2025/artifacts/catboost_bonus_all_20251130_101935_s1/model_1.bin
2025-11-30 10:20:25,345 - src.train - INFO - Target transform parameters saved to /Users/armanfeili/code/New Projects/novartis_datathon_2025/artifacts/catboost_bonus_all_20251130_101935_s1/target_transform_params_1.json
2025-11-30 10:20:25,351 - src.train - INFO - Experiment catboost_bonus_all_20251130_101935_s1 completed. Artifacts saved to /Users/armanfeili/code/New Projects/novartis_datathon_2025/artifacts/catboost_bonus_all_20251130_101935_s1
2025-11-30 10:20:25,378 - src.utils - INFO - [Scenario 1 Training] done in 49.710s
2025-11-30 10:20:25,379 - __main__ - INFO - ================================================================================
2025-11-30 10:20:25,379 - __main__ - INFO - ✅ Scenario 1 Training Complete
2025-11-30 10:20:25,379 - __main__ - INFO -    Official Metric: 0.700700
2025-11-30 10:20:25,380 - __main__ - INFO -    RMSE (norm): 0.194279
2025-11-30 10:20:25,380 - __main__ - INFO -    MAE (norm): 0.152342
2025-11-30 10:20:25,381 - __main__ - INFO -    Artifacts: /Users/armanfeili/code/New Projects/novartis_datathon_2025/artifacts/catboost_bonus_all_20251130_101935_s1
2025-11-30 10:20:25,381 - __main__ - INFO - ================================================================================
2025-11-30 10:20:25,381 - __main__ - INFO - 
================================================================================
2025-11-30 10:20:25,382 - __main__ - INFO - [2/3] Training Scenario 2
2025-11-30 10:20:25,382 - __main__ - INFO - ================================================================================
2025-11-30 10:20:25,382 - __main__ - INFO - ================================================================================
2025-11-30 10:20:25,383 - __main__ - INFO - Training Scenario 2
2025-11-30 10:20:25,383 - __main__ - INFO - ================================================================================
2025-11-30 10:20:25,383 - __main__ - INFO - Config: configs/run_bonus_all.yaml
2025-11-30 10:20:25,383 - __main__ - INFO - Run Name: catboost_bonus_all_20251130_101935
2025-11-30 10:20:25,383 - src.utils - INFO - [Scenario 2 Training] starting...
