2025-11-29 16:05:29,173 - __main__ - INFO - Starting experiment: 2025-11-29_16-05_historical_curve_scenario2
2025-11-29 16:05:29,206 - __main__ - INFO - Config snapshot saved to /Users/armanfeili/code/New Projects/novartis_datathon_2025/artifacts/2025-11-29_16-05_historical_curve_scenario2/configs (hash: 90160453)
2025-11-29 16:05:29,206 - __main__ - INFO - Config hash: 90160453
2025-11-29 16:05:29,222 - src.utils - INFO - [Load features (cached)] starting...
2025-11-29 16:05:29,222 - src.utils - INFO - [Load cached features for train S2 train] starting...
2025-11-29 16:05:29,222 - src.features - INFO - Loading cached features from /Users/armanfeili/code/New Projects/novartis_datathon_2025/data/processed/features_train_s2_train.parquet
2025-11-29 16:05:29,303 - src.features - INFO - Loaded X: (35154, 99), y: 35154
2025-11-29 16:05:29,303 - src.utils - INFO - [Load cached features for train S2 train] done in 0.081s
2025-11-29 16:05:29,319 - src.utils - INFO - [Load cached train panel] starting...
2025-11-29 16:05:29,319 - src.data - INFO - Loading cached panel from /Users/armanfeili/code/New Projects/novartis_datathon_2025/data/interim/panel_train.parquet
2025-11-29 16:05:29,330 - src.data - INFO - Loaded 93,744 rows, 19 columns
2025-11-29 16:05:29,330 - src.utils - INFO - [Load cached train panel] done in 0.011s
2025-11-29 16:05:29,330 - src.utils - INFO - [Load features (cached)] done in 0.108s
2025-11-29 16:05:29,330 - src.utils - INFO - [Create validation split] starting...
2025-11-29 16:05:29,347 - src.validation - WARNING - Grouping 1 rare stratification classes (< 195 series) into 'OTHER'
2025-11-29 16:05:29,434 - src.validation - INFO - Train series: 1562, Val series: 391
2025-11-29 16:05:29,434 - src.validation - INFO - Train rows: 28,116, Val rows: 7,038
2025-11-29 16:05:29,436 - src.validation - INFO - Train bucket distribution:
bucket
2    0.933419
1    0.066581
2025-11-29 16:05:29,436 - src.validation - INFO - Val bucket distribution:
bucket
2    0.933504
1    0.066496
2025-11-29 16:05:29,436 - src.utils - INFO - [Create validation split] done in 0.106s
2025-11-29 16:05:29,466 - __main__ - INFO - Features: 101 columns
2025-11-29 16:05:29,467 - __main__ - INFO - Meta: 9 columns
2025-11-29 16:05:29,473 - __main__ - INFO - Features: 101 columns
2025-11-29 16:05:29,473 - __main__ - INFO - Meta: 9 columns
2025-11-29 16:05:29,602 - __main__ - INFO - Sample weights - min: 0.63, max: 3.13, mean: 1.00
2025-11-29 16:05:29,603 - src.utils - INFO - [Train historical_curve for scenario 2] starting...
2025-11-29 16:05:29,603 - src.models.linear - WARNING - No country/brand_name columns - treating each row as a series
2025-11-29 16:05:29,726 - src.models.linear - INFO - HistoricalCurveBaseline: fitted with 0 historical curves, n_neighbors=5
2025-11-29 16:05:29,726 - src.utils - INFO - [Train historical_curve for scenario 2] done in 0.123s
2025-11-29 16:05:29,726 - src.models.linear - WARNING - No country/brand_name columns - treating each row as a series
2025-11-29 16:05:35,769 - __main__ - INFO - Validation metrics: Official=1.0840, RMSE=0.2997, MAE=0.2371
2025-11-29 16:05:35,770 - __main__ - INFO - Training time: 0.12 seconds
2025-11-29 16:05:35,995 - __main__ - INFO - Model saved to /Users/armanfeili/code/New Projects/novartis_datathon_2025/artifacts/2025-11-29_16-05_historical_curve_scenario2/model_2.bin
2025-11-29 16:05:36,000 - __main__ - INFO - Experiment 2025-11-29_16-05_historical_curve_scenario2 completed. Artifacts saved to /Users/armanfeili/code/New Projects/novartis_datathon_2025/artifacts/2025-11-29_16-05_historical_curve_scenario2
