2025-11-29 16:41:10,275 - __main__ - INFO - Starting experiment: 2025-11-29_16-41_flat_scenario1
2025-11-29 16:41:10,307 - __main__ - INFO - Config snapshot saved to /Users/armanfeili/code/New Projects/novartis_datathon_2025/artifacts/2025-11-29_16-41_flat_scenario1/configs (hash: 90160453)
2025-11-29 16:41:10,307 - __main__ - INFO - Config hash: 90160453
2025-11-29 16:41:10,322 - src.utils - INFO - [Load features (cached)] starting...
2025-11-29 16:41:10,322 - src.utils - INFO - [Load cached features for train S1 train] starting...
2025-11-29 16:41:10,322 - src.features - INFO - Loading cached features from /Users/armanfeili/code/New Projects/novartis_datathon_2025/data/processed/features_train_s1_train.parquet
2025-11-29 16:41:10,469 - src.features - INFO - Loaded X: (46872, 87), y: 46872
2025-11-29 16:41:10,469 - src.utils - INFO - [Load cached features for train S1 train] done in 0.147s
2025-11-29 16:41:10,490 - src.utils - INFO - [Load cached train panel] starting...
2025-11-29 16:41:10,490 - src.data - INFO - Loading cached panel from /Users/armanfeili/code/New Projects/novartis_datathon_2025/data/interim/panel_train.parquet
2025-11-29 16:41:10,512 - src.data - INFO - Loaded 93,744 rows, 19 columns
2025-11-29 16:41:10,513 - src.utils - INFO - [Load cached train panel] done in 0.022s
2025-11-29 16:41:10,513 - src.utils - INFO - [Load features (cached)] done in 0.191s
2025-11-29 16:41:10,513 - src.utils - INFO - [Create validation split] starting...
2025-11-29 16:41:10,563 - src.validation - WARNING - Grouping 1 rare stratification classes (< 195 series) into 'OTHER'
2025-11-29 16:41:10,698 - src.validation - INFO - Train series: 1562, Val series: 391
2025-11-29 16:41:10,698 - src.validation - INFO - Train rows: 37,488, Val rows: 9,384
2025-11-29 16:41:10,702 - src.validation - INFO - Train bucket distribution:
bucket
2    0.933419
1    0.066581
2025-11-29 16:41:10,702 - src.validation - INFO - Val bucket distribution:
bucket
2    0.933504
1    0.066496
2025-11-29 16:41:10,703 - src.utils - INFO - [Create validation split] done in 0.190s
2025-11-29 16:41:10,737 - __main__ - INFO - Features: 86 columns
2025-11-29 16:41:10,738 - __main__ - INFO - Meta: 9 columns
2025-11-29 16:41:10,750 - __main__ - INFO - Features: 86 columns
2025-11-29 16:41:10,750 - __main__ - INFO - Meta: 9 columns
2025-11-29 16:41:10,942 - __main__ - INFO - Sample weights - min: 0.58, max: 3.46, mean: 1.00
2025-11-29 16:41:10,942 - src.utils - INFO - [Train flat for scenario 1] starting...
2025-11-29 16:41:10,942 - src.models.linear - INFO - FlatBaseline: no fitting needed
2025-11-29 16:41:10,943 - src.utils - INFO - [Train flat for scenario 1] done in 0.000s
2025-11-29 16:41:12,024 - __main__ - INFO - Validation metrics: Official=1.8007, RMSE=0.4965, MAE=0.4094
2025-11-29 16:41:12,024 - __main__ - INFO - Training time: 0.00 seconds
2025-11-29 16:41:12,025 - __main__ - INFO - Model saved to /Users/armanfeili/code/New Projects/novartis_datathon_2025/artifacts/2025-11-29_16-41_flat_scenario1/model_1.bin
2025-11-29 16:41:12,026 - __main__ - INFO - Experiment 2025-11-29_16-41_flat_scenario1 completed. Artifacts saved to /Users/armanfeili/code/New Projects/novartis_datathon_2025/artifacts/2025-11-29_16-41_flat_scenario1
