2025-11-29 16:05:11,202 - __main__ - INFO - Starting experiment: 2025-11-29_16-05_historical_curve_scenario1
2025-11-29 16:05:11,234 - __main__ - INFO - Config snapshot saved to /Users/armanfeili/code/New Projects/novartis_datathon_2025/artifacts/2025-11-29_16-05_historical_curve_scenario1/configs (hash: 90160453)
2025-11-29 16:05:11,236 - __main__ - INFO - Config hash: 90160453
2025-11-29 16:05:11,254 - src.utils - INFO - [Load features (cached)] starting...
2025-11-29 16:05:11,255 - src.utils - INFO - [Load cached features for train S1 train] starting...
2025-11-29 16:05:11,255 - src.features - INFO - Loading cached features from /Users/armanfeili/code/New Projects/novartis_datathon_2025/data/processed/features_train_s1_train.parquet
2025-11-29 16:05:11,350 - src.features - INFO - Loaded X: (46872, 87), y: 46872
2025-11-29 16:05:11,350 - src.utils - INFO - [Load cached features for train S1 train] done in 0.096s
2025-11-29 16:05:11,371 - src.utils - INFO - [Load cached train panel] starting...
2025-11-29 16:05:11,371 - src.data - INFO - Loading cached panel from /Users/armanfeili/code/New Projects/novartis_datathon_2025/data/interim/panel_train.parquet
2025-11-29 16:05:11,386 - src.data - INFO - Loaded 93,744 rows, 19 columns
2025-11-29 16:05:11,386 - src.utils - INFO - [Load cached train panel] done in 0.015s
2025-11-29 16:05:11,386 - src.utils - INFO - [Load features (cached)] done in 0.132s
2025-11-29 16:05:11,386 - src.utils - INFO - [Create validation split] starting...
2025-11-29 16:05:11,404 - src.validation - WARNING - Grouping 1 rare stratification classes (< 195 series) into 'OTHER'
2025-11-29 16:05:11,505 - src.validation - INFO - Train series: 1562, Val series: 391
2025-11-29 16:05:11,505 - src.validation - INFO - Train rows: 37,488, Val rows: 9,384
2025-11-29 16:05:11,507 - src.validation - INFO - Train bucket distribution:
bucket
2    0.933419
1    0.066581
2025-11-29 16:05:11,507 - src.validation - INFO - Val bucket distribution:
bucket
2    0.933504
1    0.066496
2025-11-29 16:05:11,507 - src.utils - INFO - [Create validation split] done in 0.121s
2025-11-29 16:05:11,543 - __main__ - INFO - Features: 86 columns
2025-11-29 16:05:11,543 - __main__ - INFO - Meta: 9 columns
2025-11-29 16:05:11,553 - __main__ - INFO - Features: 86 columns
2025-11-29 16:05:11,554 - __main__ - INFO - Meta: 9 columns
2025-11-29 16:05:11,719 - __main__ - INFO - Sample weights - min: 0.58, max: 3.46, mean: 1.00
2025-11-29 16:05:11,719 - src.utils - INFO - [Train historical_curve for scenario 1] starting...
2025-11-29 16:05:11,719 - src.models.linear - WARNING - No country/brand_name columns - treating each row as a series
2025-11-29 16:05:11,847 - src.models.linear - INFO - HistoricalCurveBaseline: fitted with 0 historical curves, n_neighbors=5
2025-11-29 16:05:11,847 - src.utils - INFO - [Train historical_curve for scenario 1] done in 0.128s
2025-11-29 16:05:11,847 - src.models.linear - WARNING - No country/brand_name columns - treating each row as a series
2025-11-29 16:05:24,567 - __main__ - INFO - Validation metrics: Official=0.9165, RMSE=0.2981, MAE=0.2375
2025-11-29 16:05:24,569 - __main__ - INFO - Training time: 0.13 seconds
2025-11-29 16:05:24,939 - __main__ - INFO - Model saved to /Users/armanfeili/code/New Projects/novartis_datathon_2025/artifacts/2025-11-29_16-05_historical_curve_scenario1/model_1.bin
2025-11-29 16:05:24,994 - __main__ - INFO - Experiment 2025-11-29_16-05_historical_curve_scenario1 completed. Artifacts saved to /Users/armanfeili/code/New Projects/novartis_datathon_2025/artifacts/2025-11-29_16-05_historical_curve_scenario1
