2025-11-29 04:54:28,390 - __main__ - INFO - Starting experiment: 2025-11-29_04-54_catboost_scenario1
2025-11-29 04:54:28,428 - __main__ - INFO - Config snapshot saved to /Users/armanfeili/code/New Projects/novartis_datathon_2025/artifacts/2025-11-29_04-54_catboost_scenario1/configs (hash: 01d19a7c)
2025-11-29 04:54:28,428 - __main__ - INFO - Config hash: 01d19a7c
2025-11-29 04:54:28,445 - src.utils - INFO - [Load features (cached)] starting...
2025-11-29 04:54:28,446 - src.utils - INFO - [Load cached features for train S1 train] starting...
2025-11-29 04:54:28,446 - src.features - INFO - Loading cached features from /Users/armanfeili/code/New Projects/novartis_datathon_2025/data/processed/features_train_s1_train.parquet
2025-11-29 04:54:28,516 - src.features - INFO - Loaded X: (46872, 87), y: 46872
2025-11-29 04:54:28,516 - src.utils - INFO - [Load cached features for train S1 train] done in 0.070s
2025-11-29 04:54:28,533 - src.utils - INFO - [Load cached train panel] starting...
2025-11-29 04:54:28,533 - src.data - INFO - Loading cached panel from /Users/armanfeili/code/New Projects/novartis_datathon_2025/data/interim/panel_train.parquet
2025-11-29 04:54:28,543 - src.data - INFO - Loaded 93,744 rows, 19 columns
2025-11-29 04:54:28,543 - src.utils - INFO - [Load cached train panel] done in 0.010s
2025-11-29 04:54:28,543 - src.utils - INFO - [Load features (cached)] done in 0.098s
2025-11-29 04:54:28,543 - src.utils - INFO - [Create validation split] starting...
2025-11-29 04:54:28,554 - src.validation - WARNING - Grouping 1 rare stratification classes (< 195 series) into 'OTHER'
2025-11-29 04:54:28,625 - src.validation - INFO - Train series: 1562, Val series: 391
2025-11-29 04:54:28,625 - src.validation - INFO - Train rows: 37,488, Val rows: 9,384
2025-11-29 04:54:28,627 - src.validation - INFO - Train bucket distribution:
bucket
2    0.933419
1    0.066581
2025-11-29 04:54:28,627 - src.validation - INFO - Val bucket distribution:
bucket
2    0.933504
1    0.066496
2025-11-29 04:54:28,627 - src.utils - INFO - [Create validation split] done in 0.084s
2025-11-29 04:54:28,652 - __main__ - INFO - Features: 86 columns
2025-11-29 04:54:28,652 - __main__ - INFO - Meta: 9 columns
2025-11-29 04:54:28,656 - __main__ - INFO - Features: 86 columns
2025-11-29 04:54:28,657 - __main__ - INFO - Meta: 9 columns
2025-11-29 04:54:29,255 - __main__ - INFO - Sample weights - min: 0.58, max: 3.46, mean: 1.00
2025-11-29 04:54:29,255 - src.utils - INFO - [Train catboost for scenario 1] starting...
2025-11-29 04:54:49,334 - src.models.cat_model - INFO - CatBoost trained for 1293 iterations
2025-11-29 04:54:49,334 - src.utils - INFO - [Train catboost for scenario 1] done in 20.079s
2025-11-29 04:54:50,222 - __main__ - INFO - Validation metrics: Official=0.7817, RMSE=0.2488, MAE=0.1808
2025-11-29 04:54:50,222 - __main__ - INFO - Training time: 20.08 seconds
2025-11-29 04:54:50,224 - src.models.cat_model - INFO - Model saved to /Users/armanfeili/code/New Projects/novartis_datathon_2025/artifacts/2025-11-29_04-54_catboost_scenario1/model_1.bin
2025-11-29 04:54:50,224 - __main__ - INFO - Model saved to /Users/armanfeili/code/New Projects/novartis_datathon_2025/artifacts/2025-11-29_04-54_catboost_scenario1/model_1.bin
2025-11-29 04:54:50,234 - __main__ - INFO - Experiment 2025-11-29_04-54_catboost_scenario1 completed. Artifacts saved to /Users/armanfeili/code/New Projects/novartis_datathon_2025/artifacts/2025-11-29_04-54_catboost_scenario1
