2025-11-29 16:49:50,255 - __main__ - INFO - Starting experiment: 2025-11-29_16-49_nn_scenario2
2025-11-29 16:49:50,315 - __main__ - INFO - Config snapshot saved to /Users/armanfeili/code/New Projects/novartis_datathon_2025/artifacts/2025-11-29_16-49_nn_scenario2/configs (hash: e53dc939)
2025-11-29 16:49:50,315 - __main__ - INFO - Config hash: e53dc939
2025-11-29 16:49:50,344 - src.utils - INFO - [Load features (cached)] starting...
2025-11-29 16:49:50,344 - src.utils - INFO - [Load cached features for train S2 train] starting...
2025-11-29 16:49:50,344 - src.features - INFO - Loading cached features from /Users/armanfeili/code/New Projects/novartis_datathon_2025/data/processed/features_train_s2_train.parquet
2025-11-29 16:49:50,422 - src.features - INFO - Loaded X: (35154, 99), y: 35154
2025-11-29 16:49:50,423 - src.utils - INFO - [Load cached features for train S2 train] done in 0.078s
2025-11-29 16:49:50,443 - src.utils - INFO - [Load cached train panel] starting...
2025-11-29 16:49:50,443 - src.data - INFO - Loading cached panel from /Users/armanfeili/code/New Projects/novartis_datathon_2025/data/interim/panel_train.parquet
2025-11-29 16:49:50,456 - src.data - INFO - Loaded 93,744 rows, 19 columns
2025-11-29 16:49:50,457 - src.utils - INFO - [Load cached train panel] done in 0.014s
2025-11-29 16:49:50,457 - src.utils - INFO - [Load features (cached)] done in 0.113s
2025-11-29 16:49:50,457 - src.utils - INFO - [Create validation split] starting...
2025-11-29 16:49:50,469 - src.validation - WARNING - Grouping 1 rare stratification classes (< 195 series) into 'OTHER'
2025-11-29 16:49:50,556 - src.validation - INFO - Train series: 1562, Val series: 391
2025-11-29 16:49:50,557 - src.validation - INFO - Train rows: 28,116, Val rows: 7,038
2025-11-29 16:49:50,560 - src.validation - INFO - Train bucket distribution:
bucket
2    0.933419
1    0.066581
2025-11-29 16:49:50,560 - src.validation - INFO - Val bucket distribution:
bucket
2    0.933504
1    0.066496
2025-11-29 16:49:50,561 - src.utils - INFO - [Create validation split] done in 0.103s
2025-11-29 16:49:50,589 - __main__ - INFO - Features: 101 columns
2025-11-29 16:49:50,589 - __main__ - INFO - Meta: 9 columns
2025-11-29 16:49:50,596 - __main__ - INFO - Features: 101 columns
2025-11-29 16:49:50,596 - __main__ - INFO - Meta: 9 columns
2025-11-29 16:49:50,893 - __main__ - INFO - Sample weights - min: 0.63, max: 3.13, mean: 1.00
2025-11-29 16:49:50,894 - src.utils - INFO - [Train nn for scenario 2] starting...
2025-11-29 16:49:59,279 - src.models.nn - INFO - Epoch 0: Train Loss 0.2167, Val Loss 0.0826
2025-11-29 16:50:54,242 - src.models.nn - INFO - Epoch 10: Train Loss 0.0652, Val Loss 0.0762
2025-11-29 16:51:42,474 - src.models.nn - INFO - Epoch 20: Train Loss 0.0609, Val Loss 0.0817
2025-11-29 16:52:31,657 - src.models.nn - INFO - Epoch 30: Train Loss 0.0605, Val Loss 0.0719
2025-11-29 16:53:19,933 - src.models.nn - INFO - Epoch 40: Train Loss 0.0572, Val Loss 0.0711
2025-11-29 16:53:49,224 - src.models.nn - INFO - Early stopping at epoch 46
2025-11-29 16:53:49,229 - src.utils - INFO - [Train nn for scenario 2] done in 238.335s
2025-11-29 16:53:50,141 - __main__ - INFO - Validation metrics: Official=0.5815, RMSE=0.2884, MAE=0.2015
2025-11-29 16:53:50,141 - __main__ - INFO - Training time: 238.34 seconds
2025-11-29 16:53:50,153 - __main__ - INFO - Model saved to /Users/armanfeili/code/New Projects/novartis_datathon_2025/artifacts/2025-11-29_16-49_nn_scenario2/model_2.bin
2025-11-29 16:53:50,158 - __main__ - INFO - Experiment 2025-11-29_16-49_nn_scenario2 completed. Artifacts saved to /Users/armanfeili/code/New Projects/novartis_datathon_2025/artifacts/2025-11-29_16-49_nn_scenario2
