2025-11-29 15:58:05,504 - __main__ - INFO - Starting experiment: 2025-11-29_15-58_xgboost_scenario1
2025-11-29 15:58:05,564 - __main__ - INFO - Config snapshot saved to /Users/armanfeili/code/New Projects/novartis_datathon_2025/artifacts/2025-11-29_15-58_xgboost_scenario1/configs (hash: 1b905dc2)
2025-11-29 15:58:05,564 - __main__ - INFO - Config hash: 1b905dc2
2025-11-29 15:58:05,592 - src.utils - INFO - [Load features (cached)] starting...
2025-11-29 15:58:05,593 - src.utils - INFO - [Load cached features for train S1 train] starting...
2025-11-29 15:58:05,593 - src.features - INFO - Loading cached features from /Users/armanfeili/code/New Projects/novartis_datathon_2025/data/processed/features_train_s1_train.parquet
2025-11-29 15:58:05,672 - src.features - INFO - Loaded X: (46872, 87), y: 46872
2025-11-29 15:58:05,672 - src.utils - INFO - [Load cached features for train S1 train] done in 0.079s
2025-11-29 15:58:05,693 - src.utils - INFO - [Load cached train panel] starting...
2025-11-29 15:58:05,693 - src.data - INFO - Loading cached panel from /Users/armanfeili/code/New Projects/novartis_datathon_2025/data/interim/panel_train.parquet
2025-11-29 15:58:05,706 - src.data - INFO - Loaded 93,744 rows, 19 columns
2025-11-29 15:58:05,706 - src.utils - INFO - [Load cached train panel] done in 0.014s
2025-11-29 15:58:05,707 - src.utils - INFO - [Load features (cached)] done in 0.114s
2025-11-29 15:58:05,707 - src.utils - INFO - [Create validation split] starting...
2025-11-29 15:58:05,722 - src.validation - WARNING - Grouping 1 rare stratification classes (< 195 series) into 'OTHER'
2025-11-29 15:58:05,815 - src.validation - INFO - Train series: 1562, Val series: 391
2025-11-29 15:58:05,816 - src.validation - INFO - Train rows: 37,488, Val rows: 9,384
2025-11-29 15:58:05,817 - src.validation - INFO - Train bucket distribution:
bucket
2    0.933419
1    0.066581
2025-11-29 15:58:05,818 - src.validation - INFO - Val bucket distribution:
bucket
2    0.933504
1    0.066496
2025-11-29 15:58:05,818 - src.utils - INFO - [Create validation split] done in 0.111s
2025-11-29 15:58:05,850 - __main__ - INFO - Features: 86 columns
2025-11-29 15:58:05,850 - __main__ - INFO - Meta: 9 columns
2025-11-29 15:58:05,858 - __main__ - INFO - Features: 86 columns
2025-11-29 15:58:05,859 - __main__ - INFO - Meta: 9 columns
2025-11-29 15:58:06,163 - __main__ - INFO - Sample weights - min: 0.58, max: 3.46, mean: 1.00
2025-11-29 15:58:06,164 - src.utils - INFO - [Train xgboost for scenario 1] starting...
